<?xml version="1.0" encoding="UTF-8"?>
<testsuite errors="0" failures="0" file="vehicles/tests/apis/test_vehicle_apis.py" name="vehicles.tests.apis.test_vehicle_apis.VehiclesAPITestCase-20220725104622" skipped="0" tests="5" time="5.611" timestamp="2022-07-25T10:59:24">
	<testcase classname="vehicles.tests.apis.test_vehicle_apis.VehiclesAPITestCase" file="vehicles/tests/apis/test_vehicle_apis.py" line="61" name="test_deactivate_shared_link" time="1.154" timestamp="2022-07-25T10:59:20">
		<system-out>
<![CDATA[]]>		</system-out>
		<system-err>
<![CDATA[]]>		</system-err>
	</testcase>
	<testcase classname="vehicles.tests.apis.test_vehicle_apis.VehiclesAPITestCase" file="vehicles/tests/apis/test_vehicle_apis.py" line="28" name="test_get_vehicle" time="1.116" timestamp="2022-07-25T10:59:21">
		<system-out>
<![CDATA[]]>		</system-out>
		<system-err>
<![CDATA[]]>		</system-err>
	</testcase>
	<testcase classname="vehicles.tests.apis.test_vehicle_apis.VehiclesAPITestCase" file="vehicles/tests/apis/test_vehicle_apis.py" line="82" name="test_renew_link" time="1.154" timestamp="2022-07-25T10:59:22">
		<system-out>
<![CDATA[]]>		</system-out>
		<system-err>
<![CDATA[]]>		</system-err>
	</testcase>
	<testcase classname="vehicles.tests.apis.test_vehicle_apis.VehiclesAPITestCase" file="vehicles/tests/apis/test_vehicle_apis.py" line="47" name="test_share_vehicle_link" time="1.070" timestamp="2022-07-25T10:59:23">
		<system-out>
<![CDATA[]]>		</system-out>
		<system-err>
<![CDATA[]]>		</system-err>
	</testcase>
	<testcase classname="vehicles.tests.apis.test_vehicle_apis.VehiclesAPITestCase" file="vehicles/tests/apis/test_vehicle_apis.py" line="104" name="test_track_vehicle" time="1.118" timestamp="2022-07-25T10:59:24">
		<system-out>
<![CDATA[ERROR: CannotOverwriteExistingCassetteException: (47.63900459604366, -122.39050857291937, '') not found in mock reverse_geocode data
(See https://ridecell.atlassian.net/wiki/spaces/EN/pages/185040970/How+to+Fix+CannotOverwriteExistingCassetteException)
ERROR: CannotOverwriteExistingCassetteException: (47.6390046, -122.39050857, '') not found in mock reverse_geocode data
(See https://ridecell.atlassian.net/wiki/spaces/EN/pages/185040970/How+to+Fix+CannotOverwriteExistingCassetteException)
]]>		</system-out>
		<system-err>
<![CDATA[]]>		</system-err>
	</testcase>
</testsuite>
