<?xml version="1.0" encoding="UTF-8"?>
<testsuite errors="0" failures="0" file="promotions/tests/serializers/test_payload_validation.py" name="promotions.tests.serializers.test_payload_validation.UserListValidationTest-20220725104819" skipped="0" tests="8" time="2.069" timestamp="2022-07-25T10:59:04">
	<testcase classname="promotions.tests.serializers.test_payload_validation.UserListValidationTest" file="promotions/tests/serializers/test_payload_validation.py" line="186" name="test_cannot_access_number_of_codes_before_validation" time="0.023" timestamp="2022-07-25T10:59:02">
		<system-out>
<![CDATA[]]>		</system-out>
		<system-err>
<![CDATA[]]>		</system-err>
	</testcase>
	<testcase classname="promotions.tests.serializers.test_payload_validation.UserListValidationTest" file="promotions/tests/serializers/test_payload_validation.py" line="163" name="test_cannot_supply_both_user_list_and_number_of_codes_together" time="0.023" timestamp="2022-07-25T10:59:02">
		<system-out>
<![CDATA[]]>		</system-out>
		<system-err>
<![CDATA[]]>		</system-err>
	</testcase>
	<testcase classname="promotions.tests.serializers.test_payload_validation.UserListValidationTest" file="promotions/tests/serializers/test_payload_validation.py" line="191" name="test_if_number_of_code_is_supplied_it_is_returned_as_result_of_calculation" time="0.021" timestamp="2022-07-25T10:59:02">
		<system-out>
<![CDATA[]]>		</system-out>
		<system-err>
<![CDATA[]]>		</system-err>
	</testcase>
	<testcase classname="promotions.tests.serializers.test_payload_validation.UserListValidationTest" file="promotions/tests/serializers/test_payload_validation.py" line="197" name="test_if_valid_user_list_is_supplied_its_size_is_returned_as_result_of_calculation" time="1.486" timestamp="2022-07-25T10:59:03">
		<system-out>
<![CDATA[]]>		</system-out>
		<system-err>
<![CDATA[]]>		</system-err>
	</testcase>
	<testcase classname="promotions.tests.serializers.test_payload_validation.UserListValidationTest" file="promotions/tests/serializers/test_payload_validation.py" line="173" name="test_must_supply_either_user_list_or_number_of_codes_if_not_partial_request" time="0.029" timestamp="2022-07-25T10:59:03">
		<system-out>
<![CDATA[]]>		</system-out>
		<system-err>
<![CDATA[]]>		</system-err>
	</testcase>
	<testcase classname="promotions.tests.serializers.test_payload_validation.UserListValidationTest" file="promotions/tests/serializers/test_payload_validation.py" line="183" name="test_partial_request_may_have_number_of_codes_and_number_of_codes_missing" time="0.022" timestamp="2022-07-25T10:59:03">
		<system-out>
<![CDATA[]]>		</system-out>
		<system-err>
<![CDATA[]]>		</system-err>
	</testcase>
	<testcase classname="promotions.tests.serializers.test_payload_validation.UserListValidationTest" file="promotions/tests/serializers/test_payload_validation.py" line="212" name="test_validation_fails_if_some_users_are_invalid_and_error_contains_their_email_ids" time="0.443" timestamp="2022-07-25T10:59:04">
		<system-out>
<![CDATA[]]>		</system-out>
		<system-err>
<![CDATA[]]>		</system-err>
	</testcase>
	<testcase classname="promotions.tests.serializers.test_payload_validation.UserListValidationTest" file="promotions/tests/serializers/test_payload_validation.py" line="206" name="test_validation_fails_with_correct_error_if_number_of_codes_is_not_a_positive_nonzero_number" time="0.022" timestamp="2022-07-25T10:59:04">
		<system-out>
<![CDATA[]]>		</system-out>
		<system-err>
<![CDATA[]]>		</system-err>
	</testcase>
</testsuite>
