<?xml version="1.0" encoding="UTF-8"?>
<testsuite errors="0" failures="0" file="vehicle_automation/tests/test_automation_alert_to_job.py" name="vehicle_automation.tests.test_automation_alert_to_job.TestCreateDuplicateJob-20220725104622" skipped="0" tests="15" time="12.511" timestamp="2022-07-25T10:49:58">
	<testcase classname="vehicle_automation.tests.test_automation_alert_to_job.TestCreateDuplicateJob" file="vehicle_automation/tests/test_automation_alert_to_job.py" line="482" name="test_call_get_existing_job_when_job_management_api_response_duplicate" time="0.839" timestamp="2022-07-25T10:49:47">
		<system-out>
<![CDATA[]]>		</system-out>
		<system-err>
<![CDATA[]]>		</system-err>
	</testcase>
	<testcase classname="vehicle_automation.tests.test_automation_alert_to_job.TestCreateDuplicateJob" file="vehicle_automation/tests/test_automation_alert_to_job.py" line="166" name="test_create_job_for_automation_alert_and_copy_original_group_with_vehicle_already_in_maintenance_group" time="1.521" timestamp="2022-07-25T10:49:48">
		<system-out>
<![CDATA[]]>		</system-out>
		<system-err>
<![CDATA[]]>		</system-err>
	</testcase>
	<testcase classname="vehicle_automation.tests.test_automation_alert_to_job.TestCreateDuplicateJob" file="vehicle_automation/tests/test_automation_alert_to_job.py" line="144" name="test_create_job_for_automation_alert_and_move_vehicle_to_maintenance_group" time="0.791" timestamp="2022-07-25T10:49:49">
		<system-out>
<![CDATA[]]>		</system-out>
		<system-err>
<![CDATA[]]>		</system-err>
	</testcase>
	<testcase classname="vehicle_automation.tests.test_automation_alert_to_job.TestCreateDuplicateJob" file="vehicle_automation/tests/test_automation_alert_to_job.py" line="251" name="test_create_job_for_automation_alert_with_None_VEHICLE_MAINTENANCE_GROUP_ID" time="0.663" timestamp="2022-07-25T10:49:50">
		<system-out>
<![CDATA[]]>		</system-out>
		<system-err>
<![CDATA[]]>		</system-err>
	</testcase>
	<testcase classname="vehicle_automation.tests.test_automation_alert_to_job.TestCreateDuplicateJob" file="vehicle_automation/tests/test_automation_alert_to_job.py" line="76" name="test_create_job_for_automation_alert_with_perform_action_when_vehicle_available_false" time="0.581" timestamp="2022-07-25T10:49:50">
		<system-out>
<![CDATA[]]>		</system-out>
		<system-err>
<![CDATA[]]>		</system-err>
	</testcase>
	<testcase classname="vehicle_automation.tests.test_automation_alert_to_job.TestCreateDuplicateJob" file="vehicle_automation/tests/test_automation_alert_to_job.py" line="315" name="test_create_job_for_automation_alert_with_perform_action_with_target_job_service" time="0.766" timestamp="2022-07-25T10:49:51">
		<system-out>
<![CDATA[]]>		</system-out>
		<system-err>
<![CDATA[]]>		</system-err>
	</testcase>
	<testcase classname="vehicle_automation.tests.test_automation_alert_to_job.TestCreateDuplicateJob" file="vehicle_automation/tests/test_automation_alert_to_job.py" line="333" name="test_create_job_for_automation_alert_with_target_service_from_settings_services" time="0.795" timestamp="2022-07-25T10:49:52">
		<system-out>
<![CDATA[]]>		</system-out>
		<system-err>
<![CDATA[]]>		</system-err>
	</testcase>
	<testcase classname="vehicle_automation.tests.test_automation_alert_to_job.TestCreateDuplicateJob" file="vehicle_automation/tests/test_automation_alert_to_job.py" line="197" name="test_create_job_for_automation_alert_with_vehicle_moved_to_maintenance_group" time="0.820" timestamp="2022-07-25T10:49:53">
		<system-out>
<![CDATA[]]>		</system-out>
		<system-err>
<![CDATA[]]>		</system-err>
	</testcase>
	<testcase classname="vehicle_automation.tests.test_automation_alert_to_job.TestCreateDuplicateJob" file="vehicle_automation/tests/test_automation_alert_to_job.py" line="220" name="test_create_job_for_automation_alert_with_vehicle_moved_to_maintenance_group_and_none_service" time="0.748" timestamp="2022-07-25T10:49:53">
		<system-out>
<![CDATA[]]>		</system-out>
		<system-err>
<![CDATA[]]>		</system-err>
	</testcase>
	<testcase classname="vehicle_automation.tests.test_automation_alert_to_job.TestCreateDuplicateJob" file="vehicle_automation/tests/test_automation_alert_to_job.py" line="90" name="test_create_job_for_automation_alert_with_vendor_id" time="0.681" timestamp="2022-07-25T10:49:54">
		<system-out>
<![CDATA[]]>		</system-out>
		<system-err>
<![CDATA[]]>		</system-err>
	</testcase>
	<testcase classname="vehicle_automation.tests.test_automation_alert_to_job.TestCreateDuplicateJob" file="vehicle_automation/tests/test_automation_alert_to_job.py" line="272" name="test_create_job_from_alert_dtc_validation" time="0.721" timestamp="2022-07-25T10:49:55">
		<system-out>
<![CDATA[]]>		</system-out>
		<system-err>
<![CDATA[]]>		</system-err>
	</testcase>
	<testcase classname="vehicle_automation.tests.test_automation_alert_to_job.TestCreateDuplicateJob" file="vehicle_automation/tests/test_automation_alert_to_job.py" line="131" name="test_should_create_job_with_car_mapped_to_multiple_services" time="0.863" timestamp="2022-07-25T10:49:56">
		<system-out>
<![CDATA[]]>		</system-out>
		<system-err>
<![CDATA[]]>		</system-err>
	</testcase>
	<testcase classname="vehicle_automation.tests.test_automation_alert_to_job.TestCreateDuplicateJob" file="vehicle_automation/tests/test_automation_alert_to_job.py" line="125" name="test_should_not_create_job_if_fleetops_service_id_not_set" time="0.706" timestamp="2022-07-25T10:49:56">
		<system-out>
<![CDATA[]]>		</system-out>
		<system-err>
<![CDATA[]]>		</system-err>
	</testcase>
	<testcase classname="vehicle_automation.tests.test_automation_alert_to_job.TestCreateDuplicateJob" file="vehicle_automation/tests/test_automation_alert_to_job.py" line="118" name="test_should_not_create_job_if_rental_in_progress" time="1.224" timestamp="2022-07-25T10:49:58">
		<system-out>
<![CDATA[]]>		</system-out>
		<system-err>
<![CDATA[]]>		</system-err>
	</testcase>
	<testcase classname="vehicle_automation.tests.test_automation_alert_to_job.TestCreateDuplicateJob" file="vehicle_automation/tests/test_automation_alert_to_job.py" line="109" name="test_should_not_create_job_if_vehicle_reservation_status_not_free" time="0.792" timestamp="2022-07-25T10:49:58">
		<system-out>
<![CDATA[]]>		</system-out>
		<system-err>
<![CDATA[]]>		</system-err>
	</testcase>
</testsuite>
