<?xml version="1.0" encoding="UTF-8"?>
<testsuite errors="0" failures="0" file="vehicles/tests/apis/v2/test_carsharing_vehicles.py" name="vehicles.tests.apis.v2.test_carsharing_vehicles.TestVehicleApiAsDispatcherForVehicleAceess-20220725104622" skipped="0" tests="6" time="3.383" timestamp="2022-07-25T11:00:01">
	<testcase classname="vehicles.tests.apis.v2.test_carsharing_vehicles.TestVehicleApiAsDispatcherForVehicleAceess" file="vehicles/tests/apis/v2/test_carsharing_vehicles.py" line="497" name="test_damage_report_access" time="0.463" timestamp="2022-07-25T10:59:58">
		<system-out>
<![CDATA[]]>		</system-out>
		<system-err>
<![CDATA[]]>		</system-err>
	</testcase>
	<testcase classname="vehicles.tests.apis.v2.test_carsharing_vehicles.TestVehicleApiAsDispatcherForVehicleAceess" file="vehicles/tests/apis/v2/test_carsharing_vehicles.py" line="502" name="test_delete_damage_reports" time="0.467" timestamp="2022-07-25T10:59:59">
		<system-out>
<![CDATA[]]>		</system-out>
		<system-err>
<![CDATA[]]>		</system-err>
	</testcase>
	<testcase classname="vehicles.tests.apis.v2.test_carsharing_vehicles.TestVehicleApiAsDispatcherForVehicleAceess" file="vehicles/tests/apis/v2/test_carsharing_vehicles.py" line="524" name="test_force_send_action_for_HAL" time="0.596" timestamp="2022-07-25T11:00:00">
		<system-out>
<![CDATA[]]>		</system-out>
		<system-err>
<![CDATA[]]>		</system-err>
	</testcase>
	<testcase classname="vehicles.tests.apis.v2.test_carsharing_vehicles.TestVehicleApiAsDispatcherForVehicleAceess" file="vehicles/tests/apis/v2/test_carsharing_vehicles.py" line="580" name="test_force_send_action_log_vehicle_history_geotab_enabled" time="0.758" timestamp="2022-07-25T11:00:00">
		<system-out>
<![CDATA[]]>		</system-out>
		<system-err>
<![CDATA[]]>		</system-err>
	</testcase>
	<testcase classname="vehicles.tests.apis.v2.test_carsharing_vehicles.TestVehicleApiAsDispatcherForVehicleAceess" file="vehicles/tests/apis/v2/test_carsharing_vehicles.py" line="557" name="test_force_send_action_log_vehicle_history_mensa_tcu_enabled" time="0.781" timestamp="2022-07-25T11:00:01">
		<system-out>
<![CDATA[]]>		</system-out>
		<system-err>
<![CDATA[]]>		</system-err>
	</testcase>
	<testcase classname="vehicles.tests.apis.v2.test_carsharing_vehicles.TestVehicleApiAsDispatcherForVehicleAceess" file="vehicles/tests/apis/v2/test_carsharing_vehicles.py" line="518" name="test_lock_unlock_on_vehicle_without_rental" time="0.319" timestamp="2022-07-25T11:00:01">
		<system-out>
<![CDATA[]]>		</system-out>
		<system-err>
<![CDATA[]]>		</system-err>
	</testcase>
</testsuite>
