<?xml version="1.0" encoding="UTF-8"?>
<testsuite errors="0" failures="0" file="users/tests/apis/test_feedback.py" name="users.tests.apis.test_feedback.TestFeedbackAsDispatcher-20220725104545" skipped="0" tests="1" time="0.419" timestamp="2022-07-25T10:56:13">
	<testcase classname="users.tests.apis.test_feedback.TestFeedbackAsDispatcher" file="users/tests/apis/test_feedback.py" line="21" name="test_feedback" time="0.419" timestamp="2022-07-25T10:56:13">
		<system-out>
<![CDATA[]]>		</system-out>
		<system-err>
<![CDATA[]]>		</system-err>
	</testcase>
</testsuite>
