<?xml version="1.0" encoding="UTF-8"?>
<testsuite errors="0" failures="0" file="promotions/tests/models/test_credits.py" name="promotions.tests.models.test_credits.TestCouponsUsedCreationDict-20220725104819" skipped="0" tests="6" time="2.200" timestamp="2022-07-25T10:58:49">
	<testcase classname="promotions.tests.models.test_credits.TestCouponsUsedCreationDict" file="promotions/tests/models/test_credits.py" line="37" name="test_coupons_used_creation_dict" time="0.435" timestamp="2022-07-25T10:58:47">
		<system-out>
<![CDATA[]]>		</system-out>
		<system-err>
<![CDATA[]]>		</system-err>
	</testcase>
	<testcase classname="promotions.tests.models.test_credits.TestCouponsUsedCreationDict" file="promotions/tests/models/test_credits.py" line="59" name="test_flat_credit_excludes_multitrip_promotion" time="0.387" timestamp="2022-07-25T10:58:48">
		<system-out>
<![CDATA[]]>		</system-out>
		<system-err>
<![CDATA[]]>		</system-err>
	</testcase>
	<testcase classname="promotions.tests.models.test_credits.TestCouponsUsedCreationDict" file="promotions/tests/models/test_credits.py" line="127" name="test_full_multitrip_percent_promotion" time="0.430" timestamp="2022-07-25T10:58:48">
		<system-out>
<![CDATA[]]>		</system-out>
		<system-err>
<![CDATA[]]>		</system-err>
	</testcase>
	<testcase classname="promotions.tests.models.test_credits.TestCouponsUsedCreationDict" file="promotions/tests/models/test_credits.py" line="79" name="test_full_multitrip_promotion" time="0.349" timestamp="2022-07-25T10:58:49">
		<system-out>
<![CDATA[]]>		</system-out>
		<system-err>
<![CDATA[]]>		</system-err>
	</testcase>
	<testcase classname="promotions.tests.models.test_credits.TestCouponsUsedCreationDict" file="promotions/tests/models/test_credits.py" line="146" name="test_partial_multitrip_percent_promotion" time="0.308" timestamp="2022-07-25T10:58:49">
		<system-out>
<![CDATA[]]>		</system-out>
		<system-err>
<![CDATA[]]>		</system-err>
	</testcase>
	<testcase classname="promotions.tests.models.test_credits.TestCouponsUsedCreationDict" file="promotions/tests/models/test_credits.py" line="106" name="test_partial_multitrip_promotion" time="0.292" timestamp="2022-07-25T10:58:49">
		<system-out>
<![CDATA[]]>		</system-out>
		<system-err>
<![CDATA[]]>		</system-err>
	</testcase>
</testsuite>
