<?xml version="1.0" encoding="UTF-8"?>
<testsuite errors="0" failures="0" file="services/tests/serializers/test_configurations.py" name="services.tests.serializers.test_configurations.TestRidesharingServiceSerializer-20220725104713" skipped="0" tests="3" time="0.581" timestamp="2022-07-25T10:51:09">
	<testcase classname="services.tests.serializers.test_configurations.TestRidesharingServiceSerializer" file="services/tests/serializers/test_configurations.py" line="73" name="test_validation" time="0.232" timestamp="2022-07-25T10:51:09">
		<system-out>
<![CDATA[]]>		</system-out>
		<system-err>
<![CDATA[]]>		</system-err>
	</testcase>
	<testcase classname="services.tests.serializers.test_configurations.TestRidesharingServiceSerializer" file="services/tests/serializers/test_configurations.py" line="82" name="test_validation_paytm_hold_lead_time_for_wallet_disabled" time="0.173" timestamp="2022-07-25T10:51:09">
		<system-out>
<![CDATA[]]>		</system-out>
		<system-err>
<![CDATA[]]>		</system-err>
	</testcase>
	<testcase classname="services.tests.serializers.test_configurations.TestRidesharingServiceSerializer" file="services/tests/serializers/test_configurations.py" line="90" name="test_validation_paytm_hold_lead_time_for_wallet_enabled" time="0.176" timestamp="2022-07-25T10:51:09">
		<system-out>
<![CDATA[]]>		</system-out>
		<system-err>
<![CDATA[]]>		</system-err>
	</testcase>
</testsuite>
