<?xml version="1.0" encoding="UTF-8"?>
<testsuite errors="0" failures="0" file="locations/tests/models/test_locations.py" name="locations.tests.models.test_locations.TestLocationAliases-20220725104740" skipped="0" tests="6" time="0.363" timestamp="2022-07-25T11:02:38">
	<testcase classname="locations.tests.models.test_locations.TestLocationAliases" file="locations/tests/models/test_locations.py" line="73" name="test_alias_delete_clears_search_cache" time="0.054" timestamp="2022-07-25T11:02:38">
		<system-out>
<![CDATA[]]>		</system-out>
		<system-err>
<![CDATA[]]>		</system-err>
	</testcase>
	<testcase classname="locations.tests.models.test_locations.TestLocationAliases" file="locations/tests/models/test_locations.py" line="26" name="test_create_location" time="0.039" timestamp="2022-07-25T11:02:38">
		<system-out>
<![CDATA[]]>		</system-out>
		<system-err>
<![CDATA[]]>		</system-err>
	</testcase>
	<testcase classname="locations.tests.models.test_locations.TestLocationAliases" file="locations/tests/models/test_locations.py" line="57" name="test_fix_aliases_dedupes" time="0.067" timestamp="2022-07-25T11:02:38">
		<system-out>
<![CDATA[]]>		</system-out>
		<system-err>
<![CDATA[]]>		</system-err>
	</testcase>
	<testcase classname="locations.tests.models.test_locations.TestLocationAliases" file="locations/tests/models/test_locations.py" line="68" name="test_location_delete_clears_search_cache" time="0.094" timestamp="2022-07-25T11:02:38">
		<system-out>
<![CDATA[]]>		</system-out>
		<system-err>
<![CDATA[]]>		</system-err>
	</testcase>
	<testcase classname="locations.tests.models.test_locations.TestLocationAliases" file="locations/tests/models/test_locations.py" line="43" name="test_trade_display_name_alias" time="0.058" timestamp="2022-07-25T11:02:38">
		<system-out>
<![CDATA[]]>		</system-out>
		<system-err>
<![CDATA[]]>		</system-err>
	</testcase>
	<testcase classname="locations.tests.models.test_locations.TestLocationAliases" file="locations/tests/models/test_locations.py" line="35" name="test_update_location_name" time="0.052" timestamp="2022-07-25T11:02:38">
		<system-out>
<![CDATA[]]>		</system-out>
		<system-err>
<![CDATA[]]>		</system-err>
	</testcase>
</testsuite>
