<?xml version="1.0" encoding="UTF-8"?>
<testsuite errors="0" failures="0" file="locations/tests/models/test_locations.py" name="locations.tests.models.test_locations.TestCacheableSearchResult-20220725104740" skipped="0" tests="1" time="0.005" timestamp="2022-07-25T11:06:40">
	<testcase classname="locations.tests.models.test_locations.TestCacheableSearchResult" file="locations/tests/models/test_locations.py" line="230" name="test_serialize_and_generate_key" time="0.005" timestamp="2022-07-25T11:06:40">
		<system-out>
<![CDATA[]]>		</system-out>
		<system-err>
<![CDATA[]]>		</system-err>
	</testcase>
</testsuite>
