<?xml version="1.0" encoding="UTF-8"?>
<testsuite errors="0" failures="0" file="vehicle_cameras/tests/test_media_utils.py" name="vehicle_cameras.tests.test_media_utils.TestConvertContainer-20220725104622" skipped="0" tests="3" time="1.039" timestamp="2022-07-25T10:56:58">
	<testcase classname="vehicle_cameras.tests.test_media_utils.TestConvertContainer" file="vehicle_cameras/tests/test_media_utils.py" line="94" name="test_basic" time="0.774" timestamp="2022-07-25T10:56:58">
		<system-out>
<![CDATA[]]>		</system-out>
		<system-err>
<![CDATA[]]>		</system-err>
	</testcase>
	<testcase classname="vehicle_cameras.tests.test_media_utils.TestConvertContainer" file="vehicle_cameras/tests/test_media_utils.py" line="113" name="test_corrupt_avi" time="0.134" timestamp="2022-07-25T10:56:58">
		<system-out>
<![CDATA[]]>		</system-out>
		<system-err>
<![CDATA[]]>		</system-err>
	</testcase>
	<testcase classname="vehicle_cameras.tests.test_media_utils.TestConvertContainer" file="vehicle_cameras/tests/test_media_utils.py" line="103" name="test_performance" time="0.131" timestamp="2022-07-25T10:56:58">
		<system-out>
<![CDATA[]]>		</system-out>
		<system-err>
<![CDATA[]]>		</system-err>
	</testcase>
</testsuite>
