<?xml version="1.0" encoding="UTF-8"?>
<testsuite errors="0" failures="0" file="locations/tests/models/test_locations.py" name="locations.tests.models.test_locations.TestLocation-20220725104740" skipped="0" tests="5" time="0.011" timestamp="2022-07-25T11:06:40">
	<testcase classname="locations.tests.models.test_locations.TestLocation" file="locations/tests/models/test_locations.py" line="111" name="test_build_formatted_address" time="0.003" timestamp="2022-07-25T11:06:40">
		<system-out>
<![CDATA[]]>		</system-out>
		<system-err>
<![CDATA[]]>		</system-err>
	</testcase>
	<testcase classname="locations.tests.models.test_locations.TestLocation" file="locations/tests/models/test_locations.py" line="184" name="test_format_city_line" time="0.001" timestamp="2022-07-25T11:06:40">
		<system-out>
<![CDATA[]]>		</system-out>
		<system-err>
<![CDATA[]]>		</system-err>
	</testcase>
	<testcase classname="locations.tests.models.test_locations.TestLocation" file="locations/tests/models/test_locations.py" line="190" name="test_format_city_line_polish" time="0.001" timestamp="2022-07-25T11:06:40">
		<system-out>
<![CDATA[]]>		</system-out>
		<system-err>
<![CDATA[]]>		</system-err>
	</testcase>
	<testcase classname="locations.tests.models.test_locations.TestLocation" file="locations/tests/models/test_locations.py" line="170" name="test_format_street_address" time="0.003" timestamp="2022-07-25T11:06:40">
		<system-out>
<![CDATA[]]>		</system-out>
		<system-err>
<![CDATA[]]>		</system-err>
	</testcase>
	<testcase classname="locations.tests.models.test_locations.TestLocation" file="locations/tests/models/test_locations.py" line="81" name="test_get_formatted_address" time="0.003" timestamp="2022-07-25T11:06:40">
		<system-out>
<![CDATA[]]>		</system-out>
		<system-err>
<![CDATA[]]>		</system-err>
	</testcase>
</testsuite>
