<?xml version="1.0" encoding="UTF-8"?>
<testsuite errors="0" failures="0" file="locations/tests/utils/test_geo_utils.py" name="locations.tests.utils.test_geo_utils.TestConversionsAndFormats-20220725104740" skipped="0" tests="3" time="0.003" timestamp="2022-07-25T11:06:40">
	<testcase classname="locations.tests.utils.test_geo_utils.TestConversionsAndFormats" file="locations/tests/utils/test_geo_utils.py" line="21" name="test_convert_to_mph" time="0.000" timestamp="2022-07-25T11:06:40">
		<system-out>
<![CDATA[]]>		</system-out>
		<system-err>
<![CDATA[]]>		</system-err>
	</testcase>
	<testcase classname="locations.tests.utils.test_geo_utils.TestConversionsAndFormats" file="locations/tests/utils/test_geo_utils.py" line="9" name="test_coordinate_format" time="0.002" timestamp="2022-07-25T11:06:40">
		<system-out>
<![CDATA[]]>		</system-out>
		<system-err>
<![CDATA[]]>		</system-err>
	</testcase>
	<testcase classname="locations.tests.utils.test_geo_utils.TestConversionsAndFormats" file="locations/tests/utils/test_geo_utils.py" line="24" name="test_haversine_dist" time="0.001" timestamp="2022-07-25T11:06:40">
		<system-out>
<![CDATA[]]>		</system-out>
		<system-err>
<![CDATA[]]>		</system-err>
	</testcase>
</testsuite>
