<?xml version="1.0" encoding="UTF-8"?>
<testsuite errors="0" failures="0" file="hardware_sdk_mensa/tests/test_webhooks.py" name="hardware_sdk_mensa.tests.test_webhooks.TestMensaPushDiagnostics-20220725104740" skipped="0" tests="1" time="0.027" timestamp="2022-07-25T10:59:57">
	<testcase classname="hardware_sdk_mensa.tests.test_webhooks.TestMensaPushDiagnostics" file="hardware_sdk_mensa/tests/test_webhooks.py" line="1961" name="test_push_diagnostics" time="0.027" timestamp="2022-07-25T10:59:57">
		<system-out>
<![CDATA[]]>		</system-out>
		<system-err>
<![CDATA[]]>		</system-err>
	</testcase>
</testsuite>
