<?xml version="1.0" encoding="UTF-8"?>
<testsuite errors="0" failures="0" file="vehicles/tests/apis/v3/test_carsharing_vehicles.py" name="vehicles.tests.apis.v3.test_carsharing_vehicles.TestSupplierVehiclesAPIWithoutAccess-20220725104622" skipped="0" tests="1" time="0.666" timestamp="2022-07-25T11:01:18">
	<testcase classname="vehicles.tests.apis.v3.test_carsharing_vehicles.TestSupplierVehiclesAPIWithoutAccess" file="vehicles/tests/apis/v3/test_carsharing_vehicles.py" line="1226" name="test_vehicles_list_api_without_permission" time="0.666" timestamp="2022-07-25T11:01:18">
		<system-out>
<![CDATA[]]>		</system-out>
		<system-err>
<![CDATA[]]>		</system-err>
	</testcase>
</testsuite>
