<?xml version="1.0" encoding="UTF-8"?>
<testsuite errors="0" failures="0" file="django_utils/tests/utils/test_messaging_utils.py" name="django_utils.tests.utils.test_messaging_utils.AWSConfigurationTestCase-20220725104740" skipped="0" tests="1" time="0.053" timestamp="2022-07-25T10:54:38">
	<testcase classname="django_utils.tests.utils.test_messaging_utils.AWSConfigurationTestCase" file="django_utils/tests/utils/test_messaging_utils.py" line="143" name="test_aws_ses_region" time="0.053" timestamp="2022-07-25T10:54:38">
		<system-out>
<![CDATA[]]>		</system-out>
		<system-err>
<![CDATA[]]>		</system-err>
	</testcase>
</testsuite>
