<?xml version="1.0" encoding="UTF-8"?>
<testsuite errors="0" failures="0" file="users/tests/apis/v2/test_carsharing_customers.py" name="users.tests.apis.v2.test_carsharing_customers.TestCustomerAPIMailingAddressGeocodeDisable-20220725104545" skipped="0" tests="2" time="2.169" timestamp="2022-07-25T10:57:21">
	<testcase classname="users.tests.apis.v2.test_carsharing_customers.TestCustomerAPIMailingAddressGeocodeDisable" file="users/tests/apis/v2/test_carsharing_customers.py" line="2901" name="test_fake_address" time="1.085" timestamp="2022-07-25T10:57:20">
		<system-out>
<![CDATA[]]>		</system-out>
		<system-err>
<![CDATA[]]>		</system-err>
	</testcase>
	<testcase classname="users.tests.apis.v2.test_carsharing_customers.TestCustomerAPIMailingAddressGeocodeDisable" file="users/tests/apis/v2/test_carsharing_customers.py" line="2896" name="test_real_address" time="1.084" timestamp="2022-07-25T10:57:21">
		<system-out>
<![CDATA[]]>		</system-out>
		<system-err>
<![CDATA[]]>		</system-err>
	</testcase>
</testsuite>
