<?xml version="1.0" encoding="UTF-8"?>
<testsuite errors="0" failures="0" file="users/tests/apis/test_radio_stations.py" name="users.tests.apis.test_radio_stations.TestRadioStationAPIAsDispatcher-20220725104545" skipped="0" tests="7" time="5.038" timestamp="2022-07-25T10:56:27">
	<testcase classname="users.tests.apis.test_radio_stations.TestRadioStationAPIAsDispatcher" file="users/tests/apis/test_radio_stations.py" line="64" name="test_create_radio_station" time="0.769" timestamp="2022-07-25T10:56:22">
		<system-out>
<![CDATA[]]>		</system-out>
		<system-err>
<![CDATA[]]>		</system-err>
	</testcase>
	<testcase classname="users.tests.apis.test_radio_stations.TestRadioStationAPIAsDispatcher" file="users/tests/apis/test_radio_stations.py" line="73" name="test_create_radio_station_required_fields" time="0.718" timestamp="2022-07-25T10:56:23">
		<system-out>
<![CDATA[]]>		</system-out>
		<system-err>
<![CDATA[]]>		</system-err>
	</testcase>
	<testcase classname="users.tests.apis.test_radio_stations.TestRadioStationAPIAsDispatcher" file="users/tests/apis/test_radio_stations.py" line="93" name="test_create_with_active_matching_frequency" time="0.697" timestamp="2022-07-25T10:56:24">
		<system-out>
<![CDATA[]]>		</system-out>
		<system-err>
<![CDATA[]]>		</system-err>
	</testcase>
	<testcase classname="users.tests.apis.test_radio_stations.TestRadioStationAPIAsDispatcher" file="users/tests/apis/test_radio_stations.py" line="104" name="test_delete_radio_station" time="0.652" timestamp="2022-07-25T10:56:24">
		<system-out>
<![CDATA[]]>		</system-out>
		<system-err>
<![CDATA[]]>		</system-err>
	</testcase>
	<testcase classname="users.tests.apis.test_radio_stations.TestRadioStationAPIAsDispatcher" file="users/tests/apis/test_radio_stations.py" line="111" name="test_delete_radio_station_nulls_customer_choice" time="0.921" timestamp="2022-07-25T10:56:25">
		<system-out>
<![CDATA[]]>		</system-out>
		<system-err>
<![CDATA[]]>		</system-err>
	</testcase>
	<testcase classname="users.tests.apis.test_radio_stations.TestRadioStationAPIAsDispatcher" file="users/tests/apis/test_radio_stations.py" line="58" name="test_get_radio_station" time="0.590" timestamp="2022-07-25T10:56:26">
		<system-out>
<![CDATA[]]>		</system-out>
		<system-err>
<![CDATA[]]>		</system-err>
	</testcase>
	<testcase classname="users.tests.apis.test_radio_stations.TestRadioStationAPIAsDispatcher" file="users/tests/apis/test_radio_stations.py" line="49" name="test_list_radio_stations" time="0.690" timestamp="2022-07-25T10:56:27">
		<system-out>
<![CDATA[]]>		</system-out>
		<system-err>
<![CDATA[]]>		</system-err>
	</testcase>
</testsuite>
