<?xml version="1.0" encoding="UTF-8"?>
<testsuite errors="0" failures="0" file="vehicles/tests/tasks/test_carsharing_vehicles_alerts.py" name="vehicles.tests.tasks.test_carsharing_vehicles_alerts.TestUpdateVehicleAlertsTask-20220725104622" skipped="0" tests="37" time="29.359" timestamp="2022-07-25T11:04:37">
	<testcase classname="vehicles.tests.tasks.test_carsharing_vehicles_alerts.TestUpdateVehicleAlertsTask" file="vehicles/tests/tasks/test_carsharing_vehicles_alerts.py" line="271" name="test_all_features_disabled" time="0.805" timestamp="2022-07-25T11:04:08">
		<system-out>
<![CDATA[]]>		</system-out>
		<system-err>
<![CDATA[]]>		</system-err>
	</testcase>
	<testcase classname="vehicles.tests.tasks.test_carsharing_vehicles_alerts.TestUpdateVehicleAlertsTask" file="vehicles/tests/tasks/test_carsharing_vehicles_alerts.py" line="518" name="test_aux_battery_alert_is_cleared_automatically" time="0.717" timestamp="2022-07-25T11:04:09">
		<system-out>
<![CDATA[]]>		</system-out>
		<system-err>
<![CDATA[]]>		</system-err>
	</testcase>
	<testcase classname="vehicles.tests.tasks.test_carsharing_vehicles_alerts.TestUpdateVehicleAlertsTask" file="vehicles/tests/tasks/test_carsharing_vehicles_alerts.py" line="248" name="test_aux_battery_level_feature_disabled" time="0.733" timestamp="2022-07-25T11:04:10">
		<system-out>
<![CDATA[]]>		</system-out>
		<system-err>
<![CDATA[]]>		</system-err>
	</testcase>
	<testcase classname="vehicles.tests.tasks.test_carsharing_vehicles_alerts.TestUpdateVehicleAlertsTask" file="vehicles/tests/tasks/test_carsharing_vehicles_alerts.py" line="943" name="test_duplicate_ticket_not_created_in_next_run" time="0.906" timestamp="2022-07-25T11:04:11">
		<system-out>
<![CDATA[]]>		</system-out>
		<system-err>
<![CDATA[]]>		</system-err>
	</testcase>
	<testcase classname="vehicles.tests.tasks.test_carsharing_vehicles_alerts.TestUpdateVehicleAlertsTask" file="vehicles/tests/tasks/test_carsharing_vehicles_alerts.py" line="510" name="test_ev_battery_alert_is_cleared_automatically" time="0.777" timestamp="2022-07-25T11:04:11">
		<system-out>
<![CDATA[]]>		</system-out>
		<system-err>
<![CDATA[]]>		</system-err>
	</testcase>
	<testcase classname="vehicles.tests.tasks.test_carsharing_vehicles_alerts.TestUpdateVehicleAlertsTask" file="vehicles/tests/tasks/test_carsharing_vehicles_alerts.py" line="259" name="test_ev_battery_level_feature_disabled" time="0.913" timestamp="2022-07-25T11:04:12">
		<system-out>
<![CDATA[]]>		</system-out>
		<system-err>
<![CDATA[]]>		</system-err>
	</testcase>
	<testcase classname="vehicles.tests.tasks.test_carsharing_vehicles_alerts.TestUpdateVehicleAlertsTask" file="vehicles/tests/tasks/test_carsharing_vehicles_alerts.py" line="397" name="test_existing_critical_aux_battery_vehicle_alert" time="0.753" timestamp="2022-07-25T11:04:13">
		<system-out>
<![CDATA[]]>		</system-out>
		<system-err>
<![CDATA[]]>		</system-err>
	</testcase>
	<testcase classname="vehicles.tests.tasks.test_carsharing_vehicles_alerts.TestUpdateVehicleAlertsTask" file="vehicles/tests/tasks/test_carsharing_vehicles_alerts.py" line="450" name="test_existing_critical_ev_battery_vehicle_alert" time="0.912" timestamp="2022-07-25T11:04:14">
		<system-out>
<![CDATA[]]>		</system-out>
		<system-err>
<![CDATA[]]>		</system-err>
	</testcase>
	<testcase classname="vehicles.tests.tasks.test_carsharing_vehicles_alerts.TestUpdateVehicleAlertsTask" file="vehicles/tests/tasks/test_carsharing_vehicles_alerts.py" line="433" name="test_existing_critical_fuel_vehicle_alert" time="0.943" timestamp="2022-07-25T11:04:15">
		<system-out>
<![CDATA[]]>		</system-out>
		<system-err>
<![CDATA[]]>		</system-err>
	</testcase>
	<testcase classname="vehicles.tests.tasks.test_carsharing_vehicles_alerts.TestUpdateVehicleAlertsTask" file="vehicles/tests/tasks/test_carsharing_vehicles_alerts.py" line="541" name="test_existing_unused_alert_is_updated_and_closed_when_threshold_not_met" time="0.639" timestamp="2022-07-25T11:04:16">
		<system-out>
<![CDATA[]]>		</system-out>
		<system-err>
<![CDATA[]]>		</system-err>
	</testcase>
	<testcase classname="vehicles.tests.tasks.test_carsharing_vehicles_alerts.TestUpdateVehicleAlertsTask" file="vehicles/tests/tasks/test_carsharing_vehicles_alerts.py" line="565" name="test_existing_unused_alert_is_updated_but_not_closed_when_threshold_is_met" time="0.626" timestamp="2022-07-25T11:04:16">
		<system-out>
<![CDATA[]]>		</system-out>
		<system-err>
<![CDATA[]]>		</system-err>
	</testcase>
	<testcase classname="vehicles.tests.tasks.test_carsharing_vehicles_alerts.TestUpdateVehicleAlertsTask" file="vehicles/tests/tasks/test_carsharing_vehicles_alerts.py" line="417" name="test_existing_warning_aux_battery_vehicle_alert" time="0.789" timestamp="2022-07-25T11:04:17">
		<system-out>
<![CDATA[]]>		</system-out>
		<system-err>
<![CDATA[]]>		</system-err>
	</testcase>
	<testcase classname="vehicles.tests.tasks.test_carsharing_vehicles_alerts.TestUpdateVehicleAlertsTask" file="vehicles/tests/tasks/test_carsharing_vehicles_alerts.py" line="486" name="test_existing_warning_ev_battery_vehicle_alert" time="0.756" timestamp="2022-07-25T11:04:18">
		<system-out>
<![CDATA[]]>		</system-out>
		<system-err>
<![CDATA[]]>		</system-err>
	</testcase>
	<testcase classname="vehicles.tests.tasks.test_carsharing_vehicles_alerts.TestUpdateVehicleAlertsTask" file="vehicles/tests/tasks/test_carsharing_vehicles_alerts.py" line="470" name="test_existing_warning_fuel_vehicle_alert" time="0.766" timestamp="2022-07-25T11:04:19">
		<system-out>
<![CDATA[]]>		</system-out>
		<system-err>
<![CDATA[]]>		</system-err>
	</testcase>
	<testcase classname="vehicles.tests.tasks.test_carsharing_vehicles_alerts.TestUpdateVehicleAlertsTask" file="vehicles/tests/tasks/test_carsharing_vehicles_alerts.py" line="502" name="test_fuel_alert_is_cleared_automatically" time="0.728" timestamp="2022-07-25T11:04:19">
		<system-out>
<![CDATA[]]>		</system-out>
		<system-err>
<![CDATA[]]>		</system-err>
	</testcase>
	<testcase classname="vehicles.tests.tasks.test_carsharing_vehicles_alerts.TestUpdateVehicleAlertsTask" file="vehicles/tests/tasks/test_carsharing_vehicles_alerts.py" line="236" name="test_fuel_level_feature_disabled" time="0.899" timestamp="2022-07-25T11:04:20">
		<system-out>
<![CDATA[]]>		</system-out>
		<system-err>
<![CDATA[]]>		</system-err>
	</testcase>
	<testcase classname="vehicles.tests.tasks.test_carsharing_vehicles_alerts.TestUpdateVehicleAlertsTask" file="vehicles/tests/tasks/test_carsharing_vehicles_alerts.py" line="841" name="test_fuel_level_while_not_plugged_in_feature_flag_false_no_charging_alert" time="0.675" timestamp="2022-07-25T11:04:21">
		<system-out>
<![CDATA[]]>		</system-out>
		<system-err>
<![CDATA[]]>		</system-err>
	</testcase>
	<testcase classname="vehicles.tests.tasks.test_carsharing_vehicles_alerts.TestUpdateVehicleAlertsTask" file="vehicles/tests/tasks/test_carsharing_vehicles_alerts.py" line="781" name="test_fuel_level_while_not_plugged_in_upper_bound_critical_level_alert" time="0.680" timestamp="2022-07-25T11:04:22">
		<system-out>
<![CDATA[]]>		</system-out>
		<system-err>
<![CDATA[]]>		</system-err>
	</testcase>
	<testcase classname="vehicles.tests.tasks.test_carsharing_vehicles_alerts.TestUpdateVehicleAlertsTask" file="vehicles/tests/tasks/test_carsharing_vehicles_alerts.py" line="794" name="test_fuel_level_while_not_plugged_in_upper_bound_warning_level_alert" time="0.676" timestamp="2022-07-25T11:04:22">
		<system-out>
<![CDATA[]]>		</system-out>
		<system-err>
<![CDATA[]]>		</system-err>
	</testcase>
	<testcase classname="vehicles.tests.tasks.test_carsharing_vehicles_alerts.TestUpdateVehicleAlertsTask" file="vehicles/tests/tasks/test_carsharing_vehicles_alerts.py" line="742" name="test_fuel_level_while_plugged_in_upper_bound_critical_level_alert" time="0.859" timestamp="2022-07-25T11:04:23">
		<system-out>
<![CDATA[]]>		</system-out>
		<system-err>
<![CDATA[]]>		</system-err>
	</testcase>
	<testcase classname="vehicles.tests.tasks.test_carsharing_vehicles_alerts.TestUpdateVehicleAlertsTask" file="vehicles/tests/tasks/test_carsharing_vehicles_alerts.py" line="761" name="test_fuel_level_while_plugged_in_upper_bound_warning_level_alert" time="0.863" timestamp="2022-07-25T11:04:24">
		<system-out>
<![CDATA[]]>		</system-out>
		<system-err>
<![CDATA[]]>		</system-err>
	</testcase>
	<testcase classname="vehicles.tests.tasks.test_carsharing_vehicles_alerts.TestUpdateVehicleAlertsTask" file="vehicles/tests/tasks/test_carsharing_vehicles_alerts.py" line="826" name="test_fuel_level_while_plugged_in_warning_level_alert_feature_flag_false" time="0.685" timestamp="2022-07-25T11:04:25">
		<system-out>
<![CDATA[]]>		</system-out>
		<system-err>
<![CDATA[]]>		</system-err>
	</testcase>
	<testcase classname="vehicles.tests.tasks.test_carsharing_vehicles_alerts.TestUpdateVehicleAlertsTask" file="vehicles/tests/tasks/test_carsharing_vehicles_alerts.py" line="807" name="test_fuel_level_while_plugged_in_warning_level_existing_alert" time="0.950" timestamp="2022-07-25T11:04:26">
		<system-out>
<![CDATA[]]>		</system-out>
		<system-err>
<![CDATA[]]>		</system-err>
	</testcase>
	<testcase classname="vehicles.tests.tasks.test_carsharing_vehicles_alerts.TestUpdateVehicleAlertsTask" file="vehicles/tests/tasks/test_carsharing_vehicles_alerts.py" line="230" name="test_healthy_vehicle" time="0.598" timestamp="2022-07-25T11:04:26">
		<system-out>
<![CDATA[]]>		</system-out>
		<system-err>
<![CDATA[]]>		</system-err>
	</testcase>
	<testcase classname="vehicles.tests.tasks.test_carsharing_vehicles_alerts.TestUpdateVehicleAlertsTask" file="vehicles/tests/tasks/test_carsharing_vehicles_alerts.py" line="323" name="test_low_aux_battery_level_vehicle" time="0.707" timestamp="2022-07-25T11:04:27">
		<system-out>
<![CDATA[]]>		</system-out>
		<system-err>
<![CDATA[]]>		</system-err>
	</testcase>
	<testcase classname="vehicles.tests.tasks.test_carsharing_vehicles_alerts.TestUpdateVehicleAlertsTask" file="vehicles/tests/tasks/test_carsharing_vehicles_alerts.py" line="341" name="test_low_aux_battery_level_vehicle_existing_ticket" time="0.694" timestamp="2022-07-25T11:04:28">
		<system-out>
<![CDATA[]]>		</system-out>
		<system-err>
<![CDATA[]]>		</system-err>
	</testcase>
	<testcase classname="vehicles.tests.tasks.test_carsharing_vehicles_alerts.TestUpdateVehicleAlertsTask" file="vehicles/tests/tasks/test_carsharing_vehicles_alerts.py" line="359" name="test_low_ev_battery_level_vehicle" time="0.873" timestamp="2022-07-25T11:04:28">
		<system-out>
<![CDATA[]]>		</system-out>
		<system-err>
<![CDATA[]]>		</system-err>
	</testcase>
	<testcase classname="vehicles.tests.tasks.test_carsharing_vehicles_alerts.TestUpdateVehicleAlertsTask" file="vehicles/tests/tasks/test_carsharing_vehicles_alerts.py" line="378" name="test_low_ev_battery_level_vehicle_existing_ticket" time="0.865" timestamp="2022-07-25T11:04:29">
		<system-out>
<![CDATA[]]>		</system-out>
		<system-err>
<![CDATA[]]>		</system-err>
	</testcase>
	<testcase classname="vehicles.tests.tasks.test_carsharing_vehicles_alerts.TestUpdateVehicleAlertsTask" file="vehicles/tests/tasks/test_carsharing_vehicles_alerts.py" line="305" name="test_low_fuel_level_vehicle" time="0.802" timestamp="2022-07-25T11:04:30">
		<system-out>
<![CDATA[]]>		</system-out>
		<system-err>
<![CDATA[]]>		</system-err>
	</testcase>
	<testcase classname="vehicles.tests.tasks.test_carsharing_vehicles_alerts.TestUpdateVehicleAlertsTask" file="vehicles/tests/tasks/test_carsharing_vehicles_alerts.py" line="600" name="test_new_unused_alert_is_created_when_threshold_is_met_and_no_open_alerts_exist" time="0.607" timestamp="2022-07-25T11:04:31">
		<system-out>
<![CDATA[]]>		</system-out>
		<system-err>
<![CDATA[]]>		</system-err>
	</testcase>
	<testcase classname="vehicles.tests.tasks.test_carsharing_vehicles_alerts.TestUpdateVehicleAlertsTask" file="vehicles/tests/tasks/test_carsharing_vehicles_alerts.py" line="634" name="test_no_new_unused_alert_is_created_when_threshold_is_not_met_and_with_no_existing_alerts" time="0.581" timestamp="2022-07-25T11:04:31">
		<system-out>
<![CDATA[]]>		</system-out>
		<system-err>
<![CDATA[]]>		</system-err>
	</testcase>
	<testcase classname="vehicles.tests.tasks.test_carsharing_vehicles_alerts.TestUpdateVehicleAlertsTask" file="vehicles/tests/tasks/test_carsharing_vehicles_alerts.py" line="869" name="test_ticket_recreate_after_cancellation" time="1.042" timestamp="2022-07-25T11:04:32">
		<system-out>
<![CDATA[]]>		</system-out>
		<system-err>
<![CDATA[]]>		</system-err>
	</testcase>
	<testcase classname="vehicles.tests.tasks.test_carsharing_vehicles_alerts.TestUpdateVehicleAlertsTask" file="vehicles/tests/tasks/test_carsharing_vehicles_alerts.py" line="919" name="test_ticket_recreate_after_deletion" time="0.894" timestamp="2022-07-25T11:04:33">
		<system-out>
<![CDATA[]]>		</system-out>
		<system-err>
<![CDATA[]]>		</system-err>
	</testcase>
	<testcase classname="vehicles.tests.tasks.test_carsharing_vehicles_alerts.TestUpdateVehicleAlertsTask" file="vehicles/tests/tasks/test_carsharing_vehicles_alerts.py" line="526" name="test_unused_alert_is_cleared_automatically" time="1.083" timestamp="2022-07-25T11:04:34">
		<system-out>
<![CDATA[]]>		</system-out>
		<system-err>
<![CDATA[]]>		</system-err>
	</testcase>
	<testcase classname="vehicles.tests.tasks.test_carsharing_vehicles_alerts.TestUpdateVehicleAlertsTask" file="vehicles/tests/tasks/test_carsharing_vehicles_alerts.py" line="712" name="test_vehicle_belongs_two_vehicle_groups" time="1.314" timestamp="2022-07-25T11:04:36">
		<system-out>
<![CDATA[]]>		</system-out>
		<system-err>
<![CDATA[]]>		</system-err>
	</testcase>
	<testcase classname="vehicles.tests.tasks.test_carsharing_vehicles_alerts.TestUpdateVehicleAlertsTask" file="vehicles/tests/tasks/test_carsharing_vehicles_alerts.py" line="660" name="test_vehicle_moved_to_gold_pin_only_on_open_alerts" time="0.692" timestamp="2022-07-25T11:04:36">
		<system-out>
<![CDATA[]]>		</system-out>
		<system-err>
<![CDATA[]]>		</system-err>
	</testcase>
	<testcase classname="vehicles.tests.tasks.test_carsharing_vehicles_alerts.TestUpdateVehicleAlertsTask" file="vehicles/tests/tasks/test_carsharing_vehicles_alerts.py" line="285" name="test_vehicle_no_carsharingservice" time="0.558" timestamp="2022-07-25T11:04:37">
		<system-out>
<![CDATA[]]>		</system-out>
		<system-err>
<![CDATA[]]>		</system-err>
	</testcase>
</testsuite>
