<?xml version="1.0" encoding="UTF-8"?>
<testsuite errors="0" failures="0" file="users/tests/apis/v3/test_carsharing_customers.py" name="users.tests.apis.v3.test_carsharing_customers.TestApplyReferrals-20220725104545" skipped="0" tests="3" time="4.545" timestamp="2022-07-25T11:03:02">
	<testcase classname="users.tests.apis.v3.test_carsharing_customers.TestApplyReferrals" file="users/tests/apis/v3/test_carsharing_customers.py" line="265" name="test_apply_referral_to_referee" time="1.225" timestamp="2022-07-25T11:02:58">
		<system-out>
<![CDATA[]]>		</system-out>
		<system-err>
<![CDATA[]]>		</system-err>
	</testcase>
	<testcase classname="users.tests.apis.v3.test_carsharing_customers.TestApplyReferrals" file="users/tests/apis/v3/test_carsharing_customers.py" line="288" name="test_apply_referral_to_referrer" time="1.123" timestamp="2022-07-25T11:03:00">
		<system-out>
<![CDATA[]]>		</system-out>
		<system-err>
<![CDATA[]]>		</system-err>
	</testcase>
	<testcase classname="users.tests.apis.v3.test_carsharing_customers.TestApplyReferrals" file="users/tests/apis/v3/test_carsharing_customers.py" line="249" name="test_num_of_paid_drives" time="2.197" timestamp="2022-07-25T11:03:02">
		<system-out>
<![CDATA[]]>		</system-out>
		<system-err>
<![CDATA[]]>		</system-err>
	</testcase>
</testsuite>
