<?xml version="1.0" encoding="UTF-8"?>
<testsuite errors="0" failures="0" file="trips/tests/apis/test_trips.py" name="trips.tests.apis.test_trips.TestCustomerTripActionAsBusinessAdmin-20220725104545" skipped="0" tests="10" time="32.613" timestamp="2022-07-25T10:46:17">
	<testcase classname="trips.tests.apis.test_trips.TestCustomerTripActionAsBusinessAdmin" file="trips/tests/apis/test_trips.py" line="2682" name="test_cancel_trip_for_non_register_user_with_deferred_payment" time="3.019" timestamp="2022-07-25T10:45:48">
		<system-out>
<![CDATA[]]>		</system-out>
		<system-err>
<![CDATA[]]>		</system-err>
	</testcase>
	<testcase classname="trips.tests.apis.test_trips.TestCustomerTripActionAsBusinessAdmin" file="trips/tests/apis/test_trips.py" line="2665" name="test_create_trip_for_non_register_user_with_deferred_payment" time="2.053" timestamp="2022-07-25T10:45:50">
		<system-out>
<![CDATA[]]>		</system-out>
		<system-err>
<![CDATA[]]>		</system-err>
	</testcase>
	<testcase classname="trips.tests.apis.test_trips.TestCustomerTripActionAsBusinessAdmin" file="trips/tests/apis/test_trips.py" line="2693" name="test_create_trip_for_non_register_user_without_deferred_payment" time="1.366" timestamp="2022-07-25T10:45:51">
		<system-out>
<![CDATA[]]>		</system-out>
		<system-err>
<![CDATA[]]>		</system-err>
	</testcase>
	<testcase classname="trips.tests.apis.test_trips.TestCustomerTripActionAsBusinessAdmin" file="trips/tests/apis/test_trips.py" line="2494" name="test_create_trip_with_inactive_business_admin" time="1.597" timestamp="2022-07-25T10:45:53">
		<system-out>
<![CDATA[]]>		</system-out>
		<system-err>
<![CDATA[]]>		</system-err>
	</testcase>
	<testcase classname="trips.tests.apis.test_trips.TestCustomerTripActionAsBusinessAdmin" file="trips/tests/apis/test_trips.py" line="2561" name="test_create_trip_with_payment_mode_and_customer_choose_payent_mode" time="1.481" timestamp="2022-07-25T10:45:54">
		<system-out>
<![CDATA[]]>		</system-out>
		<system-err>
<![CDATA[]]>		</system-err>
	</testcase>
	<testcase classname="trips.tests.apis.test_trips.TestCustomerTripActionAsBusinessAdmin" file="trips/tests/apis/test_trips.py" line="2480" name="test_create_trip_without_payment_mode" time="2.150" timestamp="2022-07-25T10:45:56">
		<system-out>
<![CDATA[]]>		</system-out>
		<system-err>
<![CDATA[]]>		</system-err>
	</testcase>
	<testcase classname="trips.tests.apis.test_trips.TestCustomerTripActionAsBusinessAdmin" file="trips/tests/apis/test_trips.py" line="2549" name="test_create_trip_without_payment_mode_and_customer_choose_payent_mode" time="2.183" timestamp="2022-07-25T10:45:59">
		<system-out>
<![CDATA[]]>		</system-out>
		<system-err>
<![CDATA[]]>		</system-err>
	</testcase>
	<testcase classname="trips.tests.apis.test_trips.TestCustomerTripActionAsBusinessAdmin" file="trips/tests/apis/test_trips.py" line="2506" name="test_create_update_delete_on_demand_trip" time="3.344" timestamp="2022-07-25T10:46:02">
		<system-out>
<![CDATA[]]>		</system-out>
		<system-err>
<![CDATA[]]>		</system-err>
	</testcase>
	<testcase classname="trips.tests.apis.test_trips.TestCustomerTripActionAsBusinessAdmin" file="trips/tests/apis/test_trips.py" line="2623" name="test_filter_live_trip" time="6.786" timestamp="2022-07-25T10:46:09">
		<system-out>
<![CDATA[]]>		</system-out>
		<system-err>
<![CDATA[]]>		</system-err>
	</testcase>
	<testcase classname="trips.tests.apis.test_trips.TestCustomerTripActionAsBusinessAdmin" file="trips/tests/apis/test_trips.py" line="2577" name="test_filter_past_trip" time="8.632" timestamp="2022-07-25T10:46:17">
		<system-out>
<![CDATA[]]>		</system-out>
		<system-err>
<![CDATA[]]>		</system-err>
	</testcase>
</testsuite>
