<?xml version="1.0" encoding="UTF-8"?>
<testsuite errors="0" failures="0" file="trips/tests/apis/test_trips.py" name="trips.tests.apis.test_trips.TestCustomerTripAction-20220725104713" skipped="0" tests="24" time="35.531" timestamp="2022-07-25T11:02:07">
	<testcase classname="trips.tests.apis.test_trips.TestCustomerTripAction" file="trips/tests/apis/test_trips.py" line="367" name="test_create_trip_with_business_entity_request" time="2.958" timestamp="2022-07-25T11:01:34">
		<system-out>
<![CDATA[]]>		</system-out>
		<system-err>
<![CDATA[]]>		</system-err>
	</testcase>
	<testcase classname="trips.tests.apis.test_trips.TestCustomerTripAction" file="trips/tests/apis/test_trips.py" line="347" name="test_create_trip_with_stringified_business_entity_request" time="2.157" timestamp="2022-07-25T11:01:37">
		<system-out>
<![CDATA[]]>		</system-out>
		<system-err>
<![CDATA[]]>		</system-err>
	</testcase>
	<testcase classname="trips.tests.apis.test_trips.TestCustomerTripAction" file="trips/tests/apis/test_trips.py" line="703" name="test_create_trip_with_wallet_payment" time="1.704" timestamp="2022-07-25T11:01:38">
		<system-out>
<![CDATA[]]>		</system-out>
		<system-err>
<![CDATA[]]>		</system-err>
	</testcase>
	<testcase classname="trips.tests.apis.test_trips.TestCustomerTripAction" file="trips/tests/apis/test_trips.py" line="553" name="test_delete_trip" time="1.391" timestamp="2022-07-25T11:01:40">
		<system-out>
<![CDATA[]]>		</system-out>
		<system-err>
<![CDATA[]]>		</system-err>
	</testcase>
	<testcase classname="trips.tests.apis.test_trips.TestCustomerTripAction" file="trips/tests/apis/test_trips.py" line="663" name="test_filter_past_trip" time="3.305" timestamp="2022-07-25T11:01:43">
		<system-out>
<![CDATA[]]>		</system-out>
		<system-err>
<![CDATA[]]>		</system-err>
	</testcase>
	<testcase classname="trips.tests.apis.test_trips.TestCustomerTripAction" file="trips/tests/apis/test_trips.py" line="574" name="test_get_trips_invalid_service_id" time="1.523" timestamp="2022-07-25T11:01:45">
		<system-out>
<![CDATA[]]>		</system-out>
		<system-err>
<![CDATA[]]>		</system-err>
	</testcase>
	<testcase classname="trips.tests.apis.test_trips.TestCustomerTripAction" file="trips/tests/apis/test_trips.py" line="563" name="test_get_trips_multi_service" time="1.642" timestamp="2022-07-25T11:01:46">
		<system-out>
<![CDATA[]]>		</system-out>
		<system-err>
<![CDATA[]]>		</system-err>
	</testcase>
	<testcase classname="trips.tests.apis.test_trips.TestCustomerTripAction" file="trips/tests/apis/test_trips.py" line="444" name="test_make_trip_for_inactive_customer_in_exclusive_service" time="0.644" timestamp="2022-07-25T11:01:47">
		<system-out>
<![CDATA[]]>		</system-out>
		<system-err>
<![CDATA[]]>		</system-err>
	</testcase>
	<testcase classname="trips.tests.apis.test_trips.TestCustomerTripAction" file="trips/tests/apis/test_trips.py" line="460" name="test_make_trip_request_end_outside_service_area" time="0.705" timestamp="2022-07-25T11:01:48">
		<system-out>
<![CDATA[]]>		</system-out>
		<system-err>
<![CDATA[]]>		</system-err>
	</testcase>
	<testcase classname="trips.tests.apis.test_trips.TestCustomerTripAction" file="trips/tests/apis/test_trips.py" line="423" name="test_make_trip_request_from_unverified_customer" time="0.625" timestamp="2022-07-25T11:01:48">
		<system-out>
<![CDATA[]]>		</system-out>
		<system-err>
<![CDATA[]]>		</system-err>
	</testcase>
	<testcase classname="trips.tests.apis.test_trips.TestCustomerTripAction" file="trips/tests/apis/test_trips.py" line="451" name="test_make_trip_request_start_outside_service_area" time="0.683" timestamp="2022-07-25T11:01:49">
		<system-out>
<![CDATA[]]>		</system-out>
		<system-err>
<![CDATA[]]>		</system-err>
	</testcase>
	<testcase classname="trips.tests.apis.test_trips.TestCustomerTripAction" file="trips/tests/apis/test_trips.py" line="431" name="test_make_trip_request_start_unserviced_location" time="0.737" timestamp="2022-07-25T11:01:50">
		<system-out>
<![CDATA[]]>		</system-out>
		<system-err>
<![CDATA[]]>		</system-err>
	</testcase>
	<testcase classname="trips.tests.apis.test_trips.TestCustomerTripAction" file="trips/tests/apis/test_trips.py" line="321" name="test_make_valid_trip_request" time="1.348" timestamp="2022-07-25T11:01:51">
		<system-out>
<![CDATA[]]>		</system-out>
		<system-err>
<![CDATA[]]>		</system-err>
	</testcase>
	<testcase classname="trips.tests.apis.test_trips.TestCustomerTripAction" file="trips/tests/apis/test_trips.py" line="398" name="test_make_valid_trip_with_vehicle_type" time="1.390" timestamp="2022-07-25T11:01:52">
		<system-out>
<![CDATA[]]>		</system-out>
		<system-err>
<![CDATA[]]>		</system-err>
	</testcase>
	<testcase classname="trips.tests.apis.test_trips.TestCustomerTripAction" file="trips/tests/apis/test_trips.py" line="325" name="test_past_trip_without_created_cancelled_by_fields" time="1.492" timestamp="2022-07-25T11:01:54">
		<system-out>
<![CDATA[]]>		</system-out>
		<system-err>
<![CDATA[]]>		</system-err>
	</testcase>
	<testcase classname="trips.tests.apis.test_trips.TestCustomerTripAction" file="trips/tests/apis/test_trips.py" line="654" name="test_patch_trip_after_drop_off" time="0.679" timestamp="2022-07-25T11:01:55">
		<system-out>
<![CDATA[]]>		</system-out>
		<system-err>
<![CDATA[/usr/local/lib/python3.6/dist-packages/django/db/models/fields/__init__.py:1427: RuntimeWarning: DateTimeField Trip.dropped_off_at received a naive datetime (2022-07-25 11:01:54.899180) while time zone support is active.
  RuntimeWarning)
]]>		</system-err>
	</testcase>
	<testcase classname="trips.tests.apis.test_trips.TestCustomerTripAction" file="trips/tests/apis/test_trips.py" line="544" name="test_ratings_improper_id" time="0.596" timestamp="2022-07-25T11:01:55">
		<system-out>
<![CDATA[]]>		</system-out>
		<system-err>
<![CDATA[]]>		</system-err>
	</testcase>
	<testcase classname="trips.tests.apis.test_trips.TestCustomerTripAction" file="trips/tests/apis/test_trips.py" line="605" name="test_tip_payment_by_trip_customer" time="1.341" timestamp="2022-07-25T11:01:56">
		<system-out>
<![CDATA[]]>		</system-out>
		<system-err>
<![CDATA[/usr/local/lib/python3.6/dist-packages/django/db/models/fields/__init__.py:1427: RuntimeWarning: DateTimeField Trip.dropped_off_at received a naive datetime (2022-07-26 11:01:56.532605) while time zone support is active.
  RuntimeWarning)
]]>		</system-err>
	</testcase>
	<testcase classname="trips.tests.apis.test_trips.TestCustomerTripAction" file="trips/tests/apis/test_trips.py" line="637" name="test_tip_payment_by_trip_customer_if_feature_is_disabled" time="0.834" timestamp="2022-07-25T11:01:57">
		<system-out>
<![CDATA[]]>		</system-out>
		<system-err>
<![CDATA[/usr/local/lib/python3.6/dist-packages/django/db/models/fields/__init__.py:1427: RuntimeWarning: DateTimeField Trip.dropped_off_at received a naive datetime (2022-07-26 11:01:57.535032) while time zone support is active.
  RuntimeWarning)
]]>		</system-err>
	</testcase>
	<testcase classname="trips.tests.apis.test_trips.TestCustomerTripAction" file="trips/tests/apis/test_trips.py" line="585" name="test_trip_cancelled_before_pickup" time="1.991" timestamp="2022-07-25T11:01:59">
		<system-out>
<![CDATA[]]>		</system-out>
		<system-err>
<![CDATA[]]>		</system-err>
	</testcase>
	<testcase classname="trips.tests.apis.test_trips.TestCustomerTripAction" file="trips/tests/apis/test_trips.py" line="340" name="test_trips_without_created_cancelled_by" time="0.909" timestamp="2022-07-25T11:02:00">
		<system-out>
<![CDATA[]]>		</system-out>
		<system-err>
<![CDATA[]]>		</system-err>
	</testcase>
	<testcase classname="trips.tests.apis.test_trips.TestCustomerTripAction" file="trips/tests/apis/test_trips.py" line="506" name="test_update_for_completed_trip" time="2.074" timestamp="2022-07-25T11:02:02">
		<system-out>
<![CDATA[]]>		</system-out>
		<system-err>
<![CDATA[]]>		</system-err>
	</testcase>
	<testcase classname="trips.tests.apis.test_trips.TestCustomerTripAction" file="trips/tests/apis/test_trips.py" line="469" name="test_update_for_new_trip" time="1.895" timestamp="2022-07-25T11:02:04">
		<system-out>
<![CDATA[]]>		</system-out>
		<system-err>
<![CDATA[]]>		</system-err>
	</testcase>
	<testcase classname="trips.tests.apis.test_trips.TestCustomerTripAction" file="trips/tests/apis/test_trips.py" line="406" name="test_update_trip_with_new_vehicle_type" time="2.909" timestamp="2022-07-25T11:02:07">
		<system-out>
<![CDATA[]]>		</system-out>
		<system-err>
<![CDATA[]]>		</system-err>
	</testcase>
</testsuite>
