<?xml version="1.0" encoding="UTF-8"?>
<testsuite errors="0" failures="0" file="users/tests/utils/test_notifications.py" name="users.tests.utils.test_notifications.PasswordResetBusinessAdminTestCase-20220725104622" skipped="0" tests="4" time="2.156" timestamp="2022-07-25T10:48:53">
	<testcase classname="users.tests.utils.test_notifications.PasswordResetBusinessAdminTestCase" file="users/tests/utils/test_notifications.py" line="66" name="test_send_reset_link" time="0.577" timestamp="2022-07-25T10:48:52">
		<system-out>
<![CDATA[]]>		</system-out>
		<system-err>
<![CDATA[]]>		</system-err>
	</testcase>
	<testcase classname="users.tests.utils.test_notifications.PasswordResetBusinessAdminTestCase" file="users/tests/utils/test_notifications.py" line="90" name="test_send_reset_link_for_staff_user_when_config_set_to_email" time="0.574" timestamp="2022-07-25T10:48:52">
		<system-out>
<![CDATA[]]>		</system-out>
		<system-err>
<![CDATA[]]>		</system-err>
	</testcase>
	<testcase classname="users.tests.utils.test_notifications.PasswordResetBusinessAdminTestCase" file="users/tests/utils/test_notifications.py" line="100" name="test_send_reset_link_for_staff_user_when_config_set_to_sms" time="0.466" timestamp="2022-07-25T10:48:53">
		<system-out>
<![CDATA[]]>		</system-out>
		<system-err>
<![CDATA[]]>		</system-err>
	</testcase>
	<testcase classname="users.tests.utils.test_notifications.PasswordResetBusinessAdminTestCase" file="users/tests/utils/test_notifications.py" line="78" name="test_send_reset_link_via_sms" time="0.539" timestamp="2022-07-25T10:48:53">
		<system-out>
<![CDATA[]]>		</system-out>
		<system-err>
<![CDATA[]]>		</system-err>
	</testcase>
</testsuite>
