<?xml version="1.0" encoding="UTF-8"?>
<testsuite errors="0" failures="0" file="rentals/tests/apis/v2/test_rentals.py" name="rentals.tests.apis.v2.test_rentals.TestRentalAPIV2StationsAsDispatcher-20220725104819" skipped="0" tests="2" time="3.545" timestamp="2022-07-25T11:02:26">
	<testcase classname="rentals.tests.apis.v2.test_rentals.TestRentalAPIV2StationsAsDispatcher" file="rentals/tests/apis/v2/test_rentals.py" line="2111" name="test_end_station_based_rental_in_parking_area_succeeds" time="1.798" timestamp="2022-07-25T11:02:24">
		<system-out>
<![CDATA[]]>		</system-out>
		<system-err>
<![CDATA[]]>		</system-err>
	</testcase>
	<testcase classname="rentals.tests.apis.v2.test_rentals.TestRentalAPIV2StationsAsDispatcher" file="rentals/tests/apis/v2/test_rentals.py" line="2151" name="test_end_station_based_rental_out_of_parking_area_succeeds_for_dispatcher" time="1.747" timestamp="2022-07-25T11:02:26">
		<system-out>
<![CDATA[]]>		</system-out>
		<system-err>
<![CDATA[]]>		</system-err>
	</testcase>
</testsuite>
