<?xml version="1.0" encoding="UTF-8"?>
<testsuite errors="0" failures="0" file="trips/tests/apis/test_trips.py" name="trips.tests.apis.test_trips.TestPastTripsWithFareDetailsAsDispatcher-20220725104713" skipped="0" tests="1" time="1.858" timestamp="2022-07-25T11:04:03">
	<testcase classname="trips.tests.apis.test_trips.TestPastTripsWithFareDetailsAsDispatcher" file="trips/tests/apis/test_trips.py" line="2748" name="test_past_trip_with_fare_breakup_details" time="1.858" timestamp="2022-07-25T11:04:03">
		<system-out>
<![CDATA[ERROR: CannotOverwriteExistingCassetteException: (37.780689, -122.39635, '') not found in mock reverse_geocode data
(See https://ridecell.atlassian.net/wiki/spaces/EN/pages/185040970/How+to+Fix+CannotOverwriteExistingCassetteException)
ERROR: CannotOverwriteExistingCassetteException: (37.776525, -122.417156, '') not found in mock reverse_geocode data
(See https://ridecell.atlassian.net/wiki/spaces/EN/pages/185040970/How+to+Fix+CannotOverwriteExistingCassetteException)
ERROR: CannotOverwriteExistingCassetteException: (37.780689, -122.39635, '') not found in mock reverse_geocode data
(See https://ridecell.atlassian.net/wiki/spaces/EN/pages/185040970/How+to+Fix+CannotOverwriteExistingCassetteException)
ERROR: CannotOverwriteExistingCassetteException: (37.776525, -122.417156, '') not found in mock reverse_geocode data
(See https://ridecell.atlassian.net/wiki/spaces/EN/pages/185040970/How+to+Fix+CannotOverwriteExistingCassetteException)
ERROR: CannotOverwriteExistingCassetteException: (37.780689, -122.39635, '') not found in mock reverse_geocode data
(See https://ridecell.atlassian.net/wiki/spaces/EN/pages/185040970/How+to+Fix+CannotOverwriteExistingCassetteException)
ERROR: CannotOverwriteExistingCassetteException: (37.776525, -122.417156, '') not found in mock reverse_geocode data
(See https://ridecell.atlassian.net/wiki/spaces/EN/pages/185040970/How+to+Fix+CannotOverwriteExistingCassetteException)
]]>		</system-out>
		<system-err>
<![CDATA[]]>		</system-err>
	</testcase>
</testsuite>
