<?xml version="1.0" encoding="UTF-8"?>
<testsuite errors="0" failures="0" file="users/tests/utils/test_password_utils.py" name="users.tests.utils.test_password_utils.PasswordValidatorTestCase-20220725104622" skipped="0" tests="13" time="3.505" timestamp="2022-07-25T10:48:58">
	<testcase classname="users.tests.utils.test_password_utils.PasswordValidatorTestCase" file="users/tests/utils/test_password_utils.py" line="103" name="test_max_length_bad" time="1.351" timestamp="2022-07-25T10:48:56">
		<system-out>
<![CDATA[]]>		</system-out>
		<system-err>
<![CDATA[]]>		</system-err>
	</testcase>
	<testcase classname="users.tests.utils.test_password_utils.PasswordValidatorTestCase" file="users/tests/utils/test_password_utils.py" line="108" name="test_max_length_good" time="0.299" timestamp="2022-07-25T10:48:56">
		<system-out>
<![CDATA[]]>		</system-out>
		<system-err>
<![CDATA[]]>		</system-err>
	</testcase>
	<testcase classname="users.tests.utils.test_password_utils.PasswordValidatorTestCase" file="users/tests/utils/test_password_utils.py" line="77" name="test_min_length_bad" time="0.195" timestamp="2022-07-25T10:48:56">
		<system-out>
<![CDATA[]]>		</system-out>
		<system-err>
<![CDATA[]]>		</system-err>
	</testcase>
	<testcase classname="users.tests.utils.test_password_utils.PasswordValidatorTestCase" file="users/tests/utils/test_password_utils.py" line="87" name="test_min_length_changes" time="0.253" timestamp="2022-07-25T10:48:57">
		<system-out>
<![CDATA[]]>		</system-out>
		<system-err>
<![CDATA[]]>		</system-err>
	</testcase>
	<testcase classname="users.tests.utils.test_password_utils.PasswordValidatorTestCase" file="users/tests/utils/test_password_utils.py" line="82" name="test_min_length_good" time="0.174" timestamp="2022-07-25T10:48:57">
		<system-out>
<![CDATA[]]>		</system-out>
		<system-err>
<![CDATA[]]>		</system-err>
	</testcase>
	<testcase classname="users.tests.utils.test_password_utils.PasswordValidatorTestCase" file="users/tests/utils/test_password_utils.py" line="123" name="test_number_required_bad" time="0.183" timestamp="2022-07-25T10:48:57">
		<system-out>
<![CDATA[]]>		</system-out>
		<system-err>
<![CDATA[]]>		</system-err>
	</testcase>
	<testcase classname="users.tests.utils.test_password_utils.PasswordValidatorTestCase" file="users/tests/utils/test_password_utils.py" line="114" name="test_number_required_good" time="0.150" timestamp="2022-07-25T10:48:57">
		<system-out>
<![CDATA[]]>		</system-out>
		<system-err>
<![CDATA[]]>		</system-err>
	</testcase>
	<testcase classname="users.tests.utils.test_password_utils.PasswordValidatorTestCase" file="users/tests/utils/test_password_utils.py" line="143" name="test_require_lowercase_bad" time="0.162" timestamp="2022-07-25T10:48:57">
		<system-out>
<![CDATA[]]>		</system-out>
		<system-err>
<![CDATA[]]>		</system-err>
	</testcase>
	<testcase classname="users.tests.utils.test_password_utils.PasswordValidatorTestCase" file="users/tests/utils/test_password_utils.py" line="138" name="test_require_lowercase_good" time="0.143" timestamp="2022-07-25T10:48:57">
		<system-out>
<![CDATA[]]>		</system-out>
		<system-err>
<![CDATA[]]>		</system-err>
	</testcase>
	<testcase classname="users.tests.utils.test_password_utils.PasswordValidatorTestCase" file="users/tests/utils/test_password_utils.py" line="153" name="test_require_special_bad" time="0.142" timestamp="2022-07-25T10:48:58">
		<system-out>
<![CDATA[]]>		</system-out>
		<system-err>
<![CDATA[]]>		</system-err>
	</testcase>
	<testcase classname="users.tests.utils.test_password_utils.PasswordValidatorTestCase" file="users/tests/utils/test_password_utils.py" line="148" name="test_require_special_good" time="0.133" timestamp="2022-07-25T10:48:58">
		<system-out>
<![CDATA[]]>		</system-out>
		<system-err>
<![CDATA[]]>		</system-err>
	</testcase>
	<testcase classname="users.tests.utils.test_password_utils.PasswordValidatorTestCase" file="users/tests/utils/test_password_utils.py" line="133" name="test_require_uppercase_bad" time="0.144" timestamp="2022-07-25T10:48:58">
		<system-out>
<![CDATA[]]>		</system-out>
		<system-err>
<![CDATA[]]>		</system-err>
	</testcase>
	<testcase classname="users.tests.utils.test_password_utils.PasswordValidatorTestCase" file="users/tests/utils/test_password_utils.py" line="128" name="test_require_uppercase_good" time="0.178" timestamp="2022-07-25T10:48:58">
		<system-out>
<![CDATA[]]>		</system-out>
		<system-err>
<![CDATA[]]>		</system-err>
	</testcase>
</testsuite>
