<?xml version="1.0" encoding="UTF-8"?>
<testsuite errors="0" failures="0" file="hardware_sdk_geotab/tests/test_go9_gps_task.py" name="hardware_sdk_geotab.tests.test_go9_gps_task.TestVendorTasks-20220725104740" skipped="0" tests="2" time="0.315" timestamp="2022-07-25T10:58:24">
	<testcase classname="hardware_sdk_geotab.tests.test_go9_gps_task.TestVendorTasks" file="hardware_sdk_geotab/tests/test_go9_gps_task.py" line="48" name="test_update_go9_gps_data_for_updated_time_none" time="0.167" timestamp="2022-07-25T10:58:24">
		<system-out>
<![CDATA[ERROR: CannotOverwriteExistingCassetteException: (37.787, 134.877, '') not found in mock reverse_geocode data
(See https://ridecell.atlassian.net/wiki/spaces/EN/pages/185040970/How+to+Fix+CannotOverwriteExistingCassetteException)
]]>		</system-out>
		<system-err>
<![CDATA[]]>		</system-err>
	</testcase>
	<testcase classname="hardware_sdk_geotab.tests.test_go9_gps_task.TestVendorTasks" file="hardware_sdk_geotab/tests/test_go9_gps_task.py" line="27" name="test_update_go9_gps_data_toggles_unresponsive_to_free" time="0.148" timestamp="2022-07-25T10:58:24">
		<system-out>
<![CDATA[ERROR: CannotOverwriteExistingCassetteException: (37.787, 134.877, '') not found in mock reverse_geocode data
(See https://ridecell.atlassian.net/wiki/spaces/EN/pages/185040970/How+to+Fix+CannotOverwriteExistingCassetteException)
]]>		</system-out>
		<system-err>
<![CDATA[]]>		</system-err>
	</testcase>
</testsuite>
