<?xml version="1.0" encoding="UTF-8"?>
<testsuite errors="0" failures="0" file="hardware_sdk_mensa/tests/test_webhooks_serializers.py" name="hardware_sdk_mensa.tests.test_webhooks_serializers.TestCCMVersionSerializer-20220725104740" skipped="0" tests="3" time="0.019" timestamp="2022-07-25T11:00:36">
	<testcase classname="hardware_sdk_mensa.tests.test_webhooks_serializers.TestCCMVersionSerializer" file="hardware_sdk_mensa/tests/test_webhooks_serializers.py" line="369" name="test_good_data" time="0.008" timestamp="2022-07-25T11:00:36">
		<system-out>
<![CDATA[]]>		</system-out>
		<system-err>
<![CDATA[]]>		</system-err>
	</testcase>
	<testcase classname="hardware_sdk_mensa.tests.test_webhooks_serializers.TestCCMVersionSerializer" file="hardware_sdk_mensa/tests/test_webhooks_serializers.py" line="373" name="test_missing_antenna_serial_number" time="0.006" timestamp="2022-07-25T11:00:36">
		<system-out>
<![CDATA[]]>		</system-out>
		<system-err>
<![CDATA[]]>		</system-err>
	</testcase>
	<testcase classname="hardware_sdk_mensa.tests.test_webhooks_serializers.TestCCMVersionSerializer" file="hardware_sdk_mensa/tests/test_webhooks_serializers.py" line="378" name="test_null_username_and_password" time="0.006" timestamp="2022-07-25T11:00:36">
		<system-out>
<![CDATA[]]>		</system-out>
		<system-err>
<![CDATA[]]>		</system-err>
	</testcase>
</testsuite>
