<?xml version="1.0" encoding="UTF-8"?>
<testsuite errors="0" failures="0" file="vehicles/tests/apis/v3/test_vehicles.py" name="vehicles.tests.apis.v3.test_vehicles.TestVehicleTypeV3API-20220725104622" skipped="0" tests="11" time="8.656" timestamp="2022-07-25T11:03:31">
	<testcase classname="vehicles.tests.apis.v3.test_vehicles.TestVehicleTypeV3API" file="vehicles/tests/apis/v3/test_vehicles.py" line="83" name="test_available" time="1.545" timestamp="2022-07-25T11:03:24">
		<system-out>
<![CDATA[]]>		</system-out>
		<system-err>
<![CDATA[]]>		</system-err>
	</testcase>
	<testcase classname="vehicles.tests.apis.v3.test_vehicles.TestVehicleTypeV3API" file="vehicles/tests/apis/v3/test_vehicles.py" line="212" name="test_get_vehicle_type_detail" time="0.484" timestamp="2022-07-25T11:03:24">
		<system-out>
<![CDATA[]]>		</system-out>
		<system-err>
<![CDATA[]]>		</system-err>
	</testcase>
	<testcase classname="vehicles.tests.apis.v3.test_vehicles.TestVehicleTypeV3API" file="vehicles/tests/apis/v3/test_vehicles.py" line="34" name="test_get_vehicle_type_list" time="0.511" timestamp="2022-07-25T11:03:25">
		<system-out>
<![CDATA[]]>		</system-out>
		<system-err>
<![CDATA[]]>		</system-err>
	</testcase>
	<testcase classname="vehicles.tests.apis.v3.test_vehicles.TestVehicleTypeV3API" file="vehicles/tests/apis/v3/test_vehicles.py" line="127" name="test_get_vehicle_type_list_all" time="0.577" timestamp="2022-07-25T11:03:26">
		<system-out>
<![CDATA[]]>		</system-out>
		<system-err>
<![CDATA[]]>		</system-err>
	</testcase>
	<testcase classname="vehicles.tests.apis.v3.test_vehicles.TestVehicleTypeV3API" file="vehicles/tests/apis/v3/test_vehicles.py" line="57" name="test_get_vehicle_type_list_market_filtering" time="1.182" timestamp="2022-07-25T11:03:27">
		<system-out>
<![CDATA[]]>		</system-out>
		<system-err>
<![CDATA[]]>		</system-err>
	</testcase>
	<testcase classname="vehicles.tests.apis.v3.test_vehicles.TestVehicleTypeV3API" file="vehicles/tests/apis/v3/test_vehicles.py" line="40" name="test_get_vehicle_type_list_multiple_service_vehicles" time="0.980" timestamp="2022-07-25T11:03:28">
		<system-out>
<![CDATA[]]>		</system-out>
		<system-err>
<![CDATA[]]>		</system-err>
	</testcase>
	<testcase classname="vehicles.tests.apis.v3.test_vehicles.TestVehicleTypeV3API" file="vehicles/tests/apis/v3/test_vehicles.py" line="163" name="test_get_vehicle_type_list_with_motor_constraint" time="0.785" timestamp="2022-07-25T11:03:29">
		<system-out>
<![CDATA[]]>		</system-out>
		<system-err>
<![CDATA[]]>		</system-err>
	</testcase>
	<testcase classname="vehicles.tests.apis.v3.test_vehicles.TestVehicleTypeV3API" file="vehicles/tests/apis/v3/test_vehicles.py" line="144" name="test_get_vehicle_type_list_with_passenger_constraint" time="0.704" timestamp="2022-07-25T11:03:29">
		<system-out>
<![CDATA[]]>		</system-out>
		<system-err>
<![CDATA[]]>		</system-err>
	</testcase>
	<testcase classname="vehicles.tests.apis.v3.test_vehicles.TestVehicleTypeV3API" file="vehicles/tests/apis/v3/test_vehicles.py" line="134" name="test_get_vehicle_type_list_with_search" time="0.596" timestamp="2022-07-25T11:03:30">
		<system-out>
<![CDATA[]]>		</system-out>
		<system-err>
<![CDATA[]]>		</system-err>
	</testcase>
	<testcase classname="vehicles.tests.apis.v3.test_vehicles.TestVehicleTypeV3API" file="vehicles/tests/apis/v3/test_vehicles.py" line="185" name="test_get_vehicle_type_list_with_transmission_constraint" time="0.802" timestamp="2022-07-25T11:03:31">
		<system-out>
<![CDATA[]]>		</system-out>
		<system-err>
<![CDATA[]]>		</system-err>
	</testcase>
	<testcase classname="vehicles.tests.apis.v3.test_vehicles.TestVehicleTypeV3API" file="vehicles/tests/apis/v3/test_vehicles.py" line="217" name="test_post_vehicle_type_should_fail" time="0.490" timestamp="2022-07-25T11:03:31">
		<system-out>
<![CDATA[]]>		</system-out>
		<system-err>
<![CDATA[]]>		</system-err>
	</testcase>
</testsuite>
