<?xml version="1.0" encoding="UTF-8"?>
<testsuite errors="0" failures="0" file="users/tests/apis/test_whitelisted_ip.py" name="users.tests.apis.test_whitelisted_ip.TestWhiteListedIpsAPI-20220725104545" skipped="0" tests="1" time="0.385" timestamp="2022-07-25T10:57:16">
	<testcase classname="users.tests.apis.test_whitelisted_ip.TestWhiteListedIpsAPI" file="users/tests/apis/test_whitelisted_ip.py" line="16" name="test_whitelistedips_creation" time="0.385" timestamp="2022-07-25T10:57:16">
		<system-out>
<![CDATA[]]>		</system-out>
		<system-err>
<![CDATA[]]>		</system-err>
	</testcase>
</testsuite>
