<?xml version="1.0" encoding="UTF-8"?>
<testsuite errors="0" failures="0" file="users/tests/utils/test_user_utils.py" name="users.tests.utils.test_user_utils.TestPermissionsMethods-20220725104622" skipped="0" tests="1" time="0.449" timestamp="2022-07-25T10:49:21">
	<testcase classname="users.tests.utils.test_user_utils.TestPermissionsMethods" file="users/tests/utils/test_user_utils.py" line="181" name="test_is_active_staff_for_manager" time="0.449" timestamp="2022-07-25T10:49:21">
		<system-out>
<![CDATA[]]>		</system-out>
		<system-err>
<![CDATA[]]>		</system-err>
	</testcase>
</testsuite>
