<?xml version="1.0" encoding="UTF-8"?>
<testsuite errors="0" failures="0" file="services/tests/apis/v3/test_carsharing_services.py" name="services.tests.apis.v3.test_carsharing_services.BusinessEntityServicesAPIV3TestBase-20220725104713" skipped="0" tests="7" time="3.936" timestamp="2022-07-25T10:49:01">
	<testcase classname="services.tests.apis.v3.test_carsharing_services.BusinessEntityServicesAPIV3TestBase" file="services/tests/apis/v3/test_carsharing_services.py" line="1110" name="test_list" time="0.669" timestamp="2022-07-25T10:48:58">
		<system-out>
<![CDATA[]]>		</system-out>
		<system-err>
<![CDATA[/usr/local/lib/python3.6/dist-packages/rest_framework/pagination.py:200: UnorderedObjectListWarning: Pagination may yield inconsistent results with an unordered object_list: <class 'services.models.carsharing_services.BusinessEntityService'> QuerySet.
  paginator = self.django_paginator_class(queryset, page_size)
]]>		</system-err>
	</testcase>
	<testcase classname="services.tests.apis.v3.test_carsharing_services.BusinessEntityServicesAPIV3TestBase" file="services/tests/apis/v3/test_carsharing_services.py" line="1148" name="test_patch" time="0.821" timestamp="2022-07-25T10:48:59">
		<system-out>
<![CDATA[]]>		</system-out>
		<system-err>
<![CDATA[]]>		</system-err>
	</testcase>
	<testcase classname="services.tests.apis.v3.test_carsharing_services.BusinessEntityServicesAPIV3TestBase" file="services/tests/apis/v3/test_carsharing_services.py" line="1142" name="test_post" time="0.772" timestamp="2022-07-25T10:48:59">
		<system-out>
<![CDATA[]]>		</system-out>
		<system-err>
<![CDATA[]]>		</system-err>
	</testcase>
	<testcase classname="services.tests.apis.v3.test_carsharing_services.BusinessEntityServicesAPIV3TestBase" file="services/tests/apis/v3/test_carsharing_services.py" line="1130" name="test_post_business_entity_parameter_missing" time="0.558" timestamp="2022-07-25T10:49:00">
		<system-out>
<![CDATA[]]>		</system-out>
		<system-err>
<![CDATA[]]>		</system-err>
	</testcase>
	<testcase classname="services.tests.apis.v3.test_carsharing_services.BusinessEntityServicesAPIV3TestBase" file="services/tests/apis/v3/test_carsharing_services.py" line="1126" name="test_post_empty_body" time="0.332" timestamp="2022-07-25T10:49:00">
		<system-out>
<![CDATA[]]>		</system-out>
		<system-err>
<![CDATA[]]>		</system-err>
	</testcase>
	<testcase classname="services.tests.apis.v3.test_carsharing_services.BusinessEntityServicesAPIV3TestBase" file="services/tests/apis/v3/test_carsharing_services.py" line="1136" name="test_post_service_parameter_missing" time="0.460" timestamp="2022-07-25T10:49:01">
		<system-out>
<![CDATA[]]>		</system-out>
		<system-err>
<![CDATA[]]>		</system-err>
	</testcase>
	<testcase classname="services.tests.apis.v3.test_carsharing_services.BusinessEntityServicesAPIV3TestBase" file="services/tests/apis/v3/test_carsharing_services.py" line="1107" name="test_url" time="0.324" timestamp="2022-07-25T10:49:01">
		<system-out>
<![CDATA[]]>		</system-out>
		<system-err>
<![CDATA[]]>		</system-err>
	</testcase>
</testsuite>
