<?xml version="1.0" encoding="UTF-8"?>
<testsuite errors="0" failures="0" file="payments/tests/utils/test_carsharing_payment_utils.py" name="payments.tests.utils.test_carsharing_payment_utils.TestCalculateShortTripFareCallsWithSnapshottedShortTripPricingEnabledFlag-20220725104819" skipped="0" tests="6" time="4.688" timestamp="2022-07-25T10:50:29">
	<testcase classname="payments.tests.utils.test_carsharing_payment_utils.TestCalculateShortTripFareCallsWithSnapshottedShortTripPricingEnabledFlag" file="payments/tests/utils/test_carsharing_payment_utils.py" line="4801" name="test_calculate_short_trip_fare_is_called_when_snapshotted_flag_is_missing_and_valid_short_trip_pricing_exists" time="0.745" timestamp="2022-07-25T10:50:25">
		<system-out>
<![CDATA[]]>		</system-out>
		<system-err>
<![CDATA[]]>		</system-err>
	</testcase>
	<testcase classname="payments.tests.utils.test_carsharing_payment_utils.TestCalculateShortTripFareCallsWithSnapshottedShortTripPricingEnabledFlag" file="payments/tests/utils/test_carsharing_payment_utils.py" line="4734" name="test_calculate_short_trip_fare_is_called_when_snapshotted_flag_is_true_and_valid_short_trip_pricing_exists" time="0.757" timestamp="2022-07-25T10:50:26">
		<system-out>
<![CDATA[]]>		</system-out>
		<system-err>
<![CDATA[]]>		</system-err>
	</testcase>
	<testcase classname="payments.tests.utils.test_carsharing_payment_utils.TestCalculateShortTripFareCallsWithSnapshottedShortTripPricingEnabledFlag" file="payments/tests/utils/test_carsharing_payment_utils.py" line="4780" name="test_calculate_short_trip_fare_is_not_called_when_snapshotted_flag_is_false" time="0.839" timestamp="2022-07-25T10:50:27">
		<system-out>
<![CDATA[]]>		</system-out>
		<system-err>
<![CDATA[]]>		</system-err>
	</testcase>
	<testcase classname="payments.tests.utils.test_carsharing_payment_utils.TestCalculateShortTripFareCallsWithSnapshottedShortTripPricingEnabledFlag" file="payments/tests/utils/test_carsharing_payment_utils.py" line="4857" name="test_calculate_short_trip_fare_is_not_called_when_snapshotted_flag_is_missing" time="0.780" timestamp="2022-07-25T10:50:27">
		<system-out>
<![CDATA[]]>		</system-out>
		<system-err>
<![CDATA[]]>		</system-err>
	</testcase>
	<testcase classname="payments.tests.utils.test_carsharing_payment_utils.TestCalculateShortTripFareCallsWithSnapshottedShortTripPricingEnabledFlag" file="payments/tests/utils/test_carsharing_payment_utils.py" line="4827" name="test_calculate_short_trip_fare_is_not_called_when_snapshotted_flag_is_missing_and_short_trip_pricing_is_invalid" time="0.789" timestamp="2022-07-25T10:50:28">
		<system-out>
<![CDATA[]]>		</system-out>
		<system-err>
<![CDATA[]]>		</system-err>
	</testcase>
	<testcase classname="payments.tests.utils.test_carsharing_payment_utils.TestCalculateShortTripFareCallsWithSnapshottedShortTripPricingEnabledFlag" file="payments/tests/utils/test_carsharing_payment_utils.py" line="4755" name="test_calculate_short_trip_fare_is_not_called_when_snapshotted_flag_is_true_but_short_trip_pricing_is_invalid" time="0.778" timestamp="2022-07-25T10:50:29">
		<system-out>
<![CDATA[]]>		</system-out>
		<system-err>
<![CDATA[]]>		</system-err>
	</testcase>
</testsuite>
