<?xml version="1.0" encoding="UTF-8"?>
<testsuite errors="0" failures="0" file="rentals/tests/apis/v3/test_scheduling.py" name="rentals.tests.apis.v3.test_scheduling.TestScheduledRentalRequestEndTimeUpdateAsServiceManager-20220725105046" skipped="0" tests="11" time="22.512" timestamp="2022-07-25T11:00:24">
	<testcase classname="rentals.tests.apis.v3.test_scheduling.TestScheduledRentalRequestEndTimeUpdateAsServiceManager" file="rentals/tests/apis/v3/test_scheduling.py" line="372" name="test_retry_conversion" time="0.784" timestamp="2022-07-25T11:00:02">
		<system-out>
<![CDATA[]]>		</system-out>
		<system-err>
<![CDATA[]]>		</system-err>
	</testcase>
	<testcase classname="rentals.tests.apis.v3.test_scheduling.TestScheduledRentalRequestEndTimeUpdateAsServiceManager" file="rentals/tests/apis/v3/test_scheduling.py" line="378" name="test_scheduled_rental_end_date_time_update" time="4.134" timestamp="2022-07-25T11:00:07">
		<system-out>
<![CDATA[]]>		</system-out>
		<system-err>
<![CDATA[]]>		</system-err>
	</testcase>
	<testcase classname="rentals.tests.apis.v3.test_scheduling.TestScheduledRentalRequestEndTimeUpdateAsServiceManager" file="rentals/tests/apis/v3/test_scheduling.py" line="312" name="test_scheduled_rental_request_update_before_conversion" time="1.271" timestamp="2022-07-25T11:00:08">
		<system-out>
<![CDATA[]]>		</system-out>
		<system-err>
<![CDATA[]]>		</system-err>
	</testcase>
	<testcase classname="rentals.tests.apis.v3.test_scheduling.TestScheduledRentalRequestEndTimeUpdateAsServiceManager" file="rentals/tests/apis/v3/test_scheduling.py" line="435" name="test_update_schedule_rental_end_time_greater_than_driving_license_expiry_date" time="1.462" timestamp="2022-07-25T11:00:09">
		<system-out>
<![CDATA[]]>		</system-out>
		<system-err>
<![CDATA[]]>		</system-err>
	</testcase>
	<testcase classname="rentals.tests.apis.v3.test_scheduling.TestScheduledRentalRequestEndTimeUpdateAsServiceManager" file="rentals/tests/apis/v3/test_scheduling.py" line="67" name="test_update_scheduled_rental_end_date_time_no_prior_hold" time="1.756" timestamp="2022-07-25T11:00:11">
		<system-out>
<![CDATA[]]>		</system-out>
		<system-err>
<![CDATA[]]>		</system-err>
	</testcase>
	<testcase classname="rentals.tests.apis.v3.test_scheduling.TestScheduledRentalRequestEndTimeUpdateAsServiceManager" file="rentals/tests/apis/v3/test_scheduling.py" line="217" name="test_update_scheduled_rental_end_date_time_processed_hold" time="2.991" timestamp="2022-07-25T11:00:14">
		<system-out>
<![CDATA[]]>		</system-out>
		<system-err>
<![CDATA[]]>		</system-err>
	</testcase>
	<testcase classname="rentals.tests.apis.v3.test_scheduling.TestScheduledRentalRequestEndTimeUpdateAsServiceManager" file="rentals/tests/apis/v3/test_scheduling.py" line="337" name="test_update_scheduled_rental_end_date_time_processed_hold_free_extension" time="1.707" timestamp="2022-07-25T11:00:16">
		<system-out>
<![CDATA[]]>		</system-out>
		<system-err>
<![CDATA[]]>		</system-err>
	</testcase>
	<testcase classname="rentals.tests.apis.v3.test_scheduling.TestScheduledRentalRequestEndTimeUpdateAsServiceManager" file="rentals/tests/apis/v3/test_scheduling.py" line="129" name="test_update_scheduled_rental_end_date_time_uncaptured_hold" time="2.381" timestamp="2022-07-25T11:00:18">
		<system-out>
<![CDATA[]]>		</system-out>
		<system-err>
<![CDATA[]]>		</system-err>
	</testcase>
	<testcase classname="rentals.tests.apis.v3.test_scheduling.TestScheduledRentalRequestEndTimeUpdateAsServiceManager" file="rentals/tests/apis/v3/test_scheduling.py" line="280" name="test_update_scheduled_rental_end_date_time_uncaptured_hold_free_extension" time="1.744" timestamp="2022-07-25T11:00:20">
		<system-out>
<![CDATA[]]>		</system-out>
		<system-err>
<![CDATA[]]>		</system-err>
	</testcase>
	<testcase classname="rentals.tests.apis.v3.test_scheduling.TestScheduledRentalRequestEndTimeUpdateAsServiceManager" file="rentals/tests/apis/v3/test_scheduling.py" line="173" name="test_update_scheduled_rental_end_date_time_uncaptured_hold_no_rental" time="1.690" timestamp="2022-07-25T11:00:22">
		<system-out>
<![CDATA[]]>		</system-out>
		<system-err>
<![CDATA[]]>		</system-err>
	</testcase>
	<testcase classname="rentals.tests.apis.v3.test_scheduling.TestScheduledRentalRequestEndTimeUpdateAsServiceManager" file="rentals/tests/apis/v3/test_scheduling.py" line="104" name="test_update_scheduled_rental_same_end_date_time_uncaptured_hold" time="2.591" timestamp="2022-07-25T11:00:24">
		<system-out>
<![CDATA[]]>		</system-out>
		<system-err>
<![CDATA[]]>		</system-err>
	</testcase>
</testsuite>
