<?xml version="1.0" encoding="UTF-8"?>
<testsuite errors="0" failures="0" file="trips/tests/models/test_trips.py" name="trips.tests.models.test_trips.TestTripRatingsAsCustomer-20220725104545" skipped="0" tests="4" time="2.434" timestamp="2022-07-25T10:49:51">
	<testcase classname="trips.tests.models.test_trips.TestTripRatingsAsCustomer" file="trips/tests/models/test_trips.py" line="503" name="test_get_trip_with_ratings" time="0.737" timestamp="2022-07-25T10:49:49">
		<system-out>
<![CDATA[]]>		</system-out>
		<system-err>
<![CDATA[]]>		</system-err>
	</testcase>
	<testcase classname="trips.tests.models.test_trips.TestTripRatingsAsCustomer" file="trips/tests/models/test_trips.py" line="481" name="test_post_ratings_to_trip" time="0.577" timestamp="2022-07-25T10:49:50">
		<system-out>
<![CDATA[]]>		</system-out>
		<system-err>
<![CDATA[]]>		</system-err>
	</testcase>
	<testcase classname="trips.tests.models.test_trips.TestTripRatingsAsCustomer" file="trips/tests/models/test_trips.py" line="489" name="test_post_ratings_to_trip_with_empty_reasons" time="0.576" timestamp="2022-07-25T10:49:50">
		<system-out>
<![CDATA[]]>		</system-out>
		<system-err>
<![CDATA[]]>		</system-err>
	</testcase>
	<testcase classname="trips.tests.models.test_trips.TestTripRatingsAsCustomer" file="trips/tests/models/test_trips.py" line="497" name="test_post_ratings_with_no_response_field" time="0.545" timestamp="2022-07-25T10:49:51">
		<system-out>
<![CDATA[]]>		</system-out>
		<system-err>
<![CDATA[]]>		</system-err>
	</testcase>
</testsuite>
