<?xml version="1.0" encoding="UTF-8"?>
<testsuite errors="0" failures="0" file="payments/tests/utils/test_payment_utils.py" name="payments.tests.utils.test_payment_utils.TestFareCalculation-20220725104819" skipped="0" tests="5" time="4.282" timestamp="2022-07-25T10:52:13">
	<testcase classname="payments.tests.utils.test_payment_utils.TestFareCalculation" file="payments/tests/utils/test_payment_utils.py" line="541" name="test_create_hold_payment" time="0.637" timestamp="2022-07-25T10:52:09">
		<system-out>
<![CDATA[]]>		</system-out>
		<system-err>
<![CDATA[]]>		</system-err>
	</testcase>
	<testcase classname="payments.tests.utils.test_payment_utils.TestFareCalculation" file="payments/tests/utils/test_payment_utils.py" line="447" name="test_fare_calculation" time="0.377" timestamp="2022-07-25T10:52:09">
		<system-out>
<![CDATA[]]>		</system-out>
		<system-err>
<![CDATA[]]>		</system-err>
	</testcase>
	<testcase classname="payments.tests.utils.test_payment_utils.TestFareCalculation" file="payments/tests/utils/test_payment_utils.py" line="489" name="test_fare_calculation_in_meters" time="0.765" timestamp="2022-07-25T10:52:10">
		<system-out>
<![CDATA[ERROR: CannotOverwriteExistingCassetteException: (37.781171, -122.396364, '') not found in mock reverse_geocode data
(See https://ridecell.atlassian.net/wiki/spaces/EN/pages/185040970/How+to+Fix+CannotOverwriteExistingCassetteException)
ERROR: CannotOverwriteExistingCassetteException: (37.773049, -122.410443, '') not found in mock reverse_geocode data
(See https://ridecell.atlassian.net/wiki/spaces/EN/pages/185040970/How+to+Fix+CannotOverwriteExistingCassetteException)
ERROR: CannotOverwriteExistingCassetteException: (37.781171, -122.396364, '') not found in mock reverse_geocode data
(See https://ridecell.atlassian.net/wiki/spaces/EN/pages/185040970/How+to+Fix+CannotOverwriteExistingCassetteException)
ERROR: CannotOverwriteExistingCassetteException: (37.773049, -122.410443, '') not found in mock reverse_geocode data
(See https://ridecell.atlassian.net/wiki/spaces/EN/pages/185040970/How+to+Fix+CannotOverwriteExistingCassetteException)
]]>		</system-out>
		<system-err>
<![CDATA[]]>		</system-err>
	</testcase>
	<testcase classname="payments.tests.utils.test_payment_utils.TestFareCalculation" file="payments/tests/utils/test_payment_utils.py" line="468" name="test_fare_calculation_with_snapshots" time="0.956" timestamp="2022-07-25T10:52:11">
		<system-out>
<![CDATA[ERROR: CannotOverwriteExistingCassetteException: (37.781171, -122.396364, '') not found in mock reverse_geocode data
(See https://ridecell.atlassian.net/wiki/spaces/EN/pages/185040970/How+to+Fix+CannotOverwriteExistingCassetteException)
ERROR: CannotOverwriteExistingCassetteException: (37.773049, -122.410443, '') not found in mock reverse_geocode data
(See https://ridecell.atlassian.net/wiki/spaces/EN/pages/185040970/How+to+Fix+CannotOverwriteExistingCassetteException)
ERROR: CannotOverwriteExistingCassetteException: (37.781171, -122.396364, '') not found in mock reverse_geocode data
(See https://ridecell.atlassian.net/wiki/spaces/EN/pages/185040970/How+to+Fix+CannotOverwriteExistingCassetteException)
ERROR: CannotOverwriteExistingCassetteException: (37.773049, -122.410443, '') not found in mock reverse_geocode data
(See https://ridecell.atlassian.net/wiki/spaces/EN/pages/185040970/How+to+Fix+CannotOverwriteExistingCassetteException)
]]>		</system-out>
		<system-err>
<![CDATA[]]>		</system-err>
	</testcase>
	<testcase classname="payments.tests.utils.test_payment_utils.TestFareCalculation" file="payments/tests/utils/test_payment_utils.py" line="509" name="test_fare_payment" time="1.547" timestamp="2022-07-25T10:52:13">
		<system-out>
<![CDATA[ERROR: CannotOverwriteExistingCassetteException: (37.781171, -122.396364, '') not found in mock reverse_geocode data
(See https://ridecell.atlassian.net/wiki/spaces/EN/pages/185040970/How+to+Fix+CannotOverwriteExistingCassetteException)
ERROR: CannotOverwriteExistingCassetteException: (37.773049, -122.410443, '') not found in mock reverse_geocode data
(See https://ridecell.atlassian.net/wiki/spaces/EN/pages/185040970/How+to+Fix+CannotOverwriteExistingCassetteException)
ERROR: CannotOverwriteExistingCassetteException: (37.781171, -122.396364, '') not found in mock reverse_geocode data
(See https://ridecell.atlassian.net/wiki/spaces/EN/pages/185040970/How+to+Fix+CannotOverwriteExistingCassetteException)
ERROR: CannotOverwriteExistingCassetteException: (37.773049, -122.410443, '') not found in mock reverse_geocode data
(See https://ridecell.atlassian.net/wiki/spaces/EN/pages/185040970/How+to+Fix+CannotOverwriteExistingCassetteException)
]]>		</system-out>
		<system-err>
<![CDATA[]]>		</system-err>
	</testcase>
</testsuite>
