<?xml version="1.0" encoding="UTF-8"?>
<testsuite errors="0" failures="0" file="users/tests/tasks/test_user_activities.py" name="users.tests.tasks.test_user_activities.TestSendEmailRetry-20220725104622" skipped="0" tests="1" time="0.163" timestamp="2022-07-25T10:47:57">
	<testcase classname="users.tests.tasks.test_user_activities.TestSendEmailRetry" file="users/tests/tasks/test_user_activities.py" line="70" name="test_send_email_retry" time="0.163" timestamp="2022-07-25T10:47:57">
		<system-out>
<![CDATA[]]>		</system-out>
		<system-err>
<![CDATA[]]>		</system-err>
	</testcase>
</testsuite>
