<?xml version="1.0" encoding="UTF-8"?>
<testsuite errors="0" failures="0" file="rentals/tests/apis/v3/test_availability.py" name="rentals.tests.apis.v3.test_availability.TestStationAvailabilityAPIForModifyingSRR-20220725104819" skipped="0" tests="6" time="1.386" timestamp="2022-07-25T11:03:45">
	<testcase classname="rentals.tests.apis.v3.test_availability.TestStationAvailabilityAPIForModifyingSRR" file="rentals/tests/apis/v3/test_availability.py" line="703" name="test_customer_sees_no_end_times_with_earlier_srr_end_date" time="0.258" timestamp="2022-07-25T11:03:43">
		<system-out>
<![CDATA[]]>		</system-out>
		<system-err>
<![CDATA[]]>		</system-err>
	</testcase>
	<testcase classname="rentals.tests.apis.v3.test_availability.TestStationAvailabilityAPIForModifyingSRR" file="rentals/tests/apis/v3/test_availability.py" line="688" name="test_customer_sees_only_end_dates_after_existing_srr_end_date" time="0.206" timestamp="2022-07-25T11:03:44">
		<system-out>
<![CDATA[]]>		</system-out>
		<system-err>
<![CDATA[]]>		</system-err>
	</testcase>
	<testcase classname="rentals.tests.apis.v3.test_availability.TestStationAvailabilityAPIForModifyingSRR" file="rentals/tests/apis/v3/test_availability.py" line="731" name="test_customer_sees_only_future_end_times_with_later_srr_end_date" time="0.203" timestamp="2022-07-25T11:03:44">
		<system-out>
<![CDATA[]]>		</system-out>
		<system-err>
<![CDATA[]]>		</system-err>
	</testcase>
	<testcase classname="rentals.tests.apis.v3.test_availability.TestStationAvailabilityAPIForModifyingSRR" file="rentals/tests/apis/v3/test_availability.py" line="715" name="test_customer_sees_only_future_end_times_with_same_srr_end_date" time="0.206" timestamp="2022-07-25T11:03:44">
		<system-out>
<![CDATA[]]>		</system-out>
		<system-err>
<![CDATA[]]>		</system-err>
	</testcase>
	<testcase classname="rentals.tests.apis.v3.test_availability.TestStationAvailabilityAPIForModifyingSRR" file="rentals/tests/apis/v3/test_availability.py" line="747" name="test_dispatcher_sees_all_end_dates_with_earlier_srr_end_date" time="0.261" timestamp="2022-07-25T11:03:44">
		<system-out>
<![CDATA[]]>		</system-out>
		<system-err>
<![CDATA[]]>		</system-err>
	</testcase>
	<testcase classname="rentals.tests.apis.v3.test_availability.TestStationAvailabilityAPIForModifyingSRR" file="rentals/tests/apis/v3/test_availability.py" line="760" name="test_dispatcher_sees_all_end_times_with_earlier_srr_end_date" time="0.252" timestamp="2022-07-25T11:03:45">
		<system-out>
<![CDATA[]]>		</system-out>
		<system-err>
<![CDATA[]]>		</system-err>
	</testcase>
</testsuite>
