<?xml version="1.0" encoding="UTF-8"?>
<testsuite errors="0" failures="0" file="users/tests/apis/test_drivers.py" name="users.tests.apis.test_drivers.TestDriverViewSetAsManager-20220725104545" skipped="0" tests="4" time="4.171" timestamp="2022-07-25T10:55:50">
	<testcase classname="users.tests.apis.test_drivers.TestDriverViewSetAsManager" file="users/tests/apis/test_drivers.py" line="848" name="test_driver_paused" time="0.908" timestamp="2022-07-25T10:55:47">
		<system-out>
<![CDATA[]]>		</system-out>
		<system-err>
<![CDATA[]]>		</system-err>
	</testcase>
	<testcase classname="users.tests.apis.test_drivers.TestDriverViewSetAsManager" file="users/tests/apis/test_drivers.py" line="826" name="test_update_mixed_permissions" time="1.400" timestamp="2022-07-25T10:55:48">
		<system-out>
<![CDATA[]]>		</system-out>
		<system-err>
<![CDATA[]]>		</system-err>
	</testcase>
	<testcase classname="users.tests.apis.test_drivers.TestDriverViewSetAsManager" file="users/tests/apis/test_drivers.py" line="815" name="test_update_with_permission" time="0.925" timestamp="2022-07-25T10:55:49">
		<system-out>
<![CDATA[]]>		</system-out>
		<system-err>
<![CDATA[]]>		</system-err>
	</testcase>
	<testcase classname="users.tests.apis.test_drivers.TestDriverViewSetAsManager" file="users/tests/apis/test_drivers.py" line="805" name="test_update_without_permission" time="0.937" timestamp="2022-07-25T10:55:50">
		<system-out>
<![CDATA[]]>		</system-out>
		<system-err>
<![CDATA[]]>		</system-err>
	</testcase>
</testsuite>
