<?xml version="1.0" encoding="UTF-8"?>
<testsuite errors="0" failures="0" file="driver_scheduling/tests/models/test_slots.py" name="driver_scheduling.tests.models.test_slots.TestScheduledTripRequestSlots-20220725104740" skipped="0" tests="13" time="3.724" timestamp="2022-07-25T10:56:19">
	<testcase classname="driver_scheduling.tests.models.test_slots.TestScheduledTripRequestSlots" file="driver_scheduling/tests/models/test_slots.py" line="20" name="test_quantize_time" time="0.024" timestamp="2022-07-25T10:56:15">
		<system-out>
<![CDATA[]]>		</system-out>
		<system-err>
<![CDATA[]]>		</system-err>
	</testcase>
	<testcase classname="driver_scheduling.tests.models.test_slots.TestScheduledTripRequestSlots" file="driver_scheduling/tests/models/test_slots.py" line="335" name="test_slot_borders_end" time="0.294" timestamp="2022-07-25T10:56:16">
		<system-out>
<![CDATA[]]>		</system-out>
		<system-err>
<![CDATA[]]>		</system-err>
	</testcase>
	<testcase classname="driver_scheduling.tests.models.test_slots.TestScheduledTripRequestSlots" file="driver_scheduling/tests/models/test_slots.py" line="327" name="test_slot_borders_start" time="0.299" timestamp="2022-07-25T10:56:16">
		<system-out>
<![CDATA[]]>		</system-out>
		<system-err>
<![CDATA[]]>		</system-err>
	</testcase>
	<testcase classname="driver_scheduling.tests.models.test_slots.TestScheduledTripRequestSlots" file="driver_scheduling/tests/models/test_slots.py" line="41" name="test_slot_create_duration_not_mod_5" time="0.307" timestamp="2022-07-25T10:56:16">
		<system-out>
<![CDATA[]]>		</system-out>
		<system-err>
<![CDATA[]]>		</system-err>
	</testcase>
	<testcase classname="driver_scheduling.tests.models.test_slots.TestScheduledTripRequestSlots" file="driver_scheduling/tests/models/test_slots.py" line="48" name="test_slot_create_off_minute_start" time="0.285" timestamp="2022-07-25T10:56:17">
		<system-out>
<![CDATA[]]>		</system-out>
		<system-err>
<![CDATA[]]>		</system-err>
	</testcase>
	<testcase classname="driver_scheduling.tests.models.test_slots.TestScheduledTripRequestSlots" file="driver_scheduling/tests/models/test_slots.py" line="26" name="test_slot_create_too_short" time="0.292" timestamp="2022-07-25T10:56:17">
		<system-out>
<![CDATA[]]>		</system-out>
		<system-err>
<![CDATA[]]>		</system-err>
	</testcase>
	<testcase classname="driver_scheduling.tests.models.test_slots.TestScheduledTripRequestSlots" file="driver_scheduling/tests/models/test_slots.py" line="296" name="test_slot_overlaps_contains" time="0.290" timestamp="2022-07-25T10:56:17">
		<system-out>
<![CDATA[]]>		</system-out>
		<system-err>
<![CDATA[]]>		</system-err>
	</testcase>
	<testcase classname="driver_scheduling.tests.models.test_slots.TestScheduledTripRequestSlots" file="driver_scheduling/tests/models/test_slots.py" line="267" name="test_slot_overlaps_different_service" time="0.500" timestamp="2022-07-25T10:56:18">
		<system-out>
<![CDATA[]]>		</system-out>
		<system-err>
<![CDATA[]]>		</system-err>
	</testcase>
	<testcase classname="driver_scheduling.tests.models.test_slots.TestScheduledTripRequestSlots" file="driver_scheduling/tests/models/test_slots.py" line="318" name="test_slot_overlaps_equal" time="0.283" timestamp="2022-07-25T10:56:18">
		<system-out>
<![CDATA[]]>		</system-out>
		<system-err>
<![CDATA[]]>		</system-err>
	</testcase>
	<testcase classname="driver_scheduling.tests.models.test_slots.TestScheduledTripRequestSlots" file="driver_scheduling/tests/models/test_slots.py" line="307" name="test_slot_overlaps_is_contained" time="0.293" timestamp="2022-07-25T10:56:18">
		<system-out>
<![CDATA[]]>		</system-out>
		<system-err>
<![CDATA[]]>		</system-err>
	</testcase>
	<testcase classname="driver_scheduling.tests.models.test_slots.TestScheduledTripRequestSlots" file="driver_scheduling/tests/models/test_slots.py" line="274" name="test_slot_overlaps_same_service_after" time="0.296" timestamp="2022-07-25T10:56:19">
		<system-out>
<![CDATA[]]>		</system-out>
		<system-err>
<![CDATA[]]>		</system-err>
	</testcase>
	<testcase classname="driver_scheduling.tests.models.test_slots.TestScheduledTripRequestSlots" file="driver_scheduling/tests/models/test_slots.py" line="285" name="test_slot_overlaps_same_service_before" time="0.277" timestamp="2022-07-25T10:56:19">
		<system-out>
<![CDATA[]]>		</system-out>
		<system-err>
<![CDATA[]]>		</system-err>
	</testcase>
	<testcase classname="driver_scheduling.tests.models.test_slots.TestScheduledTripRequestSlots" file="driver_scheduling/tests/models/test_slots.py" line="262" name="test_slot_properties" time="0.284" timestamp="2022-07-25T10:56:19">
		<system-out>
<![CDATA[]]>		</system-out>
		<system-err>
<![CDATA[]]>		</system-err>
	</testcase>
</testsuite>
