<?xml version="1.0" encoding="UTF-8"?>
<testsuite errors="0" failures="0" file="trips/tests/models/test_scheduled_trip_requests.py" name="trips.tests.models.test_scheduled_trip_requests.TestScheduledTripRequestStatus-20220725104545" skipped="0" tests="3" time="0.098" timestamp="2022-07-25T10:49:36">
	<testcase classname="trips.tests.models.test_scheduled_trip_requests.TestScheduledTripRequestStatus" file="trips/tests/models/test_scheduled_trip_requests.py" line="194" name="test_queryset_with_status_and_filter" time="0.039" timestamp="2022-07-25T10:49:36">
		<system-out>
<![CDATA[]]>		</system-out>
		<system-err>
<![CDATA[]]>		</system-err>
	</testcase>
	<testcase classname="trips.tests.models.test_scheduled_trip_requests.TestScheduledTripRequestStatus" file="trips/tests/models/test_scheduled_trip_requests.py" line="199" name="test_queryset_with_status_arg" time="0.036" timestamp="2022-07-25T10:49:36">
		<system-out>
<![CDATA[]]>		</system-out>
		<system-err>
<![CDATA[]]>		</system-err>
	</testcase>
	<testcase classname="trips.tests.models.test_scheduled_trip_requests.TestScheduledTripRequestStatus" file="trips/tests/models/test_scheduled_trip_requests.py" line="190" name="test_statuses" time="0.023" timestamp="2022-07-25T10:49:36">
		<system-out>
<![CDATA[]]>		</system-out>
		<system-err>
<![CDATA[]]>		</system-err>
	</testcase>
</testsuite>
