<?xml version="1.0" encoding="UTF-8"?>
<testsuite errors="0" failures="0" file="promotions/tests/serializers/test_service_based_access_control.py" name="promotions.tests.serializers.test_service_based_access_control.TestPromotionsEditAccessForStaff-20220725104819" skipped="0" tests="3" time="0.496" timestamp="2022-07-25T10:59:08">
	<testcase classname="promotions.tests.serializers.test_service_based_access_control.TestPromotionsEditAccessForStaff" file="promotions/tests/serializers/test_service_based_access_control.py" line="192" name="test_staff_member_that_doesnt_have_access_to_a_promotions_services_cannot_even_see_promotion" time="0.165" timestamp="2022-07-25T10:59:07">
		<system-out>
<![CDATA[]]>		</system-out>
		<system-err>
<![CDATA[]]>		</system-err>
	</testcase>
	<testcase classname="promotions.tests.serializers.test_service_based_access_control.TestPromotionsEditAccessForStaff" file="promotions/tests/serializers/test_service_based_access_control.py" line="178" name="test_staff_member_that_has_access_to_all_services_can_edit_promotion" time="0.159" timestamp="2022-07-25T10:59:07">
		<system-out>
<![CDATA[]]>		</system-out>
		<system-err>
<![CDATA[]]>		</system-err>
	</testcase>
	<testcase classname="promotions.tests.serializers.test_service_based_access_control.TestPromotionsEditAccessForStaff" file="promotions/tests/serializers/test_service_based_access_control.py" line="165" name="test_staff_member_that_has_access_to_some_services_can_edit_promotion" time="0.172" timestamp="2022-07-25T10:59:08">
		<system-out>
<![CDATA[]]>		</system-out>
		<system-err>
<![CDATA[]]>		</system-err>
	</testcase>
</testsuite>
