<?xml version="1.0" encoding="UTF-8"?>
<testsuite errors="0" failures="0" file="service_regions/tests/test_tasks.py" name="service_regions.tests.test_tasks.ServiceRegionTasksTestCase-20220725105046" skipped="0" tests="1" time="0.359" timestamp="2022-07-25T11:09:58">
	<testcase classname="service_regions.tests.test_tasks.ServiceRegionTasksTestCase" file="service_regions/tests/test_tasks.py" line="14" name="test_calendar_creation_task" time="0.359" timestamp="2022-07-25T11:09:58">
		<system-out>
<![CDATA[]]>		</system-out>
		<system-err>
<![CDATA[]]>		</system-err>
	</testcase>
</testsuite>
