<?xml version="1.0" encoding="UTF-8"?>
<testsuite errors="0" failures="0" file="users/tests/apis/test_customers.py" name="users.tests.apis.test_customers.TestDispatcherFilterCustomers-20220725104545" skipped="0" tests="1" time="2.025" timestamp="2022-07-25T10:54:16">
	<testcase classname="users.tests.apis.test_customers.TestDispatcherFilterCustomers" file="users/tests/apis/test_customers.py" line="1496" name="test_filter_all_customers_by_valid_cc" time="2.025" timestamp="2022-07-25T10:54:16">
		<system-out>
<![CDATA[]]>		</system-out>
		<system-err>
<![CDATA[]]>		</system-err>
	</testcase>
</testsuite>
