<?xml version="1.0" encoding="UTF-8"?>
<testsuite errors="0" failures="0" file="vehicles/tests/apis/v3/test_vehicle_tags.py" name="vehicles.tests.apis.v3.test_vehicle_tags.TestVehicleTagAPI-20220725104622" skipped="0" tests="2" time="0.584" timestamp="2022-07-25T11:03:07">
	<testcase classname="vehicles.tests.apis.v3.test_vehicle_tags.TestVehicleTagAPI" file="vehicles/tests/apis/v3/test_vehicle_tags.py" line="40" name="test_add_vehicle_tag" time="0.303" timestamp="2022-07-25T11:03:07">
		<system-out>
<![CDATA[]]>		</system-out>
		<system-err>
<![CDATA[]]>		</system-err>
	</testcase>
	<testcase classname="vehicles.tests.apis.v3.test_vehicle_tags.TestVehicleTagAPI" file="vehicles/tests/apis/v3/test_vehicle_tags.py" line="14" name="test_vehicle_tag" time="0.281" timestamp="2022-07-25T11:03:07">
		<system-out>
<![CDATA[]]>		</system-out>
		<system-err>
<![CDATA[]]>		</system-err>
	</testcase>
</testsuite>
