<?xml version="1.0" encoding="UTF-8"?>
<testsuite errors="0" failures="0" file="trips/tests/apis/test_scheduled_trip_requests.py" name="trips.tests.apis.test_scheduled_trip_requests.TestScheduledTripStatusFilter-20220725104713" skipped="0" tests="3" time="1.579" timestamp="2022-07-25T11:01:23">
	<testcase classname="trips.tests.apis.test_scheduled_trip_requests.TestScheduledTripStatusFilter" file="trips/tests/apis/test_scheduled_trip_requests.py" line="3391" name="test_get_list_returns_all" time="0.611" timestamp="2022-07-25T11:01:22">
		<system-out>
<![CDATA[]]>		</system-out>
		<system-err>
<![CDATA[]]>		</system-err>
	</testcase>
	<testcase classname="trips.tests.apis.test_scheduled_trip_requests.TestScheduledTripStatusFilter" file="trips/tests/apis/test_scheduled_trip_requests.py" line="3399" name="test_status_filter" time="0.362" timestamp="2022-07-25T11:01:22">
		<system-out>
<![CDATA[]]>		</system-out>
		<system-err>
<![CDATA[]]>		</system-err>
	</testcase>
	<testcase classname="trips.tests.apis.test_scheduled_trip_requests.TestScheduledTripStatusFilter" file="trips/tests/apis/test_scheduled_trip_requests.py" line="3405" name="test_status_filter_with_other_params" time="0.606" timestamp="2022-07-25T11:01:23">
		<system-out>
<![CDATA[]]>		</system-out>
		<system-err>
<![CDATA[]]>		</system-err>
	</testcase>
</testsuite>
