<?xml version="1.0" encoding="UTF-8"?>
<testsuite errors="0" failures="0" file="locations/tests/serializers/test_locations.py" name="locations.tests.serializers.test_locations.TestLocationValidation-20220725104740" skipped="0" tests="9" time="1.955" timestamp="2022-07-25T11:02:40">
	<testcase classname="locations.tests.serializers.test_locations.TestLocationValidation" file="locations/tests/serializers/test_locations.py" line="39" name="test_get_location_lat_lng" time="0.230" timestamp="2022-07-25T11:02:38">
		<system-out>
<![CDATA[]]>		</system-out>
		<system-err>
<![CDATA[]]>		</system-err>
	</testcase>
	<testcase classname="locations.tests.serializers.test_locations.TestLocationValidation" file="locations/tests/serializers/test_locations.py" line="61" name="test_valid_location" time="0.204" timestamp="2022-07-25T11:02:39">
		<system-out>
<![CDATA[]]>		</system-out>
		<system-err>
<![CDATA[]]>		</system-err>
	</testcase>
	<testcase classname="locations.tests.serializers.test_locations.TestLocationValidation" file="locations/tests/serializers/test_locations.py" line="207" name="test_validate_end_location_optimized_matching_start" time="0.222" timestamp="2022-07-25T11:02:39">
		<system-out>
<![CDATA[]]>		</system-out>
		<system-err>
<![CDATA[]]>		</system-err>
	</testcase>
	<testcase classname="locations.tests.serializers.test_locations.TestLocationValidation" file="locations/tests/serializers/test_locations.py" line="178" name="test_validate_end_location_optimized_stops_restricted" time="0.221" timestamp="2022-07-25T11:02:39">
		<system-out>
<![CDATA[]]>		</system-out>
		<system-err>
<![CDATA[]]>		</system-err>
	</testcase>
	<testcase classname="locations.tests.serializers.test_locations.TestLocationValidation" file="locations/tests/serializers/test_locations.py" line="73" name="test_validate_start_location_existing" time="0.200" timestamp="2022-07-25T11:02:39">
		<system-out>
<![CDATA[]]>		</system-out>
		<system-err>
<![CDATA[]]>		</system-err>
	</testcase>
	<testcase classname="locations.tests.serializers.test_locations.TestLocationValidation" file="locations/tests/serializers/test_locations.py" line="91" name="test_validate_start_location_matching" time="0.221" timestamp="2022-07-25T11:02:40">
		<system-out>
<![CDATA[]]>		</system-out>
		<system-err>
<![CDATA[]]>		</system-err>
	</testcase>
	<testcase classname="locations.tests.serializers.test_locations.TestLocationValidation" file="locations/tests/serializers/test_locations.py" line="113" name="test_validate_start_location_new" time="0.213" timestamp="2022-07-25T11:02:40">
		<system-out>
<![CDATA[]]>		</system-out>
		<system-err>
<![CDATA[]]>		</system-err>
	</testcase>
	<testcase classname="locations.tests.serializers.test_locations.TestLocationValidation" file="locations/tests/serializers/test_locations.py" line="127" name="test_validate_start_location_optimized_stops" time="0.229" timestamp="2022-07-25T11:02:40">
		<system-out>
<![CDATA[]]>		</system-out>
		<system-err>
<![CDATA[]]>		</system-err>
	</testcase>
	<testcase classname="locations.tests.serializers.test_locations.TestLocationValidation" file="locations/tests/serializers/test_locations.py" line="152" name="test_validate_start_location_optimized_stops_restricted" time="0.216" timestamp="2022-07-25T11:02:40">
		<system-out>
<![CDATA[]]>		</system-out>
		<system-err>
<![CDATA[]]>		</system-err>
	</testcase>
</testsuite>
