<?xml version="1.0" encoding="UTF-8"?>
<testsuite errors="0" failures="0" file="rentals/tests/apis/v3/test_scheduling.py" name="rentals.tests.apis.v3.test_scheduling.TestScheduledRentalRequestEndTimeUpdateAsDispatcher-20220725105046" skipped="0" tests="12" time="20.477" timestamp="2022-07-25T11:00:01">
	<testcase classname="rentals.tests.apis.v3.test_scheduling.TestScheduledRentalRequestEndTimeUpdateAsDispatcher" file="rentals/tests/apis/v3/test_scheduling.py" line="372" name="test_retry_conversion" time="0.512" timestamp="2022-07-25T10:59:40">
		<system-out>
<![CDATA[]]>		</system-out>
		<system-err>
<![CDATA[]]>		</system-err>
	</testcase>
	<testcase classname="rentals.tests.apis.v3.test_scheduling.TestScheduledRentalRequestEndTimeUpdateAsDispatcher" file="rentals/tests/apis/v3/test_scheduling.py" line="378" name="test_scheduled_rental_end_date_time_update" time="2.759" timestamp="2022-07-25T10:59:43">
		<system-out>
<![CDATA[]]>		</system-out>
		<system-err>
<![CDATA[]]>		</system-err>
	</testcase>
	<testcase classname="rentals.tests.apis.v3.test_scheduling.TestScheduledRentalRequestEndTimeUpdateAsDispatcher" file="rentals/tests/apis/v3/test_scheduling.py" line="413" name="test_scheduled_rental_end_date_time_update_with_invalid_card" time="1.272" timestamp="2022-07-25T10:59:45">
		<system-out>
<![CDATA[]]>		</system-out>
		<system-err>
<![CDATA[]]>		</system-err>
	</testcase>
	<testcase classname="rentals.tests.apis.v3.test_scheduling.TestScheduledRentalRequestEndTimeUpdateAsDispatcher" file="rentals/tests/apis/v3/test_scheduling.py" line="312" name="test_scheduled_rental_request_update_before_conversion" time="2.063" timestamp="2022-07-25T10:59:47">
		<system-out>
<![CDATA[]]>		</system-out>
		<system-err>
<![CDATA[]]>		</system-err>
	</testcase>
	<testcase classname="rentals.tests.apis.v3.test_scheduling.TestScheduledRentalRequestEndTimeUpdateAsDispatcher" file="rentals/tests/apis/v3/test_scheduling.py" line="435" name="test_update_schedule_rental_end_time_greater_than_driving_license_expiry_date" time="1.293" timestamp="2022-07-25T10:59:48">
		<system-out>
<![CDATA[]]>		</system-out>
		<system-err>
<![CDATA[]]>		</system-err>
	</testcase>
	<testcase classname="rentals.tests.apis.v3.test_scheduling.TestScheduledRentalRequestEndTimeUpdateAsDispatcher" file="rentals/tests/apis/v3/test_scheduling.py" line="67" name="test_update_scheduled_rental_end_date_time_no_prior_hold" time="1.641" timestamp="2022-07-25T10:59:50">
		<system-out>
<![CDATA[]]>		</system-out>
		<system-err>
<![CDATA[]]>		</system-err>
	</testcase>
	<testcase classname="rentals.tests.apis.v3.test_scheduling.TestScheduledRentalRequestEndTimeUpdateAsDispatcher" file="rentals/tests/apis/v3/test_scheduling.py" line="217" name="test_update_scheduled_rental_end_date_time_processed_hold" time="2.874" timestamp="2022-07-25T10:59:52">
		<system-out>
<![CDATA[]]>		</system-out>
		<system-err>
<![CDATA[]]>		</system-err>
	</testcase>
	<testcase classname="rentals.tests.apis.v3.test_scheduling.TestScheduledRentalRequestEndTimeUpdateAsDispatcher" file="rentals/tests/apis/v3/test_scheduling.py" line="337" name="test_update_scheduled_rental_end_date_time_processed_hold_free_extension" time="1.558" timestamp="2022-07-25T10:59:54">
		<system-out>
<![CDATA[]]>		</system-out>
		<system-err>
<![CDATA[]]>		</system-err>
	</testcase>
	<testcase classname="rentals.tests.apis.v3.test_scheduling.TestScheduledRentalRequestEndTimeUpdateAsDispatcher" file="rentals/tests/apis/v3/test_scheduling.py" line="129" name="test_update_scheduled_rental_end_date_time_uncaptured_hold" time="2.310" timestamp="2022-07-25T10:59:56">
		<system-out>
<![CDATA[]]>		</system-out>
		<system-err>
<![CDATA[]]>		</system-err>
	</testcase>
	<testcase classname="rentals.tests.apis.v3.test_scheduling.TestScheduledRentalRequestEndTimeUpdateAsDispatcher" file="rentals/tests/apis/v3/test_scheduling.py" line="280" name="test_update_scheduled_rental_end_date_time_uncaptured_hold_free_extension" time="1.400" timestamp="2022-07-25T10:59:58">
		<system-out>
<![CDATA[]]>		</system-out>
		<system-err>
<![CDATA[]]>		</system-err>
	</testcase>
	<testcase classname="rentals.tests.apis.v3.test_scheduling.TestScheduledRentalRequestEndTimeUpdateAsDispatcher" file="rentals/tests/apis/v3/test_scheduling.py" line="173" name="test_update_scheduled_rental_end_date_time_uncaptured_hold_no_rental" time="1.516" timestamp="2022-07-25T10:59:59">
		<system-out>
<![CDATA[]]>		</system-out>
		<system-err>
<![CDATA[]]>		</system-err>
	</testcase>
	<testcase classname="rentals.tests.apis.v3.test_scheduling.TestScheduledRentalRequestEndTimeUpdateAsDispatcher" file="rentals/tests/apis/v3/test_scheduling.py" line="104" name="test_update_scheduled_rental_same_end_date_time_uncaptured_hold" time="1.278" timestamp="2022-07-25T11:00:01">
		<system-out>
<![CDATA[]]>		</system-out>
		<system-err>
<![CDATA[]]>		</system-err>
	</testcase>
</testsuite>
