<?xml version="1.0" encoding="UTF-8"?>
<testsuite errors="0" failures="0" file="users/tests/apis/test_dispatch_drivers.py" name="users.tests.apis.test_dispatch_drivers.TestDriverCreation-20220725104545" skipped="0" tests="17" time="15.640" timestamp="2022-07-25T10:54:48">
	<testcase classname="users.tests.apis.test_dispatch_drivers.TestDriverCreation" file="users/tests/apis/test_dispatch_drivers.py" line="243" name="test_create_driver_no_phone_with_customer_username" time="0.880" timestamp="2022-07-25T10:54:33">
		<system-out>
<![CDATA[]]>		</system-out>
		<system-err>
<![CDATA[]]>		</system-err>
	</testcase>
	<testcase classname="users.tests.apis.test_dispatch_drivers.TestDriverCreation" file="users/tests/apis/test_dispatch_drivers.py" line="234" name="test_create_driver_with_customer_used_phone_and_username" time="0.856" timestamp="2022-07-25T10:54:34">
		<system-out>
<![CDATA[]]>		</system-out>
		<system-err>
<![CDATA[]]>		</system-err>
	</testcase>
	<testcase classname="users.tests.apis.test_dispatch_drivers.TestDriverCreation" file="users/tests/apis/test_dispatch_drivers.py" line="251" name="test_create_driver_with_customer_used_phone_different_username" time="1.161" timestamp="2022-07-25T10:54:35">
		<system-out>
<![CDATA[]]>		</system-out>
		<system-err>
<![CDATA[]]>		</system-err>
	</testcase>
	<testcase classname="users.tests.apis.test_dispatch_drivers.TestDriverCreation" file="users/tests/apis/test_dispatch_drivers.py" line="259" name="test_create_driver_with_driver_used_phone" time="0.885" timestamp="2022-07-25T10:54:36">
		<system-out>
<![CDATA[]]>		</system-out>
		<system-err>
<![CDATA[]]>		</system-err>
	</testcase>
	<testcase classname="users.tests.apis.test_dispatch_drivers.TestDriverCreation" file="users/tests/apis/test_dispatch_drivers.py" line="108" name="test_create_new_driver_no_phone" time="0.859" timestamp="2022-07-25T10:54:37">
		<system-out>
<![CDATA[]]>		</system-out>
		<system-err>
<![CDATA[]]>		</system-err>
	</testcase>
	<testcase classname="users.tests.apis.test_dispatch_drivers.TestDriverCreation" file="users/tests/apis/test_dispatch_drivers.py" line="136" name="test_create_new_driver_with_almost_valid_phone" time="0.812" timestamp="2022-07-25T10:54:38">
		<system-out>
<![CDATA[]]>		</system-out>
		<system-err>
<![CDATA[]]>		</system-err>
	</testcase>
	<testcase classname="users.tests.apis.test_dispatch_drivers.TestDriverCreation" file="users/tests/apis/test_dispatch_drivers.py" line="116" name="test_create_new_driver_with_invalid_phone" time="0.750" timestamp="2022-07-25T10:54:39">
		<system-out>
<![CDATA[]]>		</system-out>
		<system-err>
<![CDATA[]]>		</system-err>
	</testcase>
	<testcase classname="users.tests.apis.test_dispatch_drivers.TestDriverCreation" file="users/tests/apis/test_dispatch_drivers.py" line="122" name="test_create_new_driver_with_phone" time="0.953" timestamp="2022-07-25T10:54:40">
		<system-out>
<![CDATA[]]>		</system-out>
		<system-err>
<![CDATA[]]>		</system-err>
	</testcase>
	<testcase classname="users.tests.apis.test_dispatch_drivers.TestDriverCreation" file="users/tests/apis/test_dispatch_drivers.py" line="266" name="test_create_two_drivers_with_no_phone" time="1.152" timestamp="2022-07-25T10:54:41">
		<system-out>
<![CDATA[]]>		</system-out>
		<system-err>
<![CDATA[]]>		</system-err>
	</testcase>
	<testcase classname="users.tests.apis.test_dispatch_drivers.TestDriverCreation" file="users/tests/apis/test_dispatch_drivers.py" line="143" name="test_get_driver_details" time="0.956" timestamp="2022-07-25T10:54:42">
		<system-out>
<![CDATA[]]>		</system-out>
		<system-err>
<![CDATA[]]>		</system-err>
	</testcase>
	<testcase classname="users.tests.apis.test_dispatch_drivers.TestDriverCreation" file="users/tests/apis/test_dispatch_drivers.py" line="154" name="test_update_driver_that_had_no_phone_with_phone" time="0.878" timestamp="2022-07-25T10:54:43">
		<system-out>
<![CDATA[]]>		</system-out>
		<system-err>
<![CDATA[]]>		</system-err>
	</testcase>
	<testcase classname="users.tests.apis.test_dispatch_drivers.TestDriverCreation" file="users/tests/apis/test_dispatch_drivers.py" line="166" name="test_update_driver_that_had_no_phone_without_phone" time="0.853" timestamp="2022-07-25T10:54:43">
		<system-out>
<![CDATA[]]>		</system-out>
		<system-err>
<![CDATA[]]>		</system-err>
	</testcase>
	<testcase classname="users.tests.apis.test_dispatch_drivers.TestDriverCreation" file="users/tests/apis/test_dispatch_drivers.py" line="224" name="test_update_just_name" time="0.867" timestamp="2022-07-25T10:54:44">
		<system-out>
<![CDATA[]]>		</system-out>
		<system-err>
<![CDATA[]]>		</system-err>
	</testcase>
	<testcase classname="users.tests.apis.test_dispatch_drivers.TestDriverCreation" file="users/tests/apis/test_dispatch_drivers.py" line="181" name="test_update_phone" time="0.848" timestamp="2022-07-25T10:54:45">
		<system-out>
<![CDATA[]]>		</system-out>
		<system-err>
<![CDATA[]]>		</system-err>
	</testcase>
	<testcase classname="users.tests.apis.test_dispatch_drivers.TestDriverCreation" file="users/tests/apis/test_dispatch_drivers.py" line="204" name="test_update_phone_blank" time="1.046" timestamp="2022-07-25T10:54:46">
		<system-out>
<![CDATA[]]>		</system-out>
		<system-err>
<![CDATA[]]>		</system-err>
	</testcase>
	<testcase classname="users.tests.apis.test_dispatch_drivers.TestDriverCreation" file="users/tests/apis/test_dispatch_drivers.py" line="215" name="test_update_phone_invalid" time="0.936" timestamp="2022-07-25T10:54:47">
		<system-out>
<![CDATA[]]>		</system-out>
		<system-err>
<![CDATA[]]>		</system-err>
	</testcase>
	<testcase classname="users.tests.apis.test_dispatch_drivers.TestDriverCreation" file="users/tests/apis/test_dispatch_drivers.py" line="190" name="test_update_phone_null" time="0.946" timestamp="2022-07-25T10:54:48">
		<system-out>
<![CDATA[]]>		</system-out>
		<system-err>
<![CDATA[]]>		</system-err>
	</testcase>
</testsuite>
