<?xml version="1.0" encoding="UTF-8"?>
<testsuite errors="0" failures="0" file="vehicles/tests/apis/test_carsharing_vehicles.py" name="vehicles.tests.apis.test_carsharing_vehicles.TestVehicleUpdate-20220725104622" skipped="0" tests="3" time="1.798" timestamp="2022-07-25T10:59:10">
	<testcase classname="vehicles.tests.apis.test_carsharing_vehicles.TestVehicleUpdate" file="vehicles/tests/apis/test_carsharing_vehicles.py" line="47" name="test_delete_document" time="0.718" timestamp="2022-07-25T10:59:09">
		<system-out>
<![CDATA[]]>		</system-out>
		<system-err>
<![CDATA[]]>		</system-err>
	</testcase>
	<testcase classname="vehicles.tests.apis.test_carsharing_vehicles.TestVehicleUpdate" file="vehicles/tests/apis/test_carsharing_vehicles.py" line="34" name="test_upload_document" time="0.561" timestamp="2022-07-25T10:59:10">
		<system-out>
<![CDATA[]]>		</system-out>
		<system-err>
<![CDATA[]]>		</system-err>
	</testcase>
	<testcase classname="vehicles.tests.apis.test_carsharing_vehicles.TestVehicleUpdate" file="vehicles/tests/apis/test_carsharing_vehicles.py" line="20" name="test_vehicle_update_on_vehicle_pool_change" time="0.519" timestamp="2022-07-25T10:59:10">
		<system-out>
<![CDATA[]]>		</system-out>
		<system-err>
<![CDATA[]]>		</system-err>
	</testcase>
</testsuite>
