<?xml version="1.0" encoding="UTF-8"?>
<testsuite errors="0" failures="0" file="users/tests/apis/v3/test_carsharing_customers.py" name="users.tests.apis.v3.test_carsharing_customers.TestCarsharingCustomerUpload-20220725104545" skipped="0" tests="1" time="3.445" timestamp="2022-07-25T11:03:11">
	<testcase classname="users.tests.apis.v3.test_carsharing_customers.TestCarsharingCustomerUpload" file="users/tests/apis/v3/test_carsharing_customers.py" line="1431" name="test_customer_upload" time="3.445" timestamp="2022-07-25T11:03:11">
		<system-out>
<![CDATA[]]>		</system-out>
		<system-err>
<![CDATA[]]>		</system-err>
	</testcase>
</testsuite>
