<?xml version="1.0" encoding="UTF-8"?>
<testsuite errors="0" failures="0" file="rentals/tests/apis/v3/test_scheduling.py" name="rentals.tests.apis.v3.test_scheduling.TestScheduledRentalRequestV3Api-20220725105046" skipped="0" tests="90" time="136.977" timestamp="2022-07-25T11:03:44">
	<testcase classname="rentals.tests.apis.v3.test_scheduling.TestScheduledRentalRequestV3Api" file="rentals/tests/apis/v3/test_scheduling.py" line="1236" name="test_automatic_rental" time="1.196" timestamp="2022-07-25T11:01:28">
		<system-out>
<![CDATA[]]>		</system-out>
		<system-err>
<![CDATA[]]>		</system-err>
	</testcase>
	<testcase classname="rentals.tests.apis.v3.test_scheduling.TestScheduledRentalRequestV3Api" file="rentals/tests/apis/v3/test_scheduling.py" line="1474" name="test_automatic_rental_at_lead_time" time="2.072" timestamp="2022-07-25T11:01:30">
		<system-out>
<![CDATA[]]>		</system-out>
		<system-err>
<![CDATA[]]>		</system-err>
	</testcase>
	<testcase classname="rentals.tests.apis.v3.test_scheduling.TestScheduledRentalRequestV3Api" file="rentals/tests/apis/v3/test_scheduling.py" line="1522" name="test_automatic_rental_at_lead_time_fail" time="1.541" timestamp="2022-07-25T11:01:31">
		<system-out>
<![CDATA[]]>		</system-out>
		<system-err>
<![CDATA[]]>		</system-err>
	</testcase>
	<testcase classname="rentals.tests.apis.v3.test_scheduling.TestScheduledRentalRequestV3Api" file="rentals/tests/apis/v3/test_scheduling.py" line="1574" name="test_automatic_rental_past_lead_time_as_dispatcher" time="2.923" timestamp="2022-07-25T11:01:34">
		<system-out>
<![CDATA[]]>		</system-out>
		<system-err>
<![CDATA[]]>		</system-err>
	</testcase>
	<testcase classname="rentals.tests.apis.v3.test_scheduling.TestScheduledRentalRequestV3Api" file="rentals/tests/apis/v3/test_scheduling.py" line="1618" name="test_automatic_rental_past_lead_time_as_dispatcher_when_payments_disabled" time="2.166" timestamp="2022-07-25T11:01:36">
		<system-out>
<![CDATA[]]>		</system-out>
		<system-err>
<![CDATA[]]>		</system-err>
	</testcase>
	<testcase classname="rentals.tests.apis.v3.test_scheduling.TestScheduledRentalRequestV3Api" file="rentals/tests/apis/v3/test_scheduling.py" line="1679" name="test_automatic_rental_retry_to_assign_at_conversion" time="2.337" timestamp="2022-07-25T11:01:39">
		<system-out>
<![CDATA[]]>		</system-out>
		<system-err>
<![CDATA[]]>		</system-err>
	</testcase>
	<testcase classname="rentals.tests.apis.v3.test_scheduling.TestScheduledRentalRequestV3Api" file="rentals/tests/apis/v3/test_scheduling.py" line="1298" name="test_automatic_rental_with_active_aux_battery_alert_on_vehicle" time="2.727" timestamp="2022-07-25T11:01:41">
		<system-out>
<![CDATA[]]>		</system-out>
		<system-err>
<![CDATA[]]>		</system-err>
	</testcase>
	<testcase classname="rentals.tests.apis.v3.test_scheduling.TestScheduledRentalRequestV3Api" file="rentals/tests/apis/v3/test_scheduling.py" line="1386" name="test_automatic_rental_with_active_ev_battery_alert_on_vehicle" time="1.556" timestamp="2022-07-25T11:01:43">
		<system-out>
<![CDATA[]]>		</system-out>
		<system-err>
<![CDATA[]]>		</system-err>
	</testcase>
	<testcase classname="rentals.tests.apis.v3.test_scheduling.TestScheduledRentalRequestV3Api" file="rentals/tests/apis/v3/test_scheduling.py" line="1341" name="test_automatic_rental_with_closed_aux_battery_alert_and_active_unused_alert_on_vehicle" time="1.485" timestamp="2022-07-25T11:01:44">
		<system-out>
<![CDATA[]]>		</system-out>
		<system-err>
<![CDATA[]]>		</system-err>
	</testcase>
	<testcase classname="rentals.tests.apis.v3.test_scheduling.TestScheduledRentalRequestV3Api" file="rentals/tests/apis/v3/test_scheduling.py" line="1429" name="test_automatic_rental_with_closed_ev_battery_alert_and_active_unused_alert_on_vehicle" time="1.550" timestamp="2022-07-25T11:01:46">
		<system-out>
<![CDATA[]]>		</system-out>
		<system-err>
<![CDATA[]]>		</system-err>
	</testcase>
	<testcase classname="rentals.tests.apis.v3.test_scheduling.TestScheduledRentalRequestV3Api" file="rentals/tests/apis/v3/test_scheduling.py" line="1259" name="test_automatic_rental_with_vehicle_in_inactive_pool" time="1.872" timestamp="2022-07-25T11:01:48">
		<system-out>
<![CDATA[]]>		</system-out>
		<system-err>
<![CDATA[]]>		</system-err>
	</testcase>
	<testcase classname="rentals.tests.apis.v3.test_scheduling.TestScheduledRentalRequestV3Api" file="rentals/tests/apis/v3/test_scheduling.py" line="710" name="test_cancellation_data_is_not_null_when_cancelled_already" time="0.729" timestamp="2022-07-25T11:01:49">
		<system-out>
<![CDATA[]]>		</system-out>
		<system-err>
<![CDATA[]]>		</system-err>
	</testcase>
	<testcase classname="rentals.tests.apis.v3.test_scheduling.TestScheduledRentalRequestV3Api" file="rentals/tests/apis/v3/test_scheduling.py" line="1209" name="test_create_fails_over_99999999_as_customer" time="0.947" timestamp="2022-07-25T11:01:50">
		<system-out>
<![CDATA[]]>		</system-out>
		<system-err>
<![CDATA[]]>		</system-err>
	</testcase>
	<testcase classname="rentals.tests.apis.v3.test_scheduling.TestScheduledRentalRequestV3Api" file="rentals/tests/apis/v3/test_scheduling.py" line="1182" name="test_create_fails_over_99999999_as_dispatcher" time="1.020" timestamp="2022-07-25T11:01:51">
		<system-out>
<![CDATA[]]>		</system-out>
		<system-err>
<![CDATA[]]>		</system-err>
	</testcase>
	<testcase classname="rentals.tests.apis.v3.test_scheduling.TestScheduledRentalRequestV3Api" file="rentals/tests/apis/v3/test_scheduling.py" line="1166" name="test_create_without_vehicle_type_id" time="0.923" timestamp="2022-07-25T11:01:52">
		<system-out>
<![CDATA[]]>		</system-out>
		<system-err>
<![CDATA[]]>		</system-err>
	</testcase>
	<testcase classname="rentals.tests.apis.v3.test_scheduling.TestScheduledRentalRequestV3Api" file="rentals/tests/apis/v3/test_scheduling.py" line="1732" name="test_customer_can_make_new_scheduled_rental_after_cancellation" time="1.807" timestamp="2022-07-25T11:01:53">
		<system-out>
<![CDATA[]]>		</system-out>
		<system-err>
<![CDATA[]]>		</system-err>
	</testcase>
	<testcase classname="rentals.tests.apis.v3.test_scheduling.TestScheduledRentalRequestV3Api" file="rentals/tests/apis/v3/test_scheduling.py" line="2143" name="test_customer_cancellation_after_booking" time="1.390" timestamp="2022-07-25T11:01:55">
		<system-out>
<![CDATA[]]>		</system-out>
		<system-err>
<![CDATA[]]>		</system-err>
	</testcase>
	<testcase classname="rentals.tests.apis.v3.test_scheduling.TestScheduledRentalRequestV3Api" file="rentals/tests/apis/v3/test_scheduling.py" line="2123" name="test_customer_cancellation_after_end_if_unconverted" time="1.103" timestamp="2022-07-25T11:01:56">
		<system-out>
<![CDATA[]]>		</system-out>
		<system-err>
<![CDATA[]]>		</system-err>
	</testcase>
	<testcase classname="rentals.tests.apis.v3.test_scheduling.TestScheduledRentalRequestV3Api" file="rentals/tests/apis/v3/test_scheduling.py" line="2132" name="test_customer_cancellation_before_booking" time="1.642" timestamp="2022-07-25T11:01:58">
		<system-out>
<![CDATA[]]>		</system-out>
		<system-err>
<![CDATA[]]>		</system-err>
	</testcase>
	<testcase classname="rentals.tests.apis.v3.test_scheduling.TestScheduledRentalRequestV3Api" file="rentals/tests/apis/v3/test_scheduling.py" line="1893" name="test_customer_create" time="1.180" timestamp="2022-07-25T11:01:59">
		<system-out>
<![CDATA[]]>		</system-out>
		<system-err>
<![CDATA[]]>		</system-err>
	</testcase>
	<testcase classname="rentals.tests.apis.v3.test_scheduling.TestScheduledRentalRequestV3Api" file="rentals/tests/apis/v3/test_scheduling.py" line="2015" name="test_customer_create_pre_auth_failed" time="0.902" timestamp="2022-07-25T11:02:00">
		<system-out>
<![CDATA[]]>		</system-out>
		<system-err>
<![CDATA[]]>		</system-err>
	</testcase>
	<testcase classname="rentals.tests.apis.v3.test_scheduling.TestScheduledRentalRequestV3Api" file="rentals/tests/apis/v3/test_scheduling.py" line="1847" name="test_customer_create_preauth_failed" time="1.232" timestamp="2022-07-25T11:02:01">
		<system-out>
<![CDATA[]]>		</system-out>
		<system-err>
<![CDATA[]]>		</system-err>
	</testcase>
	<testcase classname="rentals.tests.apis.v3.test_scheduling.TestScheduledRentalRequestV3Api" file="rentals/tests/apis/v3/test_scheduling.py" line="1976" name="test_customer_create_with_cache_key" time="1.303" timestamp="2022-07-25T11:02:02">
		<system-out>
<![CDATA[]]>		</system-out>
		<system-err>
<![CDATA[]]>		</system-err>
	</testcase>
	<testcase classname="rentals.tests.apis.v3.test_scheduling.TestScheduledRentalRequestV3Api" file="rentals/tests/apis/v3/test_scheduling.py" line="1916" name="test_customer_create_with_reservation_mode" time="1.925" timestamp="2022-07-25T11:02:04">
		<system-out>
<![CDATA[]]>		</system-out>
		<system-err>
<![CDATA[]]>		</system-err>
	</testcase>
	<testcase classname="rentals.tests.apis.v3.test_scheduling.TestScheduledRentalRequestV3Api" file="rentals/tests/apis/v3/test_scheduling.py" line="1957" name="test_customer_create_without_sufficient_lead_time" time="0.777" timestamp="2022-07-25T11:02:05">
		<system-out>
<![CDATA[]]>		</system-out>
		<system-err>
<![CDATA[]]>		</system-err>
	</testcase>
	<testcase classname="rentals.tests.apis.v3.test_scheduling.TestScheduledRentalRequestV3Api" file="rentals/tests/apis/v3/test_scheduling.py" line="2078" name="test_customer_rental_cancellation" time="1.621" timestamp="2022-07-25T11:02:06">
		<system-out>
<![CDATA[]]>		</system-out>
		<system-err>
<![CDATA[]]>		</system-err>
	</testcase>
	<testcase classname="rentals.tests.apis.v3.test_scheduling.TestScheduledRentalRequestV3Api" file="rentals/tests/apis/v3/test_scheduling.py" line="2101" name="test_customer_rental_late_cancellation" time="1.562" timestamp="2022-07-25T11:02:08">
		<system-out>
<![CDATA[]]>		</system-out>
		<system-err>
<![CDATA[]]>		</system-err>
	</testcase>
	<testcase classname="rentals.tests.apis.v3.test_scheduling.TestScheduledRentalRequestV3Api" file="rentals/tests/apis/v3/test_scheduling.py" line="2270" name="test_customer_scheduled_rental_adjacent" time="2.935" timestamp="2022-07-25T11:02:11">
		<system-out>
<![CDATA[]]>		</system-out>
		<system-err>
<![CDATA[]]>		</system-err>
	</testcase>
	<testcase classname="rentals.tests.apis.v3.test_scheduling.TestScheduledRentalRequestV3Api" file="rentals/tests/apis/v3/test_scheduling.py" line="2257" name="test_customer_scheduled_rental_collision" time="0.824" timestamp="2022-07-25T11:02:12">
		<system-out>
<![CDATA[]]>		</system-out>
		<system-err>
<![CDATA[]]>		</system-err>
	</testcase>
	<testcase classname="rentals.tests.apis.v3.test_scheduling.TestScheduledRentalRequestV3Api" file="rentals/tests/apis/v3/test_scheduling.py" line="194" name="test_delete_not_allowed" time="0.695" timestamp="2022-07-25T11:02:13">
		<system-out>
<![CDATA[]]>		</system-out>
		<system-err>
<![CDATA[]]>		</system-err>
	</testcase>
	<testcase classname="rentals.tests.apis.v3.test_scheduling.TestScheduledRentalRequestV3Api" file="rentals/tests/apis/v3/test_scheduling.py" line="1067" name="test_dispatcher_create_for_ondemand_pickup_with_vehicle" time="1.748" timestamp="2022-07-25T11:02:14">
		<system-out>
<![CDATA[]]>		</system-out>
		<system-err>
<![CDATA[]]>		</system-err>
	</testcase>
	<testcase classname="rentals.tests.apis.v3.test_scheduling.TestScheduledRentalRequestV3Api" file="rentals/tests/apis/v3/test_scheduling.py" line="1100" name="test_dispatcher_create_for_ondemand_pickup_with_vehicle_outside_service_region" time="1.774" timestamp="2022-07-25T11:02:16">
		<system-out>
<![CDATA[ERROR: CannotOverwriteExistingCassetteException: (4.648626, -74.248236, '') not found in mock reverse_geocode data
(See https://ridecell.atlassian.net/wiki/spaces/EN/pages/185040970/How+to+Fix+CannotOverwriteExistingCassetteException)
ERROR: CannotOverwriteExistingCassetteException: (4.648626, -74.248236, '') not found in mock reverse_geocode data
(See https://ridecell.atlassian.net/wiki/spaces/EN/pages/185040970/How+to+Fix+CannotOverwriteExistingCassetteException)
ERROR: CannotOverwriteExistingCassetteException: (4.648626, -74.248236, '') not found in mock reverse_geocode data
(See https://ridecell.atlassian.net/wiki/spaces/EN/pages/185040970/How+to+Fix+CannotOverwriteExistingCassetteException)
]]>		</system-out>
		<system-err>
<![CDATA[]]>		</system-err>
	</testcase>
	<testcase classname="rentals.tests.apis.v3.test_scheduling.TestScheduledRentalRequestV3Api" file="rentals/tests/apis/v3/test_scheduling.py" line="990" name="test_dispatcher_create_for_station_based" time="1.565" timestamp="2022-07-25T11:02:18">
		<system-out>
<![CDATA[]]>		</system-out>
		<system-err>
<![CDATA[]]>		</system-err>
	</testcase>
	<testcase classname="rentals.tests.apis.v3.test_scheduling.TestScheduledRentalRequestV3Api" file="rentals/tests/apis/v3/test_scheduling.py" line="1011" name="test_dispatcher_create_for_station_based_no_locations" time="1.542" timestamp="2022-07-25T11:02:19">
		<system-out>
<![CDATA[]]>		</system-out>
		<system-err>
<![CDATA[]]>		</system-err>
	</testcase>
	<testcase classname="rentals.tests.apis.v3.test_scheduling.TestScheduledRentalRequestV3Api" file="rentals/tests/apis/v3/test_scheduling.py" line="1051" name="test_dispatcher_create_for_station_based_no_locations_bad_request" time="0.953" timestamp="2022-07-25T11:02:20">
		<system-out>
<![CDATA[]]>		</system-out>
		<system-err>
<![CDATA[]]>		</system-err>
	</testcase>
	<testcase classname="rentals.tests.apis.v3.test_scheduling.TestScheduledRentalRequestV3Api" file="rentals/tests/apis/v3/test_scheduling.py" line="1031" name="test_dispatcher_create_for_station_based_with_station_not_in_service" time="1.045" timestamp="2022-07-25T11:02:21">
		<system-out>
<![CDATA[]]>		</system-out>
		<system-err>
<![CDATA[]]>		</system-err>
	</testcase>
	<testcase classname="rentals.tests.apis.v3.test_scheduling.TestScheduledRentalRequestV3Api" file="rentals/tests/apis/v3/test_scheduling.py" line="2046" name="test_dispatcher_create_pre_auth_failed" time="0.872" timestamp="2022-07-25T11:02:22">
		<system-out>
<![CDATA[]]>		</system-out>
		<system-err>
<![CDATA[]]>		</system-err>
	</testcase>
	<testcase classname="rentals.tests.apis.v3.test_scheduling.TestScheduledRentalRequestV3Api" file="rentals/tests/apis/v3/test_scheduling.py" line="1135" name="test_dispatcher_create_with_sufficient_lead_time" time="1.393" timestamp="2022-07-25T11:02:23">
		<system-out>
<![CDATA[]]>		</system-out>
		<system-err>
<![CDATA[]]>		</system-err>
	</testcase>
	<testcase classname="rentals.tests.apis.v3.test_scheduling.TestScheduledRentalRequestV3Api" file="rentals/tests/apis/v3/test_scheduling.py" line="1771" name="test_dispatcher_create_without_sufficient_lead_time" time="1.620" timestamp="2022-07-25T11:02:25">
		<system-out>
<![CDATA[]]>		</system-out>
		<system-err>
<![CDATA[]]>		</system-err>
	</testcase>
	<testcase classname="rentals.tests.apis.v3.test_scheduling.TestScheduledRentalRequestV3Api" file="rentals/tests/apis/v3/test_scheduling.py" line="1802" name="test_dispatcher_create_without_sufficient_lead_time_hold_payment_failed" time="1.310" timestamp="2022-07-25T11:02:26">
		<system-out>
<![CDATA[]]>		</system-out>
		<system-err>
<![CDATA[]]>		</system-err>
	</testcase>
	<testcase classname="rentals.tests.apis.v3.test_scheduling.TestScheduledRentalRequestV3Api" file="rentals/tests/apis/v3/test_scheduling.py" line="2368" name="test_dispatcher_create_without_sufficient_lead_time_hold_payment_failure_log_to_data_pipeline" time="1.294" timestamp="2022-07-25T11:02:28">
		<system-out>
<![CDATA[]]>		</system-out>
		<system-err>
<![CDATA[]]>		</system-err>
	</testcase>
	<testcase classname="rentals.tests.apis.v3.test_scheduling.TestScheduledRentalRequestV3Api" file="rentals/tests/apis/v3/test_scheduling.py" line="2309" name="test_dispatcher_create_without_sufficient_lead_time_hold_payment_success_log_to_data_pipeline" time="1.760" timestamp="2022-07-25T11:02:29">
		<system-out>
<![CDATA[]]>		</system-out>
		<system-err>
<![CDATA[]]>		</system-err>
	</testcase>
	<testcase classname="rentals.tests.apis.v3.test_scheduling.TestScheduledRentalRequestV3Api" file="rentals/tests/apis/v3/test_scheduling.py" line="2156" name="test_edit_after_end" time="1.285" timestamp="2022-07-25T11:02:31">
		<system-out>
<![CDATA[]]>		</system-out>
		<system-err>
<![CDATA[]]>		</system-err>
	</testcase>
	<testcase classname="rentals.tests.apis.v3.test_scheduling.TestScheduledRentalRequestV3Api" file="rentals/tests/apis/v3/test_scheduling.py" line="209" name="test_filter_booked_time" time="1.485" timestamp="2022-07-25T11:02:32">
		<system-out>
<![CDATA[]]>		</system-out>
		<system-err>
<![CDATA[/usr/local/lib/python3.6/dist-packages/rest_framework/pagination.py:200: UnorderedObjectListWarning: Pagination may yield inconsistent results with an unordered object_list: <class 'rentals.models.rentals_models.ScheduledRentalRequest'> ScheduledRentalRequestQuerySet.
  paginator = self.django_paginator_class(queryset, page_size)
]]>		</system-err>
	</testcase>
	<testcase classname="rentals.tests.apis.v3.test_scheduling.TestScheduledRentalRequestV3Api" file="rentals/tests/apis/v3/test_scheduling.py" line="486" name="test_get" time="0.904" timestamp="2022-07-25T11:02:33">
		<system-out>
<![CDATA[]]>		</system-out>
		<system-err>
<![CDATA[]]>		</system-err>
	</testcase>
	<testcase classname="rentals.tests.apis.v3.test_scheduling.TestScheduledRentalRequestV3Api" file="rentals/tests/apis/v3/test_scheduling.py" line="520" name="test_get_has_cancellation_data" time="0.955" timestamp="2022-07-25T11:02:34">
		<system-out>
<![CDATA[]]>		</system-out>
		<system-err>
<![CDATA[]]>		</system-err>
	</testcase>
	<testcase classname="rentals.tests.apis.v3.test_scheduling.TestScheduledRentalRequestV3Api" file="rentals/tests/apis/v3/test_scheduling.py" line="533" name="test_get_has_late_return_fee_cutoff_data" time="0.931" timestamp="2022-07-25T11:02:35">
		<system-out>
<![CDATA[]]>		</system-out>
		<system-err>
<![CDATA[]]>		</system-err>
	</testcase>
	<testcase classname="rentals.tests.apis.v3.test_scheduling.TestScheduledRentalRequestV3Api" file="rentals/tests/apis/v3/test_scheduling.py" line="541" name="test_get_has_progression_stage_checks" time="6.583" timestamp="2022-07-25T11:02:42">
		<system-out>
<![CDATA[]]>		</system-out>
		<system-err>
<![CDATA[]]>		</system-err>
	</testcase>
	<testcase classname="rentals.tests.apis.v3.test_scheduling.TestScheduledRentalRequestV3Api" file="rentals/tests/apis/v3/test_scheduling.py" line="716" name="test_get_resource_uris" time="0.865" timestamp="2022-07-25T11:02:42">
		<system-out>
<![CDATA[]]>		</system-out>
		<system-err>
<![CDATA[]]>		</system-err>
	</testcase>
	<testcase classname="rentals.tests.apis.v3.test_scheduling.TestScheduledRentalRequestV3Api" file="rentals/tests/apis/v3/test_scheduling.py" line="730" name="test_get_station_data" time="0.949" timestamp="2022-07-25T11:02:43">
		<system-out>
<![CDATA[]]>		</system-out>
		<system-err>
<![CDATA[]]>		</system-err>
	</testcase>
	<testcase classname="rentals.tests.apis.v3.test_scheduling.TestScheduledRentalRequestV3Api" file="rentals/tests/apis/v3/test_scheduling.py" line="724" name="test_get_with_fields_specified" time="0.905" timestamp="2022-07-25T11:02:44">
		<system-out>
<![CDATA[]]>		</system-out>
		<system-err>
<![CDATA[]]>		</system-err>
	</testcase>
	<testcase classname="rentals.tests.apis.v3.test_scheduling.TestScheduledRentalRequestV3Api" file="rentals/tests/apis/v3/test_scheduling.py" line="198" name="test_list" time="0.879" timestamp="2022-07-25T11:02:45">
		<system-out>
<![CDATA[]]>		</system-out>
		<system-err>
<![CDATA[]]>		</system-err>
	</testcase>
	<testcase classname="rentals.tests.apis.v3.test_scheduling.TestScheduledRentalRequestV3Api" file="rentals/tests/apis/v3/test_scheduling.py" line="310" name="test_list_filter_end_date_time" time="1.348" timestamp="2022-07-25T11:02:47">
		<system-out>
<![CDATA[]]>		</system-out>
		<system-err>
<![CDATA[]]>		</system-err>
	</testcase>
	<testcase classname="rentals.tests.apis.v3.test_scheduling.TestScheduledRentalRequestV3Api" file="rentals/tests/apis/v3/test_scheduling.py" line="360" name="test_list_filter_is_cancelled" time="1.572" timestamp="2022-07-25T11:02:48">
		<system-out>
<![CDATA[]]>		</system-out>
		<system-err>
<![CDATA[]]>		</system-err>
	</testcase>
	<testcase classname="rentals.tests.apis.v3.test_scheduling.TestScheduledRentalRequestV3Api" file="rentals/tests/apis/v3/test_scheduling.py" line="413" name="test_list_filter_late_cancellation" time="1.444" timestamp="2022-07-25T11:02:50">
		<system-out>
<![CDATA[]]>		</system-out>
		<system-err>
<![CDATA[]]>		</system-err>
	</testcase>
	<testcase classname="rentals.tests.apis.v3.test_scheduling.TestScheduledRentalRequestV3Api" file="rentals/tests/apis/v3/test_scheduling.py" line="399" name="test_list_filter_multiple_status" time="2.068" timestamp="2022-07-25T11:02:52">
		<system-out>
<![CDATA[]]>		</system-out>
		<system-err>
<![CDATA[]]>		</system-err>
	</testcase>
	<testcase classname="rentals.tests.apis.v3.test_scheduling.TestScheduledRentalRequestV3Api" file="rentals/tests/apis/v3/test_scheduling.py" line="346" name="test_list_filter_multiple_vehicle_types" time="1.887" timestamp="2022-07-25T11:02:54">
		<system-out>
<![CDATA[]]>		</system-out>
		<system-err>
<![CDATA[]]>		</system-err>
	</testcase>
	<testcase classname="rentals.tests.apis.v3.test_scheduling.TestScheduledRentalRequestV3Api" file="rentals/tests/apis/v3/test_scheduling.py" line="289" name="test_list_filter_service" time="1.500" timestamp="2022-07-25T11:02:55">
		<system-out>
<![CDATA[]]>		</system-out>
		<system-err>
<![CDATA[]]>		</system-err>
	</testcase>
	<testcase classname="rentals.tests.apis.v3.test_scheduling.TestScheduledRentalRequestV3Api" file="rentals/tests/apis/v3/test_scheduling.py" line="301" name="test_list_filter_start_date_time" time="1.407" timestamp="2022-07-25T11:02:56">
		<system-out>
<![CDATA[]]>		</system-out>
		<system-err>
<![CDATA[]]>		</system-err>
	</testcase>
	<testcase classname="rentals.tests.apis.v3.test_scheduling.TestScheduledRentalRequestV3Api" file="rentals/tests/apis/v3/test_scheduling.py" line="318" name="test_list_filter_station" time="1.351" timestamp="2022-07-25T11:02:58">
		<system-out>
<![CDATA[]]>		</system-out>
		<system-err>
<![CDATA[]]>		</system-err>
	</testcase>
	<testcase classname="rentals.tests.apis.v3.test_scheduling.TestScheduledRentalRequestV3Api" file="rentals/tests/apis/v3/test_scheduling.py" line="374" name="test_list_filter_status_cancelled" time="1.407" timestamp="2022-07-25T11:02:59">
		<system-out>
<![CDATA[]]>		</system-out>
		<system-err>
<![CDATA[]]>		</system-err>
	</testcase>
	<testcase classname="rentals.tests.apis.v3.test_scheduling.TestScheduledRentalRequestV3Api" file="rentals/tests/apis/v3/test_scheduling.py" line="382" name="test_list_filter_status_unassigned" time="0.914" timestamp="2022-07-25T11:03:00">
		<system-out>
<![CDATA[]]>		</system-out>
		<system-err>
<![CDATA[]]>		</system-err>
	</testcase>
	<testcase classname="rentals.tests.apis.v3.test_scheduling.TestScheduledRentalRequestV3Api" file="rentals/tests/apis/v3/test_scheduling.py" line="337" name="test_list_filter_vehicle_type" time="1.400" timestamp="2022-07-25T11:03:02">
		<system-out>
<![CDATA[]]>		</system-out>
		<system-err>
<![CDATA[]]>		</system-err>
	</testcase>
	<testcase classname="rentals.tests.apis.v3.test_scheduling.TestScheduledRentalRequestV3Api" file="rentals/tests/apis/v3/test_scheduling.py" line="223" name="test_list_station_address" time="1.186" timestamp="2022-07-25T11:03:03">
		<system-out>
<![CDATA[]]>		</system-out>
		<system-err>
<![CDATA[]]>		</system-err>
	</testcase>
	<testcase classname="rentals.tests.apis.v3.test_scheduling.TestScheduledRentalRequestV3Api" file="rentals/tests/apis/v3/test_scheduling.py" line="389" name="test_list_status_ended" time="3.539" timestamp="2022-07-25T11:03:06">
		<system-out>
<![CDATA[]]>		</system-out>
		<system-err>
<![CDATA[]]>		</system-err>
	</testcase>
	<testcase classname="rentals.tests.apis.v3.test_scheduling.TestScheduledRentalRequestV3Api" file="rentals/tests/apis/v3/test_scheduling.py" line="473" name="test_list_with_fields_specified" time="0.883" timestamp="2022-07-25T11:03:07">
		<system-out>
<![CDATA[]]>		</system-out>
		<system-err>
<![CDATA[]]>		</system-err>
	</testcase>
	<testcase classname="rentals.tests.apis.v3.test_scheduling.TestScheduledRentalRequestV3Api" file="rentals/tests/apis/v3/test_scheduling.py" line="456" name="test_list_with_search_on_vehicle_license_plate_number" time="1.492" timestamp="2022-07-25T11:03:09">
		<system-out>
<![CDATA[]]>		</system-out>
		<system-err>
<![CDATA[]]>		</system-err>
	</testcase>
	<testcase classname="rentals.tests.apis.v3.test_scheduling.TestScheduledRentalRequestV3Api" file="rentals/tests/apis/v3/test_scheduling.py" line="439" name="test_list_with_search_on_vehicle_vin_number" time="1.478" timestamp="2022-07-25T11:03:10">
		<system-out>
<![CDATA[]]>		</system-out>
		<system-err>
<![CDATA[]]>		</system-err>
	</testcase>
	<testcase classname="rentals.tests.apis.v3.test_scheduling.TestScheduledRentalRequestV3Api" file="rentals/tests/apis/v3/test_scheduling.py" line="271" name="test_not_owner_forbidden" time="0.806" timestamp="2022-07-25T11:03:11">
		<system-out>
<![CDATA[]]>		</system-out>
		<system-err>
<![CDATA[]]>		</system-err>
	</testcase>
	<testcase classname="rentals.tests.apis.v3.test_scheduling.TestScheduledRentalRequestV3Api" file="rentals/tests/apis/v3/test_scheduling.py" line="265" name="test_owner_get" time="0.937" timestamp="2022-07-25T11:03:12">
		<system-out>
<![CDATA[]]>		</system-out>
		<system-err>
<![CDATA[]]>		</system-err>
	</testcase>
	<testcase classname="rentals.tests.apis.v3.test_scheduling.TestScheduledRentalRequestV3Api" file="rentals/tests/apis/v3/test_scheduling.py" line="250" name="test_owner_list" time="1.075" timestamp="2022-07-25T11:03:13">
		<system-out>
<![CDATA[]]>		</system-out>
		<system-err>
<![CDATA[]]>		</system-err>
	</testcase>
	<testcase classname="rentals.tests.apis.v3.test_scheduling.TestScheduledRentalRequestV3Api" file="rentals/tests/apis/v3/test_scheduling.py" line="2235" name="test_rental_cancellation_by_dispatcher_does_not_charge" time="1.249" timestamp="2022-07-25T11:03:14">
		<system-out>
<![CDATA[]]>		</system-out>
		<system-err>
<![CDATA[]]>		</system-err>
	</testcase>
	<testcase classname="rentals.tests.apis.v3.test_scheduling.TestScheduledRentalRequestV3Api" file="rentals/tests/apis/v3/test_scheduling.py" line="2206" name="test_rental_cancellation_charges_no_tax_when_taxes_disabled" time="1.353" timestamp="2022-07-25T11:03:16">
		<system-out>
<![CDATA[]]>		</system-out>
		<system-err>
<![CDATA[]]>		</system-err>
	</testcase>
	<testcase classname="rentals.tests.apis.v3.test_scheduling.TestScheduledRentalRequestV3Api" file="rentals/tests/apis/v3/test_scheduling.py" line="2170" name="test_rental_charges_for_late_cancellation" time="1.313" timestamp="2022-07-25T11:03:17">
		<system-out>
<![CDATA[]]>		</system-out>
		<system-err>
<![CDATA[]]>		</system-err>
	</testcase>
	<testcase classname="rentals.tests.apis.v3.test_scheduling.TestScheduledRentalRequestV3Api" file="rentals/tests/apis/v3/test_scheduling.py" line="687" name="test_unassign_vehicle_status_check_after" time="1.484" timestamp="2022-07-25T11:03:18">
		<system-out>
<![CDATA[]]>		</system-out>
		<system-err>
<![CDATA[]]>		</system-err>
	</testcase>
	<testcase classname="rentals.tests.apis.v3.test_scheduling.TestScheduledRentalRequestV3Api" file="rentals/tests/apis/v3/test_scheduling.py" line="189" name="test_unauthorized" time="0.732" timestamp="2022-07-25T11:03:19">
		<system-out>
<![CDATA[]]>		</system-out>
		<system-err>
<![CDATA[]]>		</system-err>
	</testcase>
	<testcase classname="rentals.tests.apis.v3.test_scheduling.TestScheduledRentalRequestV3Api" file="rentals/tests/apis/v3/test_scheduling.py" line="974" name="test_update_after_cancelled" time="1.364" timestamp="2022-07-25T11:03:20">
		<system-out>
<![CDATA[]]>		</system-out>
		<system-err>
<![CDATA[]]>		</system-err>
	</testcase>
	<testcase classname="rentals.tests.apis.v3.test_scheduling.TestScheduledRentalRequestV3Api" file="rentals/tests/apis/v3/test_scheduling.py" line="776" name="test_update_end_date_after_scheduled_end_rental_active" time="2.442" timestamp="2022-07-25T11:03:23">
		<system-out>
<![CDATA[]]>		</system-out>
		<system-err>
<![CDATA[]]>		</system-err>
	</testcase>
	<testcase classname="rentals.tests.apis.v3.test_scheduling.TestScheduledRentalRequestV3Api" file="rentals/tests/apis/v3/test_scheduling.py" line="879" name="test_update_end_date_after_scheduled_end_rental_ended" time="2.003" timestamp="2022-07-25T11:03:25">
		<system-out>
<![CDATA[]]>		</system-out>
		<system-err>
<![CDATA[]]>		</system-err>
	</testcase>
	<testcase classname="rentals.tests.apis.v3.test_scheduling.TestScheduledRentalRequestV3Api" file="rentals/tests/apis/v3/test_scheduling.py" line="749" name="test_update_end_date_before_rental_ends" time="1.951" timestamp="2022-07-25T11:03:27">
		<system-out>
<![CDATA[]]>		</system-out>
		<system-err>
<![CDATA[]]>		</system-err>
	</testcase>
	<testcase classname="rentals.tests.apis.v3.test_scheduling.TestScheduledRentalRequestV3Api" file="rentals/tests/apis/v3/test_scheduling.py" line="858" name="test_update_end_location_sends_notification" time="1.544" timestamp="2022-07-25T11:03:28">
		<system-out>
<![CDATA[]]>		</system-out>
		<system-err>
<![CDATA[]]>		</system-err>
	</testcase>
	<testcase classname="rentals.tests.apis.v3.test_scheduling.TestScheduledRentalRequestV3Api" file="rentals/tests/apis/v3/test_scheduling.py" line="813" name="test_update_reservation_mode" time="1.487" timestamp="2022-07-25T11:03:30">
		<system-out>
<![CDATA[]]>		</system-out>
		<system-err>
<![CDATA[]]>		</system-err>
	</testcase>
	<testcase classname="rentals.tests.apis.v3.test_scheduling.TestScheduledRentalRequestV3Api" file="rentals/tests/apis/v3/test_scheduling.py" line="910" name="test_update_vehicle_after_rental_created" time="1.917" timestamp="2022-07-25T11:03:32">
		<system-out>
<![CDATA[]]>		</system-out>
		<system-err>
<![CDATA[]]>		</system-err>
	</testcase>
	<testcase classname="rentals.tests.apis.v3.test_scheduling.TestScheduledRentalRequestV3Api" file="rentals/tests/apis/v3/test_scheduling.py" line="899" name="test_update_vehicle_before_rental_created" time="2.574" timestamp="2022-07-25T11:03:34">
		<system-out>
<![CDATA[]]>		</system-out>
		<system-err>
<![CDATA[]]>		</system-err>
	</testcase>
	<testcase classname="rentals.tests.apis.v3.test_scheduling.TestScheduledRentalRequestV3Api" file="rentals/tests/apis/v3/test_scheduling.py" line="867" name="test_update_vehicle_does_not_send_notification" time="1.711" timestamp="2022-07-25T11:03:36">
		<system-out>
<![CDATA[]]>		</system-out>
		<system-err>
<![CDATA[]]>		</system-err>
	</testcase>
	<testcase classname="rentals.tests.apis.v3.test_scheduling.TestScheduledRentalRequestV3Api" file="rentals/tests/apis/v3/test_scheduling.py" line="804" name="test_update_vehicle_type_sends_email" time="1.753" timestamp="2022-07-25T11:03:38">
		<system-out>
<![CDATA[]]>		</system-out>
		<system-err>
<![CDATA[]]>		</system-err>
	</testcase>
	<testcase classname="rentals.tests.apis.v3.test_scheduling.TestScheduledRentalRequestV3Api" file="rentals/tests/apis/v3/test_scheduling.py" line="835" name="test_update_vehicle_type_sends_two_update_notification_with_auto_assign" time="1.960" timestamp="2022-07-25T11:03:40">
		<system-out>
<![CDATA[]]>		</system-out>
		<system-err>
<![CDATA[]]>		</system-err>
	</testcase>
	<testcase classname="rentals.tests.apis.v3.test_scheduling.TestScheduledRentalRequestV3Api" file="rentals/tests/apis/v3/test_scheduling.py" line="930" name="test_update_vehicle_with_same_vehicle" time="1.620" timestamp="2022-07-25T11:03:41">
		<system-out>
<![CDATA[]]>		</system-out>
		<system-err>
<![CDATA[]]>		</system-err>
	</testcase>
	<testcase classname="rentals.tests.apis.v3.test_scheduling.TestScheduledRentalRequestV3Api" file="rentals/tests/apis/v3/test_scheduling.py" line="954" name="test_update_vehicle_with_vehicle_and_end" time="1.588" timestamp="2022-07-25T11:03:43">
		<system-out>
<![CDATA[]]>		</system-out>
		<system-err>
<![CDATA[]]>		</system-err>
	</testcase>
	<testcase classname="rentals.tests.apis.v3.test_scheduling.TestScheduledRentalRequestV3Api" file="rentals/tests/apis/v3/test_scheduling.py" line="184" name="test_url" time="0.680" timestamp="2022-07-25T11:03:44">
		<system-out>
<![CDATA[]]>		</system-out>
		<system-err>
<![CDATA[]]>		</system-err>
	</testcase>
</testsuite>
