<?xml version="1.0" encoding="UTF-8"?>
<testsuite errors="0" failures="0" file="hardware_sdk_otakeys/tests/test_rentals.py" name="hardware_sdk_otakeys.tests.test_rentals.RentalCoreTestCase-20220725104740" skipped="1" tests="23" time="3.943" timestamp="2022-07-25T11:01:16">
	<testcase classname="hardware_sdk_otakeys.tests.test_rentals.RentalCoreTestCase" file="hardware_sdk_otakeys/tests/test_rentals.py" line="280" name="test_customer_history_when_customer_ends_the_rental" time="0.053" timestamp="2022-07-25T11:01:12">
		<system-out>
<![CDATA[]]>		</system-out>
		<system-err>
<![CDATA[]]>		</system-err>
	</testcase>
	<testcase classname="hardware_sdk_otakeys.tests.test_rentals.RentalCoreTestCase" file="hardware_sdk_otakeys/tests/test_rentals.py" line="288" name="test_customer_history_when_dispatcher_ends_the_rental" time="0.052" timestamp="2022-07-25T11:01:12">
		<system-out>
<![CDATA[]]>		</system-out>
		<system-err>
<![CDATA[]]>		</system-err>
	</testcase>
	<testcase classname="hardware_sdk_otakeys.tests.test_rentals.RentalCoreTestCase" file="hardware_sdk_otakeys/tests/test_rentals.py" line="203" name="test_dispatcher_end_inside_service" time="0.091" timestamp="2022-07-25T11:01:12">
		<system-out>
<![CDATA[]]>		</system-out>
		<system-err>
<![CDATA[]]>		</system-err>
	</testcase>
	<testcase classname="hardware_sdk_otakeys.tests.test_rentals.RentalCoreTestCase" file="hardware_sdk_otakeys/tests/test_rentals.py" line="175" name="test_dispatcher_end_outside_service" time="0.102" timestamp="2022-07-25T11:01:12">
		<system-out>
<![CDATA[]]>		</system-out>
		<system-err>
<![CDATA[]]>		</system-err>
	</testcase>
	<testcase classname="hardware_sdk_otakeys.tests.test_rentals.RentalCoreTestCase" file="hardware_sdk_otakeys/tests/test_rentals.py" line="248" name="test_end_rental_from_app" time="0.051" timestamp="2022-07-25T11:01:12">
		<system-out>
<![CDATA[]]>		</system-out>
		<system-err>
<![CDATA[]]>		</system-err>
	</testcase>
	<testcase classname="hardware_sdk_otakeys.tests.test_rentals.RentalCoreTestCase" file="hardware_sdk_otakeys/tests/test_rentals.py" line="296" name="test_end_rental_from_rfid" time="0.052" timestamp="2022-07-25T11:01:12">
		<system-out>
<![CDATA[]]>		</system-out>
		<system-err>
<![CDATA[]]>		</system-err>
	</testcase>
	<testcase classname="hardware_sdk_otakeys.tests.test_rentals.RentalCoreTestCase" file="hardware_sdk_otakeys/tests/test_rentals.py" line="259" name="test_end_rental_in_private_mode" time="0.550" timestamp="2022-07-25T11:01:13">
		<system-out>
<![CDATA[]]>		</system-out>
		<system-err>
<![CDATA[]]>		</system-err>
	</testcase>
	<testcase classname="hardware_sdk_otakeys.tests.test_rentals.RentalCoreTestCase" file="hardware_sdk_otakeys/tests/test_rentals.py" line="109" name="test_end_rental_with_scheduled_service_rule" time="0.511" timestamp="2022-07-25T11:01:13">
		<system-out>
<![CDATA[]]>		</system-out>
		<system-err>
<![CDATA[]]>		</system-err>
	</testcase>
	<testcase classname="hardware_sdk_otakeys.tests.test_rentals.RentalCoreTestCase" file="hardware_sdk_otakeys/tests/test_rentals.py" line="125" name="test_loc_exempt" time="0.090" timestamp="2022-07-25T11:01:13">
		<system-out>
<![CDATA[]]>		</system-out>
		<system-err>
<![CDATA[]]>		</system-err>
	</testcase>
	<testcase classname="hardware_sdk_otakeys.tests.test_rentals.RentalCoreTestCase" file="hardware_sdk_otakeys/tests/test_rentals.py" line="161" name="test_loc_in_different_service" time="0.260" timestamp="2022-07-25T11:01:13">
		<system-out>
<![CDATA[]]>		</system-out>
		<system-err>
<![CDATA[]]>		</system-err>
	</testcase>
	<testcase classname="hardware_sdk_otakeys.tests.test_rentals.RentalCoreTestCase" file="hardware_sdk_otakeys/tests/test_rentals.py" line="101" name="test_loc_inside_service" time="0.074" timestamp="2022-07-25T11:01:14">
		<system-out>
<![CDATA[]]>		</system-out>
		<system-err>
<![CDATA[]]>		</system-err>
	</testcase>
	<testcase classname="hardware_sdk_otakeys.tests.test_rentals.RentalCoreTestCase" file="hardware_sdk_otakeys/tests/test_rentals.py" line="155" name="test_loc_nooverlap_border" time="0.074" timestamp="2022-07-25T11:01:14">
		<system-out>
<![CDATA[]]>		</system-out>
		<system-err>
<![CDATA[]]>		</system-err>
	</testcase>
	<testcase classname="hardware_sdk_otakeys.tests.test_rentals.RentalCoreTestCase" file="hardware_sdk_otakeys/tests/test_rentals.py" line="104" name="test_loc_not_serviced" time="0.084" timestamp="2022-07-25T11:01:14">
		<system-out>
<![CDATA[]]>		</system-out>
		<system-err>
<![CDATA[]]>		</system-err>
	</testcase>
	<testcase classname="hardware_sdk_otakeys.tests.test_rentals.RentalCoreTestCase" file="hardware_sdk_otakeys/tests/test_rentals.py" line="98" name="test_loc_outside_service" time="0.072" timestamp="2022-07-25T11:01:14">
		<system-out>
<![CDATA[]]>		</system-out>
		<system-err>
<![CDATA[]]>		</system-err>
	</testcase>
	<testcase classname="hardware_sdk_otakeys.tests.test_rentals.RentalCoreTestCase" file="hardware_sdk_otakeys/tests/test_rentals.py" line="144" name="test_loc_overlap_border" time="0.080" timestamp="2022-07-25T11:01:14">
		<system-out>
<![CDATA[]]>		</system-out>
		<system-err>
<![CDATA[]]>		</system-err>
	</testcase>
	<testcase classname="hardware_sdk_otakeys.tests.test_rentals.RentalCoreTestCase" file="hardware_sdk_otakeys/tests/test_rentals.py" line="348" name="test_mileage_driven" time="0.082" timestamp="2022-07-25T11:01:14">
		<system-out>
<![CDATA[]]>		</system-out>
		<system-err>
<![CDATA[]]>		</system-err>
	</testcase>
	<testcase classname="hardware_sdk_otakeys.tests.test_rentals.RentalCoreTestCase" file="hardware_sdk_otakeys/tests/test_rentals.py" line="139" name="test_overlapping_no_service" time="0.264" timestamp="2022-07-25T11:01:14">
		<system-out>
<![CDATA[]]>		</system-out>
		<system-err>
<![CDATA[]]>		</system-err>
	</testcase>
	<testcase classname="hardware_sdk_otakeys.tests.test_rentals.RentalCoreTestCase" file="hardware_sdk_otakeys/tests/test_rentals.py" line="130" name="test_overlapping_shapes" time="0.083" timestamp="2022-07-25T11:01:14">
		<system-out>
<![CDATA[]]>		</system-out>
		<system-err>
<![CDATA[]]>		</system-err>
	</testcase>
	<testcase classname="hardware_sdk_otakeys.tests.test_rentals.RentalCoreTestCase" file="hardware_sdk_otakeys/tests/test_rentals.py" line="231" name="test_rfid_outside" time="0.085" timestamp="2022-07-25T11:01:14">
		<system-out>
<![CDATA[]]>		</system-out>
		<system-err>
<![CDATA[]]>		</system-err>
	</testcase>
	<testcase classname="hardware_sdk_otakeys.tests.test_rentals.RentalCoreTestCase" file="hardware_sdk_otakeys/tests/test_rentals.py" line="343" name="test_update_booking" time="0.036" timestamp="2022-07-25T11:01:14">
		<system-out>
<![CDATA[]]>		</system-out>
		<system-err>
<![CDATA[]]>		</system-err>
	</testcase>
	<testcase classname="hardware_sdk_otakeys.tests.test_rentals.RentalCoreTestCase" file="hardware_sdk_otakeys/tests/test_rentals.py" line="307" name="test_update_reservation" time="0.585" timestamp="2022-07-25T11:01:15">
		<system-out>
<![CDATA[]]>		</system-out>
		<system-err>
<![CDATA[]]>		</system-err>
	</testcase>
	<testcase classname="hardware_sdk_otakeys.tests.test_rentals.RentalCoreTestCase" file="hardware_sdk_otakeys/tests/test_rentals.py" line="325" name="test_update_reservation_no_validity" time="0.609" timestamp="2022-07-25T11:01:16">
		<system-out>
<![CDATA[]]>		</system-out>
		<system-err>
<![CDATA[]]>		</system-err>
	</testcase>
	<testcase classname="hardware_sdk_otakeys.tests.test_rentals.RentalCoreTestCase" file="hardware_sdk_otakeys/tests/test_rentals.py" line="356" name="test_end_rental_with_wait_time" time="0.003" timestamp="2022-07-25T11:01:13">
		<skipped message="Needs more investigation. Fixes are welcome." type="skip"/>
		<system-out>
<![CDATA[]]>		</system-out>
		<system-err>
<![CDATA[]]>		</system-err>
	</testcase>
</testsuite>
