<?xml version="1.0" encoding="UTF-8"?>
<testsuite errors="0" failures="0" file="services/tests/tasks/test_services.py" name="services.tests.tasks.test_services.ServiceTasksTestCase-20220725104713" skipped="0" tests="1" time="0.495" timestamp="2022-07-25T10:51:18">
	<testcase classname="services.tests.tasks.test_services.ServiceTasksTestCase" file="services/tests/tasks/test_services.py" line="13" name="test_calendar_creation_task" time="0.495" timestamp="2022-07-25T10:51:18">
		<system-out>
<![CDATA[]]>		</system-out>
		<system-err>
<![CDATA[]]>		</system-err>
	</testcase>
</testsuite>
