<?xml version="1.0" encoding="UTF-8"?>
<testsuite errors="0" failures="0" file="pipelines/tests/utils/test_kafka_consumer_callbacks.py" name="pipelines.tests.utils.test_kafka_consumer_callbacks.ServiceSyncTests-20220725104819" skipped="1" tests="6" time="1.181" timestamp="2022-07-25T10:53:01">
	<testcase classname="pipelines.tests.utils.test_kafka_consumer_callbacks.ServiceSyncTests" file="pipelines/tests/utils/test_kafka_consumer_callbacks.py" line="217" name="test_creates_service_from_fleet_ops_message" time="0.151" timestamp="2022-07-25T10:53:00">
		<system-out>
<![CDATA[]]>		</system-out>
		<system-err>
<![CDATA[]]>		</system-err>
	</testcase>
	<testcase classname="pipelines.tests.utils.test_kafka_consumer_callbacks.ServiceSyncTests" file="pipelines/tests/utils/test_kafka_consumer_callbacks.py" line="254" name="test_creates_service_from_fleet_ops_message_without_integrations_attr" time="0.137" timestamp="2022-07-25T10:53:00">
		<system-out>
<![CDATA[]]>		</system-out>
		<system-err>
<![CDATA[]]>		</system-err>
	</testcase>
	<testcase classname="pipelines.tests.utils.test_kafka_consumer_callbacks.ServiceSyncTests" file="pipelines/tests/utils/test_kafka_consumer_callbacks.py" line="357" name="test_update_service_from_fleet_ops_message_action_delete" time="0.283" timestamp="2022-07-25T10:53:01">
		<system-out>
<![CDATA[]]>		</system-out>
		<system-err>
<![CDATA[]]>		</system-err>
	</testcase>
	<testcase classname="pipelines.tests.utils.test_kafka_consumer_callbacks.ServiceSyncTests" file="pipelines/tests/utils/test_kafka_consumer_callbacks.py" line="285" name="test_update_service_from_fleet_ops_message_set_market_none" time="0.317" timestamp="2022-07-25T10:53:01">
		<system-out>
<![CDATA[]]>		</system-out>
		<system-err>
<![CDATA[]]>		</system-err>
	</testcase>
	<testcase classname="pipelines.tests.utils.test_kafka_consumer_callbacks.ServiceSyncTests" file="pipelines/tests/utils/test_kafka_consumer_callbacks.py" line="321" name="test_update_service_from_fleet_ops_message_update_market_id" time="0.291" timestamp="2022-07-25T10:53:01">
		<system-out>
<![CDATA[]]>		</system-out>
		<system-err>
<![CDATA[]]>		</system-err>
	</testcase>
	<testcase classname="pipelines.tests.utils.test_kafka_consumer_callbacks.ServiceSyncTests" file="pipelines/tests/utils/test_kafka_consumer_callbacks.py" line="177" name="test_service_sync_creates_service" time="0.002" timestamp="2022-07-25T10:53:00">
		<skipped message="Broken, see RIDE-11916." type="skip"/>
		<system-out>
<![CDATA[]]>		</system-out>
		<system-err>
<![CDATA[]]>		</system-err>
	</testcase>
</testsuite>
