<?xml version="1.0" encoding="UTF-8"?>
<testsuite errors="0" failures="0" file="vehicles/tests/utils/test_goldpin_automation.py" name="vehicles.tests.utils.test_goldpin_automation.TestGoldPinVehicleGroupAutomation-20220725104622" skipped="0" tests="10" time="19.296" timestamp="2022-07-25T11:05:13">
	<testcase classname="vehicles.tests.utils.test_goldpin_automation.TestGoldPinVehicleGroupAutomation" file="vehicles/tests/utils/test_goldpin_automation.py" line="191" name="test_cancelled_rental_does_not_result_in_vehicle_state_change" time="2.059" timestamp="2022-07-25T11:04:55">
		<system-out>
<![CDATA[]]>		</system-out>
		<system-err>
<![CDATA[]]>		</system-err>
	</testcase>
	<testcase classname="vehicles.tests.utils.test_goldpin_automation.TestGoldPinVehicleGroupAutomation" file="vehicles/tests/utils/test_goldpin_automation.py" line="68" name="test_gold_pin_service_is_prioritized_when_finding_service_given_vehicle_and_customer" time="1.680" timestamp="2022-07-25T11:04:57">
		<system-out>
<![CDATA[]]>		</system-out>
		<system-err>
<![CDATA[]]>		</system-err>
	</testcase>
	<testcase classname="vehicles.tests.utils.test_goldpin_automation.TestGoldPinVehicleGroupAutomation" file="vehicles/tests/utils/test_goldpin_automation.py" line="134" name="test_marker_type_is_not_set_when_vehicle_goes_idle_without_gold_pin_configured_for_service" time="0.380" timestamp="2022-07-25T11:04:57">
		<system-out>
<![CDATA[]]>		</system-out>
		<system-err>
<![CDATA[]]>		</system-err>
	</testcase>
	<testcase classname="vehicles.tests.utils.test_goldpin_automation.TestGoldPinVehicleGroupAutomation" file="vehicles/tests/utils/test_goldpin_automation.py" line="138" name="test_marker_type_transitions_with_gold_pin_configured_for_service" time="2.727" timestamp="2022-07-25T11:05:00">
		<system-out>
<![CDATA[]]>		</system-out>
		<system-err>
<![CDATA[]]>		</system-err>
	</testcase>
	<testcase classname="vehicles.tests.utils.test_goldpin_automation.TestGoldPinVehicleGroupAutomation" file="vehicles/tests/utils/test_goldpin_automation.py" line="154" name="test_none_marker_type_transitions_with_gold_pin_configured_for_service" time="2.727" timestamp="2022-07-25T11:05:03">
		<system-out>
<![CDATA[]]>		</system-out>
		<system-err>
<![CDATA[]]>		</system-err>
	</testcase>
	<testcase classname="vehicles.tests.utils.test_goldpin_automation.TestGoldPinVehicleGroupAutomation" file="vehicles/tests/utils/test_goldpin_automation.py" line="55" name="test_vehicle_added_to_gold_pin_vehicle_group_on_idle_alert" time="1.661" timestamp="2022-07-25T11:05:05">
		<system-out>
<![CDATA[]]>		</system-out>
		<system-err>
<![CDATA[]]>		</system-err>
	</testcase>
	<testcase classname="vehicles.tests.utils.test_goldpin_automation.TestGoldPinVehicleGroupAutomation" file="vehicles/tests/utils/test_goldpin_automation.py" line="122" name="test_vehicle_group_is_not_removed_if_not_gold_pin" time="2.387" timestamp="2022-07-25T11:05:07">
		<system-out>
<![CDATA[]]>		</system-out>
		<system-err>
<![CDATA[]]>		</system-err>
	</testcase>
	<testcase classname="vehicles.tests.utils.test_goldpin_automation.TestGoldPinVehicleGroupAutomation" file="vehicles/tests/utils/test_goldpin_automation.py" line="91" name="test_vehicle_is_not_added_to_gold_pin_vehicle_group_if_service_is_not_configured" time="0.390" timestamp="2022-07-25T11:05:07">
		<system-out>
<![CDATA[]]>		</system-out>
		<system-err>
<![CDATA[]]>		</system-err>
	</testcase>
	<testcase classname="vehicles.tests.utils.test_goldpin_automation.TestGoldPinVehicleGroupAutomation" file="vehicles/tests/utils/test_goldpin_automation.py" line="108" name="test_vehicle_is_removed_from_discount_groups_when_rental_ends" time="2.656" timestamp="2022-07-25T11:05:10">
		<system-out>
<![CDATA[]]>		</system-out>
		<system-err>
<![CDATA[]]>		</system-err>
	</testcase>
	<testcase classname="vehicles.tests.utils.test_goldpin_automation.TestGoldPinVehicleGroupAutomation" file="vehicles/tests/utils/test_goldpin_automation.py" line="176" name="test_vehicle_type_transitions_with_config_enabled" time="2.629" timestamp="2022-07-25T11:05:13">
		<system-out>
<![CDATA[]]>		</system-out>
		<system-err>
<![CDATA[]]>		</system-err>
	</testcase>
</testsuite>
