<?xml version="1.0" encoding="UTF-8"?>
<testsuite errors="0" failures="0" file="users/tests/apis/v2/test_supplier_companies.py" name="users.tests.apis.v2.test_supplier_companies.TestServiceTypeAPIV2AsCustomer-20220725104545" skipped="0" tests="2" time="0.744" timestamp="2022-07-25T11:02:45">
	<testcase classname="users.tests.apis.v2.test_supplier_companies.TestServiceTypeAPIV2AsCustomer" file="users/tests/apis/v2/test_supplier_companies.py" line="46" name="test_get" time="0.399" timestamp="2022-07-25T11:02:45">
		<system-out>
<![CDATA[]]>		</system-out>
		<system-err>
<![CDATA[]]>		</system-err>
	</testcase>
	<testcase classname="users.tests.apis.v2.test_supplier_companies.TestServiceTypeAPIV2AsCustomer" file="users/tests/apis/v2/test_supplier_companies.py" line="50" name="test_post" time="0.344" timestamp="2022-07-25T11:02:45">
		<system-out>
<![CDATA[]]>		</system-out>
		<system-err>
<![CDATA[]]>		</system-err>
	</testcase>
</testsuite>
