<?xml version="1.0" encoding="UTF-8"?>
<testsuite errors="0" failures="0" file="users/tests/signals/test_carsharing_customers.py" name="users.tests.signals.test_carsharing_customers.TestCustomerSignals-20220725104622" skipped="0" tests="3" time="0.821" timestamp="2022-07-25T10:46:42">
	<testcase classname="users.tests.signals.test_carsharing_customers.TestCustomerSignals" file="users/tests/signals/test_carsharing_customers.py" line="89" name="test_send_customer_registration_event_on_save" time="0.400" timestamp="2022-07-25T10:46:42">
		<system-out>
<![CDATA[]]>		</system-out>
		<system-err>
<![CDATA[]]>		</system-err>
	</testcase>
	<testcase classname="users.tests.signals.test_carsharing_customers.TestCustomerSignals" file="users/tests/signals/test_carsharing_customers.py" line="102" name="test_send_member_update_when_bulk_adding_users_to_user_group" time="0.291" timestamp="2022-07-25T10:46:42">
		<system-out>
<![CDATA[]]>		</system-out>
		<system-err>
<![CDATA[]]>		</system-err>
	</testcase>
	<testcase classname="users.tests.signals.test_carsharing_customers.TestCustomerSignals" file="users/tests/signals/test_carsharing_customers.py" line="73" name="test_send_sign_up_credit_card_entered_event_only_on_first_credit_card_save" time="0.130" timestamp="2022-07-25T10:46:42">
		<system-out>
<![CDATA[]]>		</system-out>
		<system-err>
<![CDATA[]]>		</system-err>
	</testcase>
</testsuite>
