<?xml version="1.0" encoding="UTF-8"?>
<testsuite errors="0" failures="0" file="payments/tests/utils/test_carsharing_payment_utils.py" name="payments.tests.utils.test_carsharing_payment_utils.TestShortTripFareCalculation-20220725104819" skipped="0" tests="5" time="3.447" timestamp="2022-07-25T10:51:52">
	<testcase classname="payments.tests.utils.test_carsharing_payment_utils.TestShortTripFareCalculation" file="payments/tests/utils/test_carsharing_payment_utils.py" line="249" name="test_cap_is_hit" time="0.709" timestamp="2022-07-25T10:51:49">
		<system-out>
<![CDATA[]]>		</system-out>
		<system-err>
<![CDATA[]]>		</system-err>
	</testcase>
	<testcase classname="payments.tests.utils.test_carsharing_payment_utils.TestShortTripFareCalculation" file="payments/tests/utils/test_carsharing_payment_utils.py" line="266" name="test_cap_is_hit_nonnegative_drive_fare" time="0.743" timestamp="2022-07-25T10:51:50">
		<system-out>
<![CDATA[]]>		</system-out>
		<system-err>
<![CDATA[]]>		</system-err>
	</testcase>
	<testcase classname="payments.tests.utils.test_carsharing_payment_utils.TestShortTripFareCalculation" file="payments/tests/utils/test_carsharing_payment_utils.py" line="291" name="test_fare_includes_time_and_distance" time="0.623" timestamp="2022-07-25T10:51:51">
		<system-out>
<![CDATA[]]>		</system-out>
		<system-err>
<![CDATA[]]>		</system-err>
	</testcase>
	<testcase classname="payments.tests.utils.test_carsharing_payment_utils.TestShortTripFareCalculation" file="payments/tests/utils/test_carsharing_payment_utils.py" line="312" name="test_mileage_rounding" time="0.684" timestamp="2022-07-25T10:51:51">
		<system-out>
<![CDATA[]]>		</system-out>
		<system-err>
<![CDATA[]]>		</system-err>
	</testcase>
	<testcase classname="payments.tests.utils.test_carsharing_payment_utils.TestShortTripFareCalculation" file="payments/tests/utils/test_carsharing_payment_utils.py" line="258" name="test_no_distance" time="0.689" timestamp="2022-07-25T10:51:52">
		<system-out>
<![CDATA[]]>		</system-out>
		<system-err>
<![CDATA[]]>		</system-err>
	</testcase>
</testsuite>
