<?xml version="1.0" encoding="UTF-8"?>
<testsuite errors="0" failures="0" file="vehicle_automation/tests/test_automation_apis.py" name="vehicle_automation.tests.test_automation_apis.AutomationSettingItemsAPITestCase-20220725104622" skipped="0" tests="58" time="45.548" timestamp="2022-07-25T10:50:58">
	<testcase classname="vehicle_automation.tests.test_automation_apis.AutomationSettingItemsAPITestCase" file="vehicle_automation/tests/test_automation_apis.py" line="1681" name="test_automation_setting_item_operator_validation" time="0.668" timestamp="2022-07-25T10:50:13">
		<system-out>
<![CDATA[]]>		</system-out>
		<system-err>
<![CDATA[]]>		</system-err>
	</testcase>
	<testcase classname="vehicle_automation.tests.test_automation_apis.AutomationSettingItemsAPITestCase" file="vehicle_automation/tests/test_automation_apis.py" line="1642" name="test_automation_setting_item_type_coercion" time="1.243" timestamp="2022-07-25T10:50:14">
		<system-out>
<![CDATA[]]>		</system-out>
		<system-err>
<![CDATA[]]>		</system-err>
	</testcase>
	<testcase classname="vehicle_automation.tests.test_automation_apis.AutomationSettingItemsAPITestCase" file="vehicle_automation/tests/test_automation_apis.py" line="460" name="test_bulk_create_automation_setting_items" time="0.699" timestamp="2022-07-25T10:50:15">
		<system-out>
<![CDATA[]]>		</system-out>
		<system-err>
<![CDATA[]]>		</system-err>
	</testcase>
	<testcase classname="vehicle_automation.tests.test_automation_apis.AutomationSettingItemsAPITestCase" file="vehicle_automation/tests/test_automation_apis.py" line="492" name="test_bulk_create_automation_settings_details_allow_empty_markets" time="0.955" timestamp="2022-07-25T10:50:15">
		<system-out>
<![CDATA[]]>		</system-out>
		<system-err>
<![CDATA[]]>		</system-err>
	</testcase>
	<testcase classname="vehicle_automation.tests.test_automation_apis.AutomationSettingItemsAPITestCase" file="vehicle_automation/tests/test_automation_apis.py" line="541" name="test_bulk_create_automation_settings_details_allow_empty_services" time="0.740" timestamp="2022-07-25T10:50:16">
		<system-out>
<![CDATA[]]>		</system-out>
		<system-err>
<![CDATA[]]>		</system-err>
	</testcase>
	<testcase classname="vehicle_automation.tests.test_automation_apis.AutomationSettingItemsAPITestCase" file="vehicle_automation/tests/test_automation_apis.py" line="878" name="test_bulk_create_automation_settings_details_invalid_markets" time="0.861" timestamp="2022-07-25T10:50:17">
		<system-out>
<![CDATA[]]>		</system-out>
		<system-err>
<![CDATA[]]>		</system-err>
	</testcase>
	<testcase classname="vehicle_automation.tests.test_automation_apis.AutomationSettingItemsAPITestCase" file="vehicle_automation/tests/test_automation_apis.py" line="901" name="test_bulk_create_automation_settings_details_invalid_services" time="0.783" timestamp="2022-07-25T10:50:18">
		<system-out>
<![CDATA[]]>		</system-out>
		<system-err>
<![CDATA[]]>		</system-err>
	</testcase>
	<testcase classname="vehicle_automation.tests.test_automation_apis.AutomationSettingItemsAPITestCase" file="vehicle_automation/tests/test_automation_apis.py" line="923" name="test_bulk_create_automation_settings_details_invalid_vehicle_types" time="0.658" timestamp="2022-07-25T10:50:19">
		<system-out>
<![CDATA[]]>		</system-out>
		<system-err>
<![CDATA[]]>		</system-err>
	</testcase>
	<testcase classname="vehicle_automation.tests.test_automation_apis.AutomationSettingItemsAPITestCase" file="vehicle_automation/tests/test_automation_apis.py" line="589" name="test_bulk_create_automation_settings_details_should_not_allow_empty_markets_services" time="0.772" timestamp="2022-07-25T10:50:19">
		<system-out>
<![CDATA[]]>		</system-out>
		<system-err>
<![CDATA[]]>		</system-err>
	</testcase>
	<testcase classname="vehicle_automation.tests.test_automation_apis.AutomationSettingItemsAPITestCase" file="vehicle_automation/tests/test_automation_apis.py" line="612" name="test_bulk_create_must_provide_move_to_maintenance_vehicle_group_id_with_move_to_maintenance_status" time="0.733" timestamp="2022-07-25T10:50:20">
		<system-out>
<![CDATA[]]>		</system-out>
		<system-err>
<![CDATA[]]>		</system-err>
	</testcase>
	<testcase classname="vehicle_automation.tests.test_automation_apis.AutomationSettingItemsAPITestCase" file="vehicle_automation/tests/test_automation_apis.py" line="1478" name="test_bulk_create_power_lost" time="0.735" timestamp="2022-07-25T10:50:21">
		<system-out>
<![CDATA[]]>		</system-out>
		<system-err>
<![CDATA[]]>		</system-err>
	</testcase>
	<testcase classname="vehicle_automation.tests.test_automation_apis.AutomationSettingItemsAPITestCase" file="vehicle_automation/tests/test_automation_apis.py" line="1091" name="test_delete_automation_settings" time="0.847" timestamp="2022-07-25T10:50:22">
		<system-out>
<![CDATA[]]>		</system-out>
		<system-err>
<![CDATA[]]>		</system-err>
	</testcase>
	<testcase classname="vehicle_automation.tests.test_automation_apis.AutomationSettingItemsAPITestCase" file="vehicle_automation/tests/test_automation_apis.py" line="1240" name="test_get_automation_setting_items_by_automation_setting_type_id" time="0.900" timestamp="2022-07-25T10:50:23">
		<system-out>
<![CDATA[]]>		</system-out>
		<system-err>
<![CDATA[]]>		</system-err>
	</testcase>
	<testcase classname="vehicle_automation.tests.test_automation_apis.AutomationSettingItemsAPITestCase" file="vehicle_automation/tests/test_automation_apis.py" line="1160" name="test_get_automation_setting_items_by_automation_type" time="0.723" timestamp="2022-07-25T10:50:23">
		<system-out>
<![CDATA[]]>		</system-out>
		<system-err>
<![CDATA[]]>		</system-err>
	</testcase>
	<testcase classname="vehicle_automation.tests.test_automation_apis.AutomationSettingItemsAPITestCase" file="vehicle_automation/tests/test_automation_apis.py" line="1211" name="test_get_automation_setting_items_by_market_ids" time="0.780" timestamp="2022-07-25T10:50:24">
		<system-out>
<![CDATA[]]>		</system-out>
		<system-err>
<![CDATA[]]>		</system-err>
	</testcase>
	<testcase classname="vehicle_automation.tests.test_automation_apis.AutomationSettingItemsAPITestCase" file="vehicle_automation/tests/test_automation_apis.py" line="1308" name="test_get_automation_setting_items_by_market_name" time="0.774" timestamp="2022-07-25T10:50:25">
		<system-out>
<![CDATA[]]>		</system-out>
		<system-err>
<![CDATA[]]>		</system-err>
	</testcase>
	<testcase classname="vehicle_automation.tests.test_automation_apis.AutomationSettingItemsAPITestCase" file="vehicle_automation/tests/test_automation_apis.py" line="1181" name="test_get_automation_setting_items_by_service_ids" time="0.954" timestamp="2022-07-25T10:50:26">
		<system-out>
<![CDATA[]]>		</system-out>
		<system-err>
<![CDATA[]]>		</system-err>
	</testcase>
	<testcase classname="vehicle_automation.tests.test_automation_apis.AutomationSettingItemsAPITestCase" file="vehicle_automation/tests/test_automation_apis.py" line="1195" name="test_get_automation_setting_items_by_service_ids_command_separated" time="0.908" timestamp="2022-07-25T10:50:27">
		<system-out>
<![CDATA[]]>		</system-out>
		<system-err>
<![CDATA[]]>		</system-err>
	</testcase>
	<testcase classname="vehicle_automation.tests.test_automation_apis.AutomationSettingItemsAPITestCase" file="vehicle_automation/tests/test_automation_apis.py" line="1329" name="test_get_automation_setting_items_by_service_name" time="1.569" timestamp="2022-07-25T10:50:28">
		<system-out>
<![CDATA[]]>		</system-out>
		<system-err>
<![CDATA[]]>		</system-err>
	</testcase>
	<testcase classname="vehicle_automation.tests.test_automation_apis.AutomationSettingItemsAPITestCase" file="vehicle_automation/tests/test_automation_apis.py" line="1149" name="test_get_automation_setting_items_by_status" time="0.823" timestamp="2022-07-25T10:50:29">
		<system-out>
<![CDATA[]]>		</system-out>
		<system-err>
<![CDATA[]]>		</system-err>
	</testcase>
	<testcase classname="vehicle_automation.tests.test_automation_apis.AutomationSettingItemsAPITestCase" file="vehicle_automation/tests/test_automation_apis.py" line="1225" name="test_get_automation_setting_items_by_vehicle_type_ids" time="0.866" timestamp="2022-07-25T10:50:30">
		<system-out>
<![CDATA[]]>		</system-out>
		<system-err>
<![CDATA[]]>		</system-err>
	</testcase>
	<testcase classname="vehicle_automation.tests.test_automation_apis.AutomationSettingItemsAPITestCase" file="vehicle_automation/tests/test_automation_apis.py" line="1355" name="test_get_automation_setting_items_by_vehicle_type_name" time="0.992" timestamp="2022-07-25T10:50:31">
		<system-out>
<![CDATA[]]>		</system-out>
		<system-err>
<![CDATA[]]>		</system-err>
	</testcase>
	<testcase classname="vehicle_automation.tests.test_automation_apis.AutomationSettingItemsAPITestCase" file="vehicle_automation/tests/test_automation_apis.py" line="987" name="test_get_automation_setting_items_details" time="0.806" timestamp="2022-07-25T10:50:32">
		<system-out>
<![CDATA[]]>		</system-out>
		<system-err>
<![CDATA[]]>		</system-err>
	</testcase>
	<testcase classname="vehicle_automation.tests.test_automation_apis.AutomationSettingItemsAPITestCase" file="vehicle_automation/tests/test_automation_apis.py" line="1606" name="test_get_automation_setting_items_power_lost_automation_subtype" time="0.859" timestamp="2022-07-25T10:50:33">
		<system-out>
<![CDATA[]]>		</system-out>
		<system-err>
<![CDATA[]]>		</system-err>
	</testcase>
	<testcase classname="vehicle_automation.tests.test_automation_apis.AutomationSettingItemsAPITestCase" file="vehicle_automation/tests/test_automation_apis.py" line="1086" name="test_get_automation_settings_by_invalid_service" time="0.688" timestamp="2022-07-25T10:50:33">
		<system-out>
<![CDATA[]]>		</system-out>
		<system-err>
<![CDATA[]]>		</system-err>
	</testcase>
	<testcase classname="vehicle_automation.tests.test_automation_apis.AutomationSettingItemsAPITestCase" file="vehicle_automation/tests/test_automation_apis.py" line="1050" name="test_get_automation_settings_by_service" time="0.748" timestamp="2022-07-25T10:50:34">
		<system-out>
<![CDATA[]]>		</system-out>
		<system-err>
<![CDATA[]]>		</system-err>
	</testcase>
	<testcase classname="vehicle_automation.tests.test_automation_apis.AutomationSettingItemsAPITestCase" file="vehicle_automation/tests/test_automation_apis.py" line="1258" name="test_get_automation_settings_search_by_display_name_job_type_xid" time="0.799" timestamp="2022-07-25T10:50:35">
		<system-out>
<![CDATA[]]>		</system-out>
		<system-err>
<![CDATA[]]>		</system-err>
	</testcase>
	<testcase classname="vehicle_automation.tests.test_automation_apis.AutomationSettingItemsAPITestCase" file="vehicle_automation/tests/test_automation_apis.py" line="1282" name="test_get_automation_settings_search_with_multi_word" time="0.921" timestamp="2022-07-25T10:50:36">
		<system-out>
<![CDATA[]]>		</system-out>
		<system-err>
<![CDATA[]]>		</system-err>
	</testcase>
	<testcase classname="vehicle_automation.tests.test_automation_apis.AutomationSettingItemsAPITestCase" file="vehicle_automation/tests/test_automation_apis.py" line="1022" name="test_list_automation_setting_item" time="0.814" timestamp="2022-07-25T10:50:37">
		<system-out>
<![CDATA[]]>		</system-out>
		<system-err>
<![CDATA[]]>		</system-err>
	</testcase>
	<testcase classname="vehicle_automation.tests.test_automation_apis.AutomationSettingItemsAPITestCase" file="vehicle_automation/tests/test_automation_apis.py" line="1029" name="test_list_automation_setting_item_does_not_return_soft_deleted_items" time="0.816" timestamp="2022-07-25T10:50:37">
		<system-out>
<![CDATA[]]>		</system-out>
		<system-err>
<![CDATA[]]>		</system-err>
	</testcase>
	<testcase classname="vehicle_automation.tests.test_automation_apis.AutomationSettingItemsAPITestCase" file="vehicle_automation/tests/test_automation_apis.py" line="1041" name="test_list_automation_setting_items_with_pagination" time="0.677" timestamp="2022-07-25T10:50:38">
		<system-out>
<![CDATA[]]>		</system-out>
		<system-err>
<![CDATA[]]>		</system-err>
	</testcase>
	<testcase classname="vehicle_automation.tests.test_automation_apis.AutomationSettingItemsAPITestCase" file="vehicle_automation/tests/test_automation_apis.py" line="944" name="test_patch_automation_setting_items" time="0.752" timestamp="2022-07-25T10:50:39">
		<system-out>
<![CDATA[]]>		</system-out>
		<system-err>
<![CDATA[]]>		</system-err>
	</testcase>
	<testcase classname="vehicle_automation.tests.test_automation_apis.AutomationSettingItemsAPITestCase" file="vehicle_automation/tests/test_automation_apis.py" line="1522" name="test_patch_automation_setting_items_power_lost_automation_subtype" time="0.868" timestamp="2022-07-25T10:50:40">
		<system-out>
<![CDATA[]]>		</system-out>
		<system-err>
<![CDATA[]]>		</system-err>
	</testcase>
	<testcase classname="vehicle_automation.tests.test_automation_apis.AutomationSettingItemsAPITestCase" file="vehicle_automation/tests/test_automation_apis.py" line="1564" name="test_patch_automation_setting_items_power_lost_automation_subtype_value_none" time="0.827" timestamp="2022-07-25T10:50:41">
		<system-out>
<![CDATA[]]>		</system-out>
		<system-err>
<![CDATA[]]>		</system-err>
	</testcase>
	<testcase classname="vehicle_automation.tests.test_automation_apis.AutomationSettingItemsAPITestCase" file="vehicle_automation/tests/test_automation_apis.py" line="665" name="test_patch_automation_setting_items_should_allow_empty_markets_with_existing_services" time="0.886" timestamp="2022-07-25T10:50:41">
		<system-out>
<![CDATA[]]>		</system-out>
		<system-err>
<![CDATA[]]>		</system-err>
	</testcase>
	<testcase classname="vehicle_automation.tests.test_automation_apis.AutomationSettingItemsAPITestCase" file="vehicle_automation/tests/test_automation_apis.py" line="635" name="test_patch_automation_setting_items_should_not_allow_empty_markets_services" time="0.711" timestamp="2022-07-25T10:50:42">
		<system-out>
<![CDATA[]]>		</system-out>
		<system-err>
<![CDATA[]]>		</system-err>
	</testcase>
	<testcase classname="vehicle_automation.tests.test_automation_apis.AutomationSettingItemsAPITestCase" file="vehicle_automation/tests/test_automation_apis.py" line="648" name="test_patch_automation_setting_items_should_not_allow_empty_markets_with_existing_empty_services" time="0.673" timestamp="2022-07-25T10:50:43">
		<system-out>
<![CDATA[]]>		</system-out>
		<system-err>
<![CDATA[]]>		</system-err>
	</testcase>
	<testcase classname="vehicle_automation.tests.test_automation_apis.AutomationSettingItemsAPITestCase" file="vehicle_automation/tests/test_automation_apis.py" line="683" name="test_patch_automation_setting_items_should_not_allow_empty_markets_with_non_existing_services" time="0.747" timestamp="2022-07-25T10:50:44">
		<system-out>
<![CDATA[]]>		</system-out>
		<system-err>
<![CDATA[]]>		</system-err>
	</testcase>
	<testcase classname="vehicle_automation.tests.test_automation_apis.AutomationSettingItemsAPITestCase" file="vehicle_automation/tests/test_automation_apis.py" line="701" name="test_patch_automation_setting_items_should_not_allow_empty_services_with_existing_empty_markets" time="0.702" timestamp="2022-07-25T10:50:44">
		<system-out>
<![CDATA[]]>		</system-out>
		<system-err>
<![CDATA[]]>		</system-err>
	</testcase>
	<testcase classname="vehicle_automation.tests.test_automation_apis.AutomationSettingItemsAPITestCase" file="vehicle_automation/tests/test_automation_apis.py" line="836" name="test_patch_damage_report_automation_with_invalid_data_type" time="0.710" timestamp="2022-07-25T10:50:45">
		<system-out>
<![CDATA[]]>		</system-out>
		<system-err>
<![CDATA[]]>		</system-err>
	</testcase>
	<testcase classname="vehicle_automation.tests.test_automation_apis.AutomationSettingItemsAPITestCase" file="vehicle_automation/tests/test_automation_apis.py" line="816" name="test_patch_damage_report_automation_with_invalid_operator" time="0.754" timestamp="2022-07-25T10:50:46">
		<system-out>
<![CDATA[]]>		</system-out>
		<system-err>
<![CDATA[]]>		</system-err>
	</testcase>
	<testcase classname="vehicle_automation.tests.test_automation_apis.AutomationSettingItemsAPITestCase" file="vehicle_automation/tests/test_automation_apis.py" line="856" name="test_patch_move_to_available_status_false" time="0.708" timestamp="2022-07-25T10:50:46">
		<system-out>
<![CDATA[]]>		</system-out>
		<system-err>
<![CDATA[]]>		</system-err>
	</testcase>
	<testcase classname="vehicle_automation.tests.test_automation_apis.AutomationSettingItemsAPITestCase" file="vehicle_automation/tests/test_automation_apis.py" line="754" name="test_patch_move_to_maintenance_status_false" time="0.665" timestamp="2022-07-25T10:50:47">
		<system-out>
<![CDATA[]]>		</system-out>
		<system-err>
<![CDATA[]]>		</system-err>
	</testcase>
	<testcase classname="vehicle_automation.tests.test_automation_apis.AutomationSettingItemsAPITestCase" file="vehicle_automation/tests/test_automation_apis.py" line="718" name="test_patch_move_to_maintenance_vehicle_group_id_with_move_to_maintenance_status" time="0.710" timestamp="2022-07-25T10:50:48">
		<system-out>
<![CDATA[]]>		</system-out>
		<system-err>
<![CDATA[]]>		</system-err>
	</testcase>
	<testcase classname="vehicle_automation.tests.test_automation_apis.AutomationSettingItemsAPITestCase" file="vehicle_automation/tests/test_automation_apis.py" line="736" name="test_patch_must_provide_move_to_maintenance_vehicle_group_id_with_move_to_maintenance_status" time="0.696" timestamp="2022-07-25T10:50:49">
		<system-out>
<![CDATA[]]>		</system-out>
		<system-err>
<![CDATA[]]>		</system-err>
	</testcase>
	<testcase classname="vehicle_automation.tests.test_automation_apis.AutomationSettingItemsAPITestCase" file="vehicle_automation/tests/test_automation_apis.py" line="797" name="test_patch_must_set_move_to_maintenance_status_with_existing_move_to_available_status_false" time="0.991" timestamp="2022-07-25T10:50:50">
		<system-out>
<![CDATA[]]>		</system-out>
		<system-err>
<![CDATA[]]>		</system-err>
	</testcase>
	<testcase classname="vehicle_automation.tests.test_automation_apis.AutomationSettingItemsAPITestCase" file="vehicle_automation/tests/test_automation_apis.py" line="774" name="test_patch_must_set_move_to_maintenance_status_with_move_to_available_status" time="0.694" timestamp="2022-07-25T10:50:50">
		<system-out>
<![CDATA[]]>		</system-out>
		<system-err>
<![CDATA[]]>		</system-err>
	</testcase>
	<testcase classname="vehicle_automation.tests.test_automation_apis.AutomationSettingItemsAPITestCase" file="vehicle_automation/tests/test_automation_apis.py" line="211" name="test_post_automation_setting_items" time="0.671" timestamp="2022-07-25T10:50:51">
		<system-out>
<![CDATA[]]>		</system-out>
		<system-err>
<![CDATA[]]>		</system-err>
	</testcase>
	<testcase classname="vehicle_automation.tests.test_automation_apis.AutomationSettingItemsAPITestCase" file="vehicle_automation/tests/test_automation_apis.py" line="1100" name="test_post_automation_setting_items_invalid_reminder_input_data_type" time="0.677" timestamp="2022-07-25T10:50:52">
		<system-out>
<![CDATA[]]>		</system-out>
		<system-err>
<![CDATA[]]>		</system-err>
	</testcase>
	<testcase classname="vehicle_automation.tests.test_automation_apis.AutomationSettingItemsAPITestCase" file="vehicle_automation/tests/test_automation_apis.py" line="1129" name="test_post_automation_setting_items_invalid_reminder_input_value" time="0.653" timestamp="2022-07-25T10:50:52">
		<system-out>
<![CDATA[]]>		</system-out>
		<system-err>
<![CDATA[]]>		</system-err>
	</testcase>
	<testcase classname="vehicle_automation.tests.test_automation_apis.AutomationSettingItemsAPITestCase" file="vehicle_automation/tests/test_automation_apis.py" line="1744" name="test_post_automation_setting_items_job_type_xid_none" time="0.691" timestamp="2022-07-25T10:50:53">
		<system-out>
<![CDATA[]]>		</system-out>
		<system-err>
<![CDATA[]]>		</system-err>
	</testcase>
	<testcase classname="vehicle_automation.tests.test_automation_apis.AutomationSettingItemsAPITestCase" file="vehicle_automation/tests/test_automation_apis.py" line="1388" name="test_post_automation_setting_items_power_lost_automation_subtype" time="0.656" timestamp="2022-07-25T10:50:54">
		<system-out>
<![CDATA[]]>		</system-out>
		<system-err>
<![CDATA[]]>		</system-err>
	</testcase>
	<testcase classname="vehicle_automation.tests.test_automation_apis.AutomationSettingItemsAPITestCase" file="vehicle_automation/tests/test_automation_apis.py" line="1423" name="test_post_automation_setting_items_power_lost_automation_subtype_value_false" time="0.642" timestamp="2022-07-25T10:50:54">
		<system-out>
<![CDATA[]]>		</system-out>
		<system-err>
<![CDATA[]]>		</system-err>
	</testcase>
	<testcase classname="vehicle_automation.tests.test_automation_apis.AutomationSettingItemsAPITestCase" file="vehicle_automation/tests/test_automation_apis.py" line="264" name="test_post_automation_setting_items_with_recommendation" time="0.677" timestamp="2022-07-25T10:50:55">
		<system-out>
<![CDATA[]]>		</system-out>
		<system-err>
<![CDATA[]]>		</system-err>
	</testcase>
	<testcase classname="vehicle_automation.tests.test_automation_apis.AutomationSettingItemsAPITestCase" file="vehicle_automation/tests/test_automation_apis.py" line="1692" name="test_post_automation_setting_items_without_job_type_xid" time="0.700" timestamp="2022-07-25T10:50:56">
		<system-out>
<![CDATA[]]>		</system-out>
		<system-err>
<![CDATA[]]>		</system-err>
	</testcase>
	<testcase classname="vehicle_automation.tests.test_automation_apis.AutomationSettingItemsAPITestCase" file="vehicle_automation/tests/test_automation_apis.py" line="323" name="test_post_automation_setting_items_without_vendor" time="0.651" timestamp="2022-07-25T10:50:56">
		<system-out>
<![CDATA[]]>		</system-out>
		<system-err>
<![CDATA[]]>		</system-err>
	</testcase>
	<testcase classname="vehicle_automation.tests.test_automation_apis.AutomationSettingItemsAPITestCase" file="vehicle_automation/tests/test_automation_apis.py" line="401" name="test_post_vehicle_damage_report_item_with_correct_type_and_operator" time="0.672" timestamp="2022-07-25T10:50:57">
		<system-out>
<![CDATA[]]>		</system-out>
		<system-err>
<![CDATA[]]>		</system-err>
	</testcase>
	<testcase classname="vehicle_automation.tests.test_automation_apis.AutomationSettingItemsAPITestCase" file="vehicle_automation/tests/test_automation_apis.py" line="371" name="test_post_vehicle_damage_report_item_with_incorrect_type_and_operator_fails" time="0.649" timestamp="2022-07-25T10:50:58">
		<system-out>
<![CDATA[]]>		</system-out>
		<system-err>
<![CDATA[]]>		</system-err>
	</testcase>
</testsuite>
