<?xml version="1.0" encoding="UTF-8"?>
<testsuite errors="0" failures="0" file="users/tests/apis/test_customers.py" name="users.tests.apis.test_customers.TestCustomersAPIManager-20220725104545" skipped="0" tests="1" time="0.898" timestamp="2022-07-25T10:54:08">
	<testcase classname="users.tests.apis.test_customers.TestCustomersAPIManager" file="users/tests/apis/test_customers.py" line="1139" name="test_manager_has_access_to_customer" time="0.898" timestamp="2022-07-25T10:54:08">
		<system-out>
<![CDATA[]]>		</system-out>
		<system-err>
<![CDATA[]]>		</system-err>
	</testcase>
</testsuite>
