<?xml version="1.0" encoding="UTF-8"?>
<testsuite errors="0" failures="0" file="rentals/tests/apis/v3/test_scheduling.py" name="rentals.tests.apis.v3.test_scheduling.TestSRDateTimeAPIPeriodTwoPeriodsNonContiguousMidDayBreak-20220725105046" skipped="0" tests="4" time="2.409" timestamp="2022-07-25T10:58:40">
	<testcase classname="rentals.tests.apis.v3.test_scheduling.TestSRDateTimeAPIPeriodTwoPeriodsNonContiguousMidDayBreak" file="rentals/tests/apis/v3/test_scheduling.py" line="4272" name="test_end_dates" time="0.894" timestamp="2022-07-25T10:58:39">
		<system-out>
<![CDATA[]]>		</system-out>
		<system-err>
<![CDATA[]]>		</system-err>
	</testcase>
	<testcase classname="rentals.tests.apis.v3.test_scheduling.TestSRDateTimeAPIPeriodTwoPeriodsNonContiguousMidDayBreak" file="rentals/tests/apis/v3/test_scheduling.py" line="4293" name="test_end_times" time="0.567" timestamp="2022-07-25T10:58:39">
		<system-out>
<![CDATA[]]>		</system-out>
		<system-err>
<![CDATA[/usr/local/lib/python3.6/dist-packages/django/db/models/fields/__init__.py:1369: RuntimeWarning: DateTimeField PlannedOutage.start_date_time received a naive datetime (2019-12-18 00:00:00) while time zone support is active.
  RuntimeWarning)
]]>		</system-err>
	</testcase>
	<testcase classname="rentals.tests.apis.v3.test_scheduling.TestSRDateTimeAPIPeriodTwoPeriodsNonContiguousMidDayBreak" file="rentals/tests/apis/v3/test_scheduling.py" line="4251" name="test_start_dates" time="0.418" timestamp="2022-07-25T10:58:40">
		<system-out>
<![CDATA[]]>		</system-out>
		<system-err>
<![CDATA[]]>		</system-err>
	</testcase>
	<testcase classname="rentals.tests.apis.v3.test_scheduling.TestSRDateTimeAPIPeriodTwoPeriodsNonContiguousMidDayBreak" file="rentals/tests/apis/v3/test_scheduling.py" line="4257" name="test_start_times" time="0.529" timestamp="2022-07-25T10:58:40">
		<system-out>
<![CDATA[]]>		</system-out>
		<system-err>
<![CDATA[]]>		</system-err>
	</testcase>
</testsuite>
