<?xml version="1.0" encoding="UTF-8"?>
<testsuite errors="0" failures="0" file="vehicle_cameras/tests/test_serializers.py" name="vehicle_cameras.tests.test_serializers.TestDashcamReportsV1-20220725104622" skipped="0" tests="6" time="0.557" timestamp="2022-07-25T10:57:00">
	<testcase classname="vehicle_cameras.tests.test_serializers.TestDashcamReportsV1" file="vehicle_cameras/tests/test_serializers.py" line="151" name="test_bad_camera_location" time="0.096" timestamp="2022-07-25T10:56:59">
		<system-out>
<![CDATA[]]>		</system-out>
		<system-err>
<![CDATA[]]>		</system-err>
	</testcase>
	<testcase classname="vehicle_cameras.tests.test_serializers.TestDashcamReportsV1" file="vehicle_cameras/tests/test_serializers.py" line="174" name="test_create_report_with_2_videos" time="0.105" timestamp="2022-07-25T10:56:59">
		<system-out>
<![CDATA[]]>		</system-out>
		<system-err>
<![CDATA[]]>		</system-err>
	</testcase>
	<testcase classname="vehicle_cameras.tests.test_serializers.TestDashcamReportsV1" file="vehicle_cameras/tests/test_serializers.py" line="163" name="test_empty_bucket_for_acceleration" time="0.089" timestamp="2022-07-25T10:56:59">
		<system-out>
<![CDATA[]]>		</system-out>
		<system-err>
<![CDATA[]]>		</system-err>
	</testcase>
	<testcase classname="vehicle_cameras.tests.test_serializers.TestDashcamReportsV1" file="vehicle_cameras/tests/test_serializers.py" line="181" name="test_empty_bucket_for_motion" time="0.090" timestamp="2022-07-25T10:56:59">
		<system-out>
<![CDATA[]]>		</system-out>
		<system-err>
<![CDATA[]]>		</system-err>
	</testcase>
	<testcase classname="vehicle_cameras.tests.test_serializers.TestDashcamReportsV1" file="vehicle_cameras/tests/test_serializers.py" line="169" name="test_no_bucket" time="0.092" timestamp="2022-07-25T10:57:00">
		<system-out>
<![CDATA[]]>		</system-out>
		<system-err>
<![CDATA[]]>		</system-err>
	</testcase>
	<testcase classname="vehicle_cameras.tests.test_serializers.TestDashcamReportsV1" file="vehicle_cameras/tests/test_serializers.py" line="156" name="test_no_matching_vin" time="0.085" timestamp="2022-07-25T10:57:00">
		<system-out>
<![CDATA[]]>		</system-out>
		<system-err>
<![CDATA[]]>		</system-err>
	</testcase>
</testsuite>
