<?xml version="1.0" encoding="UTF-8"?>
<testsuite errors="0" failures="0" file="users/tests/apis/v2/test_carsharing_customers.py" name="users.tests.apis.v2.test_carsharing_customers.TestCustomerRegistrationBlockedIdentity-20220725104545" skipped="0" tests="1" time="1.065" timestamp="2022-07-25T10:59:59">
	<testcase classname="users.tests.apis.v2.test_carsharing_customers.TestCustomerRegistrationBlockedIdentity" file="users/tests/apis/v2/test_carsharing_customers.py" line="3937" name="test_blocked_license" time="1.065" timestamp="2022-07-25T10:59:59">
		<system-out>
<![CDATA[]]>		</system-out>
		<system-err>
<![CDATA[]]>		</system-err>
	</testcase>
</testsuite>
