<?xml version="1.0" encoding="UTF-8"?>
<testsuite errors="0" failures="0" file="service_regions/tests/tests_special_dispatch_regions.py" name="service_regions.tests.tests_special_dispatch_regions.TestPinBasedSpecialDispatchRegion-20220725105046" skipped="0" tests="2" time="0.475" timestamp="2022-07-25T11:09:58">
	<testcase classname="service_regions.tests.tests_special_dispatch_regions.TestPinBasedSpecialDispatchRegion" file="service_regions/tests/tests_special_dispatch_regions.py" line="37" name="test_default_data_for_region_in_db" time="0.241" timestamp="2022-07-25T11:09:58">
		<system-out>
<![CDATA[]]>		</system-out>
		<system-err>
<![CDATA[]]>		</system-err>
	</testcase>
	<testcase classname="service_regions.tests.tests_special_dispatch_regions.TestPinBasedSpecialDispatchRegion" file="service_regions/tests/tests_special_dispatch_regions.py" line="45" name="test_get_queryset_for_viewset" time="0.234" timestamp="2022-07-25T11:09:58">
		<system-out>
<![CDATA[]]>		</system-out>
		<system-err>
<![CDATA[]]>		</system-err>
	</testcase>
</testsuite>
