<?xml version="1.0" encoding="UTF-8"?>
<testsuite errors="0" failures="0" file="vehicle_lifecycle/tests/commands/test_create_life_cycle_template.py" name="vehicle_lifecycle.tests.commands.test_create_life_cycle_template.PopulateUserProfileUUIDsTestCase-20220725104622" skipped="0" tests="1" time="0.390" timestamp="2022-07-25T10:57:21">
	<testcase classname="vehicle_lifecycle.tests.commands.test_create_life_cycle_template.PopulateUserProfileUUIDsTestCase" file="vehicle_lifecycle/tests/commands/test_create_life_cycle_template.py" line="9" name="test_create_life_cycle_template_success" time="0.390" timestamp="2022-07-25T10:57:21">
		<system-out>
<![CDATA[Lifecycle template created successfully
]]>		</system-out>
		<system-err>
<![CDATA[]]>		</system-err>
	</testcase>
</testsuite>
