<?xml version="1.0" encoding="UTF-8"?>
<testsuite errors="0" failures="0" file="payments/tests/tasks/test_payments.py" name="payments.tests.tasks.test_payments.TestDebitFailedPayments-20220725104819" skipped="0" tests="2" time="0.063" timestamp="2022-07-25T10:49:48">
	<testcase classname="payments.tests.tasks.test_payments.TestDebitFailedPayments" file="payments/tests/tasks/test_payments.py" line="153" name="test_failure" time="0.036" timestamp="2022-07-25T10:49:47">
		<system-out>
<![CDATA[]]>		</system-out>
		<system-err>
<![CDATA[]]>		</system-err>
	</testcase>
	<testcase classname="payments.tests.tasks.test_payments.TestDebitFailedPayments" file="payments/tests/tasks/test_payments.py" line="129" name="test_happy_path" time="0.026" timestamp="2022-07-25T10:49:48">
		<system-out>
<![CDATA[]]>		</system-out>
		<system-err>
<![CDATA[]]>		</system-err>
	</testcase>
</testsuite>
