<?xml version="1.0" encoding="UTF-8"?>
<testsuite errors="0" failures="0" file="services/tests/models/test_markets.py" name="services.tests.models.test_markets.MarketTestCase-20220725104713" skipped="0" tests="4" time="0.487" timestamp="2022-07-25T10:51:03">
	<testcase classname="services.tests.models.test_markets.MarketTestCase" file="services/tests/models/test_markets.py" line="15" name="test_market_creation" time="0.047" timestamp="2022-07-25T10:51:02">
		<system-out>
<![CDATA[]]>		</system-out>
		<system-err>
<![CDATA[]]>		</system-err>
	</testcase>
	<testcase classname="services.tests.models.test_markets.MarketTestCase" file="services/tests/models/test_markets.py" line="19" name="test_market_creation_with_overlapping_geometry" time="0.042" timestamp="2022-07-25T10:51:02">
		<system-out>
<![CDATA[]]>		</system-out>
		<system-err>
<![CDATA[]]>		</system-err>
	</testcase>
	<testcase classname="services.tests.models.test_markets.MarketTestCase" file="services/tests/models/test_markets.py" line="23" name="test_market_creation_without_overlapping_geometry" time="0.042" timestamp="2022-07-25T10:51:02">
		<system-out>
<![CDATA[]]>		</system-out>
		<system-err>
<![CDATA[]]>		</system-err>
	</testcase>
	<testcase classname="services.tests.models.test_markets.MarketTestCase" file="services/tests/models/test_markets.py" line="28" name="test_market_delete" time="0.356" timestamp="2022-07-25T10:51:03">
		<system-out>
<![CDATA[]]>		</system-out>
		<system-err>
<![CDATA[]]>		</system-err>
	</testcase>
</testsuite>
