<?xml version="1.0" encoding="UTF-8"?>
<testsuite errors="0" failures="0" file="hardware/tests/hal/test_integration.py" name="hardware.tests.hal.test_integration.TestMensaPrivateMode-20220725104740" skipped="0" tests="2" time="2.120" timestamp="2022-07-25T10:57:39">
	<testcase classname="hardware.tests.hal.test_integration.TestMensaPrivateMode" file="hardware/tests/hal/test_integration.py" line="319" name="test_mensa_rental_in_private_mode" time="1.109" timestamp="2022-07-25T10:57:38">
		<system-out>
<![CDATA[]]>		</system-out>
		<system-err>
<![CDATA[]]>		</system-err>
	</testcase>
	<testcase classname="hardware.tests.hal.test_integration.TestMensaPrivateMode" file="hardware/tests/hal/test_integration.py" line="336" name="test_mensa_rental_not_in_private_mode" time="1.011" timestamp="2022-07-25T10:57:39">
		<system-out>
<![CDATA[]]>		</system-out>
		<system-err>
<![CDATA[]]>		</system-err>
	</testcase>
</testsuite>
