<?xml version="1.0" encoding="UTF-8"?>
<testsuite errors="0" failures="0" file="django_utils/tests/models/test_base_model.py" name="django_utils.tests.models.test_base_model.TestCreatedAndUpdatedTimestamps-20220725104740" skipped="0" tests="3" time="0.405" timestamp="2022-07-25T10:54:34">
	<testcase classname="django_utils.tests.models.test_base_model.TestCreatedAndUpdatedTimestamps" file="django_utils/tests/models/test_base_model.py" line="7" name="test_created_at_updated_at_exist_on_creation" time="0.115" timestamp="2022-07-25T10:54:34">
		<system-out>
<![CDATA[]]>		</system-out>
		<system-err>
<![CDATA[]]>		</system-err>
	</testcase>
	<testcase classname="django_utils.tests.models.test_base_model.TestCreatedAndUpdatedTimestamps" file="django_utils/tests/models/test_base_model.py" line="12" name="test_that_updated_at_is_updated" time="0.145" timestamp="2022-07-25T10:54:34">
		<system-out>
<![CDATA[]]>		</system-out>
		<system-err>
<![CDATA[]]>		</system-err>
	</testcase>
	<testcase classname="django_utils.tests.models.test_base_model.TestCreatedAndUpdatedTimestamps" file="django_utils/tests/models/test_base_model.py" line="21" name="test_that_updated_at_is_updated_when_not_passed_into_update_fields" time="0.145" timestamp="2022-07-25T10:54:34">
		<system-out>
<![CDATA[]]>		</system-out>
		<system-err>
<![CDATA[]]>		</system-err>
	</testcase>
</testsuite>
