<?xml version="1.0" encoding="UTF-8"?>
<testsuite errors="0" failures="0" file="trips/tests/apis/test_scheduled_trip_requests.py" name="trips.tests.apis.test_scheduled_trip_requests.TestRecurringTripRequestAsDispatcher-20220725110435" skipped="1" tests="30" time="60.531" timestamp="2022-07-25T11:06:07">
	<testcase classname="trips.tests.apis.test_scheduled_trip_requests.TestRecurringTripRequestAsDispatcher" file="trips/tests/apis/test_scheduled_trip_requests.py" line="4120" name="test_add_new_dispatcher_comment" time="4.598" timestamp="2022-07-25T11:05:11">
		<system-out>
<![CDATA[]]>		</system-out>
		<system-err>
<![CDATA[]]>		</system-err>
	</testcase>
	<testcase classname="trips.tests.apis.test_scheduled_trip_requests.TestRecurringTripRequestAsDispatcher" file="trips/tests/apis/test_scheduled_trip_requests.py" line="3823" name="test_bad_scheduled_for_pickup_date" time="1.142" timestamp="2022-07-25T11:05:12">
		<system-out>
<![CDATA[]]>		</system-out>
		<system-err>
<![CDATA[]]>		</system-err>
	</testcase>
	<testcase classname="trips.tests.apis.test_scheduled_trip_requests.TestRecurringTripRequestAsDispatcher" file="trips/tests/apis/test_scheduled_trip_requests.py" line="3961" name="test_cancel_all" time="1.196" timestamp="2022-07-25T11:05:13">
		<system-out>
<![CDATA[]]>		</system-out>
		<system-err>
<![CDATA[]]>		</system-err>
	</testcase>
	<testcase classname="trips.tests.apis.test_scheduled_trip_requests.TestRecurringTripRequestAsDispatcher" file="trips/tests/apis/test_scheduled_trip_requests.py" line="3969" name="test_cancel_all_reached_end_date" time="1.391" timestamp="2022-07-25T11:05:14">
		<system-out>
<![CDATA[]]>		</system-out>
		<system-err>
<![CDATA[/usr/local/lib/python3.6/dist-packages/django/db/models/fields/__init__.py:1427: RuntimeWarning: DateTimeField ScheduledTripRequest.scheduled_for_pickup_at received a naive datetime (2022-07-26 08:00:00) while time zone support is active.
  RuntimeWarning)
/usr/local/lib/python3.6/dist-packages/django/db/models/fields/__init__.py:1427: RuntimeWarning: DateTimeField RecurringScheduledTripRequest.recurring_end_date received a naive datetime (2022-07-27 13:00:00) while time zone support is active.
  RuntimeWarning)
]]>		</system-err>
	</testcase>
	<testcase classname="trips.tests.apis.test_scheduled_trip_requests.TestRecurringTripRequestAsDispatcher" file="trips/tests/apis/test_scheduled_trip_requests.py" line="3882" name="test_cancel_once" time="2.457" timestamp="2022-07-25T11:05:17">
		<system-out>
<![CDATA[]]>		</system-out>
		<system-err>
<![CDATA[]]>		</system-err>
	</testcase>
	<testcase classname="trips.tests.apis.test_scheduled_trip_requests.TestRecurringTripRequestAsDispatcher" file="trips/tests/apis/test_scheduled_trip_requests.py" line="3923" name="test_cancel_once_after_setting_all_drivers" time="3.153" timestamp="2022-07-25T11:05:20">
		<system-out>
<![CDATA[]]>		</system-out>
		<system-err>
<![CDATA[]]>		</system-err>
	</testcase>
	<testcase classname="trips.tests.apis.test_scheduled_trip_requests.TestRecurringTripRequestAsDispatcher" file="trips/tests/apis/test_scheduled_trip_requests.py" line="3942" name="test_cancel_once_after_setting_one_driver" time="2.758" timestamp="2022-07-25T11:05:23">
		<system-out>
<![CDATA[]]>		</system-out>
		<system-err>
<![CDATA[]]>		</system-err>
	</testcase>
	<testcase classname="trips.tests.apis.test_scheduled_trip_requests.TestRecurringTripRequestAsDispatcher" file="trips/tests/apis/test_scheduled_trip_requests.py" line="3894" name="test_cancel_once_with_unassigned_call" time="3.166" timestamp="2022-07-25T11:05:26">
		<system-out>
<![CDATA[]]>		</system-out>
		<system-err>
<![CDATA[]]>		</system-err>
	</testcase>
	<testcase classname="trips.tests.apis.test_scheduled_trip_requests.TestRecurringTripRequestAsDispatcher" file="trips/tests/apis/test_scheduled_trip_requests.py" line="4158" name="test_convert_recurring_trip_to_on_demand" time="2.027" timestamp="2022-07-25T11:05:28">
		<system-out>
<![CDATA[]]>		</system-out>
		<system-err>
<![CDATA[]]>		</system-err>
	</testcase>
	<testcase classname="trips.tests.apis.test_scheduled_trip_requests.TestRecurringTripRequestAsDispatcher" file="trips/tests/apis/test_scheduled_trip_requests.py" line="3789" name="test_create_recurring_ride_for_nonregistered_user" time="1.351" timestamp="2022-07-25T11:05:29">
		<system-out>
<![CDATA[]]>		</system-out>
		<system-err>
<![CDATA[]]>		</system-err>
	</testcase>
	<testcase classname="trips.tests.apis.test_scheduled_trip_requests.TestRecurringTripRequestAsDispatcher" file="trips/tests/apis/test_scheduled_trip_requests.py" line="3801" name="test_create_recurring_ride_for_nonregistered_user_with_credit_payment" time="1.405" timestamp="2022-07-25T11:05:31">
		<system-out>
<![CDATA[]]>		</system-out>
		<system-err>
<![CDATA[]]>		</system-err>
	</testcase>
	<testcase classname="trips.tests.apis.test_scheduled_trip_requests.TestRecurringTripRequestAsDispatcher" file="trips/tests/apis/test_scheduled_trip_requests.py" line="3742" name="test_create_recurring_ride_with_credit_card" time="1.446" timestamp="2022-07-25T11:05:32">
		<system-out>
<![CDATA[]]>		</system-out>
		<system-err>
<![CDATA[]]>		</system-err>
	</testcase>
	<testcase classname="trips.tests.apis.test_scheduled_trip_requests.TestRecurringTripRequestAsDispatcher" file="trips/tests/apis/test_scheduled_trip_requests.py" line="3774" name="test_create_recurring_ride_with_wallet" time="1.458" timestamp="2022-07-25T11:05:34">
		<system-out>
<![CDATA[]]>		</system-out>
		<system-err>
<![CDATA[]]>		</system-err>
	</testcase>
	<testcase classname="trips.tests.apis.test_scheduled_trip_requests.TestRecurringTripRequestAsDispatcher" file="trips/tests/apis/test_scheduled_trip_requests.py" line="3756" name="test_create_recurring_schedule_ride_with_fare_estimate" time="1.429" timestamp="2022-07-25T11:05:35">
		<system-out>
<![CDATA[]]>		</system-out>
		<system-err>
<![CDATA[]]>		</system-err>
	</testcase>
	<testcase classname="trips.tests.apis.test_scheduled_trip_requests.TestRecurringTripRequestAsDispatcher" file="trips/tests/apis/test_scheduled_trip_requests.py" line="3838" name="test_list_all" time="1.752" timestamp="2022-07-25T11:05:37">
		<system-out>
<![CDATA[]]>		</system-out>
		<system-err>
<![CDATA[]]>		</system-err>
	</testcase>
	<testcase classname="trips.tests.apis.test_scheduled_trip_requests.TestRecurringTripRequestAsDispatcher" file="trips/tests/apis/test_scheduled_trip_requests.py" line="4191" name="test_place_wallet_hold_and_convert_recurring_trip_to_on_demand" time="4.542" timestamp="2022-07-25T11:05:41">
		<system-out>
<![CDATA[]]>		</system-out>
		<system-err>
<![CDATA[]]>		</system-err>
	</testcase>
	<testcase classname="trips.tests.apis.test_scheduled_trip_requests.TestRecurringTripRequestAsDispatcher" file="trips/tests/apis/test_scheduled_trip_requests.py" line="4228" name="test_place_wallet_without_hold_convert_recurring_trip_to_on_demand" time="1.656" timestamp="2022-07-25T11:05:43">
		<system-out>
<![CDATA[]]>		</system-out>
		<system-err>
<![CDATA[]]>		</system-err>
	</testcase>
	<testcase classname="trips.tests.apis.test_scheduled_trip_requests.TestRecurringTripRequestAsDispatcher" file="trips/tests/apis/test_scheduled_trip_requests.py" line="3877" name="test_recurring_trip_api" time="1.229" timestamp="2022-07-25T11:05:44">
		<system-out>
<![CDATA[]]>		</system-out>
		<system-err>
<![CDATA[]]>		</system-err>
	</testcase>
	<testcase classname="trips.tests.apis.test_scheduled_trip_requests.TestRecurringTripRequestAsDispatcher" file="trips/tests/apis/test_scheduled_trip_requests.py" line="3738" name="test_recurring_trip_api_post" time="1.280" timestamp="2022-07-25T11:05:45">
		<system-out>
<![CDATA[]]>		</system-out>
		<system-err>
<![CDATA[]]>		</system-err>
	</testcase>
	<testcase classname="trips.tests.apis.test_scheduled_trip_requests.TestRecurringTripRequestAsDispatcher" file="trips/tests/apis/test_scheduled_trip_requests.py" line="3815" name="test_recurring_trip_api_post_freq_dict" time="1.272" timestamp="2022-07-25T11:05:47">
		<system-out>
<![CDATA[]]>		</system-out>
		<system-err>
<![CDATA[]]>		</system-err>
	</testcase>
	<testcase classname="trips.tests.apis.test_scheduled_trip_requests.TestRecurringTripRequestAsDispatcher" file="trips/tests/apis/test_scheduled_trip_requests.py" line="4080" name="test_recurring_trip_driver_conflict" time="1.213" timestamp="2022-07-25T11:05:48">
		<system-out>
<![CDATA[]]>		</system-out>
		<system-err>
<![CDATA[]]>		</system-err>
	</testcase>
	<testcase classname="trips.tests.apis.test_scheduled_trip_requests.TestRecurringTripRequestAsDispatcher" file="trips/tests/apis/test_scheduled_trip_requests.py" line="4173" name="test_recurring_trip_request_with_deferred_payment" time="1.379" timestamp="2022-07-25T11:05:49">
		<system-out>
<![CDATA[]]>		</system-out>
		<system-err>
<![CDATA[]]>		</system-err>
	</testcase>
	<testcase classname="trips.tests.apis.test_scheduled_trip_requests.TestRecurringTripRequestAsDispatcher" file="trips/tests/apis/test_scheduled_trip_requests.py" line="4048" name="test_scheduled_trip_driver_conflict" time="1.182" timestamp="2022-07-25T11:05:50">
		<system-out>
<![CDATA[]]>		</system-out>
		<system-err>
<![CDATA[]]>		</system-err>
	</testcase>
	<testcase classname="trips.tests.apis.test_scheduled_trip_requests.TestRecurringTripRequestAsDispatcher" file="trips/tests/apis/test_scheduled_trip_requests.py" line="3992" name="test_unassign_driver" time="2.081" timestamp="2022-07-25T11:05:53">
		<system-out>
<![CDATA[]]>		</system-out>
		<system-err>
<![CDATA[]]>		</system-err>
	</testcase>
	<testcase classname="trips.tests.apis.test_scheduled_trip_requests.TestRecurringTripRequestAsDispatcher" file="trips/tests/apis/test_scheduled_trip_requests.py" line="4105" name="test_update_dispatcher_comment_all" time="2.353" timestamp="2022-07-25T11:05:55">
		<system-out>
<![CDATA[]]>		</system-out>
		<system-err>
<![CDATA[]]>		</system-err>
	</testcase>
	<testcase classname="trips.tests.apis.test_scheduled_trip_requests.TestRecurringTripRequestAsDispatcher" file="trips/tests/apis/test_scheduled_trip_requests.py" line="4090" name="test_update_dispatcher_comment_once" time="2.324" timestamp="2022-07-25T11:05:57">
		<system-out>
<![CDATA[]]>		</system-out>
		<system-err>
<![CDATA[]]>		</system-err>
	</testcase>
	<testcase classname="trips.tests.apis.test_scheduled_trip_requests.TestRecurringTripRequestAsDispatcher" file="trips/tests/apis/test_scheduled_trip_requests.py" line="4029" name="test_update_driver_all" time="3.114" timestamp="2022-07-25T11:06:00">
		<system-out>
<![CDATA[]]>		</system-out>
		<system-err>
<![CDATA[]]>		</system-err>
	</testcase>
	<testcase classname="trips.tests.apis.test_scheduled_trip_requests.TestRecurringTripRequestAsDispatcher" file="trips/tests/apis/test_scheduled_trip_requests.py" line="4133" name="test_update_driver_no_conflict" time="3.945" timestamp="2022-07-25T11:06:04">
		<system-out>
<![CDATA[]]>		</system-out>
		<system-err>
<![CDATA[]]>		</system-err>
	</testcase>
	<testcase classname="trips.tests.apis.test_scheduled_trip_requests.TestRecurringTripRequestAsDispatcher" file="trips/tests/apis/test_scheduled_trip_requests.py" line="4009" name="test_update_driver_once" time="2.228" timestamp="2022-07-25T11:06:07">
		<system-out>
<![CDATA[]]>		</system-out>
		<system-err>
<![CDATA[]]>		</system-err>
	</testcase>
	<testcase classname="trips.tests.apis.test_scheduled_trip_requests.TestRecurringTripRequestAsDispatcher" file="trips/tests/apis/test_scheduled_trip_requests.py" line="3907" name="test_cancel_once_conflicting_ride_request" time="0.001" timestamp="2022-07-25T11:05:23">
		<skipped message="Test too fragile and changes results. Will revisit later." type="skip"/>
		<system-out>
<![CDATA[]]>		</system-out>
		<system-err>
<![CDATA[]]>		</system-err>
	</testcase>
</testsuite>
