<?xml version="1.0" encoding="UTF-8"?>
<testsuite errors="0" failures="0" file="trips/tests/apis/test_scheduled_trip_requests.py" name="trips.tests.apis.test_scheduled_trip_requests.TestScheduledTripWavesRedispatchUnreadyTrips-20220725104713" skipped="0" tests="2" time="3.341" timestamp="2022-07-25T11:01:30">
	<testcase classname="trips.tests.apis.test_scheduled_trip_requests.TestScheduledTripWavesRedispatchUnreadyTrips" file="trips/tests/apis/test_scheduled_trip_requests.py" line="3085" name="test_do_not_redispatch_normal_scheduled_trip" time="0.998" timestamp="2022-07-25T11:01:27">
		<system-out>
<![CDATA[]]>		</system-out>
		<system-err>
<![CDATA[]]>		</system-err>
	</testcase>
	<testcase classname="trips.tests.apis.test_scheduled_trip_requests.TestScheduledTripWavesRedispatchUnreadyTrips" file="trips/tests/apis/test_scheduled_trip_requests.py" line="3088" name="test_redispatch_backlogged_driver_trip" time="2.344" timestamp="2022-07-25T11:01:30">
		<system-out>
<![CDATA[]]>		</system-out>
		<system-err>
<![CDATA[]]>		</system-err>
	</testcase>
</testsuite>
