<?xml version="1.0" encoding="UTF-8"?>
<testsuite errors="0" failures="0" file="pricing_engine/tests/test_engine.py" name="pricing_engine.tests.test_engine.TestTollsPricing-20220725104819" skipped="0" tests="1" time="2.077" timestamp="2022-07-25T10:53:27">
	<testcase classname="pricing_engine.tests.test_engine.TestTollsPricing" file="pricing_engine/tests/test_engine.py" line="294" name="test_passes_through_region" time="2.077" timestamp="2022-07-25T10:53:27">
		<system-out>
<![CDATA[ERROR: CannotOverwriteExistingCassetteException: (37.79812, -122.522278, '') not found in mock reverse_geocode data
(See https://ridecell.atlassian.net/wiki/spaces/EN/pages/185040970/How+to+Fix+CannotOverwriteExistingCassetteException)
ERROR: CannotOverwriteExistingCassetteException: (37.36, -121.94, '') not found in mock reverse_geocode data
(See https://ridecell.atlassian.net/wiki/spaces/EN/pages/185040970/How+to+Fix+CannotOverwriteExistingCassetteException)
ERROR: CannotOverwriteExistingCassetteException: (37.79812, -122.522278, '') not found in mock reverse_geocode data
(See https://ridecell.atlassian.net/wiki/spaces/EN/pages/185040970/How+to+Fix+CannotOverwriteExistingCassetteException)
ERROR: CannotOverwriteExistingCassetteException: (37.36, -121.94, '') not found in mock reverse_geocode data
(See https://ridecell.atlassian.net/wiki/spaces/EN/pages/185040970/How+to+Fix+CannotOverwriteExistingCassetteException)
ERROR: CannotOverwriteExistingCassetteException: (37.79812, -122.522278, '') not found in mock reverse_geocode data
(See https://ridecell.atlassian.net/wiki/spaces/EN/pages/185040970/How+to+Fix+CannotOverwriteExistingCassetteException)
ERROR: CannotOverwriteExistingCassetteException: (37.36, -121.94, '') not found in mock reverse_geocode data
(See https://ridecell.atlassian.net/wiki/spaces/EN/pages/185040970/How+to+Fix+CannotOverwriteExistingCassetteException)
]]>		</system-out>
		<system-err>
<![CDATA[]]>		</system-err>
	</testcase>
</testsuite>
