<?xml version="1.0" encoding="UTF-8"?>
<testsuite errors="0" failures="0" file="facilities_integration/tests/apis/v3/test_apis.py" name="facilities_integration.tests.apis.v3.test_apis.TestParkingFacility-20220725104740" skipped="0" tests="2" time="0.623" timestamp="2022-07-25T10:56:24">
	<testcase classname="facilities_integration.tests.apis.v3.test_apis.TestParkingFacility" file="facilities_integration/tests/apis/v3/test_apis.py" line="39" name="test_parking_facilities_list" time="0.334" timestamp="2022-07-25T10:56:23">
		<system-out>
<![CDATA[]]>		</system-out>
		<system-err>
<![CDATA[]]>		</system-err>
	</testcase>
	<testcase classname="facilities_integration.tests.apis.v3.test_apis.TestParkingFacility" file="facilities_integration/tests/apis/v3/test_apis.py" line="46" name="test_station_facilities_detail" time="0.289" timestamp="2022-07-25T10:56:24">
		<system-out>
<![CDATA[]]>		</system-out>
		<system-err>
<![CDATA[]]>		</system-err>
	</testcase>
</testsuite>
