<?xml version="1.0" encoding="UTF-8"?>
<testsuite errors="0" failures="0" file="pricing_engine/tests/test_engine.py" name="pricing_engine.tests.test_engine.TestDistanceTravelledLessThanPricingWithBlocks-20220725104819" skipped="0" tests="1" time="0.650" timestamp="2022-07-25T10:53:14">
	<testcase classname="pricing_engine.tests.test_engine.TestDistanceTravelledLessThanPricingWithBlocks" file="pricing_engine/tests/test_engine.py" line="456" name="test_travelled_distance_less_than" time="0.650" timestamp="2022-07-25T10:53:14">
		<system-out>
<![CDATA[]]>		</system-out>
		<system-err>
<![CDATA[]]>		</system-err>
	</testcase>
</testsuite>
