<?xml version="1.0" encoding="UTF-8"?>
<testsuite errors="0" failures="0" file="users/tests/apis/test_whitelisted_ip.py" name="users.tests.apis.test_whitelisted_ip.TestCountryWhitelist-20220725104545" skipped="0" tests="8" time="2.320" timestamp="2022-07-25T10:57:15">
	<testcase classname="users.tests.apis.test_whitelisted_ip.TestCountryWhitelist" file="users/tests/apis/test_whitelisted_ip.py" line="77" name="test_changing_setting_updated_memoized_version" time="0.281" timestamp="2022-07-25T10:57:13">
		<system-out>
<![CDATA[]]>		</system-out>
		<system-err>
<![CDATA[]]>		</system-err>
	</testcase>
	<testcase classname="users.tests.apis.test_whitelisted_ip.TestCountryWhitelist" file="users/tests/apis/test_whitelisted_ip.py" line="55" name="test_fail_filter" time="0.178" timestamp="2022-07-25T10:57:13">
		<system-out>
<![CDATA[]]>		</system-out>
		<system-err>
<![CDATA[]]>		</system-err>
	</testcase>
	<testcase classname="users.tests.apis.test_whitelisted_ip.TestCountryWhitelist" file="users/tests/apis/test_whitelisted_ip.py" line="86" name="test_memoize_is_used_properly" time="0.166" timestamp="2022-07-25T10:57:13">
		<system-out>
<![CDATA[]]>		</system-out>
		<system-err>
<![CDATA[]]>		</system-err>
	</testcase>
	<testcase classname="users.tests.apis.test_whitelisted_ip.TestCountryWhitelist" file="users/tests/apis/test_whitelisted_ip.py" line="47" name="test_pass_filter" time="0.455" timestamp="2022-07-25T10:57:14">
		<system-out>
<![CDATA[]]>		</system-out>
		<system-err>
<![CDATA[]]>		</system-err>
	</testcase>
	<testcase classname="users.tests.apis.test_whitelisted_ip.TestCountryWhitelist" file="users/tests/apis/test_whitelisted_ip.py" line="70" name="test_pass_filter_when_no_country_header" time="0.337" timestamp="2022-07-25T10:57:14">
		<system-out>
<![CDATA[]]>		</system-out>
		<system-err>
<![CDATA[]]>		</system-err>
	</testcase>
	<testcase classname="users.tests.apis.test_whitelisted_ip.TestCountryWhitelist" file="users/tests/apis/test_whitelisted_ip.py" line="60" name="test_pass_when_filter_disabled" time="0.479" timestamp="2022-07-25T10:57:15">
		<system-out>
<![CDATA[]]>		</system-out>
		<system-err>
<![CDATA[]]>		</system-err>
	</testcase>
	<testcase classname="users.tests.apis.test_whitelisted_ip.TestCountryWhitelist" file="users/tests/apis/test_whitelisted_ip.py" line="35" name="test_set_invalid_value" time="0.188" timestamp="2022-07-25T10:57:15">
		<system-out>
<![CDATA[]]>		</system-out>
		<system-err>
<![CDATA[]]>		</system-err>
	</testcase>
	<testcase classname="users.tests.apis.test_whitelisted_ip.TestCountryWhitelist" file="users/tests/apis/test_whitelisted_ip.py" line="29" name="test_set_value_lowercase" time="0.236" timestamp="2022-07-25T10:57:15">
		<system-out>
<![CDATA[]]>		</system-out>
		<system-err>
<![CDATA[]]>		</system-err>
	</testcase>
</testsuite>
