<?xml version="1.0" encoding="UTF-8"?>
<testsuite errors="0" failures="0" file="trips/tests/models/test_trip_queries.py" name="trips.tests.models.test_trip_queries.TestTripQueries-20220725104545" skipped="0" tests="4" time="0.110" timestamp="2022-07-25T10:49:40">
	<testcase classname="trips.tests.models.test_trip_queries.TestTripQueries" file="trips/tests/models/test_trip_queries.py" line="38" name="test_average_in_transit_time" time="0.027" timestamp="2022-07-25T10:49:40">
		<system-out>
<![CDATA[]]>		</system-out>
		<system-err>
<![CDATA[]]>		</system-err>
	</testcase>
	<testcase classname="trips.tests.models.test_trip_queries.TestTripQueries" file="trips/tests/models/test_trip_queries.py" line="42" name="test_average_in_transit_time_no_trips" time="0.024" timestamp="2022-07-25T10:49:40">
		<system-out>
<![CDATA[]]>		</system-out>
		<system-err>
<![CDATA[]]>		</system-err>
	</testcase>
	<testcase classname="trips.tests.models.test_trip_queries.TestTripQueries" file="trips/tests/models/test_trip_queries.py" line="30" name="test_get_created_by" time="0.034" timestamp="2022-07-25T10:49:40">
		<system-out>
<![CDATA[]]>		</system-out>
		<system-err>
<![CDATA[]]>		</system-err>
	</testcase>
	<testcase classname="trips.tests.models.test_trip_queries.TestTripQueries" file="trips/tests/models/test_trip_queries.py" line="34" name="test_get_created_by_no_trips" time="0.025" timestamp="2022-07-25T10:49:40">
		<system-out>
<![CDATA[]]>		</system-out>
		<system-err>
<![CDATA[]]>		</system-err>
	</testcase>
</testsuite>
