<?xml version="1.0" encoding="UTF-8"?>
<testsuite errors="0" failures="0" file="payments/tests/serializers/test_payment_items.py" name="payments.tests.serializers.test_payment_items.PaymentItemsFromPricingTests-20220725104819" skipped="0" tests="5" time="0.476" timestamp="2022-07-25T10:49:33">
	<testcase classname="payments.tests.serializers.test_payment_items.PaymentItemsFromPricingTests" file="payments/tests/serializers/test_payment_items.py" line="250" name="test_payment_items_drive_and_parked_fare_distance_based" time="0.114" timestamp="2022-07-25T10:49:32">
		<system-out>
<![CDATA[]]>		</system-out>
		<system-err>
<![CDATA[]]>		</system-err>
	</testcase>
	<testcase classname="payments.tests.serializers.test_payment_items.PaymentItemsFromPricingTests" file="payments/tests/serializers/test_payment_items.py" line="285" name="test_payment_items_drive_and_parked_fare_distance_based_with_INR" time="0.109" timestamp="2022-07-25T10:49:32">
		<system-out>
<![CDATA[]]>		</system-out>
		<system-err>
<![CDATA[]]>		</system-err>
	</testcase>
	<testcase classname="payments.tests.serializers.test_payment_items.PaymentItemsFromPricingTests" file="payments/tests/serializers/test_payment_items.py" line="320" name="test_payment_items_drive_and_parked_fare_time_based" time="0.040" timestamp="2022-07-25T10:49:32">
		<system-out>
<![CDATA[]]>		</system-out>
		<system-err>
<![CDATA[]]>		</system-err>
	</testcase>
	<testcase classname="payments.tests.serializers.test_payment_items.PaymentItemsFromPricingTests" file="payments/tests/serializers/test_payment_items.py" line="354" name="test_payment_items_drive_and_parked_fare_time_based_with_euro" time="0.098" timestamp="2022-07-25T10:49:33">
		<system-out>
<![CDATA[]]>		</system-out>
		<system-err>
<![CDATA[]]>		</system-err>
	</testcase>
	<testcase classname="payments.tests.serializers.test_payment_items.PaymentItemsFromPricingTests" file="payments/tests/serializers/test_payment_items.py" line="237" name="test_payment_items_shape_and_kind" time="0.115" timestamp="2022-07-25T10:49:33">
		<system-out>
<![CDATA[]]>		</system-out>
		<system-err>
<![CDATA[]]>		</system-err>
	</testcase>
</testsuite>
