<?xml version="1.0" encoding="UTF-8"?>
<testsuite errors="0" failures="0" file="payments/tests/tasks/test_rental_payments.py" name="payments.tests.tasks.test_rental_payments.TestHoldFailedScheduledRentalRequestPaymentsSendsScheduledRentalPaymentEventsToDataPipeline-20220725104819" skipped="0" tests="1" time="1.779" timestamp="2022-07-25T10:50:01">
	<testcase classname="payments.tests.tasks.test_rental_payments.TestHoldFailedScheduledRentalRequestPaymentsSendsScheduledRentalPaymentEventsToDataPipeline" file="payments/tests/tasks/test_rental_payments.py" line="318" name="test_hold_failed_scheduled_rental_payments_logs_payment_state_change_events_to_data_pipeline" time="1.779" timestamp="2022-07-25T10:50:01">
		<system-out>
<![CDATA[]]>		</system-out>
		<system-err>
<![CDATA[]]>		</system-err>
	</testcase>
</testsuite>
