<?xml version="1.0" encoding="UTF-8"?>
<testsuite errors="0" failures="0" file="rentals/tests/apis/v3/test_addon_availability.py" name="rentals.tests.apis.v3.test_addon_availability.TestAddonAvailabilityWithAddonPrice-20220725104819" skipped="0" tests="3" time="2.304" timestamp="2022-07-25T11:03:34">
	<testcase classname="rentals.tests.apis.v3.test_addon_availability.TestAddonAvailabilityWithAddonPrice" file="rentals/tests/apis/v3/test_addon_availability.py" line="214" name="test_addon_availability_with_distance" time="0.792" timestamp="2022-07-25T11:03:32">
		<system-out>
<![CDATA[]]>		</system-out>
		<system-err>
<![CDATA[]]>		</system-err>
	</testcase>
	<testcase classname="rentals.tests.apis.v3.test_addon_availability.TestAddonAvailabilityWithAddonPrice" file="rentals/tests/apis/v3/test_addon_availability.py" line="201" name="test_addon_availability_with_flat" time="0.756" timestamp="2022-07-25T11:03:33">
		<system-out>
<![CDATA[]]>		</system-out>
		<system-err>
<![CDATA[]]>		</system-err>
	</testcase>
	<testcase classname="rentals.tests.apis.v3.test_addon_availability.TestAddonAvailabilityWithAddonPrice" file="rentals/tests/apis/v3/test_addon_availability.py" line="223" name="test_addon_availability_with_time" time="0.757" timestamp="2022-07-25T11:03:34">
		<system-out>
<![CDATA[]]>		</system-out>
		<system-err>
<![CDATA[]]>		</system-err>
	</testcase>
</testsuite>
