<?xml version="1.0" encoding="UTF-8"?>
<testsuite errors="0" failures="0" file="locations/tests/apis/test_aliases.py" name="locations.tests.apis.test_aliases.TestAliases-20220725104740" skipped="0" tests="1" time="0.489" timestamp="2022-07-25T11:02:09">
	<testcase classname="locations.tests.apis.test_aliases.TestAliases" file="locations/tests/apis/test_aliases.py" line="16" name="test_alias_search" time="0.489" timestamp="2022-07-25T11:02:09">
		<system-out>
<![CDATA[]]>		</system-out>
		<system-err>
<![CDATA[]]>		</system-err>
	</testcase>
</testsuite>
