<?xml version="1.0" encoding="UTF-8"?>
<testsuite errors="0" failures="0" file="django_utils/tests/utils/test_messaging_utils.py" name="django_utils.tests.utils.test_messaging_utils.TestTemplatedMessageRouting-20220725104740" skipped="0" tests="10" time="1.109" timestamp="2022-07-25T10:54:39">
	<testcase classname="django_utils.tests.utils.test_messaging_utils.TestTemplatedMessageRouting" file="django_utils/tests/utils/test_messaging_utils.py" line="45" name="test_cio_event_args" time="0.109" timestamp="2022-07-25T10:54:38">
		<system-out>
<![CDATA[]]>		</system-out>
		<system-err>
<![CDATA[]]>		</system-err>
	</testcase>
	<testcase classname="django_utils.tests.utils.test_messaging_utils.TestTemplatedMessageRouting" file="django_utils/tests/utils/test_messaging_utils.py" line="35" name="test_cio_event_is_sent_when_flag_set_to_cio" time="0.109" timestamp="2022-07-25T10:54:38">
		<system-out>
<![CDATA[]]>		</system-out>
		<system-err>
<![CDATA[]]>		</system-err>
	</testcase>
	<testcase classname="django_utils.tests.utils.test_messaging_utils.TestTemplatedMessageRouting" file="django_utils/tests/utils/test_messaging_utils.py" line="127" name="test_send_message_assumes_is_enabled_when_message_doesnt_exist_in_model" time="0.118" timestamp="2022-07-25T10:54:38">
		<system-out>
<![CDATA[]]>		</system-out>
		<system-err>
<![CDATA[]]>		</system-err>
	</testcase>
	<testcase classname="django_utils.tests.utils.test_messaging_utils.TestTemplatedMessageRouting" file="django_utils/tests/utils/test_messaging_utils.py" line="115" name="test_send_message_checks_both_old_and_new_triggers_are_enabled" time="0.111" timestamp="2022-07-25T10:54:38">
		<system-out>
<![CDATA[]]>		</system-out>
		<system-err>
<![CDATA[]]>		</system-err>
	</testcase>
	<testcase classname="django_utils.tests.utils.test_messaging_utils.TestTemplatedMessageRouting" file="django_utils/tests/utils/test_messaging_utils.py" line="108" name="test_send_message_respects_customer_message_is_enabled_flag_when_disabled" time="0.113" timestamp="2022-07-25T10:54:39">
		<system-out>
<![CDATA[]]>		</system-out>
		<system-err>
<![CDATA[]]>		</system-err>
	</testcase>
	<testcase classname="django_utils.tests.utils.test_messaging_utils.TestTemplatedMessageRouting" file="django_utils/tests/utils/test_messaging_utils.py" line="101" name="test_send_message_respects_customer_message_is_enabled_flag_when_enabled" time="0.113" timestamp="2022-07-25T10:54:39">
		<system-out>
<![CDATA[]]>		</system-out>
		<system-err>
<![CDATA[]]>		</system-err>
	</testcase>
	<testcase classname="django_utils.tests.utils.test_messaging_utils.TestTemplatedMessageRouting" file="django_utils/tests/utils/test_messaging_utils.py" line="62" name="test_ses_email_args" time="0.108" timestamp="2022-07-25T10:54:39">
		<system-out>
<![CDATA[]]>		</system-out>
		<system-err>
<![CDATA[]]>		</system-err>
	</testcase>
	<testcase classname="django_utils.tests.utils.test_messaging_utils.TestTemplatedMessageRouting" file="django_utils/tests/utils/test_messaging_utils.py" line="40" name="test_ses_email_is_sent_when_flag_set_to_ses" time="0.108" timestamp="2022-07-25T10:54:39">
		<system-out>
<![CDATA[]]>		</system-out>
		<system-err>
<![CDATA[]]>		</system-err>
	</testcase>
	<testcase classname="django_utils.tests.utils.test_messaging_utils.TestTemplatedMessageRouting" file="django_utils/tests/utils/test_messaging_utils.py" line="92" name="test_templated_message_is_not_sent_to_data_pipeline_when_flag_is_off" time="0.105" timestamp="2022-07-25T10:54:39">
		<system-out>
<![CDATA[]]>		</system-out>
		<system-err>
<![CDATA[]]>		</system-err>
	</testcase>
	<testcase classname="django_utils.tests.utils.test_messaging_utils.TestTemplatedMessageRouting" file="django_utils/tests/utils/test_messaging_utils.py" line="79" name="test_templated_message_is_sent_to_data_pipeline_when_flag_is_on" time="0.116" timestamp="2022-07-25T10:54:39">
		<system-out>
<![CDATA[]]>		</system-out>
		<system-err>
<![CDATA[]]>		</system-err>
	</testcase>
</testsuite>
