<?xml version="1.0" encoding="UTF-8"?>
<testsuite errors="0" failures="0" file="trips/tests/apis/test_scheduled_trip_requests.py" name="trips.tests.apis.test_scheduled_trip_requests.TestScheduledTripRequestAvailabilityAsDispatcher-20220725104713" skipped="0" tests="2" time="1.050" timestamp="2022-07-25T11:00:56">
	<testcase classname="trips.tests.apis.test_scheduled_trip_requests.TestScheduledTripRequestAvailabilityAsDispatcher" file="trips/tests/apis/test_scheduled_trip_requests.py" line="3440" name="test_get_times_disabled_service" time="0.523" timestamp="2022-07-25T11:00:55">
		<system-out>
<![CDATA[]]>		</system-out>
		<system-err>
<![CDATA[]]>		</system-err>
	</testcase>
	<testcase classname="trips.tests.apis.test_scheduled_trip_requests.TestScheduledTripRequestAvailabilityAsDispatcher" file="trips/tests/apis/test_scheduled_trip_requests.py" line="3434" name="test_get_times_for_date" time="0.527" timestamp="2022-07-25T11:00:56">
		<system-out>
<![CDATA[]]>		</system-out>
		<system-err>
<![CDATA[]]>		</system-err>
	</testcase>
</testsuite>
