<?xml version="1.0" encoding="UTF-8"?>
<testsuite errors="0" failures="0" file="payments/tests/apis/test_customers_cards.py" name="payments.tests.apis.test_customers_cards.TestGetCards-20220725104740" skipped="0" tests="1" time="0.797" timestamp="2022-07-25T11:04:32">
	<testcase classname="payments.tests.apis.test_customers_cards.TestGetCards" file="payments/tests/apis/test_customers_cards.py" line="1322" name="test_get_all_cards" time="0.797" timestamp="2022-07-25T11:04:32">
		<system-out>
<![CDATA[]]>		</system-out>
		<system-err>
<![CDATA[]]>		</system-err>
	</testcase>
</testsuite>
