<?xml version="1.0" encoding="UTF-8"?>
<testsuite errors="0" failures="0" file="services/tests/signals/test_services.py" name="services.tests.signals.test_services.ServiceUnauthorizedVehiclesAccessTestCase-20220725104713" skipped="0" tests="1" time="3.625" timestamp="2022-07-25T10:51:16">
	<testcase classname="services.tests.signals.test_services.ServiceUnauthorizedVehiclesAccessTestCase" file="services/tests/signals/test_services.py" line="58" name="test_toggling_enable_tracking_unauthorized_vehicle_access" time="3.625" timestamp="2022-07-25T10:51:16">
		<system-out>
<![CDATA[]]>		</system-out>
		<system-err>
<![CDATA[]]>		</system-err>
	</testcase>
</testsuite>
