<?xml version="1.0" encoding="UTF-8"?>
<testsuite errors="0" failures="0" file="locations/tests/utils/test_locations.py" name="locations.tests.utils.test_locations.TestLocationFromGeocode-20220725104740" skipped="0" tests="6" time="0.245" timestamp="2022-07-25T11:02:44">
	<testcase classname="locations.tests.utils.test_locations.TestLocationFromGeocode" file="locations/tests/utils/test_locations.py" line="87" name="test_get_postal_code_in_water" time="0.024" timestamp="2022-07-25T11:02:44">
		<system-out>
<![CDATA[]]>		</system-out>
		<system-err>
<![CDATA[]]>		</system-err>
	</testcase>
	<testcase classname="locations.tests.utils.test_locations.TestLocationFromGeocode" file="locations/tests/utils/test_locations.py" line="91" name="test_get_postal_code_on_land" time="0.024" timestamp="2022-07-25T11:02:44">
		<system-out>
<![CDATA[]]>		</system-out>
		<system-err>
<![CDATA[]]>		</system-err>
	</testcase>
	<testcase classname="locations.tests.utils.test_locations.TestLocationFromGeocode" file="locations/tests/utils/test_locations.py" line="119" name="test_location_geocode_in_polish" time="0.083" timestamp="2022-07-25T11:02:44">
		<system-out>
<![CDATA[]]>		</system-out>
		<system-err>
<![CDATA[]]>		</system-err>
	</testcase>
	<testcase classname="locations.tests.utils.test_locations.TestLocationFromGeocode" file="locations/tests/utils/test_locations.py" line="95" name="test_location_geocode_with_long_admin_area_1" time="0.055" timestamp="2022-07-25T11:02:44">
		<system-out>
<![CDATA[]]>		</system-out>
		<system-err>
<![CDATA[]]>		</system-err>
	</testcase>
	<testcase classname="locations.tests.utils.test_locations.TestLocationFromGeocode" file="locations/tests/utils/test_locations.py" line="145" name="test_location_in_new_york_returns_a_city_component" time="0.025" timestamp="2022-07-25T11:02:44">
		<system-out>
<![CDATA[]]>		</system-out>
		<system-err>
<![CDATA[]]>		</system-err>
	</testcase>
	<testcase classname="locations.tests.utils.test_locations.TestLocationFromGeocode" file="locations/tests/utils/test_locations.py" line="172" name="test_mailing_address_from_address_string" time="0.034" timestamp="2022-07-25T11:02:44">
		<system-out>
<![CDATA[]]>		</system-out>
		<system-err>
<![CDATA[]]>		</system-err>
	</testcase>
</testsuite>
