<?xml version="1.0" encoding="UTF-8"?>
<testsuite errors="0" failures="0" file="users/tests/signals/test_registration.py" name="users.tests.signals.test_registration.TestBusinessRegistrationComplete-20220725104622" skipped="0" tests="5" time="5.090" timestamp="2022-07-25T10:47:36">
	<testcase classname="users.tests.signals.test_registration.TestBusinessRegistrationComplete" file="users/tests/signals/test_registration.py" line="485" name="test_for_non_business_customer" time="0.893" timestamp="2022-07-25T10:47:32">
		<system-out>
<![CDATA[]]>		</system-out>
		<system-err>
<![CDATA[]]>		</system-err>
	</testcase>
	<testcase classname="users.tests.signals.test_registration.TestBusinessRegistrationComplete" file="users/tests/signals/test_registration.py" line="454" name="test_value_does_not_change_once_it_is_set" time="1.210" timestamp="2022-07-25T10:47:33">
		<system-out>
<![CDATA[]]>		</system-out>
		<system-err>
<![CDATA[]]>		</system-err>
	</testcase>
	<testcase classname="users.tests.signals.test_registration.TestBusinessRegistrationComplete" file="users/tests/signals/test_registration.py" line="385" name="test_when_customer_satisfies_required_criteria" time="1.180" timestamp="2022-07-25T10:47:34">
		<system-out>
<![CDATA[]]>		</system-out>
		<system-err>
<![CDATA[]]>		</system-err>
	</testcase>
	<testcase classname="users.tests.signals.test_registration.TestBusinessRegistrationComplete" file="users/tests/signals/test_registration.py" line="412" name="test_with_no_in_use_credit_card" time="0.826" timestamp="2022-07-25T10:47:35">
		<system-out>
<![CDATA[]]>		</system-out>
		<system-err>
<![CDATA[]]>		</system-err>
	</testcase>
	<testcase classname="users.tests.signals.test_registration.TestBusinessRegistrationComplete" file="users/tests/signals/test_registration.py" line="433" name="test_without_driving_license" time="0.980" timestamp="2022-07-25T10:47:36">
		<system-out>
<![CDATA[]]>		</system-out>
		<system-err>
<![CDATA[]]>		</system-err>
	</testcase>
</testsuite>
