<?xml version="1.0" encoding="UTF-8"?>
<testsuite errors="0" failures="0" file="payments/tests/utils/test_payment_utils.py" name="payments.tests.utils.test_payment_utils.TestRefundApi-20220725104819" skipped="0" tests="1" time="0.271" timestamp="2022-07-25T10:52:16">
	<testcase classname="payments.tests.utils.test_payment_utils.TestRefundApi" file="payments/tests/utils/test_payment_utils.py" line="573" name="test_refund_captured_uncaptured_payment" time="0.271" timestamp="2022-07-25T10:52:16">
		<system-out>
<![CDATA[]]>		</system-out>
		<system-err>
<![CDATA[]]>		</system-err>
	</testcase>
</testsuite>
