<?xml version="1.0" encoding="UTF-8"?>
<testsuite errors="0" failures="0" file="calendars/tests/models/test_periods.py" name="calendars.tests.models.test_periods.TestPeriodModel-20220725104740" skipped="0" tests="5" time="0.189" timestamp="2022-07-25T10:53:52">
	<testcase classname="calendars.tests.models.test_periods.TestPeriodModel" file="calendars/tests/models/test_periods.py" line="22" name="test_in_effect" time="0.023" timestamp="2022-07-25T10:53:52">
		<system-out>
<![CDATA[]]>		</system-out>
		<system-err>
<![CDATA[]]>		</system-err>
	</testcase>
	<testcase classname="calendars.tests.models.test_periods.TestPeriodModel" file="calendars/tests/models/test_periods.py" line="39" name="test_in_effect_1min_after_duration" time="0.023" timestamp="2022-07-25T10:53:52">
		<system-out>
<![CDATA[]]>		</system-out>
		<system-err>
<![CDATA[]]>		</system-err>
	</testcase>
	<testcase classname="calendars.tests.models.test_periods.TestPeriodModel" file="calendars/tests/models/test_periods.py" line="31" name="test_in_effect_for_completed_period" time="0.023" timestamp="2022-07-25T10:53:52">
		<system-out>
<![CDATA[]]>		</system-out>
		<system-err>
<![CDATA[]]>		</system-err>
	</testcase>
	<testcase classname="calendars.tests.models.test_periods.TestPeriodModel" file="calendars/tests/models/test_periods.py" line="27" name="test_in_effect_for_future_period" time="0.022" timestamp="2022-07-25T10:53:52">
		<system-out>
<![CDATA[]]>		</system-out>
		<system-err>
<![CDATA[]]>		</system-err>
	</testcase>
	<testcase classname="calendars.tests.models.test_periods.TestPeriodModel" file="calendars/tests/models/test_periods.py" line="50" name="test_period_in_effect_lifecycle" time="0.098" timestamp="2022-07-25T10:53:52">
		<system-out>
<![CDATA[]]>		</system-out>
		<system-err>
<![CDATA[]]>		</system-err>
	</testcase>
</testsuite>
