<?xml version="1.0" encoding="UTF-8"?>
<testsuite errors="0" failures="0" file="rentals/tests/utils/test_carsharing_validation_utils.py" name="rentals.tests.utils.test_carsharing_validation_utils.CarsharingValidationUtilsTestCase-20220725105046" skipped="0" tests="7" time="0.996" timestamp="2022-07-25T11:08:05">
	<testcase classname="rentals.tests.utils.test_carsharing_validation_utils.CarsharingValidationUtilsTestCase" file="rentals/tests/utils/test_carsharing_validation_utils.py" line="123" name="test_carsharing_vehicle_pricing_enabled_missing" time="0.192" timestamp="2022-07-25T11:08:04">
		<system-out>
<![CDATA[]]>		</system-out>
		<system-err>
<![CDATA[]]>		</system-err>
	</testcase>
	<testcase classname="rentals.tests.utils.test_carsharing_validation_utils.CarsharingValidationUtilsTestCase" file="rentals/tests/utils/test_carsharing_validation_utils.py" line="110" name="test_validate_reservation_carsharing_pre_auth_disabled" time="0.124" timestamp="2022-07-25T11:08:04">
		<system-out>
<![CDATA[]]>		</system-out>
		<system-err>
<![CDATA[]]>		</system-err>
	</testcase>
	<testcase classname="rentals.tests.utils.test_carsharing_validation_utils.CarsharingValidationUtilsTestCase" file="rentals/tests/utils/test_carsharing_validation_utils.py" line="43" name="test_validate_reservation_customer_passes_validation" time="0.059" timestamp="2022-07-25T11:08:05">
		<system-out>
<![CDATA[]]>		</system-out>
		<system-err>
<![CDATA[]]>		</system-err>
	</testcase>
	<testcase classname="rentals.tests.utils.test_carsharing_validation_utils.CarsharingValidationUtilsTestCase" file="rentals/tests/utils/test_carsharing_validation_utils.py" line="57" name="test_validate_reservation_service_block_rental" time="0.332" timestamp="2022-07-25T11:08:05">
		<system-out>
<![CDATA[]]>		</system-out>
		<system-err>
<![CDATA[]]>		</system-err>
	</testcase>
	<testcase classname="rentals.tests.utils.test_carsharing_validation_utils.CarsharingValidationUtilsTestCase" file="rentals/tests/utils/test_carsharing_validation_utils.py" line="79" name="test_validate_reservation_skip_pre_auth_and_refund" time="0.062" timestamp="2022-07-25T11:08:05">
		<system-out>
<![CDATA[]]>		</system-out>
		<system-err>
<![CDATA[]]>		</system-err>
	</testcase>
	<testcase classname="rentals.tests.utils.test_carsharing_validation_utils.CarsharingValidationUtilsTestCase" file="rentals/tests/utils/test_carsharing_validation_utils.py" line="90" name="test_validate_reservation_when_can_reserve_car_is_False" time="0.171" timestamp="2022-07-25T11:08:05">
		<system-out>
<![CDATA[]]>		</system-out>
		<system-err>
<![CDATA[]]>		</system-err>
	</testcase>
	<testcase classname="rentals.tests.utils.test_carsharing_validation_utils.CarsharingValidationUtilsTestCase" file="rentals/tests/utils/test_carsharing_validation_utils.py" line="99" name="test_validate_reservation_with_0_pre_auth_amount" time="0.054" timestamp="2022-07-25T11:08:05">
		<system-out>
<![CDATA[]]>		</system-out>
		<system-err>
<![CDATA[]]>		</system-err>
	</testcase>
</testsuite>
