<?xml version="1.0" encoding="UTF-8"?>
<testsuite errors="0" failures="0" file="vehicle_automation/tests/utils/test_transactional_alerts_jobs_automation.py" name="vehicle_automation.tests.utils.test_transactional_alerts_jobs_automation.TestTransactionalRuleRentalCount-20220725104622" skipped="0" tests="2" time="6.254" timestamp="2022-07-25T10:55:55">
	<testcase classname="vehicle_automation.tests.utils.test_transactional_alerts_jobs_automation.TestTransactionalRuleRentalCount" file="vehicle_automation/tests/utils/test_transactional_alerts_jobs_automation.py" line="862" name="test_cleaning_transactional_rule_rental_count_without_existing_alert" time="3.058" timestamp="2022-07-25T10:55:52">
		<system-out>
<![CDATA[]]>		</system-out>
		<system-err>
<![CDATA[]]>		</system-err>
	</testcase>
	<testcase classname="vehicle_automation.tests.utils.test_transactional_alerts_jobs_automation.TestTransactionalRuleRentalCount" file="vehicle_automation/tests/utils/test_transactional_alerts_jobs_automation.py" line="901" name="test_cleaning_transactional_rule_rental_count_without_existing_alert_exempted_user" time="3.196" timestamp="2022-07-25T10:55:55">
		<system-out>
<![CDATA[]]>		</system-out>
		<system-err>
<![CDATA[]]>		</system-err>
	</testcase>
</testsuite>
