<?xml version="1.0" encoding="UTF-8"?>
<testsuite errors="0" failures="0" file="payments/tests/payment_providers/test_stripe_api.py" name="payments.tests.payment_providers.test_stripe_api.TestStripeCustomerModify-20220725104819" skipped="0" tests="1" time="0.032" timestamp="2022-07-25T10:49:27">
	<testcase classname="payments.tests.payment_providers.test_stripe_api.TestStripeCustomerModify" file="payments/tests/payment_providers/test_stripe_api.py" line="632" name="test_successful_update" time="0.032" timestamp="2022-07-25T10:49:27">
		<system-out>
<![CDATA[]]>		</system-out>
		<system-err>
<![CDATA[]]>		</system-err>
	</testcase>
</testsuite>
