<?xml version="1.0" encoding="UTF-8"?>
<testsuite errors="0" failures="0" file="vehicle_automation/tests/utils/test_transactional_alerts_jobs_automation.py" name="vehicle_automation.tests.utils.test_transactional_alerts_jobs_automation.TestTransactionalRuleVehicleWithDamageConditions-20220725104622" skipped="0" tests="5" time="7.412" timestamp="2022-07-25T10:56:11">
	<testcase classname="vehicle_automation.tests.utils.test_transactional_alerts_jobs_automation.TestTransactionalRuleVehicleWithDamageConditions" file="vehicle_automation/tests/utils/test_transactional_alerts_jobs_automation.py" line="1235" name="test_vehicle_with_damage_condition_generated_alert_email" time="1.441" timestamp="2022-07-25T10:56:05">
		<system-out>
<![CDATA[]]>		</system-out>
		<system-err>
<![CDATA[]]>		</system-err>
	</testcase>
	<testcase classname="vehicle_automation.tests.utils.test_transactional_alerts_jobs_automation.TestTransactionalRuleVehicleWithDamageConditions" file="vehicle_automation/tests/utils/test_transactional_alerts_jobs_automation.py" line="1214" name="test_vehicle_with_damage_condition_generates_alert" time="1.307" timestamp="2022-07-25T10:56:07">
		<system-out>
<![CDATA[]]>		</system-out>
		<system-err>
<![CDATA[]]>		</system-err>
	</testcase>
	<testcase classname="vehicle_automation.tests.utils.test_transactional_alerts_jobs_automation.TestTransactionalRuleVehicleWithDamageConditions" file="vehicle_automation/tests/utils/test_transactional_alerts_jobs_automation.py" line="1292" name="test_vehicle_with_duplicate_or_resolved_condition_does_not_generate_alerts" time="1.748" timestamp="2022-07-25T10:56:08">
		<system-out>
<![CDATA[]]>		</system-out>
		<system-err>
<![CDATA[]]>		</system-err>
	</testcase>
	<testcase classname="vehicle_automation.tests.utils.test_transactional_alerts_jobs_automation.TestTransactionalRuleVehicleWithDamageConditions" file="vehicle_automation/tests/utils/test_transactional_alerts_jobs_automation.py" line="1301" name="test_vehicle_with_existing_alert_does_not_generate_new_alert" time="1.311" timestamp="2022-07-25T10:56:10">
		<system-out>
<![CDATA[]]>		</system-out>
		<system-err>
<![CDATA[]]>		</system-err>
	</testcase>
	<testcase classname="vehicle_automation.tests.utils.test_transactional_alerts_jobs_automation.TestTransactionalRuleVehicleWithDamageConditions" file="vehicle_automation/tests/utils/test_transactional_alerts_jobs_automation.py" line="1266" name="test_vehicle_with_multiple_damage_conditions_has_one_aggregated_record" time="1.605" timestamp="2022-07-25T10:56:11">
		<system-out>
<![CDATA[]]>		</system-out>
		<system-err>
<![CDATA[]]>		</system-err>
	</testcase>
</testsuite>
