<?xml version="1.0" encoding="UTF-8"?>
<testsuite errors="0" failures="0" file="service_regions/tests/test_serviceregions.py" name="service_regions.tests.test_serviceregions.TestAPIAsServiceManager-20220725105046" skipped="0" tests="1" time="0.600" timestamp="2022-07-25T11:09:13">
	<testcase classname="service_regions.tests.test_serviceregions.TestAPIAsServiceManager" file="service_regions/tests/test_serviceregions.py" line="1093" name="test_creation" time="0.600" timestamp="2022-07-25T11:09:13">
		<system-out>
<![CDATA[]]>		</system-out>
		<system-err>
<![CDATA[]]>		</system-err>
	</testcase>
</testsuite>
