<?xml version="1.0" encoding="UTF-8"?>
<testsuite errors="0" failures="0" file="services/tests/apis/v2/test_settings_api.py" name="services.tests.apis.v2.test_settings_api.TestTenantConfigAPIViaSuperAdmin-20220725104713" skipped="0" tests="1" time="0.473" timestamp="2022-07-25T10:48:57">
	<testcase classname="services.tests.apis.v2.test_settings_api.TestTenantConfigAPIViaSuperAdmin" file="services/tests/apis/v2/test_settings_api.py" line="545" name="test_update_settings_for_driveway" time="0.473" timestamp="2022-07-25T10:48:57">
		<system-out>
<![CDATA[]]>		</system-out>
		<system-err>
<![CDATA[]]>		</system-err>
	</testcase>
</testsuite>
