<?xml version="1.0" encoding="UTF-8"?>
<testsuite errors="0" failures="0" file="users/tests/tasks/test_user_timed_password_reset.py" name="users.tests.tasks.test_user_timed_password_reset.TestTimedPasswordResetNotificationTasks-20220725104622" skipped="0" tests="3" time="0.980" timestamp="2022-07-25T10:48:00">
	<testcase classname="users.tests.tasks.test_user_timed_password_reset.TestTimedPasswordResetNotificationTasks" file="users/tests/tasks/test_user_timed_password_reset.py" line="116" name="test_advanced_first_notification_policy_role_selected_for_user_profile_with_multiple_roles" time="0.361" timestamp="2022-07-25T10:47:59">
		<system-out>
<![CDATA[]]>		</system-out>
		<system-err>
<![CDATA[]]>		</system-err>
	</testcase>
	<testcase classname="users.tests.tasks.test_user_timed_password_reset.TestTimedPasswordResetNotificationTasks" file="users/tests/tasks/test_user_timed_password_reset.py" line="191" name="test_advanced_notifications_users_sso_enabled" time="0.292" timestamp="2022-07-25T10:48:00">
		<system-out>
<![CDATA[]]>		</system-out>
		<system-err>
<![CDATA[]]>		</system-err>
	</testcase>
	<testcase classname="users.tests.tasks.test_user_timed_password_reset.TestTimedPasswordResetNotificationTasks" file="users/tests/tasks/test_user_timed_password_reset.py" line="154" name="test_advanced_second_notification_policy_role_selected_for_user_profile_with_multiple_roles" time="0.327" timestamp="2022-07-25T10:48:00">
		<system-out>
<![CDATA[]]>		</system-out>
		<system-err>
<![CDATA[]]>		</system-err>
	</testcase>
</testsuite>
