<?xml version="1.0" encoding="UTF-8"?>
<testsuite errors="0" failures="0" file="users/tests/apis/test_carsharing_customers.py" name="users.tests.apis.test_carsharing_customers.TestCustomerRegistration-20220725104545" skipped="0" tests="2" time="1.752" timestamp="2022-07-25T10:52:04">
	<testcase classname="users.tests.apis.test_carsharing_customers.TestCustomerRegistration" file="users/tests/apis/test_carsharing_customers.py" line="16" name="test_set_preference_pushed_to_firebase" time="0.624" timestamp="2022-07-25T10:52:03">
		<system-out>
<![CDATA[]]>		</system-out>
		<system-err>
<![CDATA[]]>		</system-err>
	</testcase>
	<testcase classname="users.tests.apis.test_carsharing_customers.TestCustomerRegistration" file="users/tests/apis/test_carsharing_customers.py" line="29" name="test_set_preference_via_api_pushes_to_firebase" time="1.128" timestamp="2022-07-25T10:52:04">
		<system-out>
<![CDATA[]]>		</system-out>
		<system-err>
<![CDATA[]]>		</system-err>
	</testcase>
</testsuite>
