<?xml version="1.0" encoding="UTF-8"?>
<testsuite errors="0" failures="0" file="trips/tests/apis/test_scheduled_trip_requests.py" name="trips.tests.apis.test_scheduled_trip_requests.TestCustomerScheduledTripAPI-20220725104713" skipped="0" tests="3" time="2.929" timestamp="2022-07-25T10:55:55">
	<testcase classname="trips.tests.apis.test_scheduled_trip_requests.TestCustomerScheduledTripAPI" file="trips/tests/apis/test_scheduled_trip_requests.py" line="137" name="test_cancelling_live_ride_sends_push_to_driver" time="1.422" timestamp="2022-07-25T10:55:54">
		<system-out>
<![CDATA[]]>		</system-out>
		<system-err>
<![CDATA[]]>		</system-err>
	</testcase>
	<testcase classname="trips.tests.apis.test_scheduled_trip_requests.TestCustomerScheduledTripAPI" file="trips/tests/apis/test_scheduled_trip_requests.py" line="155" name="test_scheduled_trip_requests_list_excludes_converted" time="0.871" timestamp="2022-07-25T10:55:55">
		<system-out>
<![CDATA[]]>		</system-out>
		<system-err>
<![CDATA[]]>		</system-err>
	</testcase>
	<testcase classname="trips.tests.apis.test_scheduled_trip_requests.TestCustomerScheduledTripAPI" file="trips/tests/apis/test_scheduled_trip_requests.py" line="174" name="test_trip_cannot_be_cancelled_close_to_pickup" time="0.636" timestamp="2022-07-25T10:55:55">
		<system-out>
<![CDATA[]]>		</system-out>
		<system-err>
<![CDATA[]]>		</system-err>
	</testcase>
</testsuite>
