<?xml version="1.0" encoding="UTF-8"?>
<testsuite errors="0" failures="0" file="locations/tests/serializers/test_locations.py" name="locations.tests.serializers.test_locations.TestLocationSerializer-20220725104740" skipped="0" tests="2" time="0.091" timestamp="2022-07-25T11:02:38">
	<testcase classname="locations.tests.serializers.test_locations.TestLocationSerializer" file="locations/tests/serializers/test_locations.py" line="335" name="test_change_location" time="0.054" timestamp="2022-07-25T11:02:38">
		<system-out>
<![CDATA[]]>		</system-out>
		<system-err>
<![CDATA[]]>		</system-err>
	</testcase>
	<testcase classname="locations.tests.serializers.test_locations.TestLocationSerializer" file="locations/tests/serializers/test_locations.py" line="327" name="test_create" time="0.037" timestamp="2022-07-25T11:02:38">
		<system-out>
<![CDATA[]]>		</system-out>
		<system-err>
<![CDATA[]]>		</system-err>
	</testcase>
</testsuite>
