<?xml version="1.0" encoding="UTF-8"?>
<testsuite errors="0" failures="0" file="vehicle_lifecycle/tests/test_models.py" name="vehicle_lifecycle.tests.test_models.TestVehicleLifeCycleTemplate-20220725104622" skipped="0" tests="11" time="1.125" timestamp="2022-07-25T10:58:29">
	<testcase classname="vehicle_lifecycle.tests.test_models.TestVehicleLifeCycleTemplate" file="vehicle_lifecycle/tests/test_models.py" line="90" name="test_create_life_cycle" time="0.233" timestamp="2022-07-25T10:58:28">
		<system-out>
<![CDATA[]]>		</system-out>
		<system-err>
<![CDATA[]]>		</system-err>
	</testcase>
	<testcase classname="vehicle_lifecycle.tests.test_models.TestVehicleLifeCycleTemplate" file="vehicle_lifecycle/tests/test_models.py" line="25" name="test_create_vehicle_lifecycle" time="0.138" timestamp="2022-07-25T10:58:28">
		<system-out>
<![CDATA[]]>		</system-out>
		<system-err>
<![CDATA[]]>		</system-err>
	</testcase>
	<testcase classname="vehicle_lifecycle.tests.test_models.TestVehicleLifeCycleTemplate" file="vehicle_lifecycle/tests/test_models.py" line="207" name="test_life_cycle_configuration" time="0.043" timestamp="2022-07-25T10:58:28">
		<system-out>
<![CDATA[]]>		</system-out>
		<system-err>
<![CDATA[]]>		</system-err>
	</testcase>
	<testcase classname="vehicle_lifecycle.tests.test_models.TestVehicleLifeCycleTemplate" file="vehicle_lifecycle/tests/test_models.py" line="170" name="test_life_cycle_stage_link" time="0.105" timestamp="2022-07-25T10:58:28">
		<system-out>
<![CDATA[]]>		</system-out>
		<system-err>
<![CDATA[]]>		</system-err>
	</testcase>
	<testcase classname="vehicle_lifecycle.tests.test_models.TestVehicleLifeCycleTemplate" file="vehicle_lifecycle/tests/test_models.py" line="77" name="test_lifecycle_create_multistage" time="0.053" timestamp="2022-07-25T10:58:28">
		<system-out>
<![CDATA[]]>		</system-out>
		<system-err>
<![CDATA[]]>		</system-err>
	</testcase>
	<testcase classname="vehicle_lifecycle.tests.test_models.TestVehicleLifeCycleTemplate" file="vehicle_lifecycle/tests/test_models.py" line="61" name="test_lifecycle_create_multisteps" time="0.151" timestamp="2022-07-25T10:58:28">
		<system-out>
<![CDATA[]]>		</system-out>
		<system-err>
<![CDATA[]]>		</system-err>
	</testcase>
	<testcase classname="vehicle_lifecycle.tests.test_models.TestVehicleLifeCycleTemplate" file="vehicle_lifecycle/tests/test_models.py" line="36" name="test_lifecycle_create_stage" time="0.037" timestamp="2022-07-25T10:58:29">
		<system-out>
<![CDATA[]]>		</system-out>
		<system-err>
<![CDATA[]]>		</system-err>
	</testcase>
	<testcase classname="vehicle_lifecycle.tests.test_models.TestVehicleLifeCycleTemplate" file="vehicle_lifecycle/tests/test_models.py" line="44" name="test_lifecycle_create_step" time="0.146" timestamp="2022-07-25T10:58:29">
		<system-out>
<![CDATA[]]>		</system-out>
		<system-err>
<![CDATA[]]>		</system-err>
	</testcase>
	<testcase classname="vehicle_lifecycle.tests.test_models.TestVehicleLifeCycleTemplate" file="vehicle_lifecycle/tests/test_models.py" line="15" name="test_lifecycle_create_template" time="0.037" timestamp="2022-07-25T10:58:29">
		<system-out>
<![CDATA[]]>		</system-out>
		<system-err>
<![CDATA[]]>		</system-err>
	</testcase>
	<testcase classname="vehicle_lifecycle.tests.test_models.TestVehicleLifeCycleTemplate" file="vehicle_lifecycle/tests/test_models.py" line="216" name="test_should_not_create_multiple_life_cycle_configuration" time="0.041" timestamp="2022-07-25T10:58:29">
		<system-out>
<![CDATA[]]>		</system-out>
		<system-err>
<![CDATA[]]>		</system-err>
	</testcase>
	<testcase classname="vehicle_lifecycle.tests.test_models.TestVehicleLifeCycleTemplate" file="vehicle_lifecycle/tests/test_models.py" line="154" name="test_step_without_job_filter" time="0.142" timestamp="2022-07-25T10:58:29">
		<system-out>
<![CDATA[]]>		</system-out>
		<system-err>
<![CDATA[]]>		</system-err>
	</testcase>
</testsuite>
