<?xml version="1.0" encoding="UTF-8"?>
<testsuite errors="0" failures="0" file="django_utils/tests/utils/test_celery_serialization.py" name="django_utils.tests.utils.test_celery_serialization.TestSerializerWireFormat-20220725104740" skipped="0" tests="1" time="0.001" timestamp="2022-07-25T11:06:40">
	<testcase classname="django_utils.tests.utils.test_celery_serialization.TestSerializerWireFormat" file="django_utils/tests/utils/test_celery_serialization.py" line="39" name="test_dataclass" time="0.001" timestamp="2022-07-25T11:06:40">
		<system-out>
<![CDATA[]]>		</system-out>
		<system-err>
<![CDATA[]]>		</system-err>
	</testcase>
</testsuite>
