<?xml version="1.0" encoding="UTF-8"?>
<testsuite errors="0" failures="0" file="payments/tests/apis/v3/test_plan.py" name="payments.tests.apis.v3.test_plan.TestPlanAPIAsCustomer-20220725104740" skipped="0" tests="4" time="1.147" timestamp="2022-07-25T11:06:12">
	<testcase classname="payments.tests.apis.v3.test_plan.TestPlanAPIAsCustomer" file="payments/tests/apis/v3/test_plan.py" line="153" name="test_create_plan" time="0.290" timestamp="2022-07-25T11:06:11">
		<system-out>
<![CDATA[]]>		</system-out>
		<system-err>
<![CDATA[]]>		</system-err>
	</testcase>
	<testcase classname="payments.tests.apis.v3.test_plan.TestPlanAPIAsCustomer" file="payments/tests/apis/v3/test_plan.py" line="163" name="test_delete_membership" time="0.299" timestamp="2022-07-25T11:06:12">
		<system-out>
<![CDATA[]]>		</system-out>
		<system-err>
<![CDATA[]]>		</system-err>
	</testcase>
	<testcase classname="payments.tests.apis.v3.test_plan.TestPlanAPIAsCustomer" file="payments/tests/apis/v3/test_plan.py" line="149" name="test_list_plans" time="0.291" timestamp="2022-07-25T11:06:12">
		<system-out>
<![CDATA[]]>		</system-out>
		<system-err>
<![CDATA[]]>		</system-err>
	</testcase>
	<testcase classname="payments.tests.apis.v3.test_plan.TestPlanAPIAsCustomer" file="payments/tests/apis/v3/test_plan.py" line="157" name="test_update_membership" time="0.266" timestamp="2022-07-25T11:06:12">
		<system-out>
<![CDATA[]]>		</system-out>
		<system-err>
<![CDATA[]]>		</system-err>
	</testcase>
</testsuite>
