<?xml version="1.0" encoding="UTF-8"?>
<testsuite errors="0" failures="0" file="vehicles/tests/apis/test_vehicle_types.py" name="vehicles.tests.apis.test_vehicle_types.TestVehicleTypeAsDispatcher-20220725104622" skipped="0" tests="2" time="1.463" timestamp="2022-07-25T10:59:32">
	<testcase classname="vehicles.tests.apis.test_vehicle_types.TestVehicleTypeAsDispatcher" file="vehicles/tests/apis/test_vehicle_types.py" line="350" name="test_post_vehicle_type_should_work" time="0.740" timestamp="2022-07-25T10:59:31">
		<system-out>
<![CDATA[]]>		</system-out>
		<system-err>
<![CDATA[]]>		</system-err>
	</testcase>
	<testcase classname="vehicles.tests.apis.test_vehicle_types.TestVehicleTypeAsDispatcher" file="vehicles/tests/apis/test_vehicle_types.py" line="360" name="test_post_vehicle_type_with_vehicle_class" time="0.723" timestamp="2022-07-25T10:59:32">
		<system-out>
<![CDATA[]]>		</system-out>
		<system-err>
<![CDATA[]]>		</system-err>
	</testcase>
</testsuite>
