<?xml version="1.0" encoding="UTF-8"?>
<testsuite errors="0" failures="0" file="vehicle_automation/tests/test_automations.py" name="vehicle_automation.tests.test_automations.TestDTCAutomationSettingItem-20220725104622" skipped="0" tests="1" time="0.046" timestamp="2022-07-25T10:52:01">
	<testcase classname="vehicle_automation.tests.test_automations.TestDTCAutomationSettingItem" file="vehicle_automation/tests/test_automations.py" line="169" name="test_dtc_create_automation_setting_item" time="0.046" timestamp="2022-07-25T10:52:01">
		<system-out>
<![CDATA[]]>		</system-out>
		<system-err>
<![CDATA[]]>		</system-err>
	</testcase>
</testsuite>
