<?xml version="1.0" encoding="UTF-8"?>
<testsuite errors="0" failures="0" file="users/tests/apis/test_remote_user_header_middleware.py" name="users.tests.apis.test_remote_user_header_middleware.TestRemoteUser-20220725104545" skipped="0" tests="3" time="1.149" timestamp="2022-07-25T10:56:31">
	<testcase classname="users.tests.apis.test_remote_user_header_middleware.TestRemoteUser" file="users/tests/apis/test_remote_user_header_middleware.py" line="35" name="test_304_not_modified" time="0.391" timestamp="2022-07-25T10:56:30">
		<system-out>
<![CDATA[]]>		</system-out>
		<system-err>
<![CDATA[]]>		</system-err>
	</testcase>
	<testcase classname="users.tests.apis.test_remote_user_header_middleware.TestRemoteUser" file="users/tests/apis/test_remote_user_header_middleware.py" line="29" name="test_after_auth" time="0.412" timestamp="2022-07-25T10:56:30">
		<system-out>
<![CDATA[]]>		</system-out>
		<system-err>
<![CDATA[]]>		</system-err>
	</testcase>
	<testcase classname="users.tests.apis.test_remote_user_header_middleware.TestRemoteUser" file="users/tests/apis/test_remote_user_header_middleware.py" line="24" name="test_unathenticated" time="0.347" timestamp="2022-07-25T10:56:31">
		<system-out>
<![CDATA[]]>		</system-out>
		<system-err>
<![CDATA[]]>		</system-err>
	</testcase>
</testsuite>
