<?xml version="1.0" encoding="UTF-8"?>
<testsuite errors="0" failures="0" file="trips/tests/utils/test_dispatch_utils.py" name="trips.tests.utils.test_dispatch_utils.TestDispatchUtils-20220725104545" skipped="0" tests="3" time="3.369" timestamp="2022-07-25T10:50:31">
	<testcase classname="trips.tests.utils.test_dispatch_utils.TestDispatchUtils" file="trips/tests/utils/test_dispatch_utils.py" line="88" name="test_disable_ev_feature" time="1.083" timestamp="2022-07-25T10:50:29">
		<system-out>
<![CDATA[]]>		</system-out>
		<system-err>
<![CDATA[]]>		</system-err>
	</testcase>
	<testcase classname="trips.tests.utils.test_dispatch_utils.TestDispatchUtils" file="trips/tests/utils/test_dispatch_utils.py" line="21" name="test_get_generally_capable_drivers_for_trip" time="0.905" timestamp="2022-07-25T10:50:29">
		<system-out>
<![CDATA[]]>		</system-out>
		<system-err>
<![CDATA[]]>		</system-err>
	</testcase>
	<testcase classname="trips.tests.utils.test_dispatch_utils.TestDispatchUtils" file="trips/tests/utils/test_dispatch_utils.py" line="41" name="test_is_ev_driver_capable_of_serving_trip" time="1.382" timestamp="2022-07-25T10:50:31">
		<system-out>
<![CDATA[]]>		</system-out>
		<system-err>
<![CDATA[]]>		</system-err>
	</testcase>
</testsuite>
