<?xml version="1.0" encoding="UTF-8"?>
<testsuite errors="0" failures="0" file="app_logging/tests/apis/test_logs.py" name="app_logging.tests.apis.test_logs.TestLogViewSet-20220725104740" skipped="0" tests="1" time="0.328" timestamp="2022-07-25T10:50:36">
	<testcase classname="app_logging.tests.apis.test_logs.TestLogViewSet" file="app_logging/tests/apis/test_logs.py" line="7" name="test_log_works" time="0.328" timestamp="2022-07-25T10:50:36">
		<system-out>
<![CDATA[]]>		</system-out>
		<system-err>
<![CDATA[]]>		</system-err>
	</testcase>
</testsuite>
