<?xml version="1.0" encoding="UTF-8"?>
<testsuite errors="0" failures="0" file="rentals/tests/models/test_rentals.py" name="rentals.tests.models.test_rentals.TestScheduledRentalRequestsFallbackAssignment-20220725105046" skipped="0" tests="5" time="2.064" timestamp="2022-07-25T11:05:38">
	<testcase classname="rentals.tests.models.test_rentals.TestScheduledRentalRequestsFallbackAssignment" file="rentals/tests/models/test_rentals.py" line="1060" name="test_auto_assign_vehicle" time="0.267" timestamp="2022-07-25T11:05:36">
		<system-out>
<![CDATA[]]>		</system-out>
		<system-err>
<![CDATA[]]>		</system-err>
	</testcase>
	<testcase classname="rentals.tests.models.test_rentals.TestScheduledRentalRequestsFallbackAssignment" file="rentals/tests/models/test_rentals.py" line="1068" name="test_auto_assign_vehicle_fail" time="0.378" timestamp="2022-07-25T11:05:36">
		<system-out>
<![CDATA[]]>		</system-out>
		<system-err>
<![CDATA[]]>		</system-err>
	</testcase>
	<testcase classname="rentals.tests.models.test_rentals.TestScheduledRentalRequestsFallbackAssignment" file="rentals/tests/models/test_rentals.py" line="1091" name="test_auto_assign_vehicle_fail_with_fallback_if_unavailable" time="0.658" timestamp="2022-07-25T11:05:37">
		<system-out>
<![CDATA[]]>		</system-out>
		<system-err>
<![CDATA[]]>		</system-err>
	</testcase>
	<testcase classname="rentals.tests.models.test_rentals.TestScheduledRentalRequestsFallbackAssignment" file="rentals/tests/models/test_rentals.py" line="1078" name="test_auto_assign_vehicle_succeed_with_fallback" time="0.590" timestamp="2022-07-25T11:05:38">
		<system-out>
<![CDATA[]]>		</system-out>
		<system-err>
<![CDATA[]]>		</system-err>
	</testcase>
	<testcase classname="rentals.tests.models.test_rentals.TestScheduledRentalRequestsFallbackAssignment" file="rentals/tests/models/test_rentals.py" line="1047" name="test_setup" time="0.171" timestamp="2022-07-25T11:05:38">
		<system-out>
<![CDATA[]]>		</system-out>
		<system-err>
<![CDATA[]]>		</system-err>
	</testcase>
</testsuite>
