<?xml version="1.0" encoding="UTF-8"?>
<testsuite errors="0" failures="0" file="payments/tests/signals/test_credit_cards.py" name="payments.tests.signals.test_credit_cards.TestCreditCardSignals-20220725104819" skipped="0" tests="3" time="2.413" timestamp="2022-07-25T10:49:36">
	<testcase classname="payments.tests.signals.test_credit_cards.TestCreditCardSignals" file="payments/tests/signals/test_credit_cards.py" line="32" name="test_invalid_card" time="0.765" timestamp="2022-07-25T10:49:34">
		<system-out>
<![CDATA[]]>		</system-out>
		<system-err>
<![CDATA[]]>		</system-err>
	</testcase>
	<testcase classname="payments.tests.signals.test_credit_cards.TestCreditCardSignals" file="payments/tests/signals/test_credit_cards.py" line="28" name="test_no_card" time="0.702" timestamp="2022-07-25T10:49:35">
		<system-out>
<![CDATA[]]>		</system-out>
		<system-err>
<![CDATA[]]>		</system-err>
	</testcase>
	<testcase classname="payments.tests.signals.test_credit_cards.TestCreditCardSignals" file="payments/tests/signals/test_credit_cards.py" line="39" name="test_valid_card" time="0.946" timestamp="2022-07-25T10:49:36">
		<system-out>
<![CDATA[]]>		</system-out>
		<system-err>
<![CDATA[]]>		</system-err>
	</testcase>
</testsuite>
