<?xml version="1.0" encoding="UTF-8"?>
<testsuite errors="0" failures="0" file="websockets/tests/utils/test_websocket_utils.py" name="websockets.tests.utils.test_websocket_utils.TestWebsocketUtils-20220725104622" skipped="0" tests="1" time="0.001" timestamp="2022-07-25T11:06:43">
	<testcase classname="websockets.tests.utils.test_websocket_utils.TestWebsocketUtils" file="websockets/tests/utils/test_websocket_utils.py" line="201" name="test_get_group_name_for_filters" time="0.001" timestamp="2022-07-25T11:06:43">
		<system-out>
<![CDATA[]]>		</system-out>
		<system-err>
<![CDATA[]]>		</system-err>
	</testcase>
</testsuite>
