<?xml version="1.0" encoding="UTF-8"?>
<testsuite errors="0" failures="0" file="users/tests/apis/v2/test_carsharing_customers.py" name="users.tests.apis.v2.test_carsharing_customers.TestUserInviteDetails-20220725104545" skipped="0" tests="4" time="4.147" timestamp="2022-07-25T11:02:39">
	<testcase classname="users.tests.apis.v2.test_carsharing_customers.TestUserInviteDetails" file="users/tests/apis/v2/test_carsharing_customers.py" line="4110" name="test_brand_logo_and_payment_type" time="1.181" timestamp="2022-07-25T11:02:36">
		<system-out>
<![CDATA[]]>		</system-out>
		<system-err>
<![CDATA[]]>		</system-err>
	</testcase>
	<testcase classname="users.tests.apis.v2.test_carsharing_customers.TestUserInviteDetails" file="users/tests/apis/v2/test_carsharing_customers.py" line="4130" name="test_business_address" time="1.086" timestamp="2022-07-25T11:02:37">
		<system-out>
<![CDATA[]]>		</system-out>
		<system-err>
<![CDATA[]]>		</system-err>
	</testcase>
	<testcase classname="users.tests.apis.v2.test_carsharing_customers.TestUserInviteDetails" file="users/tests/apis/v2/test_carsharing_customers.py" line="4103" name="test_for_business_customer" time="1.179" timestamp="2022-07-25T11:02:38">
		<system-out>
<![CDATA[]]>		</system-out>
		<system-err>
<![CDATA[]]>		</system-err>
	</testcase>
	<testcase classname="users.tests.apis.v2.test_carsharing_customers.TestUserInviteDetails" file="users/tests/apis/v2/test_carsharing_customers.py" line="4098" name="test_for_regular_customer" time="0.702" timestamp="2022-07-25T11:02:39">
		<system-out>
<![CDATA[]]>		</system-out>
		<system-err>
<![CDATA[]]>		</system-err>
	</testcase>
</testsuite>
