<?xml version="1.0" encoding="UTF-8"?>
<testsuite errors="0" failures="0" file="hardware_sdk_mensa/tests/test_webhooks_serializers.py" name="hardware_sdk_mensa.tests.test_webhooks_serializers.TestCurrentParametersSerializer-20220725104740" skipped="0" tests="4" time="0.029" timestamp="2022-07-25T11:00:36">
	<testcase classname="hardware_sdk_mensa.tests.test_webhooks_serializers.TestCurrentParametersSerializer" file="hardware_sdk_mensa/tests/test_webhooks_serializers.py" line="417" name="test_good_data" time="0.007" timestamp="2022-07-25T11:00:36">
		<system-out>
<![CDATA[]]>		</system-out>
		<system-err>
<![CDATA[]]>		</system-err>
	</testcase>
	<testcase classname="hardware_sdk_mensa.tests.test_webhooks_serializers.TestCurrentParametersSerializer" file="hardware_sdk_mensa/tests/test_webhooks_serializers.py" line="426" name="test_missing_engine_off" time="0.007" timestamp="2022-07-25T11:00:36">
		<system-out>
<![CDATA[]]>		</system-out>
		<system-err>
<![CDATA[]]>		</system-err>
	</testcase>
	<testcase classname="hardware_sdk_mensa.tests.test_webhooks_serializers.TestCurrentParametersSerializer" file="hardware_sdk_mensa/tests/test_webhooks_serializers.py" line="421" name="test_missing_speed_limit" time="0.007" timestamp="2022-07-25T11:00:36">
		<system-out>
<![CDATA[]]>		</system-out>
		<system-err>
<![CDATA[]]>		</system-err>
	</testcase>
	<testcase classname="hardware_sdk_mensa.tests.test_webhooks_serializers.TestCurrentParametersSerializer" file="hardware_sdk_mensa/tests/test_webhooks_serializers.py" line="431" name="test_newly_infleeted_params" time="0.008" timestamp="2022-07-25T11:00:36">
		<system-out>
<![CDATA[]]>		</system-out>
		<system-err>
<![CDATA[]]>		</system-err>
	</testcase>
</testsuite>
