<?xml version="1.0" encoding="UTF-8"?>
<testsuite errors="0" failures="0" file="users/tests/utils/test_notifications.py" name="users.tests.utils.test_notifications.UserResetPasswordTestCase-20220725110857" skipped="3" tests="3" time="0.014" timestamp="2022-07-25T11:08:57">
	<testcase classname="users.tests.utils.test_notifications.UserResetPasswordTestCase" file="users/tests/utils/test_notifications.py" line="191" name="test_reset_customer_password_success" time="0.009" timestamp="2022-07-25T11:08:57">
		<skipped message="Deprecated old Django Password reset form, now API based: https://jira.ridecell.us:8443/browse/DEV-4318" type="skip"/>
		<system-out>
<![CDATA[]]>		</system-out>
		<system-err>
<![CDATA[]]>		</system-err>
	</testcase>
	<testcase classname="users.tests.utils.test_notifications.UserResetPasswordTestCase" file="users/tests/utils/test_notifications.py" line="139" name="test_reset_customer_password_violation" time="0.002" timestamp="2022-07-25T11:08:57">
		<skipped message="Deprecated old Django Password reset form, now API based: https://jira.ridecell.us:8443/browse/DEV-4318" type="skip"/>
		<system-out>
<![CDATA[]]>		</system-out>
		<system-err>
<![CDATA[]]>		</system-err>
	</testcase>
	<testcase classname="users.tests.utils.test_notifications.UserResetPasswordTestCase" file="users/tests/utils/test_notifications.py" line="157" name="test_reset_customer_reuse_password_violation" time="0.004" timestamp="2022-07-25T11:08:57">
		<skipped message="Deprecated old Django Password reset form, now API based: https://jira.ridecell.us:8443/browse/DEV-4318" type="skip"/>
		<system-out>
<![CDATA[]]>		</system-out>
		<system-err>
<![CDATA[]]>		</system-err>
	</testcase>
</testsuite>
