<?xml version="1.0" encoding="UTF-8"?>
<testsuite errors="0" failures="0" file="services/tests/apis/v3/test_carsharing_services.py" name="services.tests.apis.v3.test_carsharing_services.TestCarsharingServicesAPIV3AsDispatcherInOtherService-20220725104713" skipped="0" tests="6" time="6.424" timestamp="2022-07-25T10:50:03">
	<testcase classname="services.tests.apis.v3.test_carsharing_services.TestCarsharingServicesAPIV3AsDispatcherInOtherService" file="services/tests/apis/v3/test_carsharing_services.py" line="1269" name="test_get_cities_for_carsharingservice" time="1.269" timestamp="2022-07-25T10:49:57">
		<system-out>
<![CDATA[]]>		</system-out>
		<system-err>
<![CDATA[]]>		</system-err>
	</testcase>
	<testcase classname="services.tests.apis.v3.test_carsharing_services.TestCarsharingServicesAPIV3AsDispatcherInOtherService" file="services/tests/apis/v3/test_carsharing_services.py" line="1264" name="test_v3_destroy" time="0.920" timestamp="2022-07-25T10:49:58">
		<system-out>
<![CDATA[]]>		</system-out>
		<system-err>
<![CDATA[]]>		</system-err>
	</testcase>
	<testcase classname="services.tests.apis.v3.test_carsharing_services.TestCarsharingServicesAPIV3AsDispatcherInOtherService" file="services/tests/apis/v3/test_carsharing_services.py" line="1240" name="test_v3_get_detail" time="1.016" timestamp="2022-07-25T10:49:59">
		<system-out>
<![CDATA[]]>		</system-out>
		<system-err>
<![CDATA[]]>		</system-err>
	</testcase>
	<testcase classname="services.tests.apis.v3.test_carsharing_services.TestCarsharingServicesAPIV3AsDispatcherInOtherService" file="services/tests/apis/v3/test_carsharing_services.py" line="1233" name="test_v3_get_list" time="0.927" timestamp="2022-07-25T10:50:00">
		<system-out>
<![CDATA[]]>		</system-out>
		<system-err>
<![CDATA[]]>		</system-err>
	</testcase>
	<testcase classname="services.tests.apis.v3.test_carsharing_services.TestCarsharingServicesAPIV3AsDispatcherInOtherService" file="services/tests/apis/v3/test_carsharing_services.py" line="1248" name="test_v3_patch" time="1.167" timestamp="2022-07-25T10:50:01">
		<system-out>
<![CDATA[]]>		</system-out>
		<system-err>
<![CDATA[]]>		</system-err>
	</testcase>
	<testcase classname="services.tests.apis.v3.test_carsharing_services.TestCarsharingServicesAPIV3AsDispatcherInOtherService" file="services/tests/apis/v3/test_carsharing_services.py" line="1256" name="test_v3_put" time="1.126" timestamp="2022-07-25T10:50:03">
		<system-out>
<![CDATA[]]>		</system-out>
		<system-err>
<![CDATA[]]>		</system-err>
	</testcase>
</testsuite>
