<?xml version="1.0" encoding="UTF-8"?>
<testsuite errors="0" failures="0" file="users/tests/models/test_customers.py" name="users.tests.models.test_customers.CustomerQuerySetTestCase-20220725104545" skipped="0" tests="1" time="0.325" timestamp="2022-07-25T11:06:25">
	<testcase classname="users.tests.models.test_customers.CustomerQuerySetTestCase" file="users/tests/models/test_customers.py" line="52" name="test_customer_queryset" time="0.325" timestamp="2022-07-25T11:06:25">
		<system-out>
<![CDATA[]]>		</system-out>
		<system-err>
<![CDATA[]]>		</system-err>
	</testcase>
</testsuite>
