<?xml version="1.0" encoding="UTF-8"?>
<testsuite errors="0" failures="0" file="services/tests/apis/v3/test_services.py" name="services.tests.apis.v3.test_services.TestServiceVisibilityForCustomers-20220725104713" skipped="0" tests="6" time="5.371" timestamp="2022-07-25T10:50:47">
	<testcase classname="services.tests.apis.v3.test_services.TestServiceVisibilityForCustomers" file="services/tests/apis/v3/test_services.py" line="107" name="test_can_see_exclusive_services_as_member" time="0.750" timestamp="2022-07-25T10:50:43">
		<system-out>
<![CDATA[]]>		</system-out>
		<system-err>
<![CDATA[]]>		</system-err>
	</testcase>
	<testcase classname="services.tests.apis.v3.test_services.TestServiceVisibilityForCustomers" file="services/tests/apis/v3/test_services.py" line="116" name="test_can_see_exclusive_services_not_a_member" time="0.651" timestamp="2022-07-25T10:50:43">
		<system-out>
<![CDATA[]]>		</system-out>
		<system-err>
<![CDATA[]]>		</system-err>
	</testcase>
	<testcase classname="services.tests.apis.v3.test_services.TestServiceVisibilityForCustomers" file="services/tests/apis/v3/test_services.py" line="122" name="test_can_see_multiple_services_not_a_member" time="0.946" timestamp="2022-07-25T10:50:44">
		<system-out>
<![CDATA[]]>		</system-out>
		<system-err>
<![CDATA[]]>		</system-err>
	</testcase>
	<testcase classname="services.tests.apis.v3.test_services.TestServiceVisibilityForCustomers" file="services/tests/apis/v3/test_services.py" line="142" name="test_new_fields_always_present" time="0.870" timestamp="2022-07-25T10:50:45">
		<system-out>
<![CDATA[]]>		</system-out>
		<system-err>
<![CDATA[]]>		</system-err>
	</testcase>
	<testcase classname="services.tests.apis.v3.test_services.TestServiceVisibilityForCustomers" file="services/tests/apis/v3/test_services.py" line="155" name="test_ridesharing_service_in_response" time="0.903" timestamp="2022-07-25T10:50:46">
		<system-out>
<![CDATA[]]>		</system-out>
		<system-err>
<![CDATA[]]>		</system-err>
	</testcase>
	<testcase classname="services.tests.apis.v3.test_services.TestServiceVisibilityForCustomers" file="services/tests/apis/v3/test_services.py" line="128" name="test_scheduled_rental_requests_enabled" time="1.252" timestamp="2022-07-25T10:50:47">
		<system-out>
<![CDATA[]]>		</system-out>
		<system-err>
<![CDATA[]]>		</system-err>
	</testcase>
</testsuite>
