<?xml version="1.0" encoding="UTF-8"?>
<testsuite errors="0" failures="0" file="ops_center/tests/analytics/test_reports.py" name="ops_center.tests.analytics.test_reports.TestTripReportsAPIAsManager-20220725104740" skipped="0" tests="3" time="1.861" timestamp="2022-07-25T11:03:45">
	<testcase classname="ops_center.tests.analytics.test_reports.TestTripReportsAPIAsManager" file="ops_center/tests/analytics/test_reports.py" line="260" name="test_get_report_no_permission" time="0.708" timestamp="2022-07-25T11:03:44">
		<system-out>
<![CDATA[]]>		</system-out>
		<system-err>
<![CDATA[]]>		</system-err>
	</testcase>
	<testcase classname="ops_center.tests.analytics.test_reports.TestTripReportsAPIAsManager" file="ops_center/tests/analytics/test_reports.py" line="267" name="test_get_report_of_other_service_manager" time="0.734" timestamp="2022-07-25T11:03:45">
		<system-out>
<![CDATA[]]>		</system-out>
		<system-err>
<![CDATA[]]>		</system-err>
	</testcase>
	<testcase classname="ops_center.tests.analytics.test_reports.TestTripReportsAPIAsManager" file="ops_center/tests/analytics/test_reports.py" line="254" name="test_get_report_one_service" time="0.419" timestamp="2022-07-25T11:03:45">
		<system-out>
<![CDATA[]]>		</system-out>
		<system-err>
<![CDATA[]]>		</system-err>
	</testcase>
</testsuite>
