<?xml version="1.0" encoding="UTF-8"?>
<testsuite errors="0" failures="0" file="trips/tests/apis/test_scheduled_trip_requests.py" name="trips.tests.apis.test_scheduled_trip_requests.TestCustomerScheduledTripRequestCancellation-20220725104713" skipped="0" tests="4" time="4.001" timestamp="2022-07-25T10:55:59">
	<testcase classname="trips.tests.apis.test_scheduled_trip_requests.TestCustomerScheduledTripRequestCancellation" file="trips/tests/apis/test_scheduled_trip_requests.py" line="1865" name="test_cancel_scheduled_trip_after_trip_began_fails_with_message" time="1.214" timestamp="2022-07-25T10:55:57">
		<system-out>
<![CDATA[]]>		</system-out>
		<system-err>
<![CDATA[]]>		</system-err>
	</testcase>
	<testcase classname="trips.tests.apis.test_scheduled_trip_requests.TestCustomerScheduledTripRequestCancellation" file="trips/tests/apis/test_scheduled_trip_requests.py" line="1875" name="test_cancel_scheduled_trip_after_trip_pickup_fails_with_message" time="1.313" timestamp="2022-07-25T10:55:58">
		<system-out>
<![CDATA[]]>		</system-out>
		<system-err>
<![CDATA[]]>		</system-err>
	</testcase>
	<testcase classname="trips.tests.apis.test_scheduled_trip_requests.TestCustomerScheduledTripRequestCancellation" file="trips/tests/apis/test_scheduled_trip_requests.py" line="1850" name="test_scheduled_trip_request_cancellation" time="0.691" timestamp="2022-07-25T10:55:59">
		<system-out>
<![CDATA[]]>		</system-out>
		<system-err>
<![CDATA[]]>		</system-err>
	</testcase>
	<testcase classname="trips.tests.apis.test_scheduled_trip_requests.TestCustomerScheduledTripRequestCancellation" file="trips/tests/apis/test_scheduled_trip_requests.py" line="1855" name="test_scheduled_trip_request_cancellation_with_driver_assigned" time="0.782" timestamp="2022-07-25T10:55:59">
		<system-out>
<![CDATA[]]>		</system-out>
		<system-err>
<![CDATA[]]>		</system-err>
	</testcase>
</testsuite>
