<?xml version="1.0" encoding="UTF-8"?>
<testsuite errors="0" failures="0" file="pipelines/tests/serializers/v3/test_external_schema.py" name="pipelines.tests.serializers.v3.test_external_schema.ExternalSchemaSerializerTests-20220725104819" skipped="0" tests="3" time="0.079" timestamp="2022-07-25T10:52:58">
	<testcase classname="pipelines.tests.serializers.v3.test_external_schema.ExternalSchemaSerializerTests" file="pipelines/tests/serializers/v3/test_external_schema.py" line="154" name="test_invalid_schema_type_serialization" time="0.022" timestamp="2022-07-25T10:52:58">
		<system-out>
<![CDATA[]]>		</system-out>
		<system-err>
<![CDATA[]]>		</system-err>
	</testcase>
	<testcase classname="pipelines.tests.serializers.v3.test_external_schema.ExternalSchemaSerializerTests" file="pipelines/tests/serializers/v3/test_external_schema.py" line="172" name="test_missing_field_in_translation_raises_error" time="0.031" timestamp="2022-07-25T10:52:58">
		<system-out>
<![CDATA[]]>		</system-out>
		<system-err>
<![CDATA[]]>		</system-err>
	</testcase>
	<testcase classname="pipelines.tests.serializers.v3.test_external_schema.ExternalSchemaSerializerTests" file="pipelines/tests/serializers/v3/test_external_schema.py" line="161" name="test_missing_required_fields_for_schema_type_raises_error" time="0.026" timestamp="2022-07-25T10:52:58">
		<system-out>
<![CDATA[]]>		</system-out>
		<system-err>
<![CDATA[]]>		</system-err>
	</testcase>
</testsuite>
