<?xml version="1.0" encoding="UTF-8"?>
<testsuite errors="0" failures="0" file="users/tests/apis/test_password_validation.py" name="users.tests.apis.test_password_validation.APIPasswordValidationTestCase-20220725104545" skipped="0" tests="5" time="2.578" timestamp="2022-07-25T10:56:21">
	<testcase classname="users.tests.apis.test_password_validation.APIPasswordValidationTestCase" file="users/tests/apis/test_password_validation.py" line="39" name="test_create_customer_multiple_password_violations" time="0.504" timestamp="2022-07-25T10:56:19">
		<system-out>
<![CDATA[]]>		</system-out>
		<system-err>
<![CDATA[]]>		</system-err>
	</testcase>
	<testcase classname="users.tests.apis.test_password_validation.APIPasswordValidationTestCase" file="users/tests/apis/test_password_validation.py" line="24" name="test_create_customer_short_password" time="0.439" timestamp="2022-07-25T10:56:20">
		<system-out>
<![CDATA[]]>		</system-out>
		<system-err>
<![CDATA[]]>		</system-err>
	</testcase>
	<testcase classname="users.tests.apis.test_password_validation.APIPasswordValidationTestCase" file="users/tests/apis/test_password_validation.py" line="58" name="test_create_driver_long_password" time="0.514" timestamp="2022-07-25T10:56:20">
		<system-out>
<![CDATA[]]>		</system-out>
		<system-err>
<![CDATA[]]>		</system-err>
	</testcase>
	<testcase classname="users.tests.apis.test_password_validation.APIPasswordValidationTestCase" file="users/tests/apis/test_password_validation.py" line="74" name="test_create_driver_multiple_violations" time="0.508" timestamp="2022-07-25T10:56:21">
		<system-out>
<![CDATA[]]>		</system-out>
		<system-err>
<![CDATA[]]>		</system-err>
	</testcase>
	<testcase classname="users.tests.apis.test_password_validation.APIPasswordValidationTestCase" file="users/tests/apis/test_password_validation.py" line="101" name="test_reset_driver_password_violation" time="0.612" timestamp="2022-07-25T10:56:21">
		<system-out>
<![CDATA[]]>		</system-out>
		<system-err>
<![CDATA[]]>		</system-err>
	</testcase>
</testsuite>
