<?xml version="1.0" encoding="UTF-8"?>
<testsuite errors="0" failures="0" file="driver_scheduling/tests/models/test_slots.py" name="driver_scheduling.tests.models.test_slots.TestDriverAssignment-20220725104740" skipped="0" tests="10" time="3.744" timestamp="2022-07-25T10:56:11">
	<testcase classname="driver_scheduling.tests.models.test_slots.TestDriverAssignment" file="driver_scheduling/tests/models/test_slots.py" line="171" name="test_assignment_by_driver" time="0.445" timestamp="2022-07-25T10:56:08">
		<system-out>
<![CDATA[]]>		</system-out>
		<system-err>
<![CDATA[]]>		</system-err>
	</testcase>
	<testcase classname="driver_scheduling.tests.models.test_slots.TestDriverAssignment" file="driver_scheduling/tests/models/test_slots.py" line="202" name="test_border_assignment_after" time="0.393" timestamp="2022-07-25T10:56:08">
		<system-out>
<![CDATA[]]>		</system-out>
		<system-err>
<![CDATA[]]>		</system-err>
	</testcase>
	<testcase classname="driver_scheduling.tests.models.test_slots.TestDriverAssignment" file="driver_scheduling/tests/models/test_slots.py" line="213" name="test_border_assignment_before" time="0.461" timestamp="2022-07-25T10:56:09">
		<system-out>
<![CDATA[]]>		</system-out>
		<system-err>
<![CDATA[]]>		</system-err>
	</testcase>
	<testcase classname="driver_scheduling.tests.models.test_slots.TestDriverAssignment" file="driver_scheduling/tests/models/test_slots.py" line="181" name="test_double_assignment" time="0.394" timestamp="2022-07-25T10:56:09">
		<system-out>
<![CDATA[]]>		</system-out>
		<system-err>
<![CDATA[]]>		</system-err>
	</testcase>
	<testcase classname="driver_scheduling.tests.models.test_slots.TestDriverAssignment" file="driver_scheduling/tests/models/test_slots.py" line="190" name="test_overlap_assignment" time="0.639" timestamp="2022-07-25T10:56:10">
		<system-out>
<![CDATA[]]>		</system-out>
		<system-err>
<![CDATA[]]>		</system-err>
	</testcase>
	<testcase classname="driver_scheduling.tests.models.test_slots.TestDriverAssignment" file="driver_scheduling/tests/models/test_slots.py" line="20" name="test_quantize_time" time="0.023" timestamp="2022-07-25T10:56:10">
		<system-out>
<![CDATA[]]>		</system-out>
		<system-err>
<![CDATA[]]>		</system-err>
	</testcase>
	<testcase classname="driver_scheduling.tests.models.test_slots.TestDriverAssignment" file="driver_scheduling/tests/models/test_slots.py" line="41" name="test_slot_create_duration_not_mod_5" time="0.295" timestamp="2022-07-25T10:56:10">
		<system-out>
<![CDATA[]]>		</system-out>
		<system-err>
<![CDATA[]]>		</system-err>
	</testcase>
	<testcase classname="driver_scheduling.tests.models.test_slots.TestDriverAssignment" file="driver_scheduling/tests/models/test_slots.py" line="48" name="test_slot_create_off_minute_start" time="0.310" timestamp="2022-07-25T10:56:10">
		<system-out>
<![CDATA[]]>		</system-out>
		<system-err>
<![CDATA[]]>		</system-err>
	</testcase>
	<testcase classname="driver_scheduling.tests.models.test_slots.TestDriverAssignment" file="driver_scheduling/tests/models/test_slots.py" line="26" name="test_slot_create_too_short" time="0.337" timestamp="2022-07-25T10:56:11">
		<system-out>
<![CDATA[]]>		</system-out>
		<system-err>
<![CDATA[]]>		</system-err>
	</testcase>
	<testcase classname="driver_scheduling.tests.models.test_slots.TestDriverAssignment" file="driver_scheduling/tests/models/test_slots.py" line="230" name="test_staff_assignment" time="0.448" timestamp="2022-07-25T10:56:11">
		<system-out>
<![CDATA[]]>		</system-out>
		<system-err>
<![CDATA[]]>		</system-err>
	</testcase>
</testsuite>
