<?xml version="1.0" encoding="UTF-8"?>
<testsuite errors="0" failures="0" file="users/tests/apis/v2/test_supplier_companies.py" name="users.tests.apis.v2.test_supplier_companies.SupplierCompanyAPITestCaseAsDispatcher-20220725104545" skipped="0" tests="1" time="0.494" timestamp="2022-07-25T11:02:42">
	<testcase classname="users.tests.apis.v2.test_supplier_companies.SupplierCompanyAPITestCaseAsDispatcher" file="users/tests/apis/v2/test_supplier_companies.py" line="68" name="test_list" time="0.494" timestamp="2022-07-25T11:02:42">
		<system-out>
<![CDATA[]]>		</system-out>
		<system-err>
<![CDATA[]]>		</system-err>
	</testcase>
</testsuite>
