<?xml version="1.0" encoding="UTF-8"?>
<testsuite errors="0" failures="0" file="payments/tests/utils/test_carsharing_payment_utils.py" name="payments.tests.utils.test_carsharing_payment_utils.TestScheduledRentalRequestsPaymentUtils-20220725104819" skipped="0" tests="19" time="6.469" timestamp="2022-07-25T10:51:29">
	<testcase classname="payments.tests.utils.test_carsharing_payment_utils.TestScheduledRentalRequestsPaymentUtils" file="payments/tests/utils/test_carsharing_payment_utils.py" line="2598" name="test_create_hold_payment" time="0.145" timestamp="2022-07-25T10:51:23">
		<system-out>
<![CDATA[]]>		</system-out>
		<system-err>
<![CDATA[]]>		</system-err>
	</testcase>
	<testcase classname="payments.tests.utils.test_carsharing_payment_utils.TestScheduledRentalRequestsPaymentUtils" file="payments/tests/utils/test_carsharing_payment_utils.py" line="2728" name="test_create_hold_payment_business_card_exemption" time="0.229" timestamp="2022-07-25T10:51:23">
		<system-out>
<![CDATA[]]>		</system-out>
		<system-err>
<![CDATA[]]>		</system-err>
	</testcase>
	<testcase classname="payments.tests.utils.test_carsharing_payment_utils.TestScheduledRentalRequestsPaymentUtils" file="payments/tests/utils/test_carsharing_payment_utils.py" line="2771" name="test_create_hold_payment_business_rental_deferred_payment" time="0.851" timestamp="2022-07-25T10:51:24">
		<system-out>
<![CDATA[]]>		</system-out>
		<system-err>
<![CDATA[]]>		</system-err>
	</testcase>
	<testcase classname="payments.tests.utils.test_carsharing_payment_utils.TestScheduledRentalRequestsPaymentUtils" file="payments/tests/utils/test_carsharing_payment_utils.py" line="2676" name="test_create_hold_payment_coupons_used" time="0.141" timestamp="2022-07-25T10:51:24">
		<system-out>
<![CDATA[]]>		</system-out>
		<system-err>
<![CDATA[]]>		</system-err>
	</testcase>
	<testcase classname="payments.tests.utils.test_carsharing_payment_utils.TestScheduledRentalRequestsPaymentUtils" file="payments/tests/utils/test_carsharing_payment_utils.py" line="2744" name="test_create_hold_payment_created_with_non_default_credit_card" time="0.889" timestamp="2022-07-25T10:51:25">
		<system-out>
<![CDATA[]]>		</system-out>
		<system-err>
<![CDATA[]]>		</system-err>
	</testcase>
	<testcase classname="payments.tests.utils.test_carsharing_payment_utils.TestScheduledRentalRequestsPaymentUtils" file="payments/tests/utils/test_carsharing_payment_utils.py" line="2714" name="test_create_hold_payment_exemption" time="0.146" timestamp="2022-07-25T10:51:25">
		<system-out>
<![CDATA[]]>		</system-out>
		<system-err>
<![CDATA[]]>		</system-err>
	</testcase>
	<testcase classname="payments.tests.utils.test_carsharing_payment_utils.TestScheduledRentalRequestsPaymentUtils" file="payments/tests/utils/test_carsharing_payment_utils.py" line="2845" name="test_create_hold_payment_extended_scheduled_rental_extended" time="0.186" timestamp="2022-07-25T10:51:25">
		<system-out>
<![CDATA[]]>		</system-out>
		<system-err>
<![CDATA[]]>		</system-err>
	</testcase>
	<testcase classname="payments.tests.utils.test_carsharing_payment_utils.TestScheduledRentalRequestsPaymentUtils" file="payments/tests/utils/test_carsharing_payment_utils.py" line="2961" name="test_create_hold_payment_extended_scheduled_rental_extended_error" time="0.107" timestamp="2022-07-25T10:51:25">
		<system-out>
<![CDATA[]]>		</system-out>
		<system-err>
<![CDATA[]]>		</system-err>
	</testcase>
	<testcase classname="payments.tests.utils.test_carsharing_payment_utils.TestScheduledRentalRequestsPaymentUtils" file="payments/tests/utils/test_carsharing_payment_utils.py" line="2890" name="test_create_hold_payment_extended_scheduled_rental_extended_with_credits" time="0.213" timestamp="2022-07-25T10:51:26">
		<system-out>
<![CDATA[]]>		</system-out>
		<system-err>
<![CDATA[]]>		</system-err>
	</testcase>
	<testcase classname="payments.tests.utils.test_carsharing_payment_utils.TestScheduledRentalRequestsPaymentUtils" file="payments/tests/utils/test_carsharing_payment_utils.py" line="2938" name="test_create_hold_payment_extended_scheduled_rental_extended_with_multi_trip_credits" time="0.859" timestamp="2022-07-25T10:51:26">
		<system-out>
<![CDATA[]]>		</system-out>
		<system-err>
<![CDATA[]]>		</system-err>
	</testcase>
	<testcase classname="payments.tests.utils.test_carsharing_payment_utils.TestScheduledRentalRequestsPaymentUtils" file="payments/tests/utils/test_carsharing_payment_utils.py" line="2975" name="test_create_hold_payment_extended_scheduled_rental_five_days" time="0.614" timestamp="2022-07-25T10:51:27">
		<system-out>
<![CDATA[]]>		</system-out>
		<system-err>
<![CDATA[]]>		</system-err>
	</testcase>
	<testcase classname="payments.tests.utils.test_carsharing_payment_utils.TestScheduledRentalRequestsPaymentUtils" file="payments/tests/utils/test_carsharing_payment_utils.py" line="2664" name="test_create_hold_payment_fail_in_excess_of_99999999" time="0.141" timestamp="2022-07-25T10:51:27">
		<system-out>
<![CDATA[]]>		</system-out>
		<system-err>
<![CDATA[]]>		</system-err>
	</testcase>
	<testcase classname="payments.tests.utils.test_carsharing_payment_utils.TestScheduledRentalRequestsPaymentUtils" file="payments/tests/utils/test_carsharing_payment_utils.py" line="2799" name="test_create_hold_payment_organization_membership" time="0.348" timestamp="2022-07-25T10:51:28">
		<system-out>
<![CDATA[]]>		</system-out>
		<system-err>
<![CDATA[]]>		</system-err>
	</testcase>
	<testcase classname="payments.tests.utils.test_carsharing_payment_utils.TestScheduledRentalRequestsPaymentUtils" file="payments/tests/utils/test_carsharing_payment_utils.py" line="2695" name="test_create_hold_payment_partial_credit_tax_correct" time="0.142" timestamp="2022-07-25T10:51:28">
		<system-out>
<![CDATA[]]>		</system-out>
		<system-err>
<![CDATA[]]>		</system-err>
	</testcase>
	<testcase classname="payments.tests.utils.test_carsharing_payment_utils.TestScheduledRentalRequestsPaymentUtils" file="payments/tests/utils/test_carsharing_payment_utils.py" line="2618" name="test_create_hold_payment_with_addons" time="0.171" timestamp="2022-07-25T10:51:28">
		<system-out>
<![CDATA[]]>		</system-out>
		<system-err>
<![CDATA[]]>		</system-err>
	</testcase>
	<testcase classname="payments.tests.utils.test_carsharing_payment_utils.TestScheduledRentalRequestsPaymentUtils" file="payments/tests/utils/test_carsharing_payment_utils.py" line="2641" name="test_create_hold_payment_with_time_addons" time="0.165" timestamp="2022-07-25T10:51:28">
		<system-out>
<![CDATA[]]>		</system-out>
		<system-err>
<![CDATA[]]>		</system-err>
	</testcase>
	<testcase classname="payments.tests.utils.test_carsharing_payment_utils.TestScheduledRentalRequestsPaymentUtils" file="payments/tests/utils/test_carsharing_payment_utils.py" line="2586" name="test_failed_with_inactive_credit_card" time="0.202" timestamp="2022-07-25T10:51:28">
		<system-out>
<![CDATA[]]>		</system-out>
		<system-err>
<![CDATA[]]>		</system-err>
	</testcase>
	<testcase classname="payments.tests.utils.test_carsharing_payment_utils.TestScheduledRentalRequestsPaymentUtils" file="payments/tests/utils/test_carsharing_payment_utils.py" line="2819" name="test_payment_display_block_fare" time="0.443" timestamp="2022-07-25T10:51:29">
		<system-out>
<![CDATA[]]>		</system-out>
		<system-err>
<![CDATA[]]>		</system-err>
	</testcase>
	<testcase classname="payments.tests.utils.test_carsharing_payment_utils.TestScheduledRentalRequestsPaymentUtils" file="payments/tests/utils/test_carsharing_payment_utils.py" line="2830" name="test_payment_display_with_none_value" time="0.478" timestamp="2022-07-25T10:51:29">
		<system-out>
<![CDATA[]]>		</system-out>
		<system-err>
<![CDATA[]]>		</system-err>
	</testcase>
</testsuite>
