<?xml version="1.0" encoding="UTF-8"?>
<testsuite errors="0" failures="0" file="hardware_sdk_otakeys/tests/test_rentals.py" name="hardware_sdk_otakeys.tests.test_rentals.TestRentalsPayments-20220725104740" skipped="0" tests="15" time="18.617" timestamp="2022-07-25T11:01:40">
	<testcase classname="hardware_sdk_otakeys.tests.test_rentals.TestRentalsPayments" file="hardware_sdk_otakeys/tests/test_rentals.py" line="1523" name="test_completed_payments" time="3.141" timestamp="2022-07-25T11:01:25">
		<system-out>
<![CDATA[]]>		</system-out>
		<system-err>
<![CDATA[]]>		</system-err>
	</testcase>
	<testcase classname="hardware_sdk_otakeys.tests.test_rentals.TestRentalsPayments" file="hardware_sdk_otakeys/tests/test_rentals.py" line="1563" name="test_incomplete_payments" time="3.124" timestamp="2022-07-25T11:01:28">
		<system-out>
<![CDATA[]]>		</system-out>
		<system-err>
<![CDATA[]]>		</system-err>
	</testcase>
	<testcase classname="hardware_sdk_otakeys.tests.test_rentals.TestRentalsPayments" file="hardware_sdk_otakeys/tests/test_rentals.py" line="1160" name="test_minimum_fare_display" time="0.060" timestamp="2022-07-25T11:01:28">
		<system-out>
<![CDATA[]]>		</system-out>
		<system-err>
<![CDATA[]]>		</system-err>
	</testcase>
	<testcase classname="hardware_sdk_otakeys.tests.test_rentals.TestRentalsPayments" file="hardware_sdk_otakeys/tests/test_rentals.py" line="1188" name="test_no_minimum_fare_display" time="0.082" timestamp="2022-07-25T11:01:28">
		<system-out>
<![CDATA[]]>		</system-out>
		<system-err>
<![CDATA[]]>		</system-err>
	</testcase>
	<testcase classname="hardware_sdk_otakeys.tests.test_rentals.TestRentalsPayments" file="hardware_sdk_otakeys/tests/test_rentals.py" line="1534" name="test_refundable_payments" time="3.534" timestamp="2022-07-25T11:01:31">
		<system-out>
<![CDATA[]]>		</system-out>
		<system-err>
<![CDATA[]]>		</system-err>
	</testcase>
	<testcase classname="hardware_sdk_otakeys.tests.test_rentals.TestRentalsPayments" file="hardware_sdk_otakeys/tests/test_rentals.py" line="1257" name="test_rental_charge_amount" time="0.916" timestamp="2022-07-25T11:01:32">
		<system-out>
<![CDATA[]]>		</system-out>
		<system-err>
<![CDATA[]]>		</system-err>
	</testcase>
	<testcase classname="hardware_sdk_otakeys.tests.test_rentals.TestRentalsPayments" file="hardware_sdk_otakeys/tests/test_rentals.py" line="1343" name="test_rental_total_block_fare" time="2.148" timestamp="2022-07-25T11:01:34">
		<system-out>
<![CDATA[]]>		</system-out>
		<system-err>
<![CDATA[]]>		</system-err>
	</testcase>
	<testcase classname="hardware_sdk_otakeys.tests.test_rentals.TestRentalsPayments" file="hardware_sdk_otakeys/tests/test_rentals.py" line="1278" name="test_rental_total_drive_fare" time="0.905" timestamp="2022-07-25T11:01:35">
		<system-out>
<![CDATA[]]>		</system-out>
		<system-err>
<![CDATA[]]>		</system-err>
	</testcase>
	<testcase classname="hardware_sdk_otakeys.tests.test_rentals.TestRentalsPayments" file="hardware_sdk_otakeys/tests/test_rentals.py" line="1322" name="test_rental_total_fare" time="0.923" timestamp="2022-07-25T11:01:36">
		<system-out>
<![CDATA[]]>		</system-out>
		<system-err>
<![CDATA[]]>		</system-err>
	</testcase>
	<testcase classname="hardware_sdk_otakeys.tests.test_rentals.TestRentalsPayments" file="hardware_sdk_otakeys/tests/test_rentals.py" line="1300" name="test_rental_total_parked_fare" time="0.909" timestamp="2022-07-25T11:01:37">
		<system-out>
<![CDATA[]]>		</system-out>
		<system-err>
<![CDATA[]]>		</system-err>
	</testcase>
	<testcase classname="hardware_sdk_otakeys.tests.test_rentals.TestRentalsPayments" file="hardware_sdk_otakeys/tests/test_rentals.py" line="1235" name="test_rental_total_tax_amount" time="0.954" timestamp="2022-07-25T11:01:38">
		<system-out>
<![CDATA[]]>		</system-out>
		<system-err>
<![CDATA[]]>		</system-err>
	</testcase>
	<testcase classname="hardware_sdk_otakeys.tests.test_rentals.TestRentalsPayments" file="hardware_sdk_otakeys/tests/test_rentals.py" line="1212" name="test_rental_total_to_charge" time="0.943" timestamp="2022-07-25T11:01:39">
		<system-out>
<![CDATA[]]>		</system-out>
		<system-err>
<![CDATA[]]>		</system-err>
	</testcase>
	<testcase classname="hardware_sdk_otakeys.tests.test_rentals.TestRentalsPayments" file="hardware_sdk_otakeys/tests/test_rentals.py" line="1360" name="test_total_additional_mileage_charge" time="0.332" timestamp="2022-07-25T11:01:39">
		<system-out>
<![CDATA[]]>		</system-out>
		<system-err>
<![CDATA[]]>		</system-err>
	</testcase>
	<testcase classname="hardware_sdk_otakeys.tests.test_rentals.TestRentalsPayments" file="hardware_sdk_otakeys/tests/test_rentals.py" line="1380" name="test_total_credit_used_amount" time="0.320" timestamp="2022-07-25T11:01:40">
		<system-out>
<![CDATA[]]>		</system-out>
		<system-err>
<![CDATA[]]>		</system-err>
	</testcase>
	<testcase classname="hardware_sdk_otakeys.tests.test_rentals.TestRentalsPayments" file="hardware_sdk_otakeys/tests/test_rentals.py" line="1400" name="test_total_trust_and_safety_fee" time="0.326" timestamp="2022-07-25T11:01:40">
		<system-out>
<![CDATA[]]>		</system-out>
		<system-err>
<![CDATA[]]>		</system-err>
	</testcase>
</testsuite>
