<?xml version="1.0" encoding="UTF-8"?>
<testsuite errors="0" failures="0" file="payments/tests/apis/v2/test_payments.py" name="payments.tests.apis.v2.test_payments.TestBlockPricingCalculation-20220725104740" skipped="0" tests="4" time="7.728" timestamp="2022-07-25T11:04:59">
	<testcase classname="payments.tests.apis.v2.test_payments.TestBlockPricingCalculation" file="payments/tests/apis/v2/test_payments.py" line="77" name="test_ride_over_duration" time="3.084" timestamp="2022-07-25T11:04:54">
		<system-out>
<![CDATA[]]>		</system-out>
		<system-err>
<![CDATA[]]>		</system-err>
	</testcase>
	<testcase classname="payments.tests.apis.v2.test_payments.TestBlockPricingCalculation" file="payments/tests/apis/v2/test_payments.py" line="91" name="test_ride_under_duration" time="1.534" timestamp="2022-07-25T11:04:56">
		<system-out>
<![CDATA[]]>		</system-out>
		<system-err>
<![CDATA[]]>		</system-err>
	</testcase>
	<testcase classname="payments.tests.apis.v2.test_payments.TestBlockPricingCalculation" file="payments/tests/apis/v2/test_payments.py" line="63" name="test_ride_with_pricing_block" time="1.536" timestamp="2022-07-25T11:04:57">
		<system-out>
<![CDATA[]]>		</system-out>
		<system-err>
<![CDATA[]]>		</system-err>
	</testcase>
	<testcase classname="payments.tests.apis.v2.test_payments.TestBlockPricingCalculation" file="payments/tests/apis/v2/test_payments.py" line="105" name="test_ride_within_grace_period" time="1.574" timestamp="2022-07-25T11:04:59">
		<system-out>
<![CDATA[]]>		</system-out>
		<system-err>
<![CDATA[]]>		</system-err>
	</testcase>
</testsuite>
