<?xml version="1.0" encoding="UTF-8"?>
<testsuite errors="0" failures="0" file="trips/tests/apis/test_scheduled_trip_requests.py" name="trips.tests.apis.test_scheduled_trip_requests.TestDriverManagerScheduledTripRequestClaim-20220725110435" skipped="0" tests="1" time="1.634" timestamp="2022-07-25T11:04:58">
	<testcase classname="trips.tests.apis.test_scheduled_trip_requests.TestDriverManagerScheduledTripRequestClaim" file="trips/tests/apis/test_scheduled_trip_requests.py" line="2659" name="test_scheduled_trip_request_claim" time="1.634" timestamp="2022-07-25T11:04:58">
		<system-out>
<![CDATA[]]>		</system-out>
		<system-err>
<![CDATA[]]>		</system-err>
	</testcase>
</testsuite>
