<?xml version="1.0" encoding="UTF-8"?>
<testsuite errors="0" failures="0" file="calendars/tests/actions/test_actions.py" name="calendars.tests.actions.test_actions.TestDefaultSSRAction-20220725104740" skipped="0" tests="3" time="0.161" timestamp="2022-07-25T10:53:10">
	<testcase classname="calendars.tests.actions.test_actions.TestDefaultSSRAction" file="calendars/tests/actions/test_actions.py" line="140" name="test_action_updates_carsharingpricing" time="0.072" timestamp="2022-07-25T10:53:10">
		<system-out>
<![CDATA[]]>		</system-out>
		<system-err>
<![CDATA[]]>		</system-err>
	</testcase>
	<testcase classname="calendars.tests.actions.test_actions.TestDefaultSSRAction" file="calendars/tests/actions/test_actions.py" line="148" name="test_disabled_service_region" time="0.050" timestamp="2022-07-25T10:53:10">
		<system-out>
<![CDATA[]]>		</system-out>
		<system-err>
<![CDATA[]]>		</system-err>
	</testcase>
	<testcase classname="calendars.tests.actions.test_actions.TestDefaultSSRAction" file="calendars/tests/actions/test_actions.py" line="135" name="test_noop" time="0.039" timestamp="2022-07-25T10:53:10">
		<system-out>
<![CDATA[]]>		</system-out>
		<system-err>
<![CDATA[]]>		</system-err>
	</testcase>
</testsuite>
