<?xml version="1.0" encoding="UTF-8"?>
<testsuite errors="0" failures="0" file="vehicle_cameras/tests/test_viewsets.py" name="vehicle_cameras.tests.test_viewsets.TestDashcamReportsViewSet-20220725104622" skipped="0" tests="5" time="0.117" timestamp="2022-07-25T10:57:03">
	<testcase classname="vehicle_cameras.tests.test_viewsets.TestDashcamReportsViewSet" file="vehicle_cameras/tests/test_viewsets.py" line="60" name="test_feature_flag_turned_off" time="0.046" timestamp="2022-07-25T10:57:03">
		<system-out>
<![CDATA[]]>		</system-out>
		<system-err>
<![CDATA[]]>		</system-err>
	</testcase>
	<testcase classname="vehicle_cameras.tests.test_viewsets.TestDashcamReportsViewSet" file="vehicle_cameras/tests/test_viewsets.py" line="68" name="test_good_data" time="0.031" timestamp="2022-07-25T10:57:03">
		<system-out>
<![CDATA[]]>		</system-out>
		<system-err>
<![CDATA[]]>		</system-err>
	</testcase>
	<testcase classname="vehicle_cameras.tests.test_viewsets.TestDashcamReportsViewSet" file="vehicle_cameras/tests/test_viewsets.py" line="76" name="test_no_matching_vin" time="0.010" timestamp="2022-07-25T10:57:03">
		<system-out>
<![CDATA[]]>		</system-out>
		<system-err>
<![CDATA[]]>		</system-err>
	</testcase>
	<testcase classname="vehicle_cameras.tests.test_viewsets.TestDashcamReportsViewSet" file="vehicle_cameras/tests/test_viewsets.py" line="55" name="test_unauthenticated" time="0.007" timestamp="2022-07-25T10:57:03">
		<system-out>
<![CDATA[]]>		</system-out>
		<system-err>
<![CDATA[]]>		</system-err>
	</testcase>
	<testcase classname="vehicle_cameras.tests.test_viewsets.TestDashcamReportsViewSet" file="vehicle_cameras/tests/test_viewsets.py" line="82" name="test_valid_motion_report" time="0.022" timestamp="2022-07-25T10:57:03">
		<system-out>
<![CDATA[]]>		</system-out>
		<system-err>
<![CDATA[]]>		</system-err>
	</testcase>
</testsuite>
