<?xml version="1.0" encoding="UTF-8"?>
<testsuite errors="0" failures="0" file="vehicle_automation/tests/test_automations.py" name="vehicle_automation.tests.test_automations.TestAutomationType-20220725104622" skipped="0" tests="3" time="0.121" timestamp="2022-07-25T10:52:01">
	<testcase classname="vehicle_automation.tests.test_automations.TestAutomationType" file="vehicle_automation/tests/test_automations.py" line="53" name="test_create_automation_display_name_and_unit" time="0.040" timestamp="2022-07-25T10:52:01">
		<system-out>
<![CDATA[]]>		</system-out>
		<system-err>
<![CDATA[]]>		</system-err>
	</testcase>
	<testcase classname="vehicle_automation.tests.test_automations.TestAutomationType" file="vehicle_automation/tests/test_automations.py" line="35" name="test_create_automation_type" time="0.040" timestamp="2022-07-25T10:52:01">
		<system-out>
<![CDATA[]]>		</system-out>
		<system-err>
<![CDATA[]]>		</system-err>
	</testcase>
	<testcase classname="vehicle_automation.tests.test_automations.TestAutomationType" file="vehicle_automation/tests/test_automations.py" line="28" name="test_get_automation_type_by_reminder" time="0.041" timestamp="2022-07-25T10:52:01">
		<system-out>
<![CDATA[]]>		</system-out>
		<system-err>
<![CDATA[]]>		</system-err>
	</testcase>
</testsuite>
