<?xml version="1.0" encoding="UTF-8"?>
<testsuite errors="0" failures="0" file="vehicles/tests/utils/test_telematics.py" name="vehicles.tests.utils.test_telematics.TestProcessTelematicsUpdate-20220725110716" skipped="0" tests="6" time="2.283" timestamp="2022-07-25T11:07:19">
	<testcase classname="vehicles.tests.utils.test_telematics.TestProcessTelematicsUpdate" file="vehicles/tests/utils/test_telematics.py" line="37" name="test_basic" time="0.408" timestamp="2022-07-25T11:07:17">
		<system-out>
<![CDATA[]]>		</system-out>
		<system-err>
<![CDATA[]]>		</system-err>
	</testcase>
	<testcase classname="vehicles.tests.utils.test_telematics.TestProcessTelematicsUpdate" file="vehicles/tests/utils/test_telematics.py" line="82" name="test_gps_address_is_none_when_engine_running" time="0.336" timestamp="2022-07-25T11:07:17">
		<system-out>
<![CDATA[]]>		</system-out>
		<system-err>
<![CDATA[]]>		</system-err>
	</testcase>
	<testcase classname="vehicles.tests.utils.test_telematics.TestProcessTelematicsUpdate" file="vehicles/tests/utils/test_telematics.py" line="110" name="test_gps_address_not_updated_when_below_threshold" time="0.379" timestamp="2022-07-25T11:07:18">
		<system-out>
<![CDATA[]]>		</system-out>
		<system-err>
<![CDATA[]]>		</system-err>
	</testcase>
	<testcase classname="vehicles.tests.utils.test_telematics.TestProcessTelematicsUpdate" file="vehicles/tests/utils/test_telematics.py" line="96" name="test_gps_is_stale" time="0.331" timestamp="2022-07-25T11:07:18">
		<system-out>
<![CDATA[]]>		</system-out>
		<system-err>
<![CDATA[]]>		</system-err>
	</testcase>
	<testcase classname="vehicles.tests.utils.test_telematics.TestProcessTelematicsUpdate" file="vehicles/tests/utils/test_telematics.py" line="72" name="test_gps_is_updated" time="0.350" timestamp="2022-07-25T11:07:18">
		<system-out>
<![CDATA[]]>		</system-out>
		<system-err>
<![CDATA[]]>		</system-err>
	</testcase>
	<testcase classname="vehicles.tests.utils.test_telematics.TestProcessTelematicsUpdate" file="vehicles/tests/utils/test_telematics.py" line="51" name="test_transmission_mode_is_updated" time="0.479" timestamp="2022-07-25T11:07:19">
		<system-out>
<![CDATA[]]>		</system-out>
		<system-err>
<![CDATA[]]>		</system-err>
	</testcase>
</testsuite>
