<?xml version="1.0" encoding="UTF-8"?>
<testsuite errors="0" failures="0" file="users/tests/utils/test_notifications.py" name="users.tests.utils.test_notifications.PasswordResetTestCase-20220725104622" skipped="0" tests="4" time="0.756" timestamp="2022-07-25T10:48:54">
	<testcase classname="users.tests.utils.test_notifications.PasswordResetTestCase" file="users/tests/utils/test_notifications.py" line="48" name="test_password_reset_no_user_profile" time="0.126" timestamp="2022-07-25T10:48:54">
		<system-out>
<![CDATA[]]>		</system-out>
		<system-err>
<![CDATA[]]>		</system-err>
	</testcase>
	<testcase classname="users.tests.utils.test_notifications.PasswordResetTestCase" file="users/tests/utils/test_notifications.py" line="40" name="test_password_reset_success_i18n" time="0.123" timestamp="2022-07-25T10:48:54">
		<system-out>
<![CDATA[]]>		</system-out>
		<system-err>
<![CDATA[]]>		</system-err>
	</testcase>
	<testcase classname="users.tests.utils.test_notifications.PasswordResetTestCase" file="users/tests/utils/test_notifications.py" line="53" name="test_send_reset_link" time="0.474" timestamp="2022-07-25T10:48:54">
		<system-out>
<![CDATA[]]>		</system-out>
		<system-err>
<![CDATA[]]>		</system-err>
	</testcase>
	<testcase classname="users.tests.utils.test_notifications.PasswordResetTestCase" file="users/tests/utils/test_notifications.py" line="26" name="test_token_expiration_date" time="0.032" timestamp="2022-07-25T10:48:54">
		<system-out>
<![CDATA[]]>		</system-out>
		<system-err>
<![CDATA[]]>		</system-err>
	</testcase>
</testsuite>
