<?xml version="1.0" encoding="UTF-8"?>
<testsuite errors="0" failures="0" file="payments/tests/models/test_payments.py" name="payments.tests.models.test_payments.TestCurrencyDisplay-20220725104819" skipped="0" tests="1" time="0.819" timestamp="2022-07-25T10:48:34">
	<testcase classname="payments.tests.models.test_payments.TestCurrencyDisplay" file="payments/tests/models/test_payments.py" line="38" name="test_currency_display" time="0.819" timestamp="2022-07-25T10:48:34">
		<system-out>
<![CDATA[]]>		</system-out>
		<system-err>
<![CDATA[/usr/local/lib/python3.6/dist-packages/django/db/models/fields/__init__.py:1427: RuntimeWarning: DateTimeField Rental.booked_at received a naive datetime (2017-01-20 00:00:00) while time zone support is active.
  RuntimeWarning)
]]>		</system-err>
	</testcase>
</testsuite>
