<?xml version="1.0" encoding="UTF-8"?>
<testsuite errors="0" failures="0" file="users/tests/apis/test_customers.py" name="users.tests.apis.test_customers.TestCustomersAPIDispatch-20220725104545" skipped="0" tests="1" time="0.868" timestamp="2022-07-25T10:53:41">
	<testcase classname="users.tests.apis.test_customers.TestCustomersAPIDispatch" file="users/tests/apis/test_customers.py" line="1154" name="test_dispatch_has_access_to_customer" time="0.868" timestamp="2022-07-25T10:53:41">
		<system-out>
<![CDATA[]]>		</system-out>
		<system-err>
<![CDATA[]]>		</system-err>
	</testcase>
</testsuite>
