<?xml version="1.0" encoding="UTF-8"?>
<testsuite errors="0" failures="0" file="tickets/tests/test_v2_apis.py" name="tickets.tests.test_v2_apis.TestTicketsAPIAsServiceManager-20220725104713" skipped="0" tests="1" time="0.999" timestamp="2022-07-25T10:53:45">
	<testcase classname="tickets.tests.test_v2_apis.TestTicketsAPIAsServiceManager" file="tickets/tests/test_v2_apis.py" line="196" name="test_list_is_filtered_to_staff_services" time="0.999" timestamp="2022-07-25T10:53:45">
		<system-out>
<![CDATA[]]>		</system-out>
		<system-err>
<![CDATA[]]>		</system-err>
	</testcase>
</testsuite>
