<?xml version="1.0" encoding="UTF-8"?>
<testsuite errors="0" failures="0" file="promotions/tests/apis/test_promotions.py" name="promotions.tests.apis.test_promotions.TestEditingPromotionServices-20220725104819" skipped="0" tests="5" time="2.111" timestamp="2022-07-25T10:58:45">
	<testcase classname="promotions.tests.apis.test_promotions.TestEditingPromotionServices" file="promotions/tests/apis/test_promotions.py" line="2755" name="test_patch_request_carrying_valid_service_ids_overwrites_existing_service_associations" time="0.441" timestamp="2022-07-25T10:58:43">
		<system-out>
<![CDATA[]]>		</system-out>
		<system-err>
<![CDATA[]]>		</system-err>
	</testcase>
	<testcase classname="promotions.tests.apis.test_promotions.TestEditingPromotionServices" file="promotions/tests/apis/test_promotions.py" line="2740" name="test_patch_request_with_empty_service_ids_field_removes_all_service_associations" time="0.392" timestamp="2022-07-25T10:58:43">
		<system-out>
<![CDATA[]]>		</system-out>
		<system-err>
<![CDATA[]]>		</system-err>
	</testcase>
	<testcase classname="promotions.tests.apis.test_promotions.TestEditingPromotionServices" file="promotions/tests/apis/test_promotions.py" line="2725" name="test_patch_request_with_nonexistent_service_ids_field_does_not_change_service_associations" time="0.451" timestamp="2022-07-25T10:58:44">
		<system-out>
<![CDATA[]]>		</system-out>
		<system-err>
<![CDATA[/usr/local/lib/python3.6/dist-packages/django/db/models/fields/__init__.py:1427: RuntimeWarning: DateTimeField Promotion.activation_expiry_at received a naive datetime (2022-07-28 10:58:44.117962) while time zone support is active.
  RuntimeWarning)
/usr/local/lib/python3.6/dist-packages/django/db/models/fields/__init__.py:1427: RuntimeWarning: DateTimeField Promotion.starts_at received a naive datetime (2022-07-26 10:58:44.117962) while time zone support is active.
  RuntimeWarning)
/usr/local/lib/python3.6/dist-packages/django/db/models/fields/__init__.py:1427: RuntimeWarning: DateTimeField Promotion.usage_expiry_at received a naive datetime (2022-07-28 10:58:44.117962) while time zone support is active.
  RuntimeWarning)
]]>		</system-err>
	</testcase>
	<testcase classname="promotions.tests.apis.test_promotions.TestEditingPromotionServices" file="promotions/tests/apis/test_promotions.py" line="2712" name="test_post_request_carrying_valid_service_ids_sets_service_associations_correctly" time="0.333" timestamp="2022-07-25T10:58:44">
		<system-out>
<![CDATA[]]>		</system-out>
		<system-err>
<![CDATA[]]>		</system-err>
	</testcase>
	<testcase classname="promotions.tests.apis.test_promotions.TestEditingPromotionServices" file="promotions/tests/apis/test_promotions.py" line="2690" name="test_post_request_with_empty_or_nonexistent_service_ids_field_succeeds_and_sets_no_service_associations" time="0.495" timestamp="2022-07-25T10:58:45">
		<system-out>
<![CDATA[]]>		</system-out>
		<system-err>
<![CDATA[]]>		</system-err>
	</testcase>
</testsuite>
