<?xml version="1.0" encoding="UTF-8"?>
<testsuite errors="0" failures="0" file="vehicle_blocks/tests/test_vehicle_timeline.py" name="vehicle_blocks.tests.test_vehicle_timeline.TestVehicleTimeLineAPIAsWorker-20220725104622" skipped="0" tests="1" time="0.198" timestamp="2022-07-25T10:56:53">
	<testcase classname="vehicle_blocks.tests.test_vehicle_timeline.TestVehicleTimeLineAPIAsWorker" file="vehicle_blocks/tests/test_vehicle_timeline.py" line="170" name="test_get_vehicle_timeline" time="0.198" timestamp="2022-07-25T10:56:53">
		<system-out>
<![CDATA[]]>		</system-out>
		<system-err>
<![CDATA[]]>		</system-err>
	</testcase>
</testsuite>
