<?xml version="1.0" encoding="UTF-8"?>
<testsuite errors="0" failures="0" file="users/tests/apis/v3/test_customers.py" name="users.tests.apis.v3.test_customers.TestCustomerAssociateBusinessEntityAPIFromBusinessAdmin-20220725104545" skipped="0" tests="2" time="3.001" timestamp="2022-07-25T11:04:27">
	<testcase classname="users.tests.apis.v3.test_customers.TestCustomerAssociateBusinessEntityAPIFromBusinessAdmin" file="users/tests/apis/v3/test_customers.py" line="390" name="test_api_for_upload_new_riders" time="1.677" timestamp="2022-07-25T11:04:25">
		<system-out>
<![CDATA[]]>		</system-out>
		<system-err>
<![CDATA[]]>		</system-err>
	</testcase>
	<testcase classname="users.tests.apis.v3.test_customers.TestCustomerAssociateBusinessEntityAPIFromBusinessAdmin" file="users/tests/apis/v3/test_customers.py" line="381" name="test_api_with_wrong_business_entity" time="1.325" timestamp="2022-07-25T11:04:27">
		<system-out>
<![CDATA[]]>		</system-out>
		<system-err>
<![CDATA[]]>		</system-err>
	</testcase>
</testsuite>
