<?xml version="1.0" encoding="UTF-8"?>
<testsuite errors="0" failures="0" file="payments/tests/payment_providers/test_stripe_api.py" name="payments.tests.payment_providers.test_stripe_api.TestStripeCustomerProfileModify-20220725104819" skipped="0" tests="2" time="0.078" timestamp="2022-07-25T10:49:28">
	<testcase classname="payments.tests.payment_providers.test_stripe_api.TestStripeCustomerProfileModify" file="payments/tests/payment_providers/test_stripe_api.py" line="653" name="test_update_with_cc_customer_id" time="0.036" timestamp="2022-07-25T10:49:28">
		<system-out>
<![CDATA[]]>		</system-out>
		<system-err>
<![CDATA[]]>		</system-err>
	</testcase>
	<testcase classname="payments.tests.payment_providers.test_stripe_api.TestStripeCustomerProfileModify" file="payments/tests/payment_providers/test_stripe_api.py" line="669" name="test_update_without_cc_customer_id" time="0.042" timestamp="2022-07-25T10:49:28">
		<system-out>
<![CDATA[]]>		</system-out>
		<system-err>
<![CDATA[]]>		</system-err>
	</testcase>
</testsuite>
