<?xml version="1.0" encoding="UTF-8"?>
<testsuite errors="0" failures="0" file="phone_messaging/tests/utils/test_sip_trunking.py" name="phone_messaging.tests.utils.test_sip_trunking.TestSipTrunking-20220725104819" skipped="0" tests="2" time="0.043" timestamp="2022-07-25T10:52:51">
	<testcase classname="phone_messaging.tests.utils.test_sip_trunking.TestSipTrunking" file="phone_messaging/tests/utils/test_sip_trunking.py" line="10" name="test_create_sip_pool" time="0.025" timestamp="2022-07-25T10:52:51">
		<system-out>
<![CDATA[]]>		</system-out>
		<system-err>
<![CDATA[]]>		</system-err>
	</testcase>
	<testcase classname="phone_messaging.tests.utils.test_sip_trunking.TestSipTrunking" file="phone_messaging/tests/utils/test_sip_trunking.py" line="19" name="test_is_valid_plivo_sip_endpoint" time="0.018" timestamp="2022-07-25T10:52:51">
		<system-out>
<![CDATA[]]>		</system-out>
		<system-err>
<![CDATA[]]>		</system-err>
	</testcase>
</testsuite>
