<?xml version="1.0" encoding="UTF-8"?>
<testsuite errors="0" failures="0" file="users/tests/models/test_users.py" name="users.tests.models.test_users.PopulateUserProfileUUIDsTestCase-20220725104622" skipped="0" tests="1" time="0.199" timestamp="2022-07-25T10:46:30">
	<testcase classname="users.tests.models.test_users.PopulateUserProfileUUIDsTestCase" file="users/tests/models/test_users.py" line="63" name="test_populate_user_uuids" time="0.199" timestamp="2022-07-25T10:46:30">
		<system-out>
<![CDATA[]]>		</system-out>
		<system-err>
<![CDATA[]]>		</system-err>
	</testcase>
</testsuite>
