<?xml version="1.0" encoding="UTF-8"?>
<testsuite errors="0" failures="0" file="vehicles/tests/apis/v3/test_carsharing_vehicles.py" name="vehicles.tests.apis.v3.test_carsharing_vehicles.TestVehicleDamageScreenInfo-20220725104622" skipped="0" tests="1" time="0.273" timestamp="2022-07-25T11:01:22">
	<testcase classname="vehicles.tests.apis.v3.test_carsharing_vehicles.TestVehicleDamageScreenInfo" file="vehicles/tests/apis/v3/test_carsharing_vehicles.py" line="1462" name="test_damage_screen_info" time="0.273" timestamp="2022-07-25T11:01:22">
		<system-out>
<![CDATA[]]>		</system-out>
		<system-err>
<![CDATA[]]>		</system-err>
	</testcase>
</testsuite>
