<?xml version="1.0" encoding="UTF-8"?>
<testsuite errors="0" failures="0" file="promotions/tests/models/test_coupons.py" name="promotions.tests.models.test_coupons.CouponModelTestCase-20220725104819" skipped="0" tests="4" time="0.334" timestamp="2022-07-25T10:58:45">
	<testcase classname="promotions.tests.models.test_coupons.CouponModelTestCase" file="promotions/tests/models/test_coupons.py" line="47" name="test_coupon_associated_to_customer_status_is_marked_as_pre_allocated" time="0.198" timestamp="2022-07-25T10:58:45">
		<system-out>
<![CDATA[]]>		</system-out>
		<system-err>
<![CDATA[]]>		</system-err>
	</testcase>
	<testcase classname="promotions.tests.models.test_coupons.CouponModelTestCase" file="promotions/tests/models/test_coupons.py" line="33" name="test_invalid_coupon_validators" time="0.044" timestamp="2022-07-25T10:58:45">
		<system-out>
<![CDATA[]]>		</system-out>
		<system-err>
<![CDATA[]]>		</system-err>
	</testcase>
	<testcase classname="promotions.tests.models.test_coupons.CouponModelTestCase" file="promotions/tests/models/test_coupons.py" line="55" name="test_normal_coupon_is_not_pre_allocated" time="0.037" timestamp="2022-07-25T10:58:45">
		<system-out>
<![CDATA[]]>		</system-out>
		<system-err>
<![CDATA[]]>		</system-err>
	</testcase>
	<testcase classname="promotions.tests.models.test_coupons.CouponModelTestCase" file="promotions/tests/models/test_coupons.py" line="20" name="test_valid_coupon_validators" time="0.056" timestamp="2022-07-25T10:58:45">
		<system-out>
<![CDATA[]]>		</system-out>
		<system-err>
<![CDATA[]]>		</system-err>
	</testcase>
</testsuite>
