<?xml version="1.0" encoding="UTF-8"?>
<testsuite errors="0" failures="0" file="users/tests/tasks/test_user_timed_password_reset.py" name="users.tests.tasks.test_user_timed_password_reset.TestTimedPasswordResetTasks-20220725104622" skipped="0" tests="5" time="1.939" timestamp="2022-07-25T10:48:02">
	<testcase classname="users.tests.tasks.test_user_timed_password_reset.TestTimedPasswordResetTasks" file="users/tests/tasks/test_user_timed_password_reset.py" line="45" name="test_password_does_not_reset_if_customer_is_in_active_rental" time="0.606" timestamp="2022-07-25T10:48:01">
		<system-out>
<![CDATA[]]>		</system-out>
		<system-err>
<![CDATA[]]>		</system-err>
	</testcase>
	<testcase classname="users.tests.tasks.test_user_timed_password_reset.TestTimedPasswordResetTasks" file="users/tests/tasks/test_user_timed_password_reset.py" line="81" name="test_password_does_not_reset_if_user_has_sso_enabled" time="0.374" timestamp="2022-07-25T10:48:01">
		<system-out>
<![CDATA[]]>		</system-out>
		<system-err>
<![CDATA[]]>		</system-err>
	</testcase>
	<testcase classname="users.tests.tasks.test_user_timed_password_reset.TestTimedPasswordResetTasks" file="users/tests/tasks/test_user_timed_password_reset.py" line="69" name="test_password_timed_reset_email_notification_is_not_sent_on_password_expiration" time="0.319" timestamp="2022-07-25T10:48:01">
		<system-out>
<![CDATA[]]>		</system-out>
		<system-err>
<![CDATA[]]>		</system-err>
	</testcase>
	<testcase classname="users.tests.tasks.test_user_timed_password_reset.TestTimedPasswordResetTasks" file="users/tests/tasks/test_user_timed_password_reset.py" line="57" name="test_password_timed_reset_for_customer" time="0.319" timestamp="2022-07-25T10:48:02">
		<system-out>
<![CDATA[]]>		</system-out>
		<system-err>
<![CDATA[]]>		</system-err>
	</testcase>
	<testcase classname="users.tests.tasks.test_user_timed_password_reset.TestTimedPasswordResetTasks" file="users/tests/tasks/test_user_timed_password_reset.py" line="22" name="test_strict_password_policy_role_selected_for_user_profile_with_multiple_roles" time="0.320" timestamp="2022-07-25T10:48:02">
		<system-out>
<![CDATA[]]>		</system-out>
		<system-err>
<![CDATA[]]>		</system-err>
	</testcase>
</testsuite>
