<?xml version="1.0" encoding="UTF-8"?>
<testsuite errors="0" failures="0" file="services/tests/utils/test_view_utils.py" name="services.tests.utils.test_view_utils.TestGetPasswordRules-20220725104713" skipped="0" tests="1" time="0.004" timestamp="2022-07-25T11:04:07">
	<testcase classname="services.tests.utils.test_view_utils.TestGetPasswordRules" file="services/tests/utils/test_view_utils.py" line="8" name="test_password_rules" time="0.004" timestamp="2022-07-25T11:04:07">
		<system-out>
<![CDATA[]]>		</system-out>
		<system-err>
<![CDATA[]]>		</system-err>
	</testcase>
</testsuite>
