<?xml version="1.0" encoding="UTF-8"?>
<testsuite errors="0" failures="0" file="data_pipeline/tests/utils/test_data_pipeline_transport_config_validation.py" name="data_pipeline.tests.utils.test_data_pipeline_transport_config_validation.DataPipelineSenderBootStrapTests-20220725104740" skipped="0" tests="5" time="0.102" timestamp="2022-07-25T10:54:12">
	<testcase classname="data_pipeline.tests.utils.test_data_pipeline_transport_config_validation.DataPipelineSenderBootStrapTests" file="data_pipeline/tests/utils/test_data_pipeline_transport_config_validation.py" line="99" name="test_kafka_producer_is_injected_into_sender_if_kafka_enabled" time="0.021" timestamp="2022-07-25T10:54:12">
		<system-out>
<![CDATA[]]>		</system-out>
		<system-err>
<![CDATA[]]>		</system-err>
	</testcase>
	<testcase classname="data_pipeline.tests.utils.test_data_pipeline_transport_config_validation.DataPipelineSenderBootStrapTests" file="data_pipeline/tests/utils/test_data_pipeline_transport_config_validation.py" line="107" name="test_kafka_producer_topic_can_be_customized" time="0.022" timestamp="2022-07-25T10:54:12">
		<system-out>
<![CDATA[]]>		</system-out>
		<system-err>
<![CDATA[]]>		</system-err>
	</testcase>
	<testcase classname="data_pipeline.tests.utils.test_data_pipeline_transport_config_validation.DataPipelineSenderBootStrapTests" file="data_pipeline/tests/utils/test_data_pipeline_transport_config_validation.py" line="90" name="test_kafka_validation_is_not_called_if_kafka_is_not_enabled" time="0.020" timestamp="2022-07-25T10:54:12">
		<system-out>
<![CDATA[]]>		</system-out>
		<system-err>
<![CDATA[]]>		</system-err>
	</testcase>
	<testcase classname="data_pipeline.tests.utils.test_data_pipeline_transport_config_validation.DataPipelineSenderBootStrapTests" file="data_pipeline/tests/utils/test_data_pipeline_transport_config_validation.py" line="127" name="test_sqs_config_is_none_if_sqs_is_not_enabled" time="0.019" timestamp="2022-07-25T10:54:12">
		<system-out>
<![CDATA[]]>		</system-out>
		<system-err>
<![CDATA[]]>		</system-err>
	</testcase>
	<testcase classname="data_pipeline.tests.utils.test_data_pipeline_transport_config_validation.DataPipelineSenderBootStrapTests" file="data_pipeline/tests/utils/test_data_pipeline_transport_config_validation.py" line="118" name="test_sqs_validation_is_not_called_if_sqs_is_not_enabled" time="0.020" timestamp="2022-07-25T10:54:12">
		<system-out>
<![CDATA[]]>		</system-out>
		<system-err>
<![CDATA[]]>		</system-err>
	</testcase>
</testsuite>
