<?xml version="1.0" encoding="UTF-8"?>
<testsuite errors="0" failures="0" file="hardware_sdk_otakeys/tests/test_interface.py" name="hardware_sdk_otakeys.tests.test_interface.TestDeregisterVehicle-20220725104740" skipped="0" tests="1" time="0.290" timestamp="2022-07-25T11:00:52">
	<testcase classname="hardware_sdk_otakeys.tests.test_interface.TestDeregisterVehicle" file="hardware_sdk_otakeys/tests/test_interface.py" line="251" name="test_deregister_vehicle" time="0.290" timestamp="2022-07-25T11:00:52">
		<system-out>
<![CDATA[]]>		</system-out>
		<system-err>
<![CDATA[]]>		</system-err>
	</testcase>
</testsuite>
