<?xml version="1.0" encoding="UTF-8"?>
<testsuite errors="0" failures="0" file="hardware_sdk_geotab/tests/test_geotab_task.py" name="hardware_sdk_geotab.tests.test_geotab_task.TestFetchGeotabTelematics-20220725104740" skipped="0" tests="1" time="0.373" timestamp="2022-07-25T10:58:24">
	<testcase classname="hardware_sdk_geotab.tests.test_geotab_task.TestFetchGeotabTelematics" file="hardware_sdk_geotab/tests/test_geotab_task.py" line="29" name="test_fetch_telematics_data" time="0.373" timestamp="2022-07-25T10:58:24">
		<system-out>
<![CDATA[ERROR: CannotOverwriteExistingCassetteException: (37.787, 134.877, '') not found in mock reverse_geocode data
(See https://ridecell.atlassian.net/wiki/spaces/EN/pages/185040970/How+to+Fix+CannotOverwriteExistingCassetteException)
]]>		</system-out>
		<system-err>
<![CDATA[]]>		</system-err>
	</testcase>
</testsuite>
