<?xml version="1.0" encoding="UTF-8"?>
<testsuite errors="0" failures="0" file="services/tests/utils/test_system_stat_utils.py" name="services.tests.utils.test_system_stat_utils.IsFifoOrderingEnabledTestCase-20220725104713" skipped="0" tests="2" time="1.107" timestamp="2022-07-25T10:51:53">
	<testcase classname="services.tests.utils.test_system_stat_utils.IsFifoOrderingEnabledTestCase" file="services/tests/utils/test_system_stat_utils.py" line="133" name="test_is_fifo_task_ordering_enabled_high_load" time="0.633" timestamp="2022-07-25T10:51:52">
		<system-out>
<![CDATA[]]>		</system-out>
		<system-err>
<![CDATA[]]>		</system-err>
	</testcase>
	<testcase classname="services.tests.utils.test_system_stat_utils.IsFifoOrderingEnabledTestCase" file="services/tests/utils/test_system_stat_utils.py" line="128" name="test_is_fifo_task_ordering_enabled_low_load" time="0.474" timestamp="2022-07-25T10:51:53">
		<system-out>
<![CDATA[]]>		</system-out>
		<system-err>
<![CDATA[]]>		</system-err>
	</testcase>
</testsuite>
