<?xml version="1.0" encoding="UTF-8"?>
<testsuite errors="0" failures="0" file="payments/tests/apis/v3/test_addon.py" name="payments.tests.apis.v3.test_addon.TestAddonTypeAPI-20220725104740" skipped="0" tests="7" time="2.756" timestamp="2022-07-25T11:05:23">
	<testcase classname="payments.tests.apis.v3.test_addon.TestAddonTypeAPI" file="payments/tests/apis/v3/test_addon.py" line="26" name="test_create_add_on" time="0.394" timestamp="2022-07-25T11:05:21">
		<system-out>
<![CDATA[]]>		</system-out>
		<system-err>
<![CDATA[]]>		</system-err>
	</testcase>
	<testcase classname="payments.tests.apis.v3.test_addon.TestAddonTypeAPI" file="payments/tests/apis/v3/test_addon.py" line="34" name="test_create_addon_type_without_name" time="0.374" timestamp="2022-07-25T11:05:21">
		<system-out>
<![CDATA[]]>		</system-out>
		<system-err>
<![CDATA[]]>		</system-err>
	</testcase>
	<testcase classname="payments.tests.apis.v3.test_addon.TestAddonTypeAPI" file="payments/tests/apis/v3/test_addon.py" line="38" name="test_create_two_addon_types_same_name" time="0.423" timestamp="2022-07-25T11:05:21">
		<system-out>
<![CDATA[]]>		</system-out>
		<system-err>
<![CDATA[]]>		</system-err>
	</testcase>
	<testcase classname="payments.tests.apis.v3.test_addon.TestAddonTypeAPI" file="payments/tests/apis/v3/test_addon.py" line="65" name="test_delete_addon_types" time="0.391" timestamp="2022-07-25T11:05:22">
		<system-out>
<![CDATA[]]>		</system-out>
		<system-err>
<![CDATA[]]>		</system-err>
	</testcase>
	<testcase classname="payments.tests.apis.v3.test_addon.TestAddonTypeAPI" file="payments/tests/apis/v3/test_addon.py" line="58" name="test_get_addon_types" time="0.383" timestamp="2022-07-25T11:05:22">
		<system-out>
<![CDATA[]]>		</system-out>
		<system-err>
<![CDATA[/usr/local/lib/python3.6/dist-packages/rest_framework/pagination.py:200: UnorderedObjectListWarning: Pagination may yield inconsistent results with an unordered object_list: <class 'payments.models.addon_models.AddonType'> QuerySet.
  paginator = self.django_paginator_class(queryset, page_size)
]]>		</system-err>
	</testcase>
	<testcase classname="payments.tests.apis.v3.test_addon.TestAddonTypeAPI" file="payments/tests/apis/v3/test_addon.py" line="44" name="test_patch_addon_type_name" time="0.400" timestamp="2022-07-25T11:05:23">
		<system-out>
<![CDATA[]]>		</system-out>
		<system-err>
<![CDATA[]]>		</system-err>
	</testcase>
	<testcase classname="payments.tests.apis.v3.test_addon.TestAddonTypeAPI" file="payments/tests/apis/v3/test_addon.py" line="51" name="test_patch_addon_type_name_with_existing_name" time="0.391" timestamp="2022-07-25T11:05:23">
		<system-out>
<![CDATA[]]>		</system-out>
		<system-err>
<![CDATA[]]>		</system-err>
	</testcase>
</testsuite>
