<?xml version="1.0" encoding="UTF-8"?>
<testsuite errors="0" failures="0" file="users/tests/utils/test_password_utils.py" name="users.tests.utils.test_password_utils.TestPasswordHistoryValidation-20220725104622" skipped="0" tests="6" time="1.782" timestamp="2022-07-25T10:49:00">
	<testcase classname="users.tests.utils.test_password_utils.TestPasswordHistoryValidation" file="users/tests/utils/test_password_utils.py" line="164" name="test_bypass_when_history_size_is_zero" time="0.163" timestamp="2022-07-25T10:48:58">
		<system-out>
<![CDATA[]]>		</system-out>
		<system-err>
<![CDATA[]]>		</system-err>
	</testcase>
	<testcase classname="users.tests.utils.test_password_utils.TestPasswordHistoryValidation" file="users/tests/utils/test_password_utils.py" line="160" name="test_bypass_when_user_is_none" time="0.076" timestamp="2022-07-25T10:48:58">
		<system-out>
<![CDATA[]]>		</system-out>
		<system-err>
<![CDATA[]]>		</system-err>
	</testcase>
	<testcase classname="users.tests.utils.test_password_utils.TestPasswordHistoryValidation" file="users/tests/utils/test_password_utils.py" line="197" name="test_config_setting_limits_history_check" time="0.350" timestamp="2022-07-25T10:48:59">
		<system-out>
<![CDATA[]]>		</system-out>
		<system-err>
<![CDATA[]]>		</system-err>
	</testcase>
	<testcase classname="users.tests.utils.test_password_utils.TestPasswordHistoryValidation" file="users/tests/utils/test_password_utils.py" line="169" name="test_error_when_current_password_is_same" time="0.297" timestamp="2022-07-25T10:48:59">
		<system-out>
<![CDATA[]]>		</system-out>
		<system-err>
<![CDATA[]]>		</system-err>
	</testcase>
	<testcase classname="users.tests.utils.test_password_utils.TestPasswordHistoryValidation" file="users/tests/utils/test_password_utils.py" line="180" name="test_error_when_last_password_is_same" time="0.356" timestamp="2022-07-25T10:48:59">
		<system-out>
<![CDATA[]]>		</system-out>
		<system-err>
<![CDATA[]]>		</system-err>
	</testcase>
	<testcase classname="users.tests.utils.test_password_utils.TestPasswordHistoryValidation" file="users/tests/utils/test_password_utils.py" line="217" name="test_with_different_hash_formats" time="0.540" timestamp="2022-07-25T10:49:00">
		<system-out>
<![CDATA[]]>		</system-out>
		<system-err>
<![CDATA[]]>		</system-err>
	</testcase>
</testsuite>
