<?xml version="1.0" encoding="UTF-8"?>
<testsuite errors="0" failures="0" file="trips/tests/models/test_trips.py" name="trips.tests.models.test_trips.TripTestCase-20220725104545" skipped="0" tests="2" time="2.885" timestamp="2022-07-25T10:50:09">
	<testcase classname="trips.tests.models.test_trips.TripTestCase" file="trips/tests/models/test_trips.py" line="46" name="test_create" time="1.339" timestamp="2022-07-25T10:50:07">
		<system-out>
<![CDATA[]]>		</system-out>
		<system-err>
<![CDATA[]]>		</system-err>
	</testcase>
	<testcase classname="trips.tests.models.test_trips.TripTestCase" file="trips/tests/models/test_trips.py" line="62" name="test_driver_with_trip_going_offline" time="1.546" timestamp="2022-07-25T10:50:09">
		<system-out>
<![CDATA[]]>		</system-out>
		<system-err>
<![CDATA[]]>		</system-err>
	</testcase>
</testsuite>
