<?xml version="1.0" encoding="UTF-8"?>
<testsuite errors="0" failures="0" file="hardware_sdk_geotab/tests/test_geotab_task.py" name="hardware_sdk_geotab.tests.test_geotab_task.TestAddHWStatusToGeotabVehicle-20220725104740" skipped="0" tests="3" time="0.419" timestamp="2022-07-25T10:58:23">
	<testcase classname="hardware_sdk_geotab.tests.test_geotab_task.TestAddHWStatusToGeotabVehicle" file="hardware_sdk_geotab/tests/test_geotab_task.py" line="97" name="test_geotab_gks_vehicle_status" time="0.306" timestamp="2022-07-25T10:58:23">
		<system-out>
<![CDATA[ERROR: CannotOverwriteExistingCassetteException: (37.787, 134.877, '') not found in mock reverse_geocode data
(See https://ridecell.atlassian.net/wiki/spaces/EN/pages/185040970/How+to+Fix+CannotOverwriteExistingCassetteException)
]]>		</system-out>
		<system-err>
<![CDATA[]]>		</system-err>
	</testcase>
	<testcase classname="hardware_sdk_geotab.tests.test_geotab_task.TestAddHWStatusToGeotabVehicle" file="hardware_sdk_geotab/tests/test_geotab_task.py" line="139" name="test_geotab_go9_gps_vehicle_status" time="0.058" timestamp="2022-07-25T10:58:23">
		<system-out>
<![CDATA[]]>		</system-out>
		<system-err>
<![CDATA[]]>		</system-err>
	</testcase>
	<testcase classname="hardware_sdk_geotab.tests.test_geotab_task.TestAddHWStatusToGeotabVehicle" file="hardware_sdk_geotab/tests/test_geotab_task.py" line="160" name="test_geotab_go9_gps_vehicle_status_when_no_geotab_vehicle_exist" time="0.054" timestamp="2022-07-25T10:58:23">
		<system-out>
<![CDATA[]]>		</system-out>
		<system-err>
<![CDATA[]]>		</system-err>
	</testcase>
</testsuite>
