<?xml version="1.0" encoding="UTF-8"?>
<testsuite errors="0" failures="0" file="vehicles/tests/apis/v3/test_vehicles.py" name="vehicles.tests.apis.v3.test_vehicles.TestVehicleTypeAsDispatcher-20220725104622" skipped="0" tests="1" time="0.471" timestamp="2022-07-25T11:03:22">
	<testcase classname="vehicles.tests.apis.v3.test_vehicles.TestVehicleTypeAsDispatcher" file="vehicles/tests/apis/v3/test_vehicles.py" line="266" name="test_post_vehicle_type_should_work" time="0.471" timestamp="2022-07-25T11:03:22">
		<system-out>
<![CDATA[]]>		</system-out>
		<system-err>
<![CDATA[]]>		</system-err>
	</testcase>
</testsuite>
