<?xml version="1.0" encoding="UTF-8"?>
<testsuite errors="0" failures="0" file="trips/tests/models/test_trips.py" name="trips.tests.models.test_trips.TestTripsUtils-20220725104545" skipped="0" tests="20" time="13.261" timestamp="2022-07-25T10:50:04">
	<testcase classname="trips.tests.models.test_trips.TestTripsUtils" file="trips/tests/models/test_trips.py" line="426" name="test_create_block_payment" time="0.644" timestamp="2022-07-25T10:49:52">
		<system-out>
<![CDATA[]]>		</system-out>
		<system-err>
<![CDATA[]]>		</system-err>
	</testcase>
	<testcase classname="trips.tests.models.test_trips.TestTripsUtils" file="trips/tests/models/test_trips.py" line="400" name="test_create_distance_time_fare_payment" time="0.631" timestamp="2022-07-25T10:49:52">
		<system-out>
<![CDATA[]]>		</system-out>
		<system-err>
<![CDATA[]]>		</system-err>
	</testcase>
	<testcase classname="trips.tests.models.test_trips.TestTripsUtils" file="trips/tests/models/test_trips.py" line="376" name="test_get_payment_info" time="0.658" timestamp="2022-07-25T10:49:53">
		<system-out>
<![CDATA[]]>		</system-out>
		<system-err>
<![CDATA[]]>		</system-err>
	</testcase>
	<testcase classname="trips.tests.models.test_trips.TestTripsUtils" file="trips/tests/models/test_trips.py" line="90" name="test_handle_driver_reassignment_everything_provided" time="1.344" timestamp="2022-07-25T10:49:54">
		<system-out>
<![CDATA[]]>		</system-out>
		<system-err>
<![CDATA[]]>		</system-err>
	</testcase>
	<testcase classname="trips.tests.models.test_trips.TestTripsUtils" file="trips/tests/models/test_trips.py" line="128" name="test_handle_driver_reassignment_just_previous_driver" time="0.177" timestamp="2022-07-25T10:49:55">
		<system-out>
<![CDATA[]]>		</system-out>
		<system-err>
<![CDATA[]]>		</system-err>
	</testcase>
	<testcase classname="trips.tests.models.test_trips.TestTripsUtils" file="trips/tests/models/test_trips.py" line="345" name="test_missing_eta_trip_task_self_repairs" time="1.401" timestamp="2022-07-25T10:49:56">
		<system-out>
<![CDATA[]]>		</system-out>
		<system-err>
<![CDATA[]]>		</system-err>
	</testcase>
	<testcase classname="trips.tests.models.test_trips.TestTripsUtils" file="trips/tests/models/test_trips.py" line="335" name="test_not_pickedup_trip_reassign_driver_offline" time="1.409" timestamp="2022-07-25T10:49:57">
		<system-out>
<![CDATA[]]>		</system-out>
		<system-err>
<![CDATA[]]>		</system-err>
	</testcase>
	<testcase classname="trips.tests.models.test_trips.TestTripsUtils" file="trips/tests/models/test_trips.py" line="203" name="test_payment_fare_details_distance_and_time_pricing" time="0.461" timestamp="2022-07-25T10:49:58">
		<system-out>
<![CDATA[]]>		</system-out>
		<system-err>
<![CDATA[]]>		</system-err>
	</testcase>
	<testcase classname="trips.tests.models.test_trips.TestTripsUtils" file="trips/tests/models/test_trips.py" line="181" name="test_payment_fare_details_minimum_fare_pricing" time="0.521" timestamp="2022-07-25T10:49:58">
		<system-out>
<![CDATA[]]>		</system-out>
		<system-err>
<![CDATA[]]>		</system-err>
	</testcase>
	<testcase classname="trips.tests.models.test_trips.TestTripsUtils" file="trips/tests/models/test_trips.py" line="137" name="test_service_setting" time="0.494" timestamp="2022-07-25T10:49:59">
		<system-out>
<![CDATA[]]>		</system-out>
		<system-err>
<![CDATA[]]>		</system-err>
	</testcase>
	<testcase classname="trips.tests.models.test_trips.TestTripsUtils" file="trips/tests/models/test_trips.py" line="170" name="test_tax_calculation_from_service_no_sales_tax" time="0.494" timestamp="2022-07-25T10:49:59">
		<system-out>
<![CDATA[]]>		</system-out>
		<system-err>
<![CDATA[]]>		</system-err>
	</testcase>
	<testcase classname="trips.tests.models.test_trips.TestTripsUtils" file="trips/tests/models/test_trips.py" line="225" name="test_tax_calculation_from_service_no_sales_tax_still_charges_additional_tax" time="0.477" timestamp="2022-07-25T10:50:00">
		<system-out>
<![CDATA[]]>		</system-out>
		<system-err>
<![CDATA[]]>		</system-err>
	</testcase>
	<testcase classname="trips.tests.models.test_trips.TestTripsUtils" file="trips/tests/models/test_trips.py" line="159" name="test_tax_calculation_from_service_with_sales_tax" time="0.482" timestamp="2022-07-25T10:50:00">
		<system-out>
<![CDATA[]]>		</system-out>
		<system-err>
<![CDATA[]]>		</system-err>
	</testcase>
	<testcase classname="trips.tests.models.test_trips.TestTripsUtils" file="trips/tests/models/test_trips.py" line="147" name="test_tax_calculation_with_taxes" time="0.078" timestamp="2022-07-25T10:50:00">
		<system-out>
<![CDATA[]]>		</system-out>
		<system-err>
<![CDATA[]]>		</system-err>
	</testcase>
	<testcase classname="trips.tests.models.test_trips.TestTripsUtils" file="trips/tests/models/test_trips.py" line="284" name="test_trip_cannot_be_debited_twice" time="0.647" timestamp="2022-07-25T10:50:01">
		<system-out>
<![CDATA[]]>		</system-out>
		<system-err>
<![CDATA[]]>		</system-err>
	</testcase>
	<testcase classname="trips.tests.models.test_trips.TestTripsUtils" file="trips/tests/models/test_trips.py" line="254" name="test_trip_debit" time="0.645" timestamp="2022-07-25T10:50:02">
		<system-out>
<![CDATA[]]>		</system-out>
		<system-err>
<![CDATA[]]>		</system-err>
	</testcase>
	<testcase classname="trips.tests.models.test_trips.TestTripsUtils" file="trips/tests/models/test_trips.py" line="311" name="test_trip_debit_blank_statement_descriptor" time="0.710" timestamp="2022-07-25T10:50:02">
		<system-out>
<![CDATA[]]>		</system-out>
		<system-err>
<![CDATA[]]>		</system-err>
	</testcase>
	<testcase classname="trips.tests.models.test_trips.TestTripsUtils" file="trips/tests/models/test_trips.py" line="238" name="test_trip_debit_exempted" time="0.636" timestamp="2022-07-25T10:50:03">
		<system-out>
<![CDATA[]]>		</system-out>
		<system-err>
<![CDATA[]]>		</system-err>
	</testcase>
	<testcase classname="trips.tests.models.test_trips.TestTripsUtils" file="trips/tests/models/test_trips.py" line="363" name="test_trip_payment_no_customer" time="0.427" timestamp="2022-07-25T10:50:03">
		<system-out>
<![CDATA[]]>		</system-out>
		<system-err>
<![CDATA[]]>		</system-err>
	</testcase>
	<testcase classname="trips.tests.models.test_trips.TestTripsUtils" file="trips/tests/models/test_trips.py" line="116" name="test_update_gps_for_customer" time="0.926" timestamp="2022-07-25T10:50:04">
		<system-out>
<![CDATA[]]>		</system-out>
		<system-err>
<![CDATA[]]>		</system-err>
	</testcase>
</testsuite>
