<?xml version="1.0" encoding="UTF-8"?>
<testsuite errors="0" failures="0" file="trips/tests/utils/test_task_ordering.py" name="trips.tests.utils.test_task_ordering.FifoTaskOrderingTestCase-20220725104545" skipped="0" tests="14" time="20.919" timestamp="2022-07-25T10:50:53">
	<testcase classname="trips.tests.utils.test_task_ordering.FifoTaskOrderingTestCase" file="trips/tests/utils/test_task_ordering.py" line="96" name="test_basic" time="1.249" timestamp="2022-07-25T10:50:33">
		<system-out>
<![CDATA[]]>		</system-out>
		<system-err>
<![CDATA[]]>		</system-err>
	</testcase>
	<testcase classname="trips.tests.utils.test_task_ordering.FifoTaskOrderingTestCase" file="trips/tests/utils/test_task_ordering.py" line="353" name="test_basic_fifo" time="1.545" timestamp="2022-07-25T10:50:35">
		<system-out>
<![CDATA[]]>		</system-out>
		<system-err>
<![CDATA[]]>		</system-err>
	</testcase>
	<testcase classname="trips.tests.utils.test_task_ordering.FifoTaskOrderingTestCase" file="trips/tests/utils/test_task_ordering.py" line="129" name="test_dedicated_ride" time="1.775" timestamp="2022-07-25T10:50:37">
		<system-out>
<![CDATA[]]>		</system-out>
		<system-err>
<![CDATA[]]>		</system-err>
	</testcase>
	<testcase classname="trips.tests.utils.test_task_ordering.FifoTaskOrderingTestCase" file="trips/tests/utils/test_task_ordering.py" line="156" name="test_dedicated_ride_from_trip_request" time="1.614" timestamp="2022-07-25T10:50:38">
		<system-out>
<![CDATA[]]>		</system-out>
		<system-err>
<![CDATA[]]>		</system-err>
	</testcase>
	<testcase classname="trips.tests.utils.test_task_ordering.FifoTaskOrderingTestCase" file="trips/tests/utils/test_task_ordering.py" line="180" name="test_future_scheduled_ride_last" time="1.346" timestamp="2022-07-25T10:50:40">
		<system-out>
<![CDATA[]]>		</system-out>
		<system-err>
<![CDATA[]]>		</system-err>
	</testcase>
	<testcase classname="trips.tests.utils.test_task_ordering.FifoTaskOrderingTestCase" file="trips/tests/utils/test_task_ordering.py" line="390" name="test_mixed_fifo_entering_fifo" time="1.469" timestamp="2022-07-25T10:50:41">
		<system-out>
<![CDATA[]]>		</system-out>
		<system-err>
<![CDATA[]]>		</system-err>
	</testcase>
	<testcase classname="trips.tests.utils.test_task_ordering.FifoTaskOrderingTestCase" file="trips/tests/utils/test_task_ordering.py" line="378" name="test_mixed_fifo_leaving_fifo" time="1.476" timestamp="2022-07-25T10:50:42">
		<system-out>
<![CDATA[]]>		</system-out>
		<system-err>
<![CDATA[]]>		</system-err>
	</testcase>
	<testcase classname="trips.tests.utils.test_task_ordering.FifoTaskOrderingTestCase" file="trips/tests/utils/test_task_ordering.py" line="199" name="test_order_tasks_that_are_backwards" time="0.904" timestamp="2022-07-25T10:50:43">
		<system-out>
<![CDATA[]]>		</system-out>
		<system-err>
<![CDATA[]]>		</system-err>
	</testcase>
	<testcase classname="trips.tests.utils.test_task_ordering.FifoTaskOrderingTestCase" file="trips/tests/utils/test_task_ordering.py" line="101" name="test_over_capacity" time="1.363" timestamp="2022-07-25T10:50:45">
		<system-out>
<![CDATA[]]>		</system-out>
		<system-err>
<![CDATA[]]>		</system-err>
	</testcase>
	<testcase classname="trips.tests.utils.test_task_ordering.FifoTaskOrderingTestCase" file="trips/tests/utils/test_task_ordering.py" line="107" name="test_rider_in_vehicle" time="1.748" timestamp="2022-07-25T10:50:46">
		<system-out>
<![CDATA[]]>		</system-out>
		<system-err>
<![CDATA[]]>		</system-err>
	</testcase>
	<testcase classname="trips.tests.utils.test_task_ordering.FifoTaskOrderingTestCase" file="trips/tests/utils/test_task_ordering.py" line="117" name="test_rider_in_vehicle_overlap" time="1.607" timestamp="2022-07-25T10:50:48">
		<system-out>
<![CDATA[]]>		</system-out>
		<system-err>
<![CDATA[]]>		</system-err>
	</testcase>
	<testcase classname="trips.tests.utils.test_task_ordering.FifoTaskOrderingTestCase" file="trips/tests/utils/test_task_ordering.py" line="365" name="test_same_locations_fifo" time="1.357" timestamp="2022-07-25T10:50:49">
		<system-out>
<![CDATA[]]>		</system-out>
		<system-err>
<![CDATA[]]>		</system-err>
	</testcase>
	<testcase classname="trips.tests.utils.test_task_ordering.FifoTaskOrderingTestCase" file="trips/tests/utils/test_task_ordering.py" line="209" name="test_wheelchairs_basic" time="2.026" timestamp="2022-07-25T10:50:51">
		<system-out>
<![CDATA[]]>		</system-out>
		<system-err>
<![CDATA[]]>		</system-err>
	</testcase>
	<testcase classname="trips.tests.utils.test_task_ordering.FifoTaskOrderingTestCase" file="trips/tests/utils/test_task_ordering.py" line="219" name="test_wheelchairs_overlap" time="1.440" timestamp="2022-07-25T10:50:53">
		<system-out>
<![CDATA[]]>		</system-out>
		<system-err>
<![CDATA[]]>		</system-err>
	</testcase>
</testsuite>
