<?xml version="1.0" encoding="UTF-8"?>
<testsuite errors="0" failures="0" file="payments/tests/apis/v3/test_addon.py" name="payments.tests.apis.v3.test_addon.TestAddonAPI-20220725104740" skipped="0" tests="19" time="7.358" timestamp="2022-07-25T11:05:17">
	<testcase classname="payments.tests.apis.v3.test_addon.TestAddonAPI" file="payments/tests/apis/v3/test_addon.py" line="242" name="test_addon_patch_addon_service_with_no_access_to_service" time="0.922" timestamp="2022-07-25T11:05:11">
		<system-out>
<![CDATA[]]>		</system-out>
		<system-err>
<![CDATA[]]>		</system-err>
	</testcase>
	<testcase classname="payments.tests.apis.v3.test_addon.TestAddonAPI" file="payments/tests/apis/v3/test_addon.py" line="105" name="test_create_an_addon" time="0.348" timestamp="2022-07-25T11:05:11">
		<system-out>
<![CDATA[]]>		</system-out>
		<system-err>
<![CDATA[]]>		</system-err>
	</testcase>
	<testcase classname="payments.tests.apis.v3.test_addon.TestAddonAPI" file="payments/tests/apis/v3/test_addon.py" line="137" name="test_create_an_addon_with_charge_type_flat_and_no_rate" time="0.320" timestamp="2022-07-25T11:05:11">
		<system-out>
<![CDATA[]]>		</system-out>
		<system-err>
<![CDATA[]]>		</system-err>
	</testcase>
	<testcase classname="payments.tests.apis.v3.test_addon.TestAddonAPI" file="payments/tests/apis/v3/test_addon.py" line="143" name="test_create_an_addon_with_charge_type_time_and_packages_and_no_rate" time="0.334" timestamp="2022-07-25T11:05:12">
		<system-out>
<![CDATA[]]>		</system-out>
		<system-err>
<![CDATA[]]>		</system-err>
	</testcase>
	<testcase classname="payments.tests.apis.v3.test_addon.TestAddonAPI" file="payments/tests/apis/v3/test_addon.py" line="150" name="test_create_an_addon_with_charge_type_time_with_no_packages_and_no_rate" time="0.336" timestamp="2022-07-25T11:05:12">
		<system-out>
<![CDATA[]]>		</system-out>
		<system-err>
<![CDATA[]]>		</system-err>
	</testcase>
	<testcase classname="payments.tests.apis.v3.test_addon.TestAddonAPI" file="payments/tests/apis/v3/test_addon.py" line="167" name="test_create_an_addon_with_decimal_package" time="0.315" timestamp="2022-07-25T11:05:12">
		<system-out>
<![CDATA[]]>		</system-out>
		<system-err>
<![CDATA[]]>		</system-err>
	</testcase>
	<testcase classname="payments.tests.apis.v3.test_addon.TestAddonAPI" file="payments/tests/apis/v3/test_addon.py" line="161" name="test_create_an_addon_with_invalid_service_id" time="0.316" timestamp="2022-07-25T11:05:13">
		<system-out>
<![CDATA[]]>		</system-out>
		<system-err>
<![CDATA[]]>		</system-err>
	</testcase>
	<testcase classname="payments.tests.apis.v3.test_addon.TestAddonAPI" file="payments/tests/apis/v3/test_addon.py" line="125" name="test_create_an_addon_without_addon_type_id" time="0.312" timestamp="2022-07-25T11:05:13">
		<system-out>
<![CDATA[]]>		</system-out>
		<system-err>
<![CDATA[]]>		</system-err>
	</testcase>
	<testcase classname="payments.tests.apis.v3.test_addon.TestAddonAPI" file="payments/tests/apis/v3/test_addon.py" line="131" name="test_create_an_addon_without_charge_type" time="0.300" timestamp="2022-07-25T11:05:13">
		<system-out>
<![CDATA[]]>		</system-out>
		<system-err>
<![CDATA[]]>		</system-err>
	</testcase>
	<testcase classname="payments.tests.apis.v3.test_addon.TestAddonAPI" file="payments/tests/apis/v3/test_addon.py" line="119" name="test_create_an_addon_without_display_name" time="0.289" timestamp="2022-07-25T11:05:14">
		<system-out>
<![CDATA[]]>		</system-out>
		<system-err>
<![CDATA[]]>		</system-err>
	</testcase>
	<testcase classname="payments.tests.apis.v3.test_addon.TestAddonAPI" file="payments/tests/apis/v3/test_addon.py" line="113" name="test_create_an_addon_without_name" time="0.292" timestamp="2022-07-25T11:05:14">
		<system-out>
<![CDATA[]]>		</system-out>
		<system-err>
<![CDATA[]]>		</system-err>
	</testcase>
	<testcase classname="payments.tests.apis.v3.test_addon.TestAddonAPI" file="payments/tests/apis/v3/test_addon.py" line="215" name="test_delete_addon" time="0.354" timestamp="2022-07-25T11:05:14">
		<system-out>
<![CDATA[]]>		</system-out>
		<system-err>
<![CDATA[]]>		</system-err>
	</testcase>
	<testcase classname="payments.tests.apis.v3.test_addon.TestAddonAPI" file="payments/tests/apis/v3/test_addon.py" line="186" name="test_get_addon_detail" time="0.347" timestamp="2022-07-25T11:05:15">
		<system-out>
<![CDATA[]]>		</system-out>
		<system-err>
<![CDATA[]]>		</system-err>
	</testcase>
	<testcase classname="payments.tests.apis.v3.test_addon.TestAddonAPI" file="payments/tests/apis/v3/test_addon.py" line="176" name="test_get_addons" time="0.396" timestamp="2022-07-25T11:05:15">
		<system-out>
<![CDATA[]]>		</system-out>
		<system-err>
<![CDATA[]]>		</system-err>
	</testcase>
	<testcase classname="payments.tests.apis.v3.test_addon.TestAddonAPI" file="payments/tests/apis/v3/test_addon.py" line="195" name="test_patch_addon_name" time="0.363" timestamp="2022-07-25T11:05:15">
		<system-out>
<![CDATA[]]>		</system-out>
		<system-err>
<![CDATA[]]>		</system-err>
	</testcase>
	<testcase classname="payments.tests.apis.v3.test_addon.TestAddonAPI" file="payments/tests/apis/v3/test_addon.py" line="204" name="test_patch_addon_services" time="0.522" timestamp="2022-07-25T11:05:16">
		<system-out>
<![CDATA[]]>		</system-out>
		<system-err>
<![CDATA[]]>		</system-err>
	</testcase>
	<testcase classname="payments.tests.apis.v3.test_addon.TestAddonAPI" file="payments/tests/apis/v3/test_addon.py" line="263" name="test_patch_addons_making_both_rate_and_packages_null" time="0.510" timestamp="2022-07-25T11:05:16">
		<system-out>
<![CDATA[]]>		</system-out>
		<system-err>
<![CDATA[]]>		</system-err>
	</testcase>
	<testcase classname="payments.tests.apis.v3.test_addon.TestAddonAPI" file="payments/tests/apis/v3/test_addon.py" line="230" name="test_terms_condition_should_not_be_mandatory_when_url_is_none_in_db" time="0.497" timestamp="2022-07-25T11:05:17">
		<system-out>
<![CDATA[]]>		</system-out>
		<system-err>
<![CDATA[]]>		</system-err>
	</testcase>
	<testcase classname="payments.tests.apis.v3.test_addon.TestAddonAPI" file="payments/tests/apis/v3/test_addon.py" line="224" name="test_terms_condition_should_not_be_mandatory_when_url_none" time="0.287" timestamp="2022-07-25T11:05:17">
		<system-out>
<![CDATA[]]>		</system-out>
		<system-err>
<![CDATA[]]>		</system-err>
	</testcase>
</testsuite>
