<?xml version="1.0" encoding="UTF-8"?>
<testsuite errors="0" failures="0" file="locations/tests/apis/test_kiosks.py" name="locations.tests.apis.test_kiosks.TestKioskAPIAsCustomer-20220725104740" skipped="0" tests="2" time="0.586" timestamp="2022-07-25T11:02:10">
	<testcase classname="locations.tests.apis.test_kiosks.TestKioskAPIAsCustomer" file="locations/tests/apis/test_kiosks.py" line="72" name="test_crud_permissions" time="0.315" timestamp="2022-07-25T11:02:10">
		<system-out>
<![CDATA[]]>		</system-out>
		<system-err>
<![CDATA[]]>		</system-err>
	</testcase>
	<testcase classname="locations.tests.apis.test_kiosks.TestKioskAPIAsCustomer" file="locations/tests/apis/test_kiosks.py" line="83" name="test_crud_permissions_logged_out" time="0.271" timestamp="2022-07-25T11:02:10">
		<system-out>
<![CDATA[]]>		</system-out>
		<system-err>
<![CDATA[]]>		</system-err>
	</testcase>
</testsuite>
