<?xml version="1.0" encoding="UTF-8"?>
<testsuite errors="0" failures="0" file="vehicle_cameras/tests/test_tasks.py" name="vehicle_cameras.tests.test_tasks.TestNewEventsTaskForgottenObject-20220725104622" skipped="0" tests="1" time="0.115" timestamp="2022-07-25T10:57:02">
	<testcase classname="vehicle_cameras.tests.test_tasks.TestNewEventsTaskForgottenObject" file="vehicle_cameras/tests/test_tasks.py" line="19" name="test_good_forgotten_object" time="0.115" timestamp="2022-07-25T10:57:02">
		<system-out>
<![CDATA[]]>		</system-out>
		<system-err>
<![CDATA[]]>		</system-err>
	</testcase>
</testsuite>
