<?xml version="1.0" encoding="UTF-8"?>
<testsuite errors="0" failures="0" file="services/tests/apis/test_service_periods.py" name="services.tests.apis.test_service_periods.TestServicePeriodAPI-20220725104713" skipped="0" tests="1" time="0.339" timestamp="2022-07-25T10:47:49">
	<testcase classname="services.tests.apis.test_service_periods.TestServicePeriodAPI" file="services/tests/apis/test_service_periods.py" line="37" name="test_delete_service" time="0.339" timestamp="2022-07-25T10:47:49">
		<system-out>
<![CDATA[]]>		</system-out>
		<system-err>
<![CDATA[]]>		</system-err>
	</testcase>
</testsuite>
