<?xml version="1.0" encoding="UTF-8"?>
<testsuite errors="0" failures="0" file="trips/tests/apis/test_trips.py" name="trips.tests.apis.test_trips.TestTripListFilteringAsCustomer-20220725104545" skipped="0" tests="5" time="5.365" timestamp="2022-07-25T10:49:01">
	<testcase classname="trips.tests.apis.test_trips.TestTripListFilteringAsCustomer" file="trips/tests/apis/test_trips.py" line="162" name="test_livetrip_list" time="1.820" timestamp="2022-07-25T10:48:58">
		<system-out>
<![CDATA[]]>		</system-out>
		<system-err>
<![CDATA[]]>		</system-err>
	</testcase>
	<testcase classname="trips.tests.apis.test_trips.TestTripListFilteringAsCustomer" file="trips/tests/apis/test_trips.py" line="140" name="test_trip_list_all_services_contains_all_trips_for_that_user" time="1.091" timestamp="2022-07-25T10:48:59">
		<system-out>
<![CDATA[]]>		</system-out>
		<system-err>
<![CDATA[]]>		</system-err>
	</testcase>
	<testcase classname="trips.tests.apis.test_trips.TestTripListFilteringAsCustomer" file="trips/tests/apis/test_trips.py" line="149" name="test_trip_list_does_not_have_other_users" time="1.193" timestamp="2022-07-25T10:49:00">
		<system-out>
<![CDATA[]]>		</system-out>
		<system-err>
<![CDATA[]]>		</system-err>
	</testcase>
	<testcase classname="trips.tests.apis.test_trips.TestTripListFilteringAsCustomer" file="trips/tests/apis/test_trips.py" line="158" name="test_trip_list_invalid_service" time="0.280" timestamp="2022-07-25T10:49:01">
		<system-out>
<![CDATA[]]>		</system-out>
		<system-err>
<![CDATA[]]>		</system-err>
	</testcase>
	<testcase classname="trips.tests.apis.test_trips.TestTripListFilteringAsCustomer" file="trips/tests/apis/test_trips.py" line="130" name="test_trip_list_service_has_only_trips_from_that_service" time="0.980" timestamp="2022-07-25T10:49:01">
		<system-out>
<![CDATA[]]>		</system-out>
		<system-err>
<![CDATA[]]>		</system-err>
	</testcase>
</testsuite>
