<?xml version="1.0" encoding="UTF-8"?>
<testsuite errors="0" failures="0" file="vehicles/tests/apis/v3/test_carsharing_vehicles.py" name="vehicles.tests.apis.v3.test_carsharing_vehicles.TestVehiclesAsDispatcherSpecialVehicleAPI-20220725104622" skipped="0" tests="2" time="1.396" timestamp="2022-07-25T11:02:35">
	<testcase classname="vehicles.tests.apis.v3.test_carsharing_vehicles.TestVehiclesAsDispatcherSpecialVehicleAPI" file="vehicles/tests/apis/v3/test_carsharing_vehicles.py" line="1142" name="test_vehicles_list_api_for_no_open_tickets_vehicles_for_dispatcher" time="0.710" timestamp="2022-07-25T11:02:34">
		<system-out>
<![CDATA[]]>		</system-out>
		<system-err>
<![CDATA[]]>		</system-err>
	</testcase>
	<testcase classname="vehicles.tests.apis.v3.test_carsharing_vehicles.TestVehiclesAsDispatcherSpecialVehicleAPI" file="vehicles/tests/apis/v3/test_carsharing_vehicles.py" line="1129" name="test_vehicles_list_api_for_only_open_tickets_vehicles_for_dispatcher" time="0.686" timestamp="2022-07-25T11:02:35">
		<system-out>
<![CDATA[]]>		</system-out>
		<system-err>
<![CDATA[]]>		</system-err>
	</testcase>
</testsuite>
