<?xml version="1.0" encoding="UTF-8"?>
<testsuite errors="0" failures="0" file="users/tests/models/test_users.py" name="users.tests.models.test_users.UserPasswordHistoryTest-20220725104622" skipped="0" tests="3" time="0.177" timestamp="2022-07-25T10:46:31">
	<testcase classname="users.tests.models.test_users.UserPasswordHistoryTest" file="users/tests/models/test_users.py" line="17" name="test_append_when_password_history_is_maxed_out" time="0.055" timestamp="2022-07-25T10:46:31">
		<system-out>
<![CDATA[]]>		</system-out>
		<system-err>
<![CDATA[]]>		</system-err>
	</testcase>
	<testcase classname="users.tests.models.test_users.UserPasswordHistoryTest" file="users/tests/models/test_users.py" line="11" name="test_append_when_password_history_is_none" time="0.047" timestamp="2022-07-25T10:46:31">
		<system-out>
<![CDATA[]]>		</system-out>
		<system-err>
<![CDATA[]]>		</system-err>
	</testcase>
	<testcase classname="users.tests.models.test_users.UserPasswordHistoryTest" file="users/tests/models/test_users.py" line="27" name="test_password_history_saved" time="0.075" timestamp="2022-07-25T10:46:31">
		<system-out>
<![CDATA[]]>		</system-out>
		<system-err>
<![CDATA[]]>		</system-err>
	</testcase>
</testsuite>
