<?xml version="1.0" encoding="UTF-8"?>
<testsuite errors="0" failures="0" file="trips/tests/apis/test_trips.py" name="trips.tests.apis.test_trips.TestDropoffOverwritingAsBusinessAdmin-20220725104713" skipped="0" tests="3" time="2.139" timestamp="2022-07-25T11:03:41">
	<testcase classname="trips.tests.apis.test_trips.TestDropoffOverwritingAsBusinessAdmin" file="trips/tests/apis/test_trips.py" line="2442" name="test_arrived_at_can_not_be_updated" time="0.747" timestamp="2022-07-25T11:03:40">
		<system-out>
<![CDATA[]]>		</system-out>
		<system-err>
<![CDATA[]]>		</system-err>
	</testcase>
	<testcase classname="trips.tests.apis.test_trips.TestDropoffOverwritingAsBusinessAdmin" file="trips/tests/apis/test_trips.py" line="2432" name="test_dropoff_at_can_not_be_updated" time="0.685" timestamp="2022-07-25T11:03:40">
		<system-out>
<![CDATA[]]>		</system-out>
		<system-err>
<![CDATA[]]>		</system-err>
	</testcase>
	<testcase classname="trips.tests.apis.test_trips.TestDropoffOverwritingAsBusinessAdmin" file="trips/tests/apis/test_trips.py" line="2437" name="test_pickedup_at_can_not_be_updated" time="0.707" timestamp="2022-07-25T11:03:41">
		<system-out>
<![CDATA[]]>		</system-out>
		<system-err>
<![CDATA[]]>		</system-err>
	</testcase>
</testsuite>
