<?xml version="1.0" encoding="UTF-8"?>
<testsuite errors="0" failures="0" file="driver_scheduling/tests/apis/test_slots.py" name="driver_scheduling.tests.apis.test_slots.TestScheduledTripRequestSlotsAPIAsDriver-20220725104740" skipped="0" tests="1" time="0.477" timestamp="2022-07-25T10:55:12">
	<testcase classname="driver_scheduling.tests.apis.test_slots.TestScheduledTripRequestSlotsAPIAsDriver" file="driver_scheduling/tests/apis/test_slots.py" line="882" name="test_api_not_allowed" time="0.477" timestamp="2022-07-25T10:55:12">
		<system-out>
<![CDATA[]]>		</system-out>
		<system-err>
<![CDATA[]]>		</system-err>
	</testcase>
</testsuite>
