<?xml version="1.0" encoding="UTF-8"?>
<testsuite errors="0" failures="0" file="scripts/requirements/test_requirements.py" name="scripts.requirements.test_requirements.TestRequirementDependencies-20220725105046" skipped="0" tests="1" time="1.727" timestamp="2022-07-25T11:10:27">
	<testcase classname="scripts.requirements.test_requirements.TestRequirementDependencies" file="scripts/requirements/test_requirements.py" line="9" name="test_whether_dependencies_exist" time="1.727" timestamp="2022-07-25T11:10:27">
		<system-out>
<![CDATA[



{'setuptools==41.2.0': ['zope.interface==4.6.0', 'pyhamcrest==1.9.0', 'protobuf==3.9.1', 'ipython==5.8.0', 'ipdb==0.11', 'google-api-core==1.14.2', 'arabic-reshaper==2.1.0'], 'requests-toolbelt==0.9.1': ['zeep==3.4.0'], 'cached-property==1.3.0': ['zeep==3.4.0', 'data-pipeline-sdk==0.5.56'], 'attrs==19.3.0': ['zeep==3.4.0', 'twisted==18.9.0', 'service-identity==18.1.0', 'pytest==4.6.9', 'flake8-bugbear==22.1.11', 'automat==0.7.0', 'aiohttp==3.6.2'], 'six==1.13.0': ['zeep==3.4.0', 'xhtml2pdf==0.2.5', 'vcrpy==2.1.0', 'urbanairship==5.2.0', 'unittest-xml-reporting==2.5.1', 'txaio==18.8.1', 'traitlets==4.3.2', 'tenacity==6.2.0', 'social-auth-core==3.2.0', 'responses==0.10.6', 'python-dateutil==2.8.0', 'python-bidi==0.4.2', 'pytest==4.6.9', 'pysaml2==4.8.0', 'pyopenssl==19.0.0', 'pyhamcrest==1.9.0', 'protobuf==3.9.1', 'prompt-toolkit==1.0.18', 'plivo==4.3.2', 'pathlib2==2.3.5', 'mygeotab==0.8.5', 'mock==3.0.5', 'isodate==0.6.0', 'html5lib==1.0.1', 'grpcio==1.34.0', 'google-resumable-media==0.4.1', 'google-auth==1.6.3', 'google-api-python-client==1.7.11', 'google-api-core==1.14.2', 'freezegun==0.3.12', 'firebase-admin==2.17.0', 'faker==2.0.3', 'eventlet==0.30.0', 'drf-schema-adapter==0.9.77', 'django-shortuuidfield==0.1.3', 'django-extensions==2.1.3', 'django-dynamic-fixture==2.0.0', 'django-countries==5.5', 'django-cachalot==2.2.0', 'django-appconf==1.0.3', 'data-pipeline-sdk==0.5.56', 'cryptography==2.8', 'bleach==3.1.0', 'bcrypt==3.1.7', 'automat==0.7.0', 'autobahn==18.10.1', 'asgiref==1.1.2', 'asgi-redis==1.4.3', 'analytics-python==1.2.9', 'social-auth-app-django==3.1.0'], 'isodate==0.6.0': ['zeep==3.4.0', 'python3-saml==1.10.1'], 'defusedxml==0.6.0': ['zeep==3.4.0', 'social-auth-core==3.2.0', 'python3-saml==1.10.1', 'python3-openid==3.0.10', 'pysaml2==4.8.0', 'odfpy==1.4.0', 'djangosaml2==0.17.2'], 'appdirs==1.4.3': ['zeep==3.4.0'], 'multidict==4.5.2': ['yarl==1.2.0', 'aiohttp==3.6.2'], 'idna==2.7': ['yarl==1.2.0', 'requests==2.20.0', 'idna-ssl==1.1.0', 'hyperlink==19.0.0'], 'html5lib==1.0.1': ['xhtml2pdf==0.2.5'], 'webob==1.8.5': ['wsgi-basic-auth==1.1.0'], 'yarl==1.2.0': ['vcrpy==2.1.0', 'aiohttp==3.6.2'], 'pyyaml==5.1.2': ['vcrpy==2.1.0', 'tablib==0.14.0'], 'wrapt==1.11.2': ['vcrpy==2.1.0'], 'jellyfish==0.5.6': ['us==1.0.0'], 'types-urllib3==1.26.9': ['types-requests==2.27.8'], 'constantly==15.1.0': ['twisted==18.9.0'], 'incremental==17.5.0': ['twisted==18.9.0'], 'zope.interface==4.6.0': ['twisted==18.9.0'], 'automat==0.7.0': ['twisted==18.9.0'], 'pyhamcrest==1.9.0': ['twisted==18.9.0'], 'hyperlink==19.0.0': ['twisted==18.9.0'], 'ipython-genutils==0.2.0': ['traitlets==4.3.2'], 'decorator==4.4.0': ['traitlets==4.3.2', 'plivo==4.3.2', 'ipython==5.8.0'], 'openpyxl==3.0.0': ['tablib==0.14.0'], 'odfpy==1.4.0': ['tablib==0.14.0'], 'markuppy==1.14': ['tablib==0.14.0'], 'xlrd==1.2.0': ['tablib==0.14.0', 'pyexcel-xls==0.5.8'], 'python3-openid==3.0.10': ['social-auth-core==3.2.0'], 'requests-oauthlib==1.2.0': ['social-auth-core==3.2.0'], 'oauthlib==3.1.0': ['social-auth-core==3.2.0', 'requests-oauthlib==1.2.0'], 'pyasn1-modules==0.2.6': ['service-identity==18.1.0', 'google-auth==1.6.3'], 'cryptography==2.8': ['service-identity==18.1.0', 'pysaml2==4.8.0', 'pyopenssl==19.0.0', 'jwcrypto==0.6.0', 'django-fernet-fields==0.6'], 'urllib3==1.24.3': ['sentry-sdk==0.14.2', 'requests==2.20.0', 'botocore==1.12.253'], 'certifi==2019.9.11': ['sentry-sdk==0.14.2', 'requests==2.20.0'], 'joblib==0.14.0': ['scikit-learn==0.21.3'], 'contextlib2==0.5.5': ['schema==0.7.1'], 'botocore==1.12.253': ['s3transfer==0.2.1', 'boto3==1.9.253'], 'djangorestframework==3.10.3': ['rest-condition==1.0.3', 'drf-schema-adapter==0.9.77', 'drf-extensions==0.5.0', 'djangorestframework-gis==0.15', 'django-rest-swagger==2.2.0'], 'chardet==3.0.4': ['requests==2.20.0', 'aiohttp==3.6.2'], 'xmlsec==1.3.9': ['python3-saml==1.10.1'], 'jwcrypto==0.6.0': ['python-jwt==3.2.4'], 'importlib-metadata==0.23': ['pytest==4.6.9', 'pluggy==0.13.1', 'kombu==4.6.7', 'flake8==4.0.1', 'flake8-simplify==0.15.1', 'flake8-comprehensions==3.7.0'], 'wcwidth==0.1.7': ['pytest==4.6.9', 'prompt-toolkit==1.0.18'], 'texttable==1.6.2': ['pyexcel==0.5.15'], 'pyexcel-io==0.5.20': ['pyexcel==0.5.15', 'pyexcel-xls==0.5.8'], 'lml==0.0.9': ['pyexcel==0.5.15', 'pyexcel-io==0.5.20'], 'pymeta3==0.5.1': ['pybars3==0.9.7'], 'pip==19.3.1': ['pipdeptree==0.13.2'], 'ptyprocess==0.6.0': ['pexpect==4.7.0'], 'et-xmlfile==1.0.1': ['openpyxl==3.0.0'], 'jdcal==1.4.1': ['openpyxl==3.0.0'], 'coreapi==2.3.3': ['openapi-codec==1.3.2', 'django-rest-swagger==2.2.0'], 'typed-ast==1.5.2': ['mypy==0.931', 'black==21.12b0'], 'mypy-extensions==0.4.3': ['mypy==0.931', 'black==21.12b0'], 'tomli==1.2.3': ['mypy==0.931', 'black==21.12b0'], 'typing-extensions==4.1.1': ['mypy==0.931', 'black==21.12b0', 'aiohttp==3.6.2'], 'arrow==0.15.5': ['mygeotab==0.8.5'], 'python-rapidjson==0.9.1': ['mygeotab==0.8.5'], 'aiohttp==3.6.2': ['mygeotab==0.8.5'], 'click==7.0': ['mygeotab==0.8.5', 'black==21.12b0'], 'amqp==2.5.2': ['kombu==4.6.7'], 'markupsafe==1.1.1': ['jinja2==2.10.1'], 'prompt-toolkit==1.0.18': ['ipython==5.8.0'], 'traitlets==4.3.2': ['ipython==5.8.0'], 'simplegeneric==0.8.1': ['ipython==5.8.0'], 'pickleshare==0.7.5': ['ipython==5.8.0'], 'pexpect==4.7.0': ['ipython==5.8.0'], 'zipp==0.5.2': ['importlib-metadata==0.23'], 'webencodings==0.5.1': ['html5lib==1.0.1', 'bleach==3.1.0'], 'protobuf==3.9.1': ['grpcio-tools==1.26.0', 'googleapis-common-protos==1.6.0', 'google-api-core==1.14.2'], 'google-cloud-core==1.0.3': ['google-cloud-storage==1.19.1', 'google-cloud-firestore==1.4.0'], 'google-resumable-media==0.4.1': ['google-cloud-storage==1.19.1'], 'google-auth==1.6.3': ['google-cloud-storage==1.19.1', 'google-auth-httplib2==0.0.3', 'google-api-python-client==1.7.11', 'google-api-core==1.14.2'], 'google-api-core==1.14.2': ['google-cloud-firestore==1.4.0', 'google-cloud-core==1.0.3', 'firebase-admin==2.17.0'], 'rsa==4.0': ['google-auth==1.6.3'], 'cachetools==3.1.1': ['google-auth==1.6.3'], 'httplib2==0.13.1': ['google-auth-httplib2==0.0.3', 'google-api-python-client==1.7.11'], 'uritemplate==3.0.0': ['google-api-python-client==1.7.11', 'coreapi==2.3.3'], 'google-auth-httplib2==0.0.3': ['google-api-python-client==1.7.11'], 'googleapis-common-protos==1.6.0': ['google-api-core==1.14.2'], 'pyflakes==2.4.0': ['flake8==4.0.1'], 'pycodestyle==2.8.0': ['flake8==4.0.1'], 'astor==0.8.1': ['flake8-simplify==0.15.1'], 'cachecontrol==0.12.5': ['firebase-admin==2.17.0'], 'google-cloud-storage==1.19.1': ['firebase-admin==2.17.0'], 'google-api-python-client==1.7.11': ['firebase-admin==2.17.0'], 'google-cloud-firestore==1.4.0': ['firebase-admin==2.17.0'], 'text-unidecode==1.3': ['faker==2.0.3'], 'faker==2.0.3': ['factory-boy==2.12.0'], 'dnspython==1.16.0': ['eventlet==0.30.0'], 'greenlet==0.4.15': ['eventlet==0.30.0'], 'inflector==3.0.0': ['drf-schema-adapter==0.9.77'], 'pysaml2==4.8.0': ['djangosaml2==0.17.2'], 'sqlparse==0.3.0': ['django==2.2.10'], 'shortuuid==1.0.1': ['django-shortuuidfield==0.1.3'], 'openapi-codec==1.3.2': ['django-rest-swagger==2.2.0'], 'redis==2.10.6': ['django-redis==4.10.0', 'celery-redbeat==1.0.0', 'asgi-redis==1.4.3'], 'python-stdnum==1.11': ['django-localflavor==2.2'], 'tablib==0.14.0': ['django-import-export==1.2.0'], 'diff-match-patch==20181111': ['django-import-export==1.2.0'], 'psycogreen==1.0.1': ['django-db-geventpool==3.2.0'], 'django-appconf==1.0.3': ['django-compressor==2.3'], 'rcssmin==1.0.6': ['django-compressor==2.3'], 'rjsmin==1.1.0': ['django-compressor==2.3'], 'ordered-set==4.0.2': ['deepdiff==5.0.2'], 'marshmallow==2.19.5': ['data-pipeline-sdk==0.5.56'], 'kafka-python==1.4.7': ['data-pipeline-sdk==0.5.56'], 'autobahn==18.10.1': ['daphne==1.4.2'], 'twisted==18.9.0': ['daphne==1.4.2'], 'asgiref==1.1.2': ['daphne==1.4.2', 'channels==1.1.8', 'asgi-redis==1.4.3'], 'cffi==1.12.3': ['cryptography==2.8', 'bcrypt==3.1.7'], 'jinja2==2.10.1': ['coreschema==0.0.4'], 'itypes==1.1.0': ['coreapi==2.3.3'], 'coreschema==0.0.4': ['coreapi==2.3.3'], 'daphne==1.4.2': ['channels==1.1.8'], 'pycparser==2.19': ['cffi==1.12.3'], 'billiard==3.6.1.0': ['celery==4.4.0'], 'vine==1.3.0': ['celery==4.4.0', 'amqp==2.5.2'], 'kombu==4.6.7': ['celery==4.4.0'], 'tenacity==6.2.0': ['celery-redbeat==1.0.0'], 'msgpack==0.6.1': ['cachecontrol==0.12.5'], 'jmespath==0.9.4': ['botocore==1.12.253', 'boto3==1.9.253'], 'docutils==0.15.2': ['botocore==1.12.253'], 's3transfer==0.2.1': ['boto3==1.9.253'], 'platformdirs==2.4.0': ['black==21.12b0'], 'pathspec==0.9.0': ['black==21.12b0'], 'soupsieve==2.3.1': ['beautifulsoup4==4.10.0'], 'txaio==18.8.1': ['autobahn==18.10.1'], 'msgpack-python==0.5.6': ['asgi-redis==1.4.3'], 'async-timeout==3.0.1': ['aiohttp==3.6.2'], 'idna-ssl==1.1.0': ['aiohttp==3.6.2'], 'social-auth-core==3.2.0': ['social-auth-app-django==3.1.0']}




Checking setuptools==41.2.0
Checking requests-toolbelt==0.9.1
Checking cached-property==1.3.0
Checking attrs==19.3.0
Checking six==1.13.0
Checking isodate==0.6.0
Checking defusedxml==0.6.0
Checking appdirs==1.4.3
Checking multidict==4.5.2
Checking idna==2.7
Checking html5lib==1.0.1
Checking webob==1.8.5
Checking yarl==1.2.0
Checking pyyaml==5.1.2
Checking wrapt==1.11.2
Checking jellyfish==0.5.6
Checking types-urllib3==1.26.9
Checking constantly==15.1.0
Checking incremental==17.5.0
Checking zope.interface==4.6.0
Checking automat==0.7.0
Checking pyhamcrest==1.9.0
Checking hyperlink==19.0.0
Checking ipython-genutils==0.2.0
Checking decorator==4.4.0
Checking openpyxl==3.0.0
Checking odfpy==1.4.0
Checking markuppy==1.14
Checking xlrd==1.2.0
Checking python3-openid==3.0.10
Checking requests-oauthlib==1.2.0
Checking oauthlib==3.1.0
Checking pyasn1-modules==0.2.6
Checking cryptography==2.8
Checking urllib3==1.24.3
Checking certifi==2019.9.11
Checking joblib==0.14.0
Checking contextlib2==0.5.5
Checking botocore==1.12.253
Checking djangorestframework==3.10.3
Checking chardet==3.0.4
Checking xmlsec==1.3.9
Checking jwcrypto==0.6.0
Checking importlib-metadata==0.23
Checking wcwidth==0.1.7
Checking texttable==1.6.2
Checking pyexcel-io==0.5.20
Checking lml==0.0.9
Checking pymeta3==0.5.1
Checking pip==19.3.1
Checking ptyprocess==0.6.0
Checking et-xmlfile==1.0.1
Checking jdcal==1.4.1
Checking coreapi==2.3.3
Checking typed-ast==1.5.2
Checking mypy-extensions==0.4.3
Checking tomli==1.2.3
Checking typing-extensions==4.1.1
Checking arrow==0.15.5
Checking python-rapidjson==0.9.1
Checking aiohttp==3.6.2
Checking click==7.0
Checking amqp==2.5.2
Checking markupsafe==1.1.1
Checking prompt-toolkit==1.0.18
Checking traitlets==4.3.2
Checking simplegeneric==0.8.1
Checking pickleshare==0.7.5
Checking pexpect==4.7.0
Checking zipp==0.5.2
Checking webencodings==0.5.1
Checking protobuf==3.9.1
Checking google-cloud-core==1.0.3
Checking google-resumable-media==0.4.1
Checking google-auth==1.6.3
Checking google-api-core==1.14.2
Checking rsa==4.0
Checking cachetools==3.1.1
Checking httplib2==0.13.1
Checking uritemplate==3.0.0
Checking google-auth-httplib2==0.0.3
Checking googleapis-common-protos==1.6.0
Checking pyflakes==2.4.0
Checking pycodestyle==2.8.0
Checking astor==0.8.1
Checking cachecontrol==0.12.5
Checking google-cloud-storage==1.19.1
Checking google-api-python-client==1.7.11
Checking google-cloud-firestore==1.4.0
Checking text-unidecode==1.3
Checking faker==2.0.3
Checking dnspython==1.16.0
Checking greenlet==0.4.15
Checking inflector==3.0.0
Checking pysaml2==4.8.0
Checking sqlparse==0.3.0
Checking shortuuid==1.0.1
Checking openapi-codec==1.3.2
Checking redis==2.10.6
Checking python-stdnum==1.11
Checking tablib==0.14.0
Checking diff-match-patch==20181111
Checking psycogreen==1.0.1
Checking django-appconf==1.0.3
Checking rcssmin==1.0.6
Checking rjsmin==1.1.0
Checking ordered-set==4.0.2
Checking marshmallow==2.19.5
Checking kafka-python==1.4.7
Checking autobahn==18.10.1
Checking twisted==18.9.0
Checking asgiref==1.1.2
Checking cffi==1.12.3
Checking jinja2==2.10.1
Checking itypes==1.1.0
Checking coreschema==0.0.4
Checking daphne==1.4.2
Checking pycparser==2.19
Checking billiard==3.6.1.0
Checking vine==1.3.0
Checking kombu==4.6.7
Checking tenacity==6.2.0
Checking msgpack==0.6.1
Checking jmespath==0.9.4
Checking docutils==0.15.2
Checking s3transfer==0.2.1
Checking platformdirs==2.4.0
Checking pathspec==0.9.0
Checking soupsieve==2.3.1
Checking txaio==18.8.1
Checking msgpack-python==0.5.6
Checking async-timeout==3.0.1
Checking idna-ssl==1.1.0
Checking social-auth-core==3.2.0
]]>		</system-out>
		<system-err>
<![CDATA[]]>		</system-err>
	</testcase>
</testsuite>
