<?xml version="1.0" encoding="UTF-8"?>
<testsuite errors="0" failures="0" file="pricing_engine/tests/test_engine.py" name="pricing_engine.tests.test_engine.TestMultiplePricingRulesWithBlocks-20220725104819" skipped="0" tests="1" time="0.736" timestamp="2022-07-25T10:53:15">
	<testcase classname="pricing_engine.tests.test_engine.TestMultiplePricingRulesWithBlocks" file="pricing_engine/tests/test_engine.py" line="504" name="test_multiple_pricing_rules" time="0.736" timestamp="2022-07-25T10:53:15">
		<system-out>
<![CDATA[]]>		</system-out>
		<system-err>
<![CDATA[]]>		</system-err>
	</testcase>
</testsuite>
