<?xml version="1.0" encoding="UTF-8"?>
<testsuite errors="0" failures="0" file="payments/tests/tasks/test_payments.py" name="payments.tests.tasks.test_payments.TestChargeRegistrationFee-20220725104819" skipped="0" tests="4" time="2.291" timestamp="2022-07-25T10:49:39">
	<testcase classname="payments.tests.tasks.test_payments.TestChargeRegistrationFee" file="payments/tests/tasks/test_payments.py" line="86" name="test_registration_fee_already_charged" time="0.362" timestamp="2022-07-25T10:49:37">
		<system-out>
<![CDATA[]]>		</system-out>
		<system-err>
<![CDATA[]]>		</system-err>
	</testcase>
	<testcase classname="payments.tests.tasks.test_payments.TestChargeRegistrationFee" file="payments/tests/tasks/test_payments.py" line="81" name="test_registration_fee_for_waived_customer" time="0.392" timestamp="2022-07-25T10:49:38">
		<system-out>
<![CDATA[]]>		</system-out>
		<system-err>
<![CDATA[]]>		</system-err>
	</testcase>
	<testcase classname="payments.tests.tasks.test_payments.TestChargeRegistrationFee" file="payments/tests/tasks/test_payments.py" line="107" name="test_registration_fee_when_payments_disabled" time="0.760" timestamp="2022-07-25T10:49:38">
		<system-out>
<![CDATA[]]>		</system-out>
		<system-err>
<![CDATA[]]>		</system-err>
	</testcase>
	<testcase classname="payments.tests.tasks.test_payments.TestChargeRegistrationFee" file="payments/tests/tasks/test_payments.py" line="93" name="test_registration_fee_with_business_card_with_skip_charging_business_cards" time="0.777" timestamp="2022-07-25T10:49:39">
		<system-out>
<![CDATA[]]>		</system-out>
		<system-err>
<![CDATA[]]>		</system-err>
	</testcase>
</testsuite>
