<?xml version="1.0" encoding="UTF-8"?>
<testsuite errors="0" failures="0" file="vehicles/tests/signals/test_vehicle_groups.py" name="vehicles.tests.signals.test_vehicle_groups.TestVehicleGroupValidations-20220725104622" skipped="0" tests="1" time="0.591" timestamp="2022-07-25T11:03:56">
	<testcase classname="vehicles.tests.signals.test_vehicle_groups.TestVehicleGroupValidations" file="vehicles/tests/signals/test_vehicle_groups.py" line="14" name="test_vehicle_group_cannot_have_multiple_rental_requests_type" time="0.591" timestamp="2022-07-25T11:03:56">
		<system-out>
<![CDATA[]]>		</system-out>
		<system-err>
<![CDATA[]]>		</system-err>
	</testcase>
</testsuite>
