<?xml version="1.0" encoding="UTF-8"?>
<testsuite errors="0" failures="0" file="hardware_sdk_otakeys/tests/test_webhooks.py" name="hardware_sdk_otakeys.tests.test_webhooks.TestRFIDPushViews-20220725104740" skipped="0" tests="2" time="2.733" timestamp="2022-07-25T11:02:06">
	<testcase classname="hardware_sdk_otakeys.tests.test_webhooks.TestRFIDPushViews" file="hardware_sdk_otakeys/tests/test_webhooks.py" line="555" name="test_spontaneous_reservation" time="1.350" timestamp="2022-07-25T11:02:04">
		<system-out>
<![CDATA[ERROR: CannotOverwriteExistingCassetteException: (47.612747, -122.34534, '') not found in mock reverse_geocode data
(See https://ridecell.atlassian.net/wiki/spaces/EN/pages/185040970/How+to+Fix+CannotOverwriteExistingCassetteException)
ERROR: CannotOverwriteExistingCassetteException: (47.612747, -122.34534, '') not found in mock reverse_geocode data
(See https://ridecell.atlassian.net/wiki/spaces/EN/pages/185040970/How+to+Fix+CannotOverwriteExistingCassetteException)
]]>		</system-out>
		<system-err>
<![CDATA[]]>		</system-err>
	</testcase>
	<testcase classname="hardware_sdk_otakeys.tests.test_webhooks.TestRFIDPushViews" file="hardware_sdk_otakeys/tests/test_webhooks.py" line="571" name="test_spontaneous_reservation_pricing_snapshot_enabled" time="1.383" timestamp="2022-07-25T11:02:06">
		<system-out>
<![CDATA[ERROR: CannotOverwriteExistingCassetteException: (47.612747, -122.34534, '') not found in mock reverse_geocode data
(See https://ridecell.atlassian.net/wiki/spaces/EN/pages/185040970/How+to+Fix+CannotOverwriteExistingCassetteException)
ERROR: CannotOverwriteExistingCassetteException: (47.612747, -122.34534, '') not found in mock reverse_geocode data
(See https://ridecell.atlassian.net/wiki/spaces/EN/pages/185040970/How+to+Fix+CannotOverwriteExistingCassetteException)
]]>		</system-out>
		<system-err>
<![CDATA[]]>		</system-err>
	</testcase>
</testsuite>
