<?xml version="1.0" encoding="UTF-8"?>
<testsuite errors="0" failures="0" file="trips/tests/models/test_trip_queries.py" name="trips.tests.models.test_trip_queries.TestTripUnits-20220725104545" skipped="0" tests="1" time="0.053" timestamp="2022-07-25T10:49:44">
	<testcase classname="trips.tests.models.test_trip_queries.TestTripUnits" file="trips/tests/models/test_trip_queries.py" line="94" name="test_initialize_trip_values" time="0.053" timestamp="2022-07-25T10:49:44">
		<system-out>
<![CDATA[]]>		</system-out>
		<system-err>
<![CDATA[]]>		</system-err>
	</testcase>
</testsuite>
