<?xml version="1.0" encoding="UTF-8"?>
<testsuite errors="0" failures="0" file="vehicle_cameras/tests/test_signals.py" name="vehicle_cameras.tests.test_signals.TestVehicleCameraSignals-20220725104622" skipped="0" tests="1" time="0.023" timestamp="2022-07-25T10:57:01">
	<testcase classname="vehicle_cameras.tests.test_signals.TestVehicleCameraSignals" file="vehicle_cameras/tests/test_signals.py" line="15" name="test_register_vehicle_camera_signal" time="0.023" timestamp="2022-07-25T10:57:01">
		<system-out>
<![CDATA[]]>		</system-out>
		<system-err>
<![CDATA[]]>		</system-err>
	</testcase>
</testsuite>
