<?xml version="1.0" encoding="UTF-8"?>
<testsuite errors="0" failures="0" file="users/tests/apis/v3/test_customers.py" name="users.tests.apis.v3.test_customers.TestCustomerEmailValidation-20220725104545" skipped="0" tests="10" time="6.988" timestamp="2022-07-25T11:04:39">
	<testcase classname="users.tests.apis.v3.test_customers.TestCustomerEmailValidation" file="users/tests/apis/v3/test_customers.py" line="85" name="test_access_to_endpoint_as_customer_is_forbidden" time="0.496" timestamp="2022-07-25T11:04:32">
		<system-out>
<![CDATA[]]>		</system-out>
		<system-err>
<![CDATA[]]>		</system-err>
	</testcase>
	<testcase classname="users.tests.apis.v3.test_customers.TestCustomerEmailValidation" file="users/tests/apis/v3/test_customers.py" line="75" name="test_access_to_verbs_other_than_post_is_not_allowed" time="0.415" timestamp="2022-07-25T11:04:32">
		<system-out>
<![CDATA[]]>		</system-out>
		<system-err>
<![CDATA[]]>		</system-err>
	</testcase>
	<testcase classname="users.tests.apis.v3.test_customers.TestCustomerEmailValidation" file="users/tests/apis/v3/test_customers.py" line="80" name="test_accessing_the_endpoint_without_logging_in_is_unauthorized" time="0.396" timestamp="2022-07-25T11:04:33">
		<system-out>
<![CDATA[]]>		</system-out>
		<system-err>
<![CDATA[]]>		</system-err>
	</testcase>
	<testcase classname="users.tests.apis.v3.test_customers.TestCustomerEmailValidation" file="users/tests/apis/v3/test_customers.py" line="90" name="test_dispatcher_has_access_to_customer_validation" time="0.397" timestamp="2022-07-25T11:04:33">
		<system-out>
<![CDATA[]]>		</system-out>
		<system-err>
<![CDATA[]]>		</system-err>
	</testcase>
	<testcase classname="users.tests.apis.v3.test_customers.TestCustomerEmailValidation" file="users/tests/apis/v3/test_customers.py" line="109" name="test_list_of_invalid_email_addresses_is_returned_in_response_payload" time="1.371" timestamp="2022-07-25T11:04:35">
		<system-out>
<![CDATA[]]>		</system-out>
		<system-err>
<![CDATA[]]>		</system-err>
	</testcase>
	<testcase classname="users.tests.apis.v3.test_customers.TestCustomerEmailValidation" file="users/tests/apis/v3/test_customers.py" line="160" name="test_payload_at_maximum_size_is_valid" time="0.467" timestamp="2022-07-25T11:04:35">
		<system-out>
<![CDATA[]]>		</system-out>
		<system-err>
<![CDATA[]]>		</system-err>
	</testcase>
	<testcase classname="users.tests.apis.v3.test_customers.TestCustomerEmailValidation" file="users/tests/apis/v3/test_customers.py" line="123" name="test_payload_missing_email_list_fails_validation" time="0.388" timestamp="2022-07-25T11:04:35">
		<system-out>
<![CDATA[]]>		</system-out>
		<system-err>
<![CDATA[]]>		</system-err>
	</testcase>
	<testcase classname="users.tests.apis.v3.test_customers.TestCustomerEmailValidation" file="users/tests/apis/v3/test_customers.py" line="140" name="test_payload_over_maximum_size_is_rejected" time="0.452" timestamp="2022-07-25T11:04:36">
		<system-out>
<![CDATA[]]>		</system-out>
		<system-err>
<![CDATA[]]>		</system-err>
	</testcase>
	<testcase classname="users.tests.apis.v3.test_customers.TestCustomerEmailValidation" file="users/tests/apis/v3/test_customers.py" line="132" name="test_payload_with_empty_email_list_fails_validation" time="0.378" timestamp="2022-07-25T11:04:36">
		<system-out>
<![CDATA[]]>		</system-out>
		<system-err>
<![CDATA[]]>		</system-err>
	</testcase>
	<testcase classname="users.tests.apis.v3.test_customers.TestCustomerEmailValidation" file="users/tests/apis/v3/test_customers.py" line="94" name="test_request_with_valid_users_in_payload_returns_response_with_count_of_valid_users" time="2.228" timestamp="2022-07-25T11:04:39">
		<system-out>
<![CDATA[]]>		</system-out>
		<system-err>
<![CDATA[]]>		</system-err>
	</testcase>
</testsuite>
