<?xml version="1.0" encoding="UTF-8"?>
<testsuite errors="0" failures="0" file="locations/tests/apis/test_locations.py" name="locations.tests.apis.test_locations.TestLocationAPIAsDispatcher-20220725104740" skipped="0" tests="1" time="0.599" timestamp="2022-07-25T11:02:13">
	<testcase classname="locations.tests.apis.test_locations.TestLocationAPIAsDispatcher" file="locations/tests/apis/test_locations.py" line="573" name="test_patch_location_without_street" time="0.599" timestamp="2022-07-25T11:02:13">
		<system-out>
<![CDATA[]]>		</system-out>
		<system-err>
<![CDATA[]]>		</system-err>
	</testcase>
</testsuite>
