<?xml version="1.0" encoding="UTF-8"?>
<testsuite errors="0" failures="0" file="vehicles/tests/models/test_carsharing_vehicles.py" name="vehicles.tests.models.test_carsharing_vehicles.TestVehicles-20220725104622" skipped="0" tests="1" time="0.431" timestamp="2022-07-25T11:03:33">
	<testcase classname="vehicles.tests.models.test_carsharing_vehicles.TestVehicles" file="vehicles/tests/models/test_carsharing_vehicles.py" line="39" name="test_is_available_for_scheduled_rental" time="0.431" timestamp="2022-07-25T11:03:33">
		<system-out>
<![CDATA[]]>		</system-out>
		<system-err>
<![CDATA[]]>		</system-err>
	</testcase>
</testsuite>
