<?xml version="1.0" encoding="UTF-8"?>
<testsuite errors="0" failures="0" file="users/tests/apis/test_dispatcher_permissions.py" name="users.tests.apis.test_dispatcher_permissions.TestIsDispatcherPermissions-20220725104545" skipped="0" tests="1" time="0.765" timestamp="2022-07-25T10:54:55">
	<testcase classname="users.tests.apis.test_dispatcher_permissions.TestIsDispatcherPermissions" file="users/tests/apis/test_dispatcher_permissions.py" line="27" name="test_view_rider_dispatcher_override_disabled" time="0.765" timestamp="2022-07-25T10:54:55">
		<system-out>
<![CDATA[]]>		</system-out>
		<system-err>
<![CDATA[]]>		</system-err>
	</testcase>
</testsuite>
