<?xml version="1.0" encoding="UTF-8"?>
<testsuite errors="0" failures="0" file="trips/tests/apis/test_trips.py" name="trips.tests.apis.test_trips.TestTripTasksAsDriverManager-20220725104545" skipped="0" tests="1" time="0.456" timestamp="2022-07-25T10:49:23">
	<testcase classname="trips.tests.apis.test_trips.TestTripTasksAsDriverManager" file="trips/tests/apis/test_trips.py" line="2191" name="test_trip_task_driver_endpoint_as_driver_manager" time="0.456" timestamp="2022-07-25T10:49:23">
		<system-out>
<![CDATA[]]>		</system-out>
		<system-err>
<![CDATA[]]>		</system-err>
	</testcase>
</testsuite>
