<?xml version="1.0" encoding="UTF-8"?>
<testsuite errors="0" failures="0" file="driver_scheduling/tests/models/test_slots.py" name="driver_scheduling.tests.models.test_slots.ScheduledTripRequestSlotTestBase-20220725104740" skipped="0" tests="4" time="0.854" timestamp="2022-07-25T10:56:07">
	<testcase classname="driver_scheduling.tests.models.test_slots.ScheduledTripRequestSlotTestBase" file="driver_scheduling/tests/models/test_slots.py" line="20" name="test_quantize_time" time="0.021" timestamp="2022-07-25T10:56:06">
		<system-out>
<![CDATA[]]>		</system-out>
		<system-err>
<![CDATA[]]>		</system-err>
	</testcase>
	<testcase classname="driver_scheduling.tests.models.test_slots.ScheduledTripRequestSlotTestBase" file="driver_scheduling/tests/models/test_slots.py" line="41" name="test_slot_create_duration_not_mod_5" time="0.285" timestamp="2022-07-25T10:56:06">
		<system-out>
<![CDATA[]]>		</system-out>
		<system-err>
<![CDATA[]]>		</system-err>
	</testcase>
	<testcase classname="driver_scheduling.tests.models.test_slots.ScheduledTripRequestSlotTestBase" file="driver_scheduling/tests/models/test_slots.py" line="48" name="test_slot_create_off_minute_start" time="0.259" timestamp="2022-07-25T10:56:07">
		<system-out>
<![CDATA[]]>		</system-out>
		<system-err>
<![CDATA[]]>		</system-err>
	</testcase>
	<testcase classname="driver_scheduling.tests.models.test_slots.ScheduledTripRequestSlotTestBase" file="driver_scheduling/tests/models/test_slots.py" line="26" name="test_slot_create_too_short" time="0.287" timestamp="2022-07-25T10:56:07">
		<system-out>
<![CDATA[]]>		</system-out>
		<system-err>
<![CDATA[]]>		</system-err>
	</testcase>
</testsuite>
