<?xml version="1.0" encoding="UTF-8"?>
<testsuite errors="0" failures="0" file="payments/tests/utils/test_carsharing_payment_utils.py" name="payments.tests.utils.test_carsharing_payment_utils.TestFareEstimate-20220725104819" skipped="0" tests="4" time="0.082" timestamp="2022-07-25T10:50:59">
	<testcase classname="payments.tests.utils.test_carsharing_payment_utils.TestFareEstimate" file="payments/tests/utils/test_carsharing_payment_utils.py" line="2486" name="test_fare_estimate" time="0.022" timestamp="2022-07-25T10:50:59">
		<system-out>
<![CDATA[]]>		</system-out>
		<system-err>
<![CDATA[]]>		</system-err>
	</testcase>
	<testcase classname="payments.tests.utils.test_carsharing_payment_utils.TestFareEstimate" file="payments/tests/utils/test_carsharing_payment_utils.py" line="2507" name="test_fare_estimate_without_any_pricing_package" time="0.022" timestamp="2022-07-25T10:50:59">
		<system-out>
<![CDATA[]]>		</system-out>
		<system-err>
<![CDATA[]]>		</system-err>
	</testcase>
	<testcase classname="payments.tests.utils.test_carsharing_payment_utils.TestFareEstimate" file="payments/tests/utils/test_carsharing_payment_utils.py" line="2523" name="test_fare_estimate_without_end_time" time="0.020" timestamp="2022-07-25T10:50:59">
		<system-out>
<![CDATA[]]>		</system-out>
		<system-err>
<![CDATA[]]>		</system-err>
	</testcase>
	<testcase classname="payments.tests.utils.test_carsharing_payment_utils.TestFareEstimate" file="payments/tests/utils/test_carsharing_payment_utils.py" line="2527" name="test_fare_estimate_without_start_time" time="0.018" timestamp="2022-07-25T10:50:59">
		<system-out>
<![CDATA[]]>		</system-out>
		<system-err>
<![CDATA[]]>		</system-err>
	</testcase>
</testsuite>
