<?xml version="1.0" encoding="UTF-8"?>
<testsuite errors="0" failures="0" file="users/tests/models/test_users.py" name="users.tests.models.test_users.TestTriggerMemberUpdateEvent-20220725104622" skipped="0" tests="1" time="0.264" timestamp="2022-07-25T10:46:31">
	<testcase classname="users.tests.models.test_users.TestTriggerMemberUpdateEvent" file="users/tests/models/test_users.py" line="98" name="test_user_profile_change_trigger_member_update_event_to_data_pipeline" time="0.264" timestamp="2022-07-25T10:46:31">
		<system-out>
<![CDATA[]]>		</system-out>
		<system-err>
<![CDATA[]]>		</system-err>
	</testcase>
</testsuite>
