<?xml version="1.0" encoding="UTF-8"?>
<testsuite errors="0" failures="0" file="vehicles/tests/apis/v3/test_carsharing_vehicles.py" name="vehicles.tests.apis.v3.test_carsharing_vehicles.TestSupplierVehiclesAPIWithManagerAccess-20220725104622" skipped="0" tests="1" time="0.819" timestamp="2022-07-25T11:01:17">
	<testcase classname="vehicles.tests.apis.v3.test_carsharing_vehicles.TestSupplierVehiclesAPIWithManagerAccess" file="vehicles/tests/apis/v3/test_carsharing_vehicles.py" line="1246" name="test_vehicles_list_api_without_permission" time="0.819" timestamp="2022-07-25T11:01:17">
		<system-out>
<![CDATA[]]>		</system-out>
		<system-err>
<![CDATA[]]>		</system-err>
	</testcase>
</testsuite>
