<?xml version="1.0" encoding="UTF-8"?>
<testsuite errors="0" failures="0" file="app_logging/tests/apis/test_customer_device_context.py" name="app_logging.tests.apis.test_customer_device_context.TestCustomersDeviceContextAPIAsDispatcher-20220725104740" skipped="0" tests="4" time="1.443" timestamp="2022-07-25T10:50:36">
	<testcase classname="app_logging.tests.apis.test_customer_device_context.TestCustomersDeviceContextAPIAsDispatcher" file="app_logging/tests/apis/test_customer_device_context.py" line="201" name="test_create" time="0.297" timestamp="2022-07-25T10:50:35">
		<system-out>
<![CDATA[]]>		</system-out>
		<system-err>
<![CDATA[]]>		</system-err>
	</testcase>
	<testcase classname="app_logging.tests.apis.test_customer_device_context.TestCustomersDeviceContextAPIAsDispatcher" file="app_logging/tests/apis/test_customer_device_context.py" line="216" name="test_list" time="0.347" timestamp="2022-07-25T10:50:35">
		<system-out>
<![CDATA[]]>		</system-out>
		<system-err>
<![CDATA[/usr/local/lib/python3.6/dist-packages/rest_framework/pagination.py:200: UnorderedObjectListWarning: Pagination may yield inconsistent results with an unordered object_list: <class 'app_logging.models.customer_device_context.CustomerDeviceContext'> QuerySet.
  paginator = self.django_paginator_class(queryset, page_size)
]]>		</system-err>
	</testcase>
	<testcase classname="app_logging.tests.apis.test_customer_device_context.TestCustomersDeviceContextAPIAsDispatcher" file="app_logging/tests/apis/test_customer_device_context.py" line="243" name="test_list_filter_by_customer_id" time="0.459" timestamp="2022-07-25T10:50:35">
		<system-out>
<![CDATA[]]>		</system-out>
		<system-err>
<![CDATA[]]>		</system-err>
	</testcase>
	<testcase classname="app_logging.tests.apis.test_customer_device_context.TestCustomersDeviceContextAPIAsDispatcher" file="app_logging/tests/apis/test_customer_device_context.py" line="222" name="test_update" time="0.340" timestamp="2022-07-25T10:50:36">
		<system-out>
<![CDATA[]]>		</system-out>
		<system-err>
<![CDATA[]]>		</system-err>
	</testcase>
</testsuite>
