<?xml version="1.0" encoding="UTF-8"?>
<testsuite errors="0" failures="0" file="django_utils/tests/test_utils.py" name="django_utils.tests.test_utils.TestModelDiffMixin-20220725104740" skipped="0" tests="2" time="0.123" timestamp="2022-07-25T10:54:34">
	<testcase classname="django_utils.tests.test_utils.TestModelDiffMixin" file="django_utils/tests/test_utils.py" line="16" name="test_changed" time="0.072" timestamp="2022-07-25T10:54:34">
		<system-out>
<![CDATA[]]>		</system-out>
		<system-err>
<![CDATA[]]>		</system-err>
	</testcase>
	<testcase classname="django_utils.tests.test_utils.TestModelDiffMixin" file="django_utils/tests/test_utils.py" line="9" name="test_new" time="0.051" timestamp="2022-07-25T10:54:34">
		<system-out>
<![CDATA[]]>		</system-out>
		<system-err>
<![CDATA[]]>		</system-err>
	</testcase>
</testsuite>
