<?xml version="1.0" encoding="UTF-8"?>
<testsuite errors="0" failures="0" file="vehicle_automation/tests/utils/test_automation_utils.py" name="vehicle_automation.tests.utils.test_automation_utils.AutomationUtilsTests-20220725104622" skipped="0" tests="4" time="1.655" timestamp="2022-07-25T10:52:05">
	<testcase classname="vehicle_automation.tests.utils.test_automation_utils.AutomationUtilsTests" file="vehicle_automation/tests/utils/test_automation_utils.py" line="66" name="test_alert_value_casting_with_maximization" time="0.814" timestamp="2022-07-25T10:52:04">
		<system-out>
<![CDATA[]]>		</system-out>
		<system-err>
<![CDATA[]]>		</system-err>
	</testcase>
	<testcase classname="vehicle_automation.tests.utils.test_automation_utils.AutomationUtilsTests" file="vehicle_automation/tests/utils/test_automation_utils.py" line="50" name="test_alert_value_casting_with_minimization" time="0.802" timestamp="2022-07-25T10:52:05">
		<system-out>
<![CDATA[]]>		</system-out>
		<system-err>
<![CDATA[]]>		</system-err>
	</testcase>
	<testcase classname="vehicle_automation.tests.utils.test_automation_utils.AutomationUtilsTests" file="vehicle_automation/tests/utils/test_automation_utils.py" line="30" name="test_float_value_casting_with_maximization" time="0.018" timestamp="2022-07-25T10:52:05">
		<system-out>
<![CDATA[]]>		</system-out>
		<system-err>
<![CDATA[]]>		</system-err>
	</testcase>
	<testcase classname="vehicle_automation.tests.utils.test_automation_utils.AutomationUtilsTests" file="vehicle_automation/tests/utils/test_automation_utils.py" line="14" name="test_float_value_casting_with_minimization" time="0.020" timestamp="2022-07-25T10:52:05">
		<system-out>
<![CDATA[]]>		</system-out>
		<system-err>
<![CDATA[]]>		</system-err>
	</testcase>
</testsuite>
