<?xml version="1.0" encoding="UTF-8"?>
<testsuite errors="0" failures="0" file="users/tests/apis/v3/test_notifications.py" name="users.tests.apis.v3.test_notifications.TestNotificationsAPIAsCustomer-20220725104545" skipped="0" tests="1" time="0.264" timestamp="2022-07-25T11:04:44">
	<testcase classname="users.tests.apis.v3.test_notifications.TestNotificationsAPIAsCustomer" file="users/tests/apis/v3/test_notifications.py" line="17" name="test_customer_access_denied" time="0.264" timestamp="2022-07-25T11:04:44">
		<system-out>
<![CDATA[]]>		</system-out>
		<system-err>
<![CDATA[]]>		</system-err>
	</testcase>
</testsuite>
