<?xml version="1.0" encoding="UTF-8"?>
<testsuite errors="0" failures="0" file="trips/tests/models/test_trips.py" name="trips.tests.models.test_trips.TestUnAssignableTripAfterDriverArrivedAt-20220725104545" skipped="0" tests="1" time="1.193" timestamp="2022-07-25T10:50:06">
	<testcase classname="trips.tests.models.test_trips.TestUnAssignableTripAfterDriverArrivedAt" file="trips/tests/models/test_trips.py" line="462" name="test_unassignable_trips_after_driver_arrived_at" time="1.193" timestamp="2022-07-25T10:50:06">
		<system-out>
<![CDATA[]]>		</system-out>
		<system-err>
<![CDATA[]]>		</system-err>
	</testcase>
</testsuite>
