<?xml version="1.0" encoding="UTF-8"?>
<testsuite errors="0" failures="0" file="payments/tests/payment_providers/test_stripe_api.py" name="payments.tests.payment_providers.test_stripe_api.TestProcessChargeWithTransactionRiskEnabled-20220725104819" skipped="0" tests="5" time="0.920" timestamp="2022-07-25T10:49:25">
	<testcase classname="payments.tests.payment_providers.test_stripe_api.TestProcessChargeWithTransactionRiskEnabled" file="payments/tests/payment_providers/test_stripe_api.py" line="240" name="test_capture_failure_for_wallet" time="0.466" timestamp="2022-07-25T10:49:25">
		<system-out>
<![CDATA[]]>		</system-out>
		<system-err>
<![CDATA[]]>		</system-err>
	</testcase>
	<testcase classname="payments.tests.payment_providers.test_stripe_api.TestProcessChargeWithTransactionRiskEnabled" file="payments/tests/payment_providers/test_stripe_api.py" line="187" name="test_capture_failure_invalid_card" time="0.275" timestamp="2022-07-25T10:49:25">
		<system-out>
<![CDATA[]]>		</system-out>
		<system-err>
<![CDATA[]]>		</system-err>
	</testcase>
	<testcase classname="payments.tests.payment_providers.test_stripe_api.TestProcessChargeWithTransactionRiskEnabled" file="payments/tests/payment_providers/test_stripe_api.py" line="118" name="test_capture_success" time="0.057" timestamp="2022-07-25T10:49:25">
		<system-out>
<![CDATA[]]>		</system-out>
		<system-err>
<![CDATA[]]>		</system-err>
	</testcase>
	<testcase classname="payments.tests.payment_providers.test_stripe_api.TestProcessChargeWithTransactionRiskEnabled" file="payments/tests/payment_providers/test_stripe_api.py" line="160" name="test_no_capture_failure" time="0.072" timestamp="2022-07-25T10:49:25">
		<system-out>
<![CDATA[]]>		</system-out>
		<system-err>
<![CDATA[]]>		</system-err>
	</testcase>
	<testcase classname="payments.tests.payment_providers.test_stripe_api.TestProcessChargeWithTransactionRiskEnabled" file="payments/tests/payment_providers/test_stripe_api.py" line="148" name="test_no_capture_success" time="0.049" timestamp="2022-07-25T10:49:25">
		<system-out>
<![CDATA[]]>		</system-out>
		<system-err>
<![CDATA[]]>		</system-err>
	</testcase>
</testsuite>
