<?xml version="1.0" encoding="UTF-8"?>
<testsuite errors="0" failures="0" file="vehicles/tests/tasks/test_carsharing_vehicles.py" name="vehicles.tests.tasks.test_carsharing_vehicles.TestVehicleTasks-20220725104622" skipped="0" tests="19" time="9.945" timestamp="2022-07-25T11:04:07">
	<testcase classname="vehicles.tests.tasks.test_carsharing_vehicles.TestVehicleTasks" file="vehicles/tests/tasks/test_carsharing_vehicles.py" line="114" name="test_carsharing_update_gps_not_always_call_reverse_geocode" time="0.248" timestamp="2022-07-25T11:03:58">
		<system-out>
<![CDATA[]]>		</system-out>
		<system-err>
<![CDATA[]]>		</system-err>
	</testcase>
	<testcase classname="vehicles.tests.tasks.test_carsharing_vehicles.TestVehicleTasks" file="vehicles/tests/tasks/test_carsharing_vehicles.py" line="291" name="test_closed_alert_sends_timestamp_to_pipeline" time="0.720" timestamp="2022-07-25T11:03:58">
		<system-out>
<![CDATA[]]>		</system-out>
		<system-err>
<![CDATA[Exception ignored in: <bound method KafkaClient.__del__ of <kafka.client_async.KafkaClient object at 0x7fd4e6822d30>>
Traceback (most recent call last):
  File "/usr/local/lib/python3.6/dist-packages/kafka/client_async.py", line 439, in __del__
    self._close()
  File "/usr/local/lib/python3.6/dist-packages/kafka/client_async.py", line 413, in _close
    if not self._closed:
AttributeError: 'KafkaClient' object has no attribute '_closed'
]]>		</system-err>
	</testcase>
	<testcase classname="vehicles.tests.tasks.test_carsharing_vehicles.TestVehicleTasks" file="vehicles/tests/tasks/test_carsharing_vehicles.py" line="162" name="test_low_aux_battery_level_vehicle_data_pipeline_flag_off" time="0.559" timestamp="2022-07-25T11:03:59">
		<system-out>
<![CDATA[]]>		</system-out>
		<system-err>
<![CDATA[]]>		</system-err>
	</testcase>
	<testcase classname="vehicles.tests.tasks.test_carsharing_vehicles.TestVehicleTasks" file="vehicles/tests/tasks/test_carsharing_vehicles.py" line="229" name="test_low_aux_battery_level_vehicle_data_pipeline_flag_on" time="0.702" timestamp="2022-07-25T11:04:00">
		<system-out>
<![CDATA[]]>		</system-out>
		<system-err>
<![CDATA[Exception ignored in: <bound method KafkaClient.__del__ of <kafka.client_async.KafkaClient object at 0x7fd4e6641cc0>>
Traceback (most recent call last):
  File "/usr/local/lib/python3.6/dist-packages/kafka/client_async.py", line 439, in __del__
    self._close()
  File "/usr/local/lib/python3.6/dist-packages/kafka/client_async.py", line 413, in _close
    if not self._closed:
AttributeError: 'KafkaClient' object has no attribute '_closed'
]]>		</system-err>
	</testcase>
	<testcase classname="vehicles.tests.tasks.test_carsharing_vehicles.TestVehicleTasks" file="vehicles/tests/tasks/test_carsharing_vehicles.py" line="196" name="test_low_ev_battery_level_vehicle_data_pipeline_flag_off" time="0.548" timestamp="2022-07-25T11:04:00">
		<system-out>
<![CDATA[]]>		</system-out>
		<system-err>
<![CDATA[]]>		</system-err>
	</testcase>
	<testcase classname="vehicles.tests.tasks.test_carsharing_vehicles.TestVehicleTasks" file="vehicles/tests/tasks/test_carsharing_vehicles.py" line="211" name="test_low_ev_battery_level_vehicle_data_pipeline_flag_on" time="0.732" timestamp="2022-07-25T11:04:01">
		<system-out>
<![CDATA[]]>		</system-out>
		<system-err>
<![CDATA[Exception ignored in: <bound method KafkaClient.__del__ of <kafka.client_async.KafkaClient object at 0x7fd4e64f7cf8>>
Traceback (most recent call last):
  File "/usr/local/lib/python3.6/dist-packages/kafka/client_async.py", line 439, in __del__
    self._close()
  File "/usr/local/lib/python3.6/dist-packages/kafka/client_async.py", line 413, in _close
    if not self._closed:
AttributeError: 'KafkaClient' object has no attribute '_closed'
]]>		</system-err>
	</testcase>
	<testcase classname="vehicles.tests.tasks.test_carsharing_vehicles.TestVehicleTasks" file="vehicles/tests/tasks/test_carsharing_vehicles.py" line="146" name="test_low_fuel_level_vehicle_data_pipeline_flag_off" time="0.562" timestamp="2022-07-25T11:04:01">
		<system-out>
<![CDATA[]]>		</system-out>
		<system-err>
<![CDATA[]]>		</system-err>
	</testcase>
	<testcase classname="vehicles.tests.tasks.test_carsharing_vehicles.TestVehicleTasks" file="vehicles/tests/tasks/test_carsharing_vehicles.py" line="176" name="test_low_fuel_level_vehicle_data_pipeline_flag_on" time="0.697" timestamp="2022-07-25T11:04:02">
		<system-out>
<![CDATA[]]>		</system-out>
		<system-err>
<![CDATA[Exception ignored in: <bound method KafkaClient.__del__ of <kafka.client_async.KafkaClient object at 0x7fd4e6403f98>>
Traceback (most recent call last):
  File "/usr/local/lib/python3.6/dist-packages/kafka/client_async.py", line 439, in __del__
    self._close()
  File "/usr/local/lib/python3.6/dist-packages/kafka/client_async.py", line 413, in _close
    if not self._closed:
AttributeError: 'KafkaClient' object has no attribute '_closed'
]]>		</system-err>
	</testcase>
	<testcase classname="vehicles.tests.tasks.test_carsharing_vehicles.TestVehicleTasks" file="vehicles/tests/tasks/test_carsharing_vehicles.py" line="258" name="test_vehicle_alerts_use_latest_possible_timestamp_when_sending_data_to_pipeline" time="1.575" timestamp="2022-07-25T11:04:04">
		<system-out>
<![CDATA[]]>		</system-out>
		<system-err>
<![CDATA[Exception ignored in: <bound method KafkaClient.__del__ of <kafka.client_async.KafkaClient object at 0x7fd4e6382ac8>>
Traceback (most recent call last):
  File "/usr/local/lib/python3.6/dist-packages/kafka/client_async.py", line 439, in __del__
    self._close()
  File "/usr/local/lib/python3.6/dist-packages/kafka/client_async.py", line 413, in _close
    if not self._closed:
AttributeError: 'KafkaClient' object has no attribute '_closed'
/usr/local/lib/python3.6/dist-packages/django/db/models/fields/__init__.py:1427: RuntimeWarning: DateTimeField VehicleAlert.closed_on received a naive datetime (2022-07-27 11:04:03.309446) while time zone support is active.
  RuntimeWarning)
]]>		</system-err>
	</testcase>
	<testcase classname="vehicles.tests.tasks.test_carsharing_vehicles.TestVehicleTasks" file="vehicles/tests/tasks/test_carsharing_vehicles.py" line="28" name="test_vehicle_becoming_inactive_removes_from_service_vehicle_ids" time="0.785" timestamp="2022-07-25T11:04:05">
		<system-out>
<![CDATA[]]>		</system-out>
		<system-err>
<![CDATA[]]>		</system-err>
	</testcase>
	<testcase classname="vehicles.tests.tasks.test_carsharing_vehicles.TestVehicleTasks" file="vehicles/tests/tasks/test_carsharing_vehicles.py" line="96" name="test_vehicle_reservation_status_change_to_booked_data_pipeline_flag_off" time="0.147" timestamp="2022-07-25T11:04:05">
		<system-out>
<![CDATA[]]>		</system-out>
		<system-err>
<![CDATA[]]>		</system-err>
	</testcase>
	<testcase classname="vehicles.tests.tasks.test_carsharing_vehicles.TestVehicleTasks" file="vehicles/tests/tasks/test_carsharing_vehicles.py" line="70" name="test_vehicle_reservation_status_change_to_booked_to_data_pipeline_flag_on" time="0.213" timestamp="2022-07-25T11:04:05">
		<system-out>
<![CDATA[]]>		</system-out>
		<system-err>
<![CDATA[]]>		</system-err>
	</testcase>
	<testcase classname="vehicles.tests.tasks.test_carsharing_vehicles.TestVehicleTasks" file="vehicles/tests/tasks/test_carsharing_vehicles.py" line="87" name="test_vehicle_reservation_status_change_to_free_data_pipeline_flag_off" time="0.147" timestamp="2022-07-25T11:04:05">
		<system-out>
<![CDATA[]]>		</system-out>
		<system-err>
<![CDATA[]]>		</system-err>
	</testcase>
	<testcase classname="vehicles.tests.tasks.test_carsharing_vehicles.TestVehicleTasks" file="vehicles/tests/tasks/test_carsharing_vehicles.py" line="62" name="test_vehicle_reservation_status_change_to_free_data_pipeline_flag_on" time="0.219" timestamp="2022-07-25T11:04:05">
		<system-out>
<![CDATA[]]>		</system-out>
		<system-err>
<![CDATA[]]>		</system-err>
	</testcase>
	<testcase classname="vehicles.tests.tasks.test_carsharing_vehicles.TestVehicleTasks" file="vehicles/tests/tasks/test_carsharing_vehicles.py" line="45" name="test_vehicle_returning_from_inactive_adds_to_service_vehicle_ids" time="0.936" timestamp="2022-07-25T11:04:06">
		<system-out>
<![CDATA[]]>		</system-out>
		<system-err>
<![CDATA[]]>		</system-err>
	</testcase>
	<testcase classname="vehicles.tests.tasks.test_carsharing_vehicles.TestVehicleTasks" file="vehicles/tests/tasks/test_carsharing_vehicles.py" line="246" name="test_vehicle_service_block_status_update_triggers_alert_to_data_pipeline" time="0.214" timestamp="2022-07-25T11:04:06">
		<system-out>
<![CDATA[]]>		</system-out>
		<system-err>
<![CDATA[]]>		</system-err>
	</testcase>
	<testcase classname="vehicles.tests.tasks.test_carsharing_vehicles.TestVehicleTasks" file="vehicles/tests/tasks/test_carsharing_vehicles.py" line="105" name="test_vehicle_update_change_to_data_pipeline_flag_off" time="0.134" timestamp="2022-07-25T11:04:07">
		<system-out>
<![CDATA[]]>		</system-out>
		<system-err>
<![CDATA[]]>		</system-err>
	</testcase>
	<testcase classname="vehicles.tests.tasks.test_carsharing_vehicles.TestVehicleTasks" file="vehicles/tests/tasks/test_carsharing_vehicles.py" line="78" name="test_vehicle_update_change_to_data_pipeline_flag_on" time="0.201" timestamp="2022-07-25T11:04:07">
		<system-out>
<![CDATA[]]>		</system-out>
		<system-err>
<![CDATA[]]>		</system-err>
	</testcase>
	<testcase classname="vehicles.tests.tasks.test_carsharing_vehicles.TestVehicleTasks" file="vehicles/tests/tasks/test_carsharing_vehicles.py" line="280" name="test_vehicle_updates_use_latest_possible_timestamp_when_sending_data_to_pipeline" time="0.605" timestamp="2022-07-25T11:04:07">
		<system-out>
<![CDATA[]]>		</system-out>
		<system-err>
<![CDATA[Exception ignored in: <bound method KafkaClient.__del__ of <kafka.client_async.KafkaClient object at 0x7fd4e5e17a90>>
Traceback (most recent call last):
  File "/usr/local/lib/python3.6/dist-packages/kafka/client_async.py", line 439, in __del__
    self._close()
  File "/usr/local/lib/python3.6/dist-packages/kafka/client_async.py", line 413, in _close
    if not self._closed:
AttributeError: 'KafkaClient' object has no attribute '_closed'
]]>		</system-err>
	</testcase>
</testsuite>
