<?xml version="1.0" encoding="UTF-8"?>
<testsuite errors="0" failures="0" file="hardware_sdk_mensa/tests/test_interface.py" name="hardware_sdk_mensa.tests.test_interface.TestGettingMobileDeviceId-20220725104740" skipped="0" tests="2" time="0.157" timestamp="2022-07-25T10:59:40">
	<testcase classname="hardware_sdk_mensa.tests.test_interface.TestGettingMobileDeviceId" file="hardware_sdk_mensa/tests/test_interface.py" line="295" name="test_with_existing_devices" time="0.027" timestamp="2022-07-25T10:59:40">
		<system-out>
<![CDATA[]]>		</system-out>
		<system-err>
<![CDATA[]]>		</system-err>
	</testcase>
	<testcase classname="hardware_sdk_mensa.tests.test_interface.TestGettingMobileDeviceId" file="hardware_sdk_mensa/tests/test_interface.py" line="302" name="test_with_no_existing_device" time="0.130" timestamp="2022-07-25T10:59:40">
		<system-out>
<![CDATA[]]>		</system-out>
		<system-err>
<![CDATA[]]>		</system-err>
	</testcase>
</testsuite>
