<?xml version="1.0" encoding="UTF-8"?>
<testsuite errors="0" failures="0" file="rentals/tests/apis/v2/test_rentals.py" name="rentals.tests.apis.v2.test_rentals.TestRentalReceiptOrgMembership-20220725104819" skipped="0" tests="9" time="11.733" timestamp="2022-07-25T11:03:13">
	<testcase classname="rentals.tests.apis.v2.test_rentals.TestRentalReceiptOrgMembership" file="rentals/tests/apis/v2/test_rentals.py" line="1966" name="test_enable_advance_queue_option_check_for_delivery_ticket" time="1.141" timestamp="2022-07-25T11:03:02">
		<system-out>
<![CDATA[]]>		</system-out>
		<system-err>
<![CDATA[/usr/local/lib/python3.6/dist-packages/django/db/models/fields/__init__.py:1427: RuntimeWarning: DateTimeField Rental.booked_at received a naive datetime (2017-01-20 00:00:00) while time zone support is active.
  RuntimeWarning)
/usr/local/lib/python3.6/dist-packages/django/db/models/fields/__init__.py:1427: RuntimeWarning: DateTimeField Rental.end_datetime received a naive datetime (2017-01-20 01:40:00) while time zone support is active.
  RuntimeWarning)
]]>		</system-err>
	</testcase>
	<testcase classname="rentals.tests.apis.v2.test_rentals.TestRentalReceiptOrgMembership" file="rentals/tests/apis/v2/test_rentals.py" line="2006" name="test_enable_advance_queue_option_check_for_hold_service_block" time="1.577" timestamp="2022-07-25T11:03:04">
		<system-out>
<![CDATA[]]>		</system-out>
		<system-err>
<![CDATA[]]>		</system-err>
	</testcase>
	<testcase classname="rentals.tests.apis.v2.test_rentals.TestRentalReceiptOrgMembership" file="rentals/tests/apis/v2/test_rentals.py" line="1989" name="test_enable_advance_queue_option_check_for_ondemand_rental" time="1.170" timestamp="2022-07-25T11:03:05">
		<system-out>
<![CDATA[]]>		</system-out>
		<system-err>
<![CDATA[]]>		</system-err>
	</testcase>
	<testcase classname="rentals.tests.apis.v2.test_rentals.TestRentalReceiptOrgMembership" file="rentals/tests/apis/v2/test_rentals.py" line="1904" name="test_membership_discount_applies_to_short_trips" time="1.245" timestamp="2022-07-25T11:03:06">
		<system-out>
<![CDATA[]]>		</system-out>
		<system-err>
<![CDATA[]]>		</system-err>
	</testcase>
	<testcase classname="rentals.tests.apis.v2.test_rentals.TestRentalReceiptOrgMembership" file="rentals/tests/apis/v2/test_rentals.py" line="1852" name="test_membership_discount_in_rental_list" time="1.284" timestamp="2022-07-25T11:03:07">
		<system-out>
<![CDATA[]]>		</system-out>
		<system-err>
<![CDATA[]]>		</system-err>
	</testcase>
	<testcase classname="rentals.tests.apis.v2.test_rentals.TestRentalReceiptOrgMembership" file="rentals/tests/apis/v2/test_rentals.py" line="1812" name="test_non_org_membership_payment_and_receipt" time="1.373" timestamp="2022-07-25T11:03:09">
		<system-out>
<![CDATA[]]>		</system-out>
		<system-err>
<![CDATA[]]>		</system-err>
	</testcase>
	<testcase classname="rentals.tests.apis.v2.test_rentals.TestRentalReceiptOrgMembership" file="rentals/tests/apis/v2/test_rentals.py" line="1880" name="test_nonmember_no_discount_in_rental_list" time="1.264" timestamp="2022-07-25T11:03:10">
		<system-out>
<![CDATA[]]>		</system-out>
		<system-err>
<![CDATA[]]>		</system-err>
	</testcase>
	<testcase classname="rentals.tests.apis.v2.test_rentals.TestRentalReceiptOrgMembership" file="rentals/tests/apis/v2/test_rentals.py" line="1764" name="test_org_membership_payment_and_receipt" time="1.400" timestamp="2022-07-25T11:03:11">
		<system-out>
<![CDATA[]]>		</system-out>
		<system-err>
<![CDATA[]]>		</system-err>
	</testcase>
	<testcase classname="rentals.tests.apis.v2.test_rentals.TestRentalReceiptOrgMembership" file="rentals/tests/apis/v2/test_rentals.py" line="1939" name="test_ticket_info_in_rental_list" time="1.281" timestamp="2022-07-25T11:03:13">
		<system-out>
<![CDATA[]]>		</system-out>
		<system-err>
<![CDATA[]]>		</system-err>
	</testcase>
</testsuite>
