<?xml version="1.0" encoding="UTF-8"?>
<testsuite errors="0" failures="0" file="vehicles/tests/apis/v3/test_carsharing_vehicles.py" name="vehicles.tests.apis.v3.test_carsharing_vehicles.TestVehiclesAsSupplierManagerForSpecialVehicleAPI-20220725104622" skipped="0" tests="3" time="2.104" timestamp="2022-07-25T11:02:37">
	<testcase classname="vehicles.tests.apis.v3.test_carsharing_vehicles.TestVehiclesAsSupplierManagerForSpecialVehicleAPI" file="vehicles/tests/apis/v3/test_carsharing_vehicles.py" line="1069" name="test_vehicles_list_api_for_no_open_tickets_vehicles" time="0.581" timestamp="2022-07-25T11:02:36">
		<system-out>
<![CDATA[]]>		</system-out>
		<system-err>
<![CDATA[]]>		</system-err>
	</testcase>
	<testcase classname="vehicles.tests.apis.v3.test_carsharing_vehicles.TestVehiclesAsSupplierManagerForSpecialVehicleAPI" file="vehicles/tests/apis/v3/test_carsharing_vehicles.py" line="1055" name="test_vehicles_list_api_for_only_open_tickets_vehicles" time="0.582" timestamp="2022-07-25T11:02:36">
		<system-out>
<![CDATA[]]>		</system-out>
		<system-err>
<![CDATA[]]>		</system-err>
	</testcase>
	<testcase classname="vehicles.tests.apis.v3.test_carsharing_vehicles.TestVehiclesAsSupplierManagerForSpecialVehicleAPI" file="vehicles/tests/apis/v3/test_carsharing_vehicles.py" line="1080" name="test_vehicles_list_with_one_open_ticket_and_one_close_and_one_with_no_tickets" time="0.941" timestamp="2022-07-25T11:02:37">
		<system-out>
<![CDATA[]]>		</system-out>
		<system-err>
<![CDATA[]]>		</system-err>
	</testcase>
</testsuite>
