<?xml version="1.0" encoding="UTF-8"?>
<testsuite errors="0" failures="0" file="payments/tests/apis/v3/test_membership.py" name="payments.tests.apis.v3.test_membership.TestMembershipAPI-20220725104740" skipped="0" tests="9" time="5.840" timestamp="2022-07-25T11:06:06">
	<testcase classname="payments.tests.apis.v3.test_membership.TestMembershipAPI" file="payments/tests/apis/v3/test_membership.py" line="84" name="test_create_membership" time="0.623" timestamp="2022-07-25T11:06:00">
		<system-out>
<![CDATA[]]>		</system-out>
		<system-err>
<![CDATA[]]>		</system-err>
	</testcase>
	<testcase classname="payments.tests.apis.v3.test_membership.TestMembershipAPI" file="payments/tests/apis/v3/test_membership.py" line="97" name="test_create_membership_with_invalid_plan_id" time="0.592" timestamp="2022-07-25T11:06:01">
		<system-out>
<![CDATA[]]>		</system-out>
		<system-err>
<![CDATA[]]>		</system-err>
	</testcase>
	<testcase classname="payments.tests.apis.v3.test_membership.TestMembershipAPI" file="payments/tests/apis/v3/test_membership.py" line="115" name="test_create_membership_with_no_braintree_plans_configured" time="0.628" timestamp="2022-07-25T11:06:02">
		<system-out>
<![CDATA[{'plan_id': ["Payment provider plan '9999999' dose not exists."]}
]]>		</system-out>
		<system-err>
<![CDATA[]]>		</system-err>
	</testcase>
	<testcase classname="payments.tests.apis.v3.test_membership.TestMembershipAPI" file="payments/tests/apis/v3/test_membership.py" line="155" name="test_create_trial_membership" time="0.666" timestamp="2022-07-25T11:06:02">
		<system-out>
<![CDATA[]]>		</system-out>
		<system-err>
<![CDATA[]]>		</system-err>
	</testcase>
	<testcase classname="payments.tests.apis.v3.test_membership.TestMembershipAPI" file="payments/tests/apis/v3/test_membership.py" line="176" name="test_create_trial_membership_invalid_trial_data" time="0.764" timestamp="2022-07-25T11:06:03">
		<system-out>
<![CDATA[]]>		</system-out>
		<system-err>
<![CDATA[]]>		</system-err>
	</testcase>
	<testcase classname="payments.tests.apis.v3.test_membership.TestMembershipAPI" file="payments/tests/apis/v3/test_membership.py" line="147" name="test_delete_membership" time="0.732" timestamp="2022-07-25T11:06:04">
		<system-out>
<![CDATA[]]>		</system-out>
		<system-err>
<![CDATA[]]>		</system-err>
	</testcase>
	<testcase classname="payments.tests.apis.v3.test_membership.TestMembershipAPI" file="payments/tests/apis/v3/test_membership.py" line="70" name="test_filter_membership" time="0.690" timestamp="2022-07-25T11:06:04">
		<system-out>
<![CDATA[]]>		</system-out>
		<system-err>
<![CDATA[/usr/local/lib/python3.6/dist-packages/rest_framework/pagination.py:200: UnorderedObjectListWarning: Pagination may yield inconsistent results with an unordered object_list: <class 'payments.models.membership_entity.MembershipEntity'> MembershipEntityQuerySet.
  paginator = self.django_paginator_class(queryset, page_size)
]]>		</system-err>
	</testcase>
	<testcase classname="payments.tests.apis.v3.test_membership.TestMembershipAPI" file="payments/tests/apis/v3/test_membership.py" line="58" name="test_list_membership" time="0.577" timestamp="2022-07-25T11:06:05">
		<system-out>
<![CDATA[]]>		</system-out>
		<system-err>
<![CDATA[]]>		</system-err>
	</testcase>
	<testcase classname="payments.tests.apis.v3.test_membership.TestMembershipAPI" file="payments/tests/apis/v3/test_membership.py" line="130" name="test_update_membership" time="0.568" timestamp="2022-07-25T11:06:06">
		<system-out>
<![CDATA[]]>		</system-out>
		<system-err>
<![CDATA[]]>		</system-err>
	</testcase>
</testsuite>
