<?xml version="1.0" encoding="UTF-8"?>
<testsuite errors="0" failures="0" file="vehicle_lifecycle/tests/test_state_parsing.py" name="vehicle_lifecycle.tests.test_state_parsing.TestRecordSchemas-20220725104622" skipped="0" tests="4" time="0.153" timestamp="2022-07-25T10:58:49">
	<testcase classname="vehicle_lifecycle.tests.test_state_parsing.TestRecordSchemas" file="vehicle_lifecycle/tests/test_state_parsing.py" line="100" name="test_extra_fields" time="0.027" timestamp="2022-07-25T10:58:49">
		<system-out>
<![CDATA[]]>		</system-out>
		<system-err>
<![CDATA[]]>		</system-err>
	</testcase>
	<testcase classname="vehicle_lifecycle.tests.test_state_parsing.TestRecordSchemas" file="vehicle_lifecycle/tests/test_state_parsing.py" line="95" name="test_load_it_fleet_record" time="0.033" timestamp="2022-07-25T10:58:49">
		<system-out>
<![CDATA[]]>		</system-out>
		<system-err>
<![CDATA[]]>		</system-err>
	</testcase>
	<testcase classname="vehicle_lifecycle.tests.test_state_parsing.TestRecordSchemas" file="vehicle_lifecycle/tests/test_state_parsing.py" line="90" name="test_load_mon_offre_record" time="0.057" timestamp="2022-07-25T10:58:49">
		<system-out>
<![CDATA[]]>		</system-out>
		<system-err>
<![CDATA[]]>		</system-err>
	</testcase>
	<testcase classname="vehicle_lifecycle.tests.test_state_parsing.TestRecordSchemas" file="vehicle_lifecycle/tests/test_state_parsing.py" line="85" name="test_load_ods_record" time="0.037" timestamp="2022-07-25T10:58:49">
		<system-out>
<![CDATA[]]>		</system-out>
		<system-err>
<![CDATA[]]>		</system-err>
	</testcase>
</testsuite>
