<?xml version="1.0" encoding="UTF-8"?>
<testsuite errors="0" failures="0" file="payments/tests/utils/test_localized_measurement_units.py" name="payments.tests.utils.test_localized_measurement_units.LocalizedDistanceUnitTests-20220725104819" skipped="0" tests="1" time="0.023" timestamp="2022-07-25T10:52:08">
	<testcase classname="payments.tests.utils.test_localized_measurement_units.LocalizedDistanceUnitTests" file="payments/tests/utils/test_localized_measurement_units.py" line="6" name="test_localization_for_random_units_of_measurements" time="0.023" timestamp="2022-07-25T10:52:08">
		<system-out>
<![CDATA[]]>		</system-out>
		<system-err>
<![CDATA[]]>		</system-err>
	</testcase>
</testsuite>
