<?xml version="1.0" encoding="UTF-8"?>
<testsuite errors="0" failures="0" file="payments/tests/tasks/test_payments.py" name="payments.tests.tasks.test_payments.TestChargeTripCancellationFeeTask-20220725104819" skipped="0" tests="2" time="0.350" timestamp="2022-07-25T10:49:40">
	<testcase classname="payments.tests.tasks.test_payments.TestChargeTripCancellationFeeTask" file="payments/tests/tasks/test_payments.py" line="372" name="test_charge_trip_cancellation_fee_for_scheduled_trip_instance" time="0.143" timestamp="2022-07-25T10:49:40">
		<system-out>
<![CDATA[]]>		</system-out>
		<system-err>
<![CDATA[]]>		</system-err>
	</testcase>
	<testcase classname="payments.tests.tasks.test_payments.TestChargeTripCancellationFeeTask" file="payments/tests/tasks/test_payments.py" line="349" name="test_charge_trip_cancellation_fee_for_trip_instance" time="0.206" timestamp="2022-07-25T10:49:40">
		<system-out>
<![CDATA[]]>		</system-out>
		<system-err>
<![CDATA[]]>		</system-err>
	</testcase>
</testsuite>
