<?xml version="1.0" encoding="UTF-8"?>
<testsuite errors="0" failures="0" file="users/tests/apis/v2/test_carsharing_customers.py" name="users.tests.apis.v2.test_carsharing_customers.TestCustomerProfileType-20220725104545" skipped="0" tests="5" time="6.209" timestamp="2022-07-25T10:59:58">
	<testcase classname="users.tests.apis.v2.test_carsharing_customers.TestCustomerProfileType" file="users/tests/apis/v2/test_carsharing_customers.py" line="4041" name="test_personal_profile" time="0.870" timestamp="2022-07-25T10:59:52">
		<system-out>
<![CDATA[]]>		</system-out>
		<system-err>
<![CDATA[]]>		</system-err>
	</testcase>
	<testcase classname="users.tests.apis.v2.test_carsharing_customers.TestCustomerProfileType" file="users/tests/apis/v2/test_carsharing_customers.py" line="4066" name="test_with_business_email_and_accepted_user_invite" time="1.452" timestamp="2022-07-25T10:59:54">
		<system-out>
<![CDATA[]]>		</system-out>
		<system-err>
<![CDATA[]]>		</system-err>
	</testcase>
	<testcase classname="users.tests.apis.v2.test_carsharing_customers.TestCustomerProfileType" file="users/tests/apis/v2/test_carsharing_customers.py" line="4054" name="test_with_business_email_and_revoked_user_invite" time="1.597" timestamp="2022-07-25T10:59:55">
		<system-out>
<![CDATA[]]>		</system-out>
		<system-err>
<![CDATA[]]>		</system-err>
	</testcase>
	<testcase classname="users.tests.apis.v2.test_carsharing_customers.TestCustomerProfileType" file="users/tests/apis/v2/test_carsharing_customers.py" line="4046" name="test_with_business_email_and_without_user_invite" time="0.933" timestamp="2022-07-25T10:59:56">
		<system-out>
<![CDATA[]]>		</system-out>
		<system-err>
<![CDATA[]]>		</system-err>
	</testcase>
	<testcase classname="users.tests.apis.v2.test_carsharing_customers.TestCustomerProfileType" file="users/tests/apis/v2/test_carsharing_customers.py" line="4078" name="test_with_different_business_email_and_accepted_user_invite" time="1.358" timestamp="2022-07-25T10:59:58">
		<system-out>
<![CDATA[]]>		</system-out>
		<system-err>
<![CDATA[]]>		</system-err>
	</testcase>
</testsuite>
