<?xml version="1.0" encoding="UTF-8"?>
<testsuite errors="0" failures="0" file="hardware_sdk_continental/tests/test_vehicle_actions.py" name="hardware_sdk_continental.tests.test_vehicle_actions.TestContinentalVehicleActionsAPI-20220725104740" skipped="0" tests="6" time="4.188" timestamp="2022-07-25T10:58:00">
	<testcase classname="hardware_sdk_continental.tests.test_vehicle_actions.TestContinentalVehicleActionsAPI" file="hardware_sdk_continental/tests/test_vehicle_actions.py" line="90" name="test_continental_api_request_connectionerror" time="0.422" timestamp="2022-07-25T10:57:56">
		<system-out>
<![CDATA[]]>		</system-out>
		<system-err>
<![CDATA[]]>		</system-err>
	</testcase>
	<testcase classname="hardware_sdk_continental.tests.test_vehicle_actions.TestContinentalVehicleActionsAPI" file="hardware_sdk_continental/tests/test_vehicle_actions.py" line="83" name="test_continental_api_request_timeout" time="0.444" timestamp="2022-07-25T10:57:57">
		<system-out>
<![CDATA[]]>		</system-out>
		<system-err>
<![CDATA[]]>		</system-err>
	</testcase>
	<testcase classname="hardware_sdk_continental.tests.test_vehicle_actions.TestContinentalVehicleActionsAPI" file="hardware_sdk_continental/tests/test_vehicle_actions.py" line="71" name="test_continental_api_response_400" time="1.531" timestamp="2022-07-25T10:57:58">
		<system-out>
<![CDATA[]]>		</system-out>
		<system-err>
<![CDATA[]]>		</system-err>
	</testcase>
	<testcase classname="hardware_sdk_continental.tests.test_vehicle_actions.TestContinentalVehicleActionsAPI" file="hardware_sdk_continental/tests/test_vehicle_actions.py" line="101" name="test_continental_invalid_vehicle_action" time="0.412" timestamp="2022-07-25T10:57:59">
		<system-out>
<![CDATA[]]>		</system-out>
		<system-err>
<![CDATA[]]>		</system-err>
	</testcase>
	<testcase classname="hardware_sdk_continental.tests.test_vehicle_actions.TestContinentalVehicleActionsAPI" file="hardware_sdk_continental/tests/test_vehicle_actions.py" line="97" name="test_invalid_vehicle_action" time="0.497" timestamp="2022-07-25T10:57:59">
		<system-out>
<![CDATA[]]>		</system-out>
		<system-err>
<![CDATA[]]>		</system-err>
	</testcase>
	<testcase classname="hardware_sdk_continental.tests.test_vehicle_actions.TestContinentalVehicleActionsAPI" file="hardware_sdk_continental/tests/test_vehicle_actions.py" line="59" name="test_perform_vehicle_action" time="0.882" timestamp="2022-07-25T10:58:00">
		<system-out>
<![CDATA[]]>		</system-out>
		<system-err>
<![CDATA[]]>		</system-err>
	</testcase>
</testsuite>
